[25/2/2018 22:2:28] /ghost
[25/2/2018 22:2:50] /bc blue Lembrando que o servidor consta com sistema !pvp on e !pvp off para evitar pegar pk Red em Hunt !
[25/2/2018 22:3:20] /bc blue Lembrando que o servidor consta com sistema !pvp on e !pvp off para evitar pegar pk Red em Hunt !
[27/2/2018 2:55:21] /t
[27/2/2018 2:55:23] /up
[11/3/2018 3:3:54] /up
[11/3/2018 3:3:55] /up
[11/3/2018 3:4:11] /rreload npc
[11/3/2018 3:4:11] /nn Naruto da Akatsuki
[11/3/2018 3:4:31] /rreload npc
[11/3/2018 3:4:32] /nn Naruto da Akatsuki
[11/3/2018 3:4:46] /rreload npc
[11/3/2018 3:4:48] /nn Naruto da Akatsuki
[11/3/2018 3:7:24] /ii moeda vip
[11/3/2018 3:9:3] /save
[11/3/2018 3:9:7] /rreload npc
[11/3/2018 3:9:12] /nn Naruto da Akatsuki
[11/3/2018 3:10:25] /rreload npc
[11/3/2018 3:10:26] /nn Naruto da Akatsuki
[11/3/2018 3:10:28] /nn Naruto da Akatsuki
[11/3/2018 3:12:43] /rreload npc
[11/3/2018 3:12:45] /nn Naruto da Akatsuki
[11/3/2018 3:13:18] /ii 2160
[11/3/2018 3:13:34] /rreload npc
[11/3/2018 3:14:14] /rreload npc
[11/3/2018 3:15:43] /rreload npc
[11/3/2018 3:15:53] /ii moeda vip
[11/3/2018 3:16:16] /rreload npc
[11/3/2018 3:23:57] /rreload npc
[11/3/2018 3:49:59] /bc red O servidor está passando por instabilidades e pode ser reiniciado algumas vezes ! Cuidado !
[11/3/2018 3:51:7] /bc red O servidor está passando por instabilidades e pode ser reiniciado algumas vezes ! Cuidado !
[11/3/2018 3:51:40] /bc red O servidor está passando por instabilidades e pode ser reiniciado algumas vezes ! Cuidado !
[11/3/2018 3:51:58] /save
[11/3/2018 3:52:2] /sshutdown
[11/3/2018 14:55:17] /t
[11/3/2018 14:55:18] /down
[11/3/2018 14:55:20] /save
[11/3/2018 14:55:35] /rreload globalevents
[11/3/2018 14:58:18] /rreload globalevents
[11/3/2018 14:58:31] /bc blue ( Castle ) Está prestes a abrir !
[11/3/2018 15:31:41] /bc blue Servidor será reiniciado e o castle será aberto novamente.
[11/3/2018 15:31:42] /bc blue Servidor será reiniciado e o castle será aberto novamente.
[11/3/2018 15:31:45] /bc blue Servidor será reiniciado e o castle será aberto novamente.
[11/3/2018 15:31:48] /bc blue Servidor será reiniciado e o castle será aberto novamente.
[11/3/2018 15:32:29] /save
[11/3/2018 15:32:40] /clean
[11/3/2018 15:32:49] /goto eletro guard
[11/3/2018 15:32:54] /down
[11/3/2018 15:32:54] /down
[11/3/2018 15:32:58] /goto aligazor
[11/3/2018 15:33:0] /down
[11/3/2018 15:33:1] /a 20
[11/3/2018 15:33:4] /a 20
[11/3/2018 15:33:5] /a 20
[11/3/2018 15:33:7] /up
[11/3/2018 15:33:16] /a 20
[11/3/2018 15:33:17] /a 20
[11/3/2018 15:33:19] /a 20
[11/3/2018 15:33:19] /a 20
[11/3/2018 15:33:20] /a 20
[11/3/2018 15:33:20] /a 20
[11/3/2018 15:33:21] /a 20
[11/3/2018 15:33:21] /a 20
[11/3/2018 15:33:22] /a 20
[11/3/2018 15:33:23] /a 20
[11/3/2018 15:37:47] /up
[11/3/2018 15:37:56] /bc blue Estou resolvendo a questão do debug
[11/3/2018 15:38:5] /bc blue Enviem no HELP o nome dos personagems que estão lá !
[11/3/2018 15:38:6] /bc blue Enviem no HELP o nome dos personagems que estão lá !
[11/3/2018 15:38:6] /bc blue Enviem no HELP o nome dos personagems que estão lá !
[11/3/2018 15:38:7] /bc blue Enviem no HELP o nome dos personagems que estão lá !
[11/3/2018 15:38:53] /t zyan
[11/3/2018 15:38:54] /t joao
[11/3/2018 15:38:56] /t nidaime
[11/3/2018 15:38:57] /t hazzor
[11/3/2018 15:38:59] /t dr stagger
[11/3/2018 15:40:44] /down
[11/3/2018 15:40:45] /down
[11/3/2018 15:40:50] /r
[11/3/2018 15:40:57] /bc blue CASTLE ADIADO PARA AS 16:00
[11/3/2018 15:45:49] /bc green Reiniciaremos mais uma vez !
[11/3/2018 15:45:50] /bc green Reiniciaremos mais uma vez !
[11/3/2018 15:45:51] /save
[11/3/2018 15:45:58] /sshutdown
[11/3/2018 15:48:23] /a 50
[11/3/2018 15:48:24] /a 50
[11/3/2018 15:49:7] /t
[11/3/2018 15:49:30] /bc green Castle com recompensa de 100 Moedas VIP começa as 16:05 !
[11/3/2018 15:49:31] /bc green Castle com recompensa de 100 Moedas VIP começa as 16:05 !
[11/3/2018 15:49:32] /bc green Castle com recompensa de 100 Moedas VIP começa as 16:05 !
[11/3/2018 15:49:40] /bc green Castle com recompensa de 100 Moedas VIP começa as 16:05 ! Termino as 17:05 !
[11/3/2018 15:49:42] /bc green Castle com recompensa de 100 Moedas VIP começa as 16:05 ! Termino as 17:05 !
[11/3/2018 15:49:45] /bc green Castle com recompensa de 100 Moedas VIP começa as 16:05 ! Termino as 17:05 !
[11/3/2018 15:49:48] /bc green Castle com recompensa de 100 Moedas VIP começa as 16:05 ! Termino as 17:05 !
[11/3/2018 15:49:51] /bc green Castle com recompensa de 100 Moedas VIP começa as 16:05 ! Termino as 17:05 !
[11/3/2018 15:49:57] /bc green Castle com recompensa de 100 Moedas VIP começa as 16:05 ! Termino as 17:05 !
[11/3/2018 15:51:12] /rreload spells
[11/3/2018 15:51:38] /rreload spells
[11/3/2018 15:51:44] /rreload spells
[11/3/2018 15:52:13] /rreload spells
[11/3/2018 15:52:52] /r
[11/3/2018 15:55:45] /rreload spells
[11/3/2018 15:56:16] /bc blue ( Guerra No Castelo ) Valendo 100 Moedas VIP para Guild Vencedora ! Começa em 3 Minutos !
[11/3/2018 15:56:19] /bc blue ( Guerra No Castelo ) Valendo 100 Moedas VIP para Guild Vencedora ! Começa em 3 Minutos !
[11/3/2018 15:56:23] /bc blue ( Guerra No Castelo ) Valendo 100 Moedas VIP para Guild Vencedora ! Começa em 2 Minutos !
[11/3/2018 15:56:25] /bc blue ( Guerra No Castelo ) Valendo 100 Moedas VIP para Guild Vencedora ! Começa em 2 Minutos !
[11/3/2018 15:56:31] /bc blue ( Guerra No Castelo ) Valendo 100 Moedas VIP para Guild Vencedora ! Começa em 2 Minutos !
[11/3/2018 15:56:45] /bc blue ( Guerra No Castelo ) Valendo 100 Moedas VIP para Guild Vencedora ! Começa em 2 Minutos !
[11/3/2018 15:56:48] /bc blue ( Guerra No Castelo ) Valendo 100 Moedas VIP para Guild Vencedora ! Começa em 2 Minutos !
[11/3/2018 15:56:50] /bc blue ( Guerra No Castelo ) Valendo 100 Moedas VIP para Guild Vencedora ! Começa em 2 Minutos !
[11/3/2018 15:56:58] /bc blue ( Guerra No Castelo ) Valendo 100 Moedas VIP para Guild Vencedora ! Começa em 2 Minutos !
[11/3/2018 15:57:0] /bc blue ( Guerra No Castelo ) Valendo 100 Moedas VIP para Guild Vencedora ! Começa em 2 Minutos !
[11/3/2018 15:57:1] /bc blue ( Guerra No Castelo ) Valendo 100 Moedas VIP para Guild Vencedora ! Começa em 2 Minutos !
[11/3/2018 15:57:3] /bc blue ( Guerra No Castelo ) Valendo 100 Moedas VIP para Guild Vencedora ! Começa em 2 Minutos !
[11/3/2018 15:57:4] /bc blue ( Guerra No Castelo ) Valendo 100 Moedas VIP para Guild Vencedora ! Começa em 2 Minutos !
[11/3/2018 15:57:6] /bc blue ( Guerra No Castelo ) Valendo 100 Moedas VIP para Guild Vencedora ! Começa em 2 Minutos !
[11/3/2018 15:57:6] /bc blue ( Guerra No Castelo ) Valendo 100 Moedas VIP para Guild Vencedora ! Começa em 2 Minutos !
[11/3/2018 15:57:8] /bc blue ( Guerra No Castelo ) Valendo 100 Moedas VIP para Guild Vencedora ! Começa em 2 Minutos !
[11/3/2018 15:57:12] /bc blue ( Guerra No Castelo ) Valendo 100 Moedas VIP para Guild Vencedora ! Começa em 2 Minutos !
[11/3/2018 15:57:14] /bc blue ( Guerra No Castelo ) Valendo 100 Moedas VIP para Guild Vencedora ! Começa em 2 Minutos !
[11/3/2018 15:57:16] /bc blue ( Guerra No Castelo ) Valendo 100 Moedas VIP para Guild Vencedora ! Começa em 2 Minutos !
[11/3/2018 15:57:17] /bc blue ( Guerra No Castelo ) Valendo 100 Moedas VIP para Guild Vencedora ! Começa em 2 Minutos !
[11/3/2018 15:57:19] /bc blue ( Guerra No Castelo ) Valendo 100 Moedas VIP para Guild Vencedora ! Começa em 2 Minutos !
[11/3/2018 15:57:21] /bc blue ( Guerra No Castelo ) Valendo 100 Moedas VIP para Guild Vencedora ! Começa em 2 Minutos !
[11/3/2018 15:57:25] /bc blue ( Guerra No Castelo ) Valendo 100 Moedas VIP para Guild Vencedora ! Começa em 2 Minutos !
[11/3/2018 15:57:27] /bc blue ( Guerra No Castelo ) Valendo 100 Moedas VIP para Guild Vencedora ! Começa em 2 Minutos !
[11/3/2018 15:57:30] /bc blue ( Guerra No Castelo ) Valendo 100 Moedas VIP para Guild Vencedora ! Começa em 2 Minutos !
[11/3/2018 15:57:32] /bc blue ( Guerra No Castelo ) Valendo 100 Moedas VIP para Guild Vencedora ! Começa em 2 Minutos !
[11/3/2018 15:57:34] /bc blue ( Guerra No Castelo ) Valendo 100 Moedas VIP para Guild Vencedora ! Começa em 2 Minutos !
[11/3/2018 15:57:35] /bc blue ( Guerra No Castelo ) Valendo 100 Moedas VIP para Guild Vencedora ! Começa em 2 Minutos !
[11/3/2018 15:59:4] /rreload spells
[11/3/2018 15:59:16] /bc blue ( Guerra No Castelo ) Valendo 100 Moedas VIP para Guild Vencedora ! Começa em 1 Minutos !
[11/3/2018 15:59:21] /rreload globalevents
[11/3/2018 16:0:1] /rreload globalevents
[11/3/2018 16:0:3] /bc blue ( Guerra No Castelo ) Valendo 100 Moedas VIP para Guild Vencedora ! Começa em 1 Minutos !
[11/3/2018 16:0:31] /bc blue ( Guerra No Castelo ) Valendo 100 Moedas VIP para Guild Vencedora ! Começa em 1 Minutos !
[11/3/2018 16:2:10] /down
[11/3/2018 16:13:46] /mc pking biggz
[11/3/2018 16:56:5] /t
[11/3/2018 17:2:38] /ii moeda vip
[11/3/2018 17:8:29] /goto solado
[11/3/2018 17:8:31] /ghost
[11/3/2018 17:8:35] /ii backpack
[11/3/2018 17:8:44] /ghost
[11/3/2018 17:9:18] /bc blue Parabens a guild Atentados Terrorista pela conquista.
[11/3/2018 17:9:45] /up
[11/3/2018 17:9:47] /down
[11/3/2018 17:9:50] /a 20
[11/3/2018 17:9:51] /down
[11/3/2018 17:9:54] /a 60
[11/3/2018 17:9:56] /a 60
[11/3/2018 17:9:57] /a 60
[11/3/2018 17:9:59] /a
[11/3/2018 17:10:4] /a 70
[11/3/2018 17:10:6] /a 30
[11/3/2018 17:10:10] /c solado
[11/3/2018 17:10:11] /ghost
[11/3/2018 17:10:34] /ii letter
[11/3/2018 17:12:23] /t solado
[11/3/2018 17:12:24] /ghost
[11/3/2018 17:12:26] /t
[11/3/2018 17:12:43] /bc blue Premiação do Castelo entregues ao Lider da Atual dominante.
[11/3/2018 17:13:9] /goto solado
[11/3/2018 17:19:12] /up
[11/3/2018 17:21:13] /down
[11/3/2018 17:22:14] /t
[11/3/2018 17:22:15] /down
[11/3/2018 17:22:21] /a 5
[11/3/2018 17:23:5] /aaddskill [ADM] Apollo,level,100
[11/3/2018 17:29:25] /t
[11/3/2018 17:37:34] /c Deidara Power
[11/3/2018 17:37:38] /c Deidara Power
[11/3/2018 17:37:38] /c Deidara Power
[11/3/2018 17:37:39] /c Deidara Power
[11/3/2018 17:37:40] /c Deidara Power
[11/3/2018 17:37:40] /c Deidara Power
[11/3/2018 17:37:41] /c Deidara Power
[11/3/2018 17:37:42] /c Deidara Power
[11/3/2018 17:37:43] /c Deidara Power
[11/3/2018 17:37:43] /c Deidara Power
[11/3/2018 17:37:44] /c Deidara Power
[11/3/2018 17:37:45] /c Deidara Power
[11/3/2018 17:37:45] /c Deidara Power
[11/3/2018 17:37:46] /c Deidara Power
[11/3/2018 17:37:47] /up
[11/3/2018 17:37:48] /a 5
[11/3/2018 17:37:49] /up
[11/3/2018 17:37:52] /down
[11/3/2018 17:37:54] /c Deidara Power
[11/3/2018 17:40:12] /rreload talkactions
[11/3/2018 17:42:38] /goto Lipeh Waz
[11/3/2018 17:55:0] /c Tandera
[11/3/2018 17:57:1] /goto rygamata
[11/3/2018 17:57:5] /down
[11/3/2018 17:57:7] /a 5
[11/3/2018 17:57:7] /a 5
[11/3/2018 17:57:8] /a 5
[11/3/2018 17:57:9] /a 5
[11/3/2018 17:57:11] /c redbull
[11/3/2018 17:58:35] /m rygamata
[11/3/2018 17:58:44] /goto redbull
[11/3/2018 18:1:30] /goto well taco kamui
[11/3/2018 18:1:38] /c redbull
[11/3/2018 18:5:18] /m kyuubi
[11/3/2018 18:9:34] /m suigetsu boss
[11/3/2018 18:10:46] /t
[11/3/2018 18:11:23] /rreload npc
[11/3/2018 18:17:54] /goto redbull
[11/3/2018 18:25:46] /t
[11/3/2018 18:56:9] /rreload globalevents
[11/3/2018 19:2:44] /rreload globalevents
[11/3/2018 19:3:32] /rreload globalevents
[11/3/2018 19:4:21] /rreload globalevents
[11/3/2018 19:5:58] /rreload globalevents
[11/3/2018 19:6:28] /rreload globalevents
[11/3/2018 19:24:0] /rreload globalevents
[11/3/2018 19:28:48] /rreload globalevents
[11/3/2018 19:30:15] /rreload globalevents
[11/3/2018 19:31:13] /rreload globalevents
[11/3/2018 19:42:47] /goto Nemon
[11/3/2018 19:43:20] /t
[11/3/2018 19:49:48] /goto Itz Crazy
[11/3/2018 19:49:55] /t Kanox Oficial
[11/3/2018 19:50:5] /t thunderbolt
[11/3/2018 19:50:14] /t Voadora Cptp
[11/3/2018 19:50:37] /nn Minoru
[13/3/2018 2:39:29] /up
[15/3/2018 19:18:14] /ghost
