[4/4/2018 22:38:33] /aaddskill [CM] Grecco,level,500
[4/4/2018 22:38:47] /goto Piruleibe Leibe
[4/4/2018 22:39:13] /c Piruleibe Leibe
[4/4/2018 22:39:42] /ghost
[4/4/2018 22:39:57] /t
[4/4/2018 22:40:0] /ghost
[4/4/2018 22:41:41] /goto jonkun
[4/4/2018 22:41:44] /goto jonkun
[4/4/2018 22:41:46] /goto jonkun
[4/4/2018 22:41:56] /t
[4/4/2018 22:42:21] /info Jonkun
[4/4/2018 22:43:1] /goto jonkun
[4/4/2018 22:43:10] /t
[4/4/2018 22:43:32] /goto Zoldyck
[4/4/2018 22:43:38] /ghost
[4/4/2018 22:43:42] /ghost
[4/4/2018 22:43:46] /ghost
[4/4/2018 22:43:48] /ghost
[4/4/2018 22:43:57] /a
[4/4/2018 22:44:42] /m Kaguya [Quest]"
[4/4/2018 22:44:43] /m Kaguya [Quest]
[4/4/2018 22:44:53] /a
[4/4/2018 22:45:0] /a
[4/4/2018 22:45:2] /a
[4/4/2018 22:46:29] /goto Bob Marley
[4/4/2018 22:46:51] /t
[4/4/2018 23:9:46] /goto Indignado
[4/4/2018 23:11:29] /aattr vocation 100054
[4/4/2018 23:11:49] /t
[4/4/2018 23:15:30] /ghost
[4/4/2018 23:15:35] /goto Jonkun
[4/4/2018 23:15:45] /goto 1000433
[4/4/2018 23:15:47] /goto Jonkun
[4/4/2018 23:15:49] /goto Jonkun
[4/4/2018 23:15:53] /aattr vocation 1000433
[4/4/2018 23:16:14] /newtype 1314, Jonkun
[4/4/2018 23:16:15] /goto jonkun
[4/4/2018 23:16:18] /t
[4/4/2018 23:32:23] /goto Makabroz
[4/4/2018 23:34:54] /goto makabro
[4/4/2018 23:41:47] /goto Damasco Hiruzen
[4/4/2018 23:42:20] /t
[4/4/2018 23:45:20] /mc bob marley
[4/4/2018 23:50:28] /goto Exu Tranca Rua
[4/4/2018 23:51:13] /t
[5/4/2018 0:41:43] /goto Suigetsu The Hard
[5/4/2018 1:4:5] /goto meu cu
[5/4/2018 1:11:11] /goto Damasco Hiruzen
[5/4/2018 1:19:30] /goto Zyan
[5/4/2018 1:22:20] /goto uchiha kolho
[5/4/2018 1:22:40] /aattr vocation 13
[5/4/2018 1:22:47] /aattr vocation 32
[5/4/2018 1:23:19] /aattr vocation 1000312
[5/4/2018 1:23:45] /t
[5/4/2018 1:26:7] /goto meu cu
[5/4/2018 1:28:20] /m shisui boss
[5/4/2018 1:28:27] /m shisui boss
[5/4/2018 1:28:40] /m itachi boss
[5/4/2018 1:28:44] /m itachi boss
[5/4/2018 1:30:1] /m itachi boss
[5/4/2018 1:30:4] /m itachi boss
[5/4/2018 1:30:6] /m itachi boss
[5/4/2018 2:57:53] /t
[5/4/2018 12:40:0] /goto Ground
[5/4/2018 13:3:14] /m kyuubi
[5/4/2018 17:16:15] /goto stronda
[5/4/2018 17:16:19] /goto stronda
[5/4/2018 17:16:24] /goto stronda
[5/4/2018 17:16:31] /goto stronda
[5/4/2018 17:16:37] /goto stronda
[5/4/2018 17:16:38] /goto stronda
[5/4/2018 17:16:45] /goto stronda
[5/4/2018 17:16:53] /kick stronda
[5/4/2018 17:17:4] /goto stronda
[5/4/2018 17:17:17] /m giant furie
[5/4/2018 17:17:17] /m giant furie
[5/4/2018 17:17:18] /m giant furie
[5/4/2018 17:17:19] /m giant furie
[5/4/2018 17:17:19] /m giant furie
[5/4/2018 17:17:19] /m giant furie
[5/4/2018 17:17:20] /m giant furie
[5/4/2018 17:17:20] /m giant furie
[5/4/2018 17:17:21] /m giant furie
[5/4/2018 17:17:21] /m giant furie
[5/4/2018 17:18:6] /newtype 1214, stronda
[5/4/2018 17:18:8] /goto stronda
[5/4/2018 17:19:25] /goto stronda
[5/4/2018 17:19:27] /t
[5/4/2018 19:23:53] /goto jorge ~
[5/4/2018 19:24:9] /info Jorge Comexoxota
[5/4/2018 22:17:54] /goto indignado
[5/4/2018 22:19:19] /newtype 1214, Menma Uzumaki
[5/4/2018 22:26:19] /goto indignado
[5/4/2018 22:26:55] /aattr vocation 100054
[5/4/2018 22:28:0] /bc green Hokage Amulet passará a ser FINITO, FUNCIONARÁ APENAS POR 1 MORTE !
[5/4/2018 22:28:5] /bc green Hokage Amulet passará a ser FINITO, FUNCIONARÁ APENAS POR 1 MORTE !
[5/4/2018 22:28:26] /bc green Hokage Amulet passará a ser FINITO, FUNCIONARÁ APENAS POR 1 MORTE !
[5/4/2018 22:28:31] /bc green Hokage Amulet passará a ser FINITO, FUNCIONARÁ APENAS POR 1 MORTE !
[5/4/2018 23:25:5] /goto /bc green Hokage Amulet passará a ser FINITO, FUNCIONARÁ APENAS POR 1 MORTE !
[5/4/2018 23:25:7] /goto indignado
[5/4/2018 23:25:15] /goto indignado
[5/4/2018 23:25:18] /goto indignado
[5/4/2018 23:25:21] /goto indignado
[5/4/2018 23:25:27] /goto indignado
[5/4/2018 23:25:29] /goto indignado
[5/4/2018 23:25:41] /goto indignado
[5/4/2018 23:27:13] /goto indignado
[5/4/2018 23:27:14] /goto indignado
[5/4/2018 23:27:19] /goto
[5/4/2018 23:27:45] /aattr vocation 100054
[5/4/2018 23:27:49] /kick indignado
[5/4/2018 23:27:51] /goto indignado
[5/4/2018 23:27:58] /goto indignado
[5/4/2018 23:28:0] /kick indignado
[5/4/2018 23:28:16] /ii 4526
[5/4/2018 23:28:18] /a
[5/4/2018 23:28:19] /ii 4526
[5/4/2018 23:28:20] /c indignado
[5/4/2018 23:28:24] /aattr vocation 100054
[5/4/2018 23:28:26] /r
[5/4/2018 23:28:30] /aattr vocation 100054
[5/4/2018 23:28:32] /r
[5/4/2018 23:28:34] /r
[5/4/2018 23:28:54] /aattr vocation 100054
[9/4/2018 20:55:50] /goto Shankss
[9/4/2018 20:57:12] /t
[9/4/2018 20:59:23] /ghost
[9/4/2018 21:1:7] /goto Kakuzo Sedutor
[9/4/2018 21:1:18] /a
[9/4/2018 21:1:25] /goto eligamata serpent
[9/4/2018 21:1:38] /goto yamata
[9/4/2018 21:2:1] /goto katrina ~
[9/4/2018 21:4:5] /a
[9/4/2018 21:6:32] /goto solado
[9/4/2018 21:6:45] /goto solado
[9/4/2018 21:6:53] /goto solado
[9/4/2018 21:8:1] /a 5
[9/4/2018 21:8:21] /goto solado
[9/4/2018 21:8:32] /goto solado
[9/4/2018 21:8:59] /goto solado
[9/4/2018 21:9:0] /goto solado
[9/4/2018 21:9:9] /goto solado
[9/4/2018 21:9:23] /goto solado
[9/4/2018 21:9:28] /goto solado
[9/4/2018 21:9:34] /goto solado
[9/4/2018 21:9:36] /goto solado
[9/4/2018 21:9:42] /goto solado
[9/4/2018 21:9:45] /goto solado
[9/4/2018 21:9:47] /goto solado
[9/4/2018 21:9:48] /goto solado
[9/4/2018 21:9:50] /goto solado
[9/4/2018 21:9:51] /goto solado
[9/4/2018 21:9:52] /goto solado
[9/4/2018 21:9:53] /goto solado
[9/4/2018 21:10:9] /goto solado
[9/4/2018 21:10:11] /goto solado
[9/4/2018 21:10:26] /a 5
[9/4/2018 21:10:27] /up
[9/4/2018 21:10:28] /up
[9/4/2018 21:10:28] /up
[9/4/2018 21:10:28] /up
[9/4/2018 21:10:29] /up
[9/4/2018 21:18:13] /goto solado
[9/4/2018 21:18:19] /goto solado
[9/4/2018 21:18:51] /goto solado
[9/4/2018 21:19:22] /goto solado
[9/4/2018 21:21:5] /goto solado
[9/4/2018 21:21:21] /goto solado
[9/4/2018 21:22:3] /goto solado
[9/4/2018 21:24:50] /ii 4820
[9/4/2018 21:25:16] /a
[9/4/2018 21:25:18] /ii 4820
[9/4/2018 21:25:18] /a
[9/4/2018 21:25:18] /ii 4820
[9/4/2018 21:25:18] /a
[9/4/2018 21:25:19] /ii 4820
[9/4/2018 21:25:19] /a
[9/4/2018 21:25:19] /ii 4820
[9/4/2018 21:25:21] /a
[9/4/2018 21:25:22] /ii 4820
[9/4/2018 21:25:22] /a
[9/4/2018 21:25:23] /ii 4820
[9/4/2018 21:25:23] /a
[9/4/2018 21:25:23] /ii 4820
[9/4/2018 21:25:24] /a
[9/4/2018 21:25:24] /ii 4820
[9/4/2018 21:25:24] /a
[9/4/2018 21:25:24] /ii 4820
[9/4/2018 21:25:24] /a
[9/4/2018 21:25:24] /ii 4820
[9/4/2018 21:25:25] /a
[9/4/2018 21:25:25] /ii 4820
[9/4/2018 21:25:26] /a
[9/4/2018 21:25:26] /ii 4820
[9/4/2018 21:25:26] /a
[9/4/2018 21:25:26] /ii 4820
[9/4/2018 21:25:27] /a
[9/4/2018 21:25:27] /ii 4820
[9/4/2018 21:25:29] /a
[9/4/2018 21:25:29] /ii 4820
[9/4/2018 21:25:35] /a
[9/4/2018 21:25:36] /ii 4820
[9/4/2018 21:25:36] /a
[9/4/2018 21:25:36] /ii 4820
[9/4/2018 21:25:37] /a
[9/4/2018 21:25:37] /ii 4820
[9/4/2018 21:25:37] /a
[9/4/2018 21:25:37] /ii 4820
[9/4/2018 21:25:37] /a
[9/4/2018 21:25:37] /ii 4820
[9/4/2018 21:25:38] /a
[9/4/2018 21:25:38] /ii 4820
[9/4/2018 21:25:40] /a
[9/4/2018 21:25:41] /ii 4820
[9/4/2018 21:25:41] /a
[9/4/2018 21:25:41] /ii 4820
[9/4/2018 21:25:46] /ii 4820
[9/4/2018 21:25:46] /ii 4820
[9/4/2018 21:25:48] /a
[9/4/2018 21:25:48] /ii 4820
[9/4/2018 21:25:49] /a
[9/4/2018 21:25:49] /ii 4820
[9/4/2018 21:25:50] /a
[9/4/2018 21:25:50] /ii 4820
[9/4/2018 21:25:50] /a
[9/4/2018 21:25:50] /ii 4820
[9/4/2018 21:25:50] /a
[9/4/2018 21:25:50] /ii 4820
[9/4/2018 21:25:51] /a
[9/4/2018 21:25:51] /ii 4820
[9/4/2018 21:25:51] /a
[9/4/2018 21:25:51] /ii 4820
[9/4/2018 21:25:51] /a
[9/4/2018 21:25:52] /ii 4820
[9/4/2018 21:25:55] /a
[9/4/2018 21:25:56] /ii 4820
[9/4/2018 21:25:59] /a
[9/4/2018 21:25:59] /ii 4820
[9/4/2018 21:26:2] /ii 4820
[9/4/2018 21:26:3] /ii 4820
[9/4/2018 21:26:4] /ii 4820
[9/4/2018 21:26:6] /ii 4820
[9/4/2018 21:26:7] /ii 4820
[9/4/2018 21:26:8] /ii 4820
[9/4/2018 21:26:10] /ii 4820
[9/4/2018 21:26:12] /ii 4820
[9/4/2018 21:26:13] /ii 4820
[9/4/2018 21:26:14] /ii 4820
[9/4/2018 21:26:16] /ii 4820
[9/4/2018 21:26:18] /a
[9/4/2018 21:26:18] /ii 4820
[9/4/2018 21:26:19] /a
[9/4/2018 21:26:19] /ii 4820
[9/4/2018 21:26:19] /a
[9/4/2018 21:26:19] /ii 4820
[9/4/2018 21:26:19] /a
[9/4/2018 21:26:20] /ii 4820
[9/4/2018 21:26:20] /a
[9/4/2018 21:26:20] /ii 4820
[9/4/2018 21:26:20] /a
[9/4/2018 21:26:20] /ii 4820
[9/4/2018 21:26:20] /a
[9/4/2018 21:26:20] /ii 4820
[9/4/2018 21:26:20] /a
[9/4/2018 21:26:20] /ii 4820
[9/4/2018 21:26:21] /a
[9/4/2018 21:26:21] /ii 4820
[9/4/2018 21:26:21] /a
[9/4/2018 21:26:21] /ii 4820
[9/4/2018 21:26:21] /a
[9/4/2018 21:26:21] /ii 4820
[9/4/2018 21:26:26] /a
[9/4/2018 21:26:26] /ii 4820
[9/4/2018 21:26:27] /a
[9/4/2018 21:26:27] /ii 4820
[9/4/2018 21:26:27] /a
[9/4/2018 21:26:27] /ii 4820
[9/4/2018 21:26:27] /a
[9/4/2018 21:26:27] /ii 4820
[9/4/2018 21:26:27] /a
[9/4/2018 21:26:27] /ii 4820
[9/4/2018 21:26:27] /a
[9/4/2018 21:26:28] /ii 4820
[9/4/2018 21:26:32] /ii 4820
[9/4/2018 21:26:35] /a
[9/4/2018 21:26:35] /a
[9/4/2018 21:26:35] /a
[9/4/2018 21:26:35] /a
[9/4/2018 21:26:35] /a
[9/4/2018 21:26:37] /a
[9/4/2018 21:26:37] /a
[9/4/2018 21:26:37] /a
[9/4/2018 21:26:38] /a
[9/4/2018 21:26:39] /a
[9/4/2018 21:26:39] /ii 4820
[9/4/2018 21:26:43] /a
[9/4/2018 21:26:43] /ii 4820
[9/4/2018 21:26:43] /a
[9/4/2018 21:26:43] /ii 4820
[9/4/2018 21:26:43] /a
[9/4/2018 21:26:43] /ii 4820
[9/4/2018 21:26:44] /a
[9/4/2018 21:26:44] /ii 4820
[9/4/2018 21:26:44] /a
[9/4/2018 21:26:44] /ii 4820
[9/4/2018 21:26:44] /a
[9/4/2018 21:26:44] /ii 4820
[9/4/2018 21:26:44] /a
[9/4/2018 21:26:44] /ii 4820
[9/4/2018 21:26:44] /a
[9/4/2018 21:26:44] /ii 4820
[9/4/2018 21:26:44] /a
[9/4/2018 21:26:45] /ii 4820
[9/4/2018 21:26:45] /a
[9/4/2018 21:26:45] /ii 4820
[9/4/2018 21:26:45] /a
[9/4/2018 21:26:45] /ii 4820
[9/4/2018 21:26:46] /a
[9/4/2018 21:26:46] /ii 4820
[9/4/2018 21:26:46] /a
[9/4/2018 21:26:46] /ii 4820
[9/4/2018 21:26:48] /a
[9/4/2018 21:26:48] /ii 4820
[9/4/2018 21:26:51] /a
[9/4/2018 21:26:51] /ii 4820
[9/4/2018 21:26:52] /a
[9/4/2018 21:26:52] /ii 4820
[9/4/2018 21:26:52] /a
[9/4/2018 21:26:52] /ii 4820
[9/4/2018 21:26:52] /a
[9/4/2018 21:26:52] /ii 4820
[9/4/2018 21:26:53] /a
[9/4/2018 21:26:53] /ii 4820
[9/4/2018 21:26:53] /a
[9/4/2018 21:26:53] /ii 4820
[9/4/2018 21:26:53] /a
[9/4/2018 21:26:53] /ii 4820
[9/4/2018 21:26:53] /a
[9/4/2018 21:26:53] /ii 4820
[9/4/2018 21:26:53] /a
[9/4/2018 21:26:53] /ii 4820
[9/4/2018 21:26:54] /a
[9/4/2018 21:26:54] /ii 4820
[9/4/2018 21:26:54] /a
[9/4/2018 21:26:54] /ii 4820
[9/4/2018 21:26:54] /a
[9/4/2018 21:26:54] /ii 4820
[9/4/2018 21:26:54] /a
[9/4/2018 21:26:54] /ii 4820
[9/4/2018 21:26:54] /a
[9/4/2018 21:26:55] /ii 4820
[9/4/2018 21:26:55] /a
[9/4/2018 21:26:55] /ii 4820
[9/4/2018 21:26:55] /a
[9/4/2018 21:26:55] /ii 4820
[9/4/2018 21:26:57] /a
[9/4/2018 21:26:57] /ii 4820
[9/4/2018 21:26:58] /a
[9/4/2018 21:26:58] /ii 4820
[9/4/2018 21:27:0] /a
[9/4/2018 21:27:0] /ii 4820
[9/4/2018 21:27:0] /a
[9/4/2018 21:27:0] /ii 4820
[9/4/2018 21:27:1] /a
[9/4/2018 21:27:1] /ii 4820
[9/4/2018 21:27:1] /a
[9/4/2018 21:27:1] /ii 4820
[9/4/2018 21:27:1] /a
[9/4/2018 21:27:1] /ii 4820
[9/4/2018 21:27:2] /a
[9/4/2018 21:27:2] /ii 4820
[9/4/2018 21:27:2] /a
[9/4/2018 21:27:2] /ii 4820
[9/4/2018 21:27:2] /a
[9/4/2018 21:27:2] /ii 4820
[9/4/2018 21:27:2] /a
[9/4/2018 21:27:2] /ii 4820
[9/4/2018 21:27:2] /a
[9/4/2018 21:27:2] /ii 4820
[9/4/2018 21:27:3] /a
[9/4/2018 21:27:3] /ii 4820
[9/4/2018 21:27:3] /a
[9/4/2018 21:27:3] /ii 4820
[9/4/2018 21:27:3] /a
[9/4/2018 21:27:3] /ii 4820
[9/4/2018 21:27:3] /a
[9/4/2018 21:27:3] /ii 4820
[9/4/2018 21:27:3] /a
[9/4/2018 21:27:3] /ii 4820
[9/4/2018 21:27:4] /a
[9/4/2018 21:27:4] /ii 4820
[9/4/2018 21:27:4] /a
[9/4/2018 21:27:4] /ii 4820
[9/4/2018 21:27:5] /a
[9/4/2018 21:27:5] /ii 4820
[9/4/2018 21:27:6] /a
[9/4/2018 21:27:6] /ii 4820
[9/4/2018 21:27:6] /a
[9/4/2018 21:27:6] /ii 4820
[9/4/2018 21:27:6] /a
[9/4/2018 21:27:6] /ii 4820
[9/4/2018 21:27:6] /a
[9/4/2018 21:27:6] /ii 4820
[9/4/2018 21:27:7] /a
[9/4/2018 21:27:7] /ii 4820
[9/4/2018 21:27:7] /a
[9/4/2018 21:27:7] /ii 4820
[9/4/2018 21:27:7] /a
[9/4/2018 21:27:7] /ii 4820
[9/4/2018 21:27:7] /a
[9/4/2018 21:27:7] /ii 4820
[9/4/2018 21:27:7] /a
[9/4/2018 21:27:7] /ii 4820
[9/4/2018 21:27:8] /a
[9/4/2018 21:27:8] /ii 4820
[9/4/2018 21:27:8] /a
[9/4/2018 21:27:8] /ii 4820
[9/4/2018 21:27:8] /a
[9/4/2018 21:27:8] /ii 4820
[9/4/2018 21:27:8] /a
[9/4/2018 21:27:8] /ii 4820
[9/4/2018 21:27:8] /a
[9/4/2018 21:27:8] /ii 4820
[9/4/2018 21:27:9] /a
[9/4/2018 21:27:9] /ii 4820
[9/4/2018 21:27:11] /a
[9/4/2018 21:27:11] /ii 4820
[9/4/2018 21:27:11] /a
[9/4/2018 21:27:11] /ii 4820
[9/4/2018 21:27:12] /a
[9/4/2018 21:27:12] /ii 4820
[9/4/2018 21:27:12] /a
[9/4/2018 21:27:12] /ii 4820
[9/4/2018 21:27:13] /a
[9/4/2018 21:27:13] /ii 4820
[9/4/2018 21:27:15] /a
[9/4/2018 21:27:15] /a
[9/4/2018 21:27:15] /a
[9/4/2018 21:27:16] /a
[9/4/2018 21:27:16] /a
[9/4/2018 21:27:16] /a
[9/4/2018 21:27:17] /a
[9/4/2018 21:27:20] /ii 4820
[9/4/2018 21:27:20] /a
[9/4/2018 21:27:20] /ii 4820
[9/4/2018 21:27:20] /a
[9/4/2018 21:27:20] /ii 4820
[9/4/2018 21:27:20] /a
[9/4/2018 21:27:20] /ii 4820
[9/4/2018 21:27:20] /a
[9/4/2018 21:27:20] /ii 4820
[9/4/2018 21:27:22] /a
[9/4/2018 21:27:22] /ii 4820
[9/4/2018 21:27:24] /a
[9/4/2018 21:27:24] /ii 4820
[9/4/2018 21:27:25] /a
[9/4/2018 21:27:25] /ii 4820
[9/4/2018 21:27:26] /a
[9/4/2018 21:27:26] /ii 4820
[9/4/2018 21:27:28] /a
[9/4/2018 21:27:28] /ii 4820
[9/4/2018 21:27:28] /a
[9/4/2018 21:27:28] /ii 4820
[9/4/2018 21:27:29] /a
[9/4/2018 21:27:29] /ii 4820
[9/4/2018 21:27:29] /a
[9/4/2018 21:27:29] /ii 4820
[9/4/2018 21:27:30] /a
[9/4/2018 21:27:30] /ii 4820
[9/4/2018 21:27:30] /a
[9/4/2018 21:27:30] /ii 4820
[9/4/2018 21:27:35] /a
[9/4/2018 21:27:35] /ii 4820
[9/4/2018 21:27:45] /ii 4820
[9/4/2018 21:27:46] /a
[9/4/2018 21:27:46] /a
[9/4/2018 21:27:46] /a
[9/4/2018 21:27:46] /a
[9/4/2018 21:27:47] /a
[9/4/2018 21:27:48] /a
[9/4/2018 21:27:51] /a
[9/4/2018 21:27:51] /ii 4820
[9/4/2018 21:27:52] /a
[9/4/2018 21:27:52] /ii 4820
[9/4/2018 21:27:52] /a
[9/4/2018 21:27:52] /ii 4820
[9/4/2018 21:27:52] /a
[9/4/2018 21:27:52] /ii 4820
[9/4/2018 21:27:52] /a
[9/4/2018 21:27:52] /ii 4820
[9/4/2018 21:27:54] /a
[9/4/2018 21:27:54] /ii 4820
[9/4/2018 21:27:54] /a
[9/4/2018 21:27:54] /ii 4820
[9/4/2018 21:27:55] /a
[9/4/2018 21:27:55] /ii 4820
[9/4/2018 21:27:55] /a
[9/4/2018 21:27:55] /ii 4820
[9/4/2018 21:27:55] /a
[9/4/2018 21:27:55] /ii 4820
[9/4/2018 21:27:57] /a
[9/4/2018 21:27:57] /a
[9/4/2018 21:27:57] /a
[9/4/2018 21:27:58] /a
[9/4/2018 21:27:58] /a
[9/4/2018 21:27:58] /a
[9/4/2018 21:27:59] /a
[9/4/2018 21:28:0] /ii 4820
[9/4/2018 21:28:0] /a
[9/4/2018 21:28:0] /ii 4820
[9/4/2018 21:28:0] /a
[9/4/2018 21:28:0] /ii 4820
[9/4/2018 21:28:1] /a
[9/4/2018 21:28:1] /ii 4820
[9/4/2018 21:28:1] /a
[9/4/2018 21:28:1] /ii 4820
[9/4/2018 21:28:1] /a
[9/4/2018 21:28:1] /ii 4820
[9/4/2018 21:28:2] /a
[9/4/2018 21:28:2] /ii 4820
[9/4/2018 21:28:2] /a
[9/4/2018 21:28:2] /ii 4820
[9/4/2018 21:28:3] /a
[9/4/2018 21:28:3] /ii 4820
[9/4/2018 21:28:4] /a
[9/4/2018 21:28:4] /ii 4820
[9/4/2018 21:28:5] /a
[9/4/2018 21:28:5] /ii 4820
[9/4/2018 21:28:5] /a
[9/4/2018 21:28:5] /ii 4820
[9/4/2018 21:28:6] /a
[9/4/2018 21:28:6] /ii 4820
[9/4/2018 21:28:6] /a
[9/4/2018 21:28:6] /ii 4820
[9/4/2018 21:28:7] /a
[9/4/2018 21:28:7] /ii 4820
[9/4/2018 21:28:7] /a
[9/4/2018 21:28:7] /ii 4820
[9/4/2018 21:28:8] /a
[9/4/2018 21:28:8] /ii 4820
[9/4/2018 21:28:8] /a
[9/4/2018 21:28:8] /ii 4820
[9/4/2018 21:28:11] /ii 4820
[9/4/2018 21:28:13] /a
[9/4/2018 21:28:13] /ii 4820
[9/4/2018 21:28:21] /ii 9224
[9/4/2018 21:28:25] /a
[9/4/2018 21:28:25] /ii 4820
[9/4/2018 21:28:25] /a
[9/4/2018 21:28:25] /ii 4820
[9/4/2018 21:28:26] /a
[9/4/2018 21:28:26] /ii 4820
[9/4/2018 21:28:26] /a
[9/4/2018 21:28:26] /ii 4820
[9/4/2018 21:28:26] /a
[9/4/2018 21:28:26] /ii 4820
[9/4/2018 21:28:27] /a
[9/4/2018 21:28:27] /ii 4820
[9/4/2018 21:28:28] /a
[9/4/2018 21:28:28] /ii 4820
[9/4/2018 21:28:28] /a
[9/4/2018 21:28:28] /ii 4820
[9/4/2018 21:28:28] /a
[9/4/2018 21:28:28] /ii 4820
[9/4/2018 21:28:29] /a
[9/4/2018 21:28:29] /ii 4820
[9/4/2018 21:28:30] /a
[9/4/2018 21:28:30] /ii 4820
[9/4/2018 21:28:31] /a
[9/4/2018 21:28:31] /ii 4820
[9/4/2018 21:28:31] /a
[9/4/2018 21:28:31] /ii 4820
[9/4/2018 21:28:31] /a
[9/4/2018 21:28:31] /ii 4820
[9/4/2018 21:28:31] /a
[9/4/2018 21:28:31] /ii 4820
[9/4/2018 21:28:32] /a
[9/4/2018 21:28:32] /ii 4820
[9/4/2018 21:28:33] /a
[9/4/2018 21:28:33] /ii 4820
[9/4/2018 21:28:33] /a
[9/4/2018 21:28:33] /ii 4820
[9/4/2018 21:28:33] /a
[9/4/2018 21:28:33] /ii 4820
[9/4/2018 21:28:34] /a
[9/4/2018 21:28:34] /ii 4820
[9/4/2018 21:28:35] /a
[9/4/2018 21:28:35] /ii 4820
[9/4/2018 21:28:35] /a
[9/4/2018 21:28:35] /ii 4820
[9/4/2018 21:28:36] /a
[9/4/2018 21:28:36] /ii 4820
[9/4/2018 21:28:36] /a
[9/4/2018 21:28:36] /ii 4820
[9/4/2018 21:28:37] /a
[9/4/2018 21:28:37] /ii 4820
[9/4/2018 21:28:37] /a
[9/4/2018 21:28:37] /ii 4820
[9/4/2018 21:28:38] /a
[9/4/2018 21:28:38] /ii 4820
[9/4/2018 21:28:38] /a
[9/4/2018 21:28:38] /ii 4820
[9/4/2018 21:28:39] /a
[9/4/2018 21:28:39] /ii 4820
[9/4/2018 21:28:39] /a
[9/4/2018 21:28:39] /ii 4820
[9/4/2018 21:28:39] /a
[9/4/2018 21:28:39] /ii 4820
[9/4/2018 21:28:39] /a
[9/4/2018 21:28:40] /ii 4820
[9/4/2018 21:28:40] /a
[9/4/2018 21:28:40] /ii 4820
[9/4/2018 21:28:40] /a
[9/4/2018 21:28:40] /ii 4820
[9/4/2018 21:28:40] /a
[9/4/2018 21:28:40] /ii 4820
[9/4/2018 21:28:40] /a
[9/4/2018 21:28:40] /ii 4820
[9/4/2018 21:28:40] /a
[9/4/2018 21:28:41] /ii 4820
[9/4/2018 21:28:41] /a
[9/4/2018 21:28:41] /ii 4820
[9/4/2018 21:28:41] /a
[9/4/2018 21:28:41] /ii 4820
[9/4/2018 21:28:41] /a
[9/4/2018 21:28:41] /ii 4820
[9/4/2018 21:28:42] /a
[9/4/2018 21:28:42] /ii 4820
[9/4/2018 21:28:43] /a
[9/4/2018 21:28:43] /ii 4820
[9/4/2018 21:28:43] /a
[9/4/2018 21:28:43] /ii 4820
[9/4/2018 21:28:43] /a
[9/4/2018 21:28:44] /ii 4820
[9/4/2018 21:28:44] /a
[9/4/2018 21:28:44] /ii 4820
[9/4/2018 21:28:45] /a
[9/4/2018 21:28:45] /ii 4820
[9/4/2018 21:28:45] /a
[9/4/2018 21:28:45] /ii 4820
[9/4/2018 21:28:46] /a
[9/4/2018 21:28:46] /ii 4820
[9/4/2018 21:28:46] /a
[9/4/2018 21:28:46] /ii 4820
[9/4/2018 21:28:47] /a
[9/4/2018 21:28:47] /ii 4820
[9/4/2018 21:28:47] /a
[9/4/2018 21:28:47] /ii 4820
[9/4/2018 21:28:47] /a
[9/4/2018 21:28:47] /ii 4820
[9/4/2018 21:28:48] /a
[9/4/2018 21:28:48] /ii 4820
[9/4/2018 21:28:49] /a
[9/4/2018 21:28:49] /ii 4820
[9/4/2018 21:28:49] /a
[9/4/2018 21:28:49] /ii 4820
[9/4/2018 21:28:49] /a
[9/4/2018 21:28:49] /ii 4820
[9/4/2018 21:28:49] /a
[9/4/2018 21:28:49] /ii 4820
[9/4/2018 21:28:50] /a
[9/4/2018 21:28:50] /ii 4820
[9/4/2018 21:28:51] /a
[9/4/2018 21:28:51] /ii 4820
[9/4/2018 21:28:51] /a
[9/4/2018 21:28:51] /ii 4820
[9/4/2018 21:28:51] /a
[9/4/2018 21:28:52] /ii 4820
[9/4/2018 21:28:53] /a
[9/4/2018 21:28:53] /ii 4820
[9/4/2018 21:28:53] /a
[9/4/2018 21:28:53] /ii 4820
[9/4/2018 21:28:53] /a
[9/4/2018 21:28:54] /ii 4820
[9/4/2018 21:28:54] /a
[9/4/2018 21:28:54] /ii 4820
[9/4/2018 21:28:54] /a
[9/4/2018 21:28:54] /ii 4820
[9/4/2018 21:28:54] /a
[9/4/2018 21:28:54] /ii 4820
[9/4/2018 21:28:55] /a
[9/4/2018 21:28:55] /ii 4820
[9/4/2018 21:28:55] /a
[9/4/2018 21:28:55] /ii 4820
[9/4/2018 21:28:55] /a
[9/4/2018 21:28:55] /ii 4820
[9/4/2018 21:28:55] /a
[9/4/2018 21:28:55] /ii 4820
[9/4/2018 21:28:55] /a
[9/4/2018 21:28:56] /ii 4820
[9/4/2018 21:28:56] /a
[9/4/2018 21:28:56] /ii 4820
[9/4/2018 21:28:56] /a
[9/4/2018 21:28:56] /ii 4820
[9/4/2018 21:28:56] /a
[9/4/2018 21:28:56] /ii 4820
[9/4/2018 21:28:56] /a
[9/4/2018 21:28:57] /ii 4820
[9/4/2018 21:28:57] /a
[9/4/2018 21:28:57] /ii 4820
[9/4/2018 21:28:57] /a
[9/4/2018 21:28:57] /ii 4820
[9/4/2018 21:28:58] /a
[9/4/2018 21:28:58] /ii 4820
[9/4/2018 21:29:0] /a
[9/4/2018 21:29:1] /a
[9/4/2018 21:29:1] /a
[9/4/2018 21:29:2] /a
[9/4/2018 21:29:2] /a
[9/4/2018 21:29:2] /ii 4820
[9/4/2018 21:29:3] /a
[9/4/2018 21:29:3] /ii 4820
[9/4/2018 21:29:3] /a
[9/4/2018 21:29:3] /ii 4820
[9/4/2018 21:29:3] /a
[9/4/2018 21:29:3] /ii 4820
[9/4/2018 21:29:3] /a
[9/4/2018 21:29:4] /ii 4820
[9/4/2018 21:29:4] /a
[9/4/2018 21:29:4] /ii 4820
[9/4/2018 21:29:4] /a
[9/4/2018 21:29:4] /ii 4820
[9/4/2018 21:29:4] /a
[9/4/2018 21:29:4] /ii 4820
[9/4/2018 21:29:4] /a
[9/4/2018 21:29:4] /ii 4820
[9/4/2018 21:29:6] /a
[9/4/2018 21:29:6] /ii 4820
[9/4/2018 21:29:7] /a
[9/4/2018 21:29:7] /ii 4820
[9/4/2018 21:29:7] /a
[9/4/2018 21:29:7] /ii 4820
[9/4/2018 21:29:7] /a
[9/4/2018 21:29:7] /ii 4820
[9/4/2018 21:29:8] /a
[9/4/2018 21:29:8] /ii 4820
[9/4/2018 21:29:8] /a
[9/4/2018 21:29:8] /ii 4820
[9/4/2018 21:29:9] /a
[9/4/2018 21:29:9] /ii 4820
[9/4/2018 21:29:10] /a
[9/4/2018 21:29:11] /a
[9/4/2018 21:29:11] /a
[9/4/2018 21:29:12] /ii 4820
[9/4/2018 21:29:12] /a
[9/4/2018 21:29:12] /ii 4820
[9/4/2018 21:29:12] /a
[9/4/2018 21:29:12] /ii 4820
[9/4/2018 21:29:12] /a
[9/4/2018 21:29:12] /ii 4820
[9/4/2018 21:29:13] /a
[9/4/2018 21:29:13] /ii 4820
[9/4/2018 21:29:14] /a
[9/4/2018 21:29:14] /ii 4820
[9/4/2018 21:29:14] /a
[9/4/2018 21:29:14] /ii 4820
[9/4/2018 21:29:14] /a
[9/4/2018 21:29:14] /ii 4820
[9/4/2018 21:29:15] /a
[9/4/2018 21:29:15] /ii 4820
[9/4/2018 21:29:18] /a
[9/4/2018 21:29:18] /a
[9/4/2018 21:29:19] /ii 4820
[9/4/2018 21:29:19] /a
[9/4/2018 21:29:19] /ii 4820
[9/4/2018 21:29:20] /a
[9/4/2018 21:29:20] /ii 4820
[9/4/2018 21:29:21] /a
[9/4/2018 21:29:21] /ii 4820
[9/4/2018 21:29:21] /a
[9/4/2018 21:29:21] /ii 4820
[9/4/2018 21:29:22] /a
[9/4/2018 21:29:22] /ii 4820
[9/4/2018 21:29:22] /a
[9/4/2018 21:29:22] /ii 4820
[9/4/2018 21:29:23] /a
[9/4/2018 21:29:23] /ii 4820
[9/4/2018 21:29:23] /a
[9/4/2018 21:29:23] /ii 4820
[9/4/2018 21:29:23] /a
[9/4/2018 21:29:23] /ii 4820
[9/4/2018 21:29:23] /a
[9/4/2018 21:29:23] /ii 4820
[9/4/2018 21:29:23] /a
[9/4/2018 21:29:23] /ii 4820
[9/4/2018 21:29:23] /a
[9/4/2018 21:29:24] /ii 4820
[9/4/2018 21:29:24] /a
[9/4/2018 21:29:24] /ii 4820
[9/4/2018 21:29:24] /a
[9/4/2018 21:29:24] /ii 4820
[9/4/2018 21:29:24] /a
[9/4/2018 21:29:24] /ii 4820
[9/4/2018 21:29:25] /a
[9/4/2018 21:29:25] /ii 4820
[9/4/2018 21:29:26] /a
[9/4/2018 21:29:26] /ii 4820
[9/4/2018 21:29:26] /a
[9/4/2018 21:29:26] /ii 4820
[9/4/2018 21:29:26] /a
[9/4/2018 21:29:26] /ii 4820
[9/4/2018 21:29:27] /a
[9/4/2018 21:29:27] /ii 4820
[9/4/2018 21:29:34] /ii 9225
[9/4/2018 21:29:35] /ii 9225
[9/4/2018 21:30:8] /a
[9/4/2018 21:30:8] /ii 4820
[9/4/2018 21:30:8] /a
[9/4/2018 21:30:8] /ii 4820
[9/4/2018 21:30:9] /a
[9/4/2018 21:30:9] /ii 4820
[9/4/2018 21:30:9] /a
[9/4/2018 21:30:9] /ii 4820
[9/4/2018 21:30:9] /a
[9/4/2018 21:30:9] /ii 4820
[9/4/2018 21:30:9] /a
[9/4/2018 21:30:9] /ii 4820
[9/4/2018 21:30:9] /a
[9/4/2018 21:30:9] /ii 4820
[9/4/2018 21:30:10] /a
[9/4/2018 21:30:10] /ii 4820
[9/4/2018 21:30:10] /a
[9/4/2018 21:30:10] /ii 4820
[9/4/2018 21:30:13] /a
[9/4/2018 21:30:14] /a
[9/4/2018 21:30:15] /a
[9/4/2018 21:30:15] /ii 4820
[9/4/2018 21:30:15] /a
[9/4/2018 21:30:15] /ii 4820
[9/4/2018 21:30:15] /a
[9/4/2018 21:30:15] /ii 4820
[9/4/2018 21:30:16] /a
[9/4/2018 21:30:16] /ii 4820
[9/4/2018 21:30:16] /a
[9/4/2018 21:30:16] /ii 4820
[9/4/2018 21:30:16] /a
[9/4/2018 21:30:16] /ii 4820
[9/4/2018 21:30:16] /a
[9/4/2018 21:30:16] /ii 4820
[9/4/2018 21:30:16] /a
[9/4/2018 21:30:16] /ii 4820
[9/4/2018 21:30:17] /ii 4820
[9/4/2018 21:30:17] /ii 4820
[9/4/2018 21:30:18] /ii 4820
[9/4/2018 21:30:18] /a
[9/4/2018 21:30:18] /a
[9/4/2018 21:30:18] /a
[9/4/2018 21:30:18] /a
[9/4/2018 21:30:19] /a
[9/4/2018 21:30:19] /a
[9/4/2018 21:30:19] /a
[9/4/2018 21:30:19] /a
[9/4/2018 21:30:19] /a
[9/4/2018 21:30:20] /a
[9/4/2018 21:30:20] /a
[9/4/2018 21:30:20] /a
[9/4/2018 21:30:20] /a
[9/4/2018 21:30:20] /a
[9/4/2018 21:30:20] /a
[9/4/2018 21:30:20] /a
[9/4/2018 21:30:20] /a
[9/4/2018 21:30:20] /a
[9/4/2018 21:30:20] /a
[9/4/2018 21:30:20] /a
[9/4/2018 21:30:21] /a
[9/4/2018 21:30:21] /a
[9/4/2018 21:30:21] /a
[9/4/2018 21:30:21] /a
[9/4/2018 21:30:21] /a
[9/4/2018 21:30:21] /a
[9/4/2018 21:30:21] /a
[9/4/2018 21:30:21] /a
[9/4/2018 21:30:22] /a
[9/4/2018 21:30:22] /a
[9/4/2018 21:30:22] /a
[9/4/2018 21:30:22] /a
[9/4/2018 21:30:22] /a
[9/4/2018 21:30:22] /a
[9/4/2018 21:30:22] /a
[9/4/2018 21:30:22] /a
[9/4/2018 21:30:22] /a
[9/4/2018 21:30:22] /a
[9/4/2018 21:30:22] /a
[9/4/2018 21:30:22] /a
[9/4/2018 21:30:22] /a
[9/4/2018 21:30:22] /a
[9/4/2018 21:30:22] /a
[9/4/2018 21:30:22] /a
[9/4/2018 21:30:22] /a
[9/4/2018 21:30:23] /a
[9/4/2018 21:30:23] /a
[9/4/2018 21:30:23] /a
[9/4/2018 21:30:23] /a
[9/4/2018 21:30:23] /a
[9/4/2018 21:30:23] /a
[9/4/2018 21:30:23] /a
[9/4/2018 21:30:24] /a
[9/4/2018 21:30:24] /a
[9/4/2018 21:30:24] /a
[9/4/2018 21:30:24] /a
[9/4/2018 21:30:25] /a
[9/4/2018 21:30:25] /a
[9/4/2018 21:30:25] /a
[9/4/2018 21:30:25] /a
[9/4/2018 21:30:25] /a
[9/4/2018 21:30:25] /a
[9/4/2018 21:30:25] /a
[9/4/2018 21:30:25] /a
[9/4/2018 21:30:25] /a
[9/4/2018 21:30:25] /a
[9/4/2018 21:30:25] /a
[9/4/2018 21:30:25] /a
[9/4/2018 21:30:25] /a
[9/4/2018 21:30:25] /a
[9/4/2018 21:30:25] /a
[9/4/2018 21:30:25] /a
[9/4/2018 21:30:25] /a
[9/4/2018 21:30:25] /a
[9/4/2018 21:30:25] /a
[9/4/2018 21:30:25] /a
[9/4/2018 21:30:25] /a
[9/4/2018 21:30:25] /a
[9/4/2018 21:30:25] /a
[9/4/2018 21:30:25] /a
[9/4/2018 21:30:25] /a
[9/4/2018 21:30:25] /a
[9/4/2018 21:30:25] /a
[9/4/2018 21:30:26] /a
[9/4/2018 21:30:26] /a
[9/4/2018 21:30:26] /a
[9/4/2018 21:30:26] /a
[9/4/2018 21:30:26] /a
[9/4/2018 21:30:26] /a
[9/4/2018 21:30:26] /a
[9/4/2018 21:30:26] /a
[9/4/2018 21:30:26] /a
[9/4/2018 21:30:26] /a
[9/4/2018 21:30:26] /a
[9/4/2018 21:30:26] /a
[9/4/2018 21:30:26] /a
[9/4/2018 21:30:26] /a
[9/4/2018 21:30:27] /a
[9/4/2018 21:30:27] /a
[9/4/2018 21:30:28] /a
[9/4/2018 21:30:28] /a
[9/4/2018 21:30:28] /a
[9/4/2018 21:30:28] /a
[9/4/2018 21:30:28] /a
[9/4/2018 21:30:28] /a
[9/4/2018 21:30:28] /a
[9/4/2018 21:30:28] /a
[9/4/2018 21:30:28] /a
[9/4/2018 21:30:28] /a
[9/4/2018 21:30:28] /a
[9/4/2018 21:30:28] /a
[9/4/2018 21:30:28] /a
[9/4/2018 21:30:28] /a
[9/4/2018 21:30:28] /a
[9/4/2018 21:30:28] /a
[9/4/2018 21:30:28] /a
[9/4/2018 21:30:28] /a
[9/4/2018 21:30:28] /a
[9/4/2018 21:30:28] /a
[9/4/2018 21:30:28] /a
[9/4/2018 21:30:28] /a
[9/4/2018 21:30:28] /a
[9/4/2018 21:31:17] /goto solado
[9/4/2018 21:32:34] /goto yamata
