[2/5/2018 0:58:24] /t pecado da gananciaban
[2/5/2018 1:32:26] /goto pecado da gananciaban
[2/5/2018 1:33:2] /goto pecado da gananciaban
[2/5/2018 1:33:34] /goto pecado da gananciaban
[2/5/2018 1:33:41] /r 30
[2/5/2018 1:33:44] /t
[2/5/2018 1:33:50] /goto [GM] KillSwitch
[2/5/2018 1:35:46] /goto [GM] KillSwitch
[2/5/2018 1:38:44] /goto Foca Ojorge
[2/5/2018 1:39:34] /down
[2/5/2018 1:39:36] /down 2
[2/5/2018 1:39:39] /down 4
[2/5/2018 1:39:41] /t
[2/5/2018 1:48:43] /goto [ADM] Hard
[2/5/2018 1:49:17] /t
[2/5/2018 1:56:44] /t
[2/5/2018 2:6:54] /goto [GM] KillSwitch
[2/5/2018 2:10:51] /goto mark spiter
[2/5/2018 2:40:16] /goto 02:33 Kuraku [501]: o GM da um força a escada da onde eu to ta bugada n quer dexar eu subir de volta ajuda ai plis :) agradeçe
[2/5/2018 2:40:22] /goto Kuraku
[2/5/2018 2:49:28] /b galera use o trade para trokas , e o conversar  para dialogar entre vcs oks , help somente para duvidas ,por favor n qro spam la , todos os bugs reportados vai ser arrumado hj qnd o server volta 5:00 AM
[2/5/2018 10:49:43] /goto black ninetail
[2/5/2018 10:49:45] /goto black ninetails
[2/5/2018 10:49:54] /t
[2/5/2018 10:50:26] /goto Yzkwyksmnn
[2/5/2018 10:50:37] /t Yzkwyksmnn
[2/5/2018 10:51:43] /ghost
[2/5/2018 10:53:22] /b bom dia galera , estarei respondendo a todos os reports -- erros e etc -- nao qro tumultuaçao no help oks -- use o chat conversar para dialogarem , help somente para duvidas
[2/5/2018 10:53:24] /b bom dia galera , estarei respondendo a todos os reports -- erros e etc -- nao qro tumultuaçao no help oks -- use o chat conversar para dialogarem , help somente para duvidas
[2/5/2018 10:53:26] /b bom dia galera , estarei respondendo a todos os reports -- erros e etc -- nao qro tumultuaçao no help oks -- use o chat conversar para dialogarem , help somente para duvidas
[2/5/2018 10:53:42] /t
[2/5/2018 10:54:42] /b comecem a ultilizar o trade para trokas
[2/5/2018 11:13:9] /b nao qro spam no help ja volto , as pgt so reportaren q vou responder todas
[2/5/2018 11:41:49] /goto Treinei Fudidamente
[2/5/2018 11:44:41] /goto Hazzard
[2/5/2018 11:44:49] /up
[2/5/2018 11:45:1] /up
[2/5/2018 11:45:30] /t hazzard
[2/5/2018 11:54:53] /b ja volto n qro bagunça no help oks , deixem pergunta no ctrl+r pra eu conseguir responder a todas ate eu volta
[2/5/2018 12:7:18] /t
[2/5/2018 12:21:35] /b galera vou almoçar , deixem pgts no ctrl+r q responderei todas , qnd eu voltar
[2/5/2018 13:10:35] /ghost
[2/5/2018 13:10:38] /goto meliodas
[2/5/2018 13:10:43] /goto meliodas
[2/5/2018 13:11:28] /ghost
[2/5/2018 13:15:11] /b todos os diamantes foram removidos
[2/5/2018 13:30:48] /goto t-o-b-i-z-n
[2/5/2018 13:31:46] /ghost
[2/5/2018 13:35:5] /b use o comercio pra trokar item 
[2/5/2018 13:36:28] /goto Black Ninetails
[2/5/2018 13:36:38] /goto Thunderbolt
[2/5/2018 13:36:43] /t
[2/5/2018 13:38:9] /goto meliodas
[2/5/2018 13:38:12] /goto meliodas
[2/5/2018 13:39:34] /goto meliodas
[2/5/2018 13:39:37] /goto meliodas
[2/5/2018 13:39:38] /goto meliodas
[2/5/2018 13:39:39] /goto meliodas
[2/5/2018 13:39:41] /goto meliodas
[2/5/2018 13:39:44] /goto meliodas
[2/5/2018 13:51:49] /t
[2/5/2018 20:4:9] /b boa noite galera
[2/5/2018 20:8:10] /goto Cheio Das Sagacidades
[2/5/2018 20:8:25] /t
[2/5/2018 20:12:12] /t pecado da gananciaban
[2/5/2018 20:29:52] /goto Asura
[2/5/2018 21:6:16] /b galera vou ter q sair tenho compromisso , qnd eu volta tiro as duvidas , reportem no crtl+r q respondo a todas qnd eu voltar
[2/5/2018 21:7:10] /goto black ninetails
[2/5/2018 21:8:17] /t
[2/5/2018 22:47:25] /goto black ninetails
[2/5/2018 22:54:31] /t
[2/5/2018 23:49:55] /t passatempo
[3/5/2018 0:0:33] /goto sped killer
[3/5/2018 0:0:46] /goto [gm] killswitch
[3/5/2018 0:12:28] /goto Papeleira Falida
[3/5/2018 0:12:49] /goto gorillaz
[3/5/2018 0:12:56] /r
[3/5/2018 0:13:0] /a 12
[3/5/2018 0:13:7] /a 12
[3/5/2018 0:13:8] /a 12
[3/5/2018 0:13:12] /a 12
[3/5/2018 0:13:14] /a 12
[3/5/2018 0:13:19] /a 40
[3/5/2018 0:13:21] /a 40
[3/5/2018 0:13:29] /up
[3/5/2018 0:13:31] /up
[3/5/2018 0:13:36] /up 2
[3/5/2018 0:13:40] /a 20
[3/5/2018 0:13:41] /a 20
[3/5/2018 0:13:42] /a 20
[3/5/2018 0:13:44] /a 20
[3/5/2018 0:13:45] /a 20
[3/5/2018 0:14:29] /r
[3/5/2018 0:14:53] /goto mlk neutro
[3/5/2018 0:15:34] /mc
[3/5/2018 0:22:6] /t
[3/5/2018 0:28:2] /goto Shiemi Moriyama
[3/5/2018 0:33:18] /goto Naandow
[3/5/2018 0:34:32] /t
[3/5/2018 0:44:57] /goto Uchihamadara
[3/5/2018 0:45:36] /goto [GM] KillSwitch
[3/5/2018 0:46:26] /r
[3/5/2018 0:46:30] /r
[3/5/2018 0:46:32] /r
[3/5/2018 0:46:33] /r
[3/5/2018 0:46:35] /r
[3/5/2018 0:46:36] /r
[3/5/2018 0:46:38] /r
[3/5/2018 0:46:57] /r
[3/5/2018 0:47:0] /r
[3/5/2018 0:47:2] /r
[3/5/2018 0:47:44] /t
[3/5/2018 0:48:5] /goto [GM] KillSwitch
[3/5/2018 0:48:17] /r
[3/5/2018 0:48:58] /goto boruto secret
[3/5/2018 0:51:18] /t
[3/5/2018 10:16:25] /t passatempo
[3/5/2018 11:4:11] /goto Jorge Sete
[3/5/2018 11:4:21] /ghost
[3/5/2018 11:5:39] /t
[3/5/2018 14:24:59] /ghost
[3/5/2018 16:53:35] /goto [GM] KillSwitch
[3/5/2018 16:56:13] /t
[3/5/2018 16:57:27] /t passatempo
[3/5/2018 17:11:23] /t passatempo
[3/5/2018 17:18:10] /goto shisui down
[3/5/2018 17:18:13] /t
[3/5/2018 17:33:32] /goto Madara Senju
[3/5/2018 17:34:19] /goto Hazzard
[3/5/2018 17:34:38] /t Hazzard
[3/5/2018 17:34:40] /t
[3/5/2018 17:43:31] /goto dove
[3/5/2018 17:43:34] /goto dove
[3/5/2018 17:44:6] /t Yzkwyksmnn
[3/5/2018 17:44:7] /t
[3/5/2018 17:46:23] /b galera hje irei ver sobre a quest do shield e passo pra vcs oks 
[3/5/2018 17:59:37] /b bom eu n vou avisa dnv no help oks , ja deu esse assunto de diamante 
[3/5/2018 19:5:59] /goto Obito Khalifa
[3/5/2018 19:6:13] /goto Obito Khalifa
[3/5/2018 19:14:35] /b galera vou dar uma saida , deixam bug e duvidas no crtl+r q vou estar respondendo jaja . bom jogo a todos 
[3/5/2018 21:6:27] /b voltei estarei tirand duvidas help , n qro trade la no help oks , bgd 
[4/5/2018 0:42:35] /t passatempo
[4/5/2018 0:48:25] /t passatempo
[4/5/2018 1:28:33] /goto lidrews kakuzo
[4/5/2018 1:28:36] /t
[4/5/2018 1:28:53] /goto cronos
[4/5/2018 1:28:57] /t
[4/5/2018 1:29:25] /t thiago sccp
[4/5/2018 1:29:29] /t thiago sccp
[4/5/2018 9:31:50] /goto Papeleira Falida
[4/5/2018 9:32:16] /goto Pecado Marionete
[4/5/2018 9:32:34] /a 5
[4/5/2018 9:32:36] /a 5
[4/5/2018 9:32:55] /t
[4/5/2018 9:33:33] /goto horflow
[4/5/2018 9:33:38] /a '1
[4/5/2018 9:33:41] /a '12
[4/5/2018 9:33:45] /a 13
[4/5/2018 9:33:46] /a 13
[4/5/2018 9:33:48] /a 16
[4/5/2018 9:33:50] /a 17
[4/5/2018 9:33:52] /a 17
[4/5/2018 9:33:55] /a 18
[4/5/2018 9:33:56] /a 19
[4/5/2018 9:34:0] /a 18
[4/5/2018 9:34:11] /goto karaku
[4/5/2018 9:34:23] /goto jorge dez
[4/5/2018 9:35:17] /b o atk speed dos bixos foram corrigidos
[4/5/2018 9:37:41] /t
[4/5/2018 9:38:1] /goto Velho Itachi
[4/5/2018 9:38:7] /ghost
[4/5/2018 9:39:12] /t
[4/5/2018 9:39:17] /ghost
[4/5/2018 10:26:7] /a 2
[4/5/2018 10:28:52] /t relampago mcqueen
[4/5/2018 10:32:30] /a 5
[4/5/2018 10:32:57] /t relampago mcqueen
[4/5/2018 10:33:24] /t
[4/5/2018 10:34:50] /goto Oakunipou
[4/5/2018 10:34:52] /goto Oakunipou
[4/5/2018 10:34:56] /goto Oakunipou
[4/5/2018 10:35:3] /goto Oakunipou
[4/5/2018 12:29:46] /ghost
[4/5/2018 13:48:36] /goto Jet Lee
[4/5/2018 13:49:13] /t
[4/5/2018 13:58:37] /goto [ADM] Hard
[4/5/2018 13:59:40] /goto Pervertido
[4/5/2018 14:0:57] /t
[4/5/2018 14:25:20] /ghost
[4/5/2018 14:28:29] /goto .
[4/5/2018 14:28:33] /goto .
[4/5/2018 14:28:42] /goto Dove
[4/5/2018 14:28:45] /goto Dove
[4/5/2018 14:28:50] /goto Dove
[4/5/2018 14:28:53] /goto Dove
[4/5/2018 14:28:56] /goto Dove
[4/5/2018 14:28:59] /goto Dove
[4/5/2018 14:29:0] /goto Dove
[4/5/2018 14:29:2] /goto Dove
[4/5/2018 14:29:3] /goto Dove
[4/5/2018 14:31:30] /t
[4/5/2018 14:38:48] /goto Anjo
[4/5/2018 14:38:51] /t
[4/5/2018 15:11:51] /t
[4/5/2018 15:24:37] /goto Copy Ninja
[4/5/2018 15:24:39] /goto Copy Ninja
[4/5/2018 15:24:40] /goto Copy Ninja
[4/5/2018 15:24:41] /goto Copy Ninja
[4/5/2018 15:24:48] /r
[4/5/2018 15:24:52] /r
[4/5/2018 15:25:3] /t
[4/5/2018 15:38:29] /t passattempo
[4/5/2018 15:38:36] /t passatempo
[4/5/2018 15:39:57] /t passatempo
[4/5/2018 15:55:12] /goto Wed Kim
[4/5/2018 15:58:2] /t
[4/5/2018 19:13:56] /goto lidrrews kakuzo
[4/5/2018 19:14:4] /goto lidreus kakuz
[4/5/2018 19:14:5] /goto lidreus kakuzo
[4/5/2018 19:14:15] /goto lidrews kakuzo
[4/5/2018 19:14:18] /t
[4/5/2018 19:28:39] /goto Japa
[4/5/2018 19:28:41] /t
[4/5/2018 19:28:43] /t Japa
[4/5/2018 20:0:31] /goto meliodas
[4/5/2018 20:2:25] /t
[4/5/2018 20:39:35] /up
[4/5/2018 20:39:36] /up
[4/5/2018 20:39:37] /up
[4/5/2018 20:39:39] /r
[4/5/2018 20:39:51] /t
[4/5/2018 23:2:3] /goto fullmetal alchemist
[4/5/2018 23:2:12] /goto kakashi
[4/5/2018 23:2:23] /goto kraus
[4/5/2018 23:2:45] /goto sai insano
[4/5/2018 23:2:55] /goto na onde do bea
[4/5/2018 23:2:56] /goto na onde do beat
[4/5/2018 23:3:3] /goto sangue puro
[4/5/2018 23:3:11] /goto suco de frutas
[4/5/2018 23:3:30] /goto van helsing
[4/5/2018 23:3:34] /goto zone
[4/5/2018 23:3:42] /goto tavin matador
[4/5/2018 23:3:47] /t
[4/5/2018 23:4:5] /goto makabro
[4/5/2018 23:4:9] /goto makabrox
[4/5/2018 23:4:11] /t
[4/5/2018 23:7:49] /t meliodas
[4/5/2018 23:8:4] /t japa
[4/5/2018 23:10:13] /goto meliodas
[4/5/2018 23:10:20] /goto meliodas
[4/5/2018 23:10:22] /goto meliodas
[4/5/2018 23:10:24] /goto meliodas
[4/5/2018 23:10:24] /goto meliodas
[4/5/2018 23:10:39] /goto meliodas
[4/5/2018 23:10:40] /goto meliodas
[4/5/2018 23:10:41] /goto meliodas
[4/5/2018 23:11:20] /t meliodas
[4/5/2018 23:29:42] /t
[5/5/2018 0:3:7] /goto Molly
[5/5/2018 0:3:15] /t molly
[5/5/2018 0:3:27] /up
[5/5/2018 0:4:9] /ghost
[5/5/2018 0:4:52] /t
[5/5/2018 0:7:20] /t
[5/5/2018 0:13:48] /goto Black Shisui
[5/5/2018 0:14:31] /t
[5/5/2018 0:29:26] /goto japa
[5/5/2018 0:29:42] /t
[5/5/2018 0:29:55] /t passatempo
[5/5/2018 0:29:58] /t japa
[5/5/2018 0:34:17] /t dark seer
[5/5/2018 0:34:23] /goto dark seer
[5/5/2018 0:34:25] /goto dark seer
[5/5/2018 0:34:54] /goto dark seer
[5/5/2018 0:34:59] /ghost
[5/5/2018 0:35:1] /goto dark seer
[5/5/2018 0:35:21] /goto dark seer
[5/5/2018 0:35:27] /goto dark seer
[5/5/2018 0:36:37] /goto dark seer
[5/5/2018 0:36:49] /goto dark seer
[5/5/2018 0:36:51] /goto dark seer
[5/5/2018 0:36:53] /goto dark seer
[5/5/2018 0:36:56] /goto dark seer
[5/5/2018 0:36:58] /goto dark seer
[5/5/2018 0:36:59] /goto dark seer
[5/5/2018 0:37:1] /goto dark seer
[5/5/2018 0:37:2] /goto dark seer
[5/5/2018 0:37:4] /goto dark seer
[5/5/2018 0:37:5] /goto dark seer
[5/5/2018 0:37:7] /goto dark seer
[5/5/2018 0:37:18] /goto dark seer
[5/5/2018 0:37:29] /goto dark seer
[5/5/2018 0:37:30] /goto dark seer
[5/5/2018 0:37:32] /goto dark seer
[5/5/2018 0:37:34] /goto dark seer
[5/5/2018 0:37:59] /goto dark seer
[5/5/2018 0:38:1] /goto dark seer
[5/5/2018 0:38:3] /goto dark seer
[5/5/2018 0:38:3] /goto dark seer
[5/5/2018 0:38:15] /goto dark seer
[5/5/2018 0:38:20] /goto dark seer
[5/5/2018 0:38:29] /goto dark seer
[5/5/2018 0:39:1] /goto dark seer
[5/5/2018 0:39:3] /goto dark seer
[5/5/2018 0:39:35] /t
[5/5/2018 2:20:19] /goto makabro
[5/5/2018 2:20:22] /goto makabrox
[5/5/2018 2:21:24] /up
[5/5/2018 2:22:37] /goto [GM] KillSwitch
[5/5/2018 2:23:22] /t
[5/5/2018 2:24:52] /t makabroz
[5/5/2018 2:24:54] /t makabrox
[5/5/2018 2:25:53] /t sai insano
[5/5/2018 2:27:45] /goto makabrox
[5/5/2018 2:27:47] /goto makabrox
[5/5/2018 2:28:51] /t sai insano
[5/5/2018 2:30:35] /t
[5/5/2018 2:31:35] /goto sai insano
[5/5/2018 2:31:42] /t
[5/5/2018 2:32:6] /t sai insano
[5/5/2018 2:33:8] /t makabrox
[5/5/2018 2:33:39] /t makabrox
[5/5/2018 2:33:50] /t makabrox
[5/5/2018 2:34:0] /t makabrox
[5/5/2018 2:34:3] /t makabrox
[5/5/2018 2:34:5] /t makabrox
[5/5/2018 2:34:32] /t makabrox
[5/5/2018 2:34:51] /t makabrox
[5/5/2018 2:36:3] /goto meliodas
[5/5/2018 2:36:5] /t makabrox
[5/5/2018 2:36:11] /t makabrox
[5/5/2018 2:36:16] /t makabrox
[5/5/2018 2:36:21] /t makabrox
[5/5/2018 2:36:49] /t makabrox
[5/5/2018 2:40:0] /t makabrox
[5/5/2018 2:42:27] /t makabrox
[5/5/2018 2:44:47] /t makabrox
[5/5/2018 2:45:4] /goto makabrox
[5/5/2018 2:45:10] /goto makabrox
[5/5/2018 2:45:18] /goto makabrox
[5/5/2018 2:46:18] /t makabrox
[5/5/2018 2:46:19] /t makabrox
[5/5/2018 2:47:25] /goto makabrox
[5/5/2018 2:48:1] /t
[5/5/2018 2:49:6] /goto 01:51 Theblack [323]: esse portal aqui
[5/5/2018 2:49:11] /goto 01:51 Theblack 
[5/5/2018 2:49:20] /goto theblack
[5/5/2018 2:49:22] /goto theblack
[5/5/2018 2:49:32] /t
[5/5/2018 2:50:56] /goto sai insano
[5/5/2018 2:52:21] /ghost
[5/5/2018 2:52:49] /t sai insano
[5/5/2018 2:52:51] /t
[5/5/2018 2:55:5] /goto [GM] KillSwitch
[5/5/2018 3:2:52] /goto makabrox
[5/5/2018 3:3:6] /t
[5/5/2018 12:50:38] /b Bom dia galera
[5/5/2018 12:57:28] /t passatempo
[5/5/2018 13:0:32] /ghost
[5/5/2018 13:11:15] /goto Chapado
[5/5/2018 13:11:20] /a 3
[5/5/2018 13:11:23] /t Chapado
[5/5/2018 13:11:34] /t
[5/5/2018 13:14:21] /goto Dogde
[5/5/2018 13:14:50] /t
[5/5/2018 13:15:25] /goto meliodas
[5/5/2018 13:15:30] /a 2
[5/5/2018 13:17:17] /t
[5/5/2018 13:18:23] /goto dodge
[5/5/2018 13:18:29] /goto dodge
[5/5/2018 13:18:36] /goto Dogde
[5/5/2018 13:19:16] /t
[5/5/2018 13:44:51] /goto thiago sccp
[5/5/2018 13:44:58] /goto libra king kong
[5/5/2018 13:45:41] /t
[5/5/2018 13:49:57] /down
[5/5/2018 13:50:0] /a 20
[5/5/2018 13:50:1] /a 20
[5/5/2018 13:50:3] /a 20
[5/5/2018 13:50:5] /a 2
[5/5/2018 13:50:8] /a 5
[5/5/2018 13:50:10] /a 5
[5/5/2018 13:50:11] /a 5
[5/5/2018 13:50:12] /a 5
[5/5/2018 13:50:13] /a 5
[5/5/2018 13:50:14] /a 5
[5/5/2018 13:50:15] /a 5
[5/5/2018 13:50:16] /a 5
[5/5/2018 13:50:17] /a 5
[5/5/2018 13:50:45] /t
[5/5/2018 13:51:59] /goto makarabrox
[5/5/2018 13:52:5] /goto makabrox
[5/5/2018 13:53:31] /t
[5/5/2018 13:55:21] /t Obito Khalifa
[5/5/2018 17:28:20] /goto [GM] KillSwitch
[5/5/2018 17:29:47] /r
[5/5/2018 17:31:32] /ghost
[5/5/2018 17:51:44] /t
[5/5/2018 18:7:50] /goto Obscure Snakke
[5/5/2018 18:8:19] /t Obscure Snakke
[5/5/2018 18:8:22] /t
[5/5/2018 19:1:40] /goto El Mano Fueda Se
[5/5/2018 19:2:51] /t
[5/5/2018 19:5:8] /goto lariat
[5/5/2018 19:5:13] /goto mano lariat
[5/5/2018 19:5:17] /goto El Mano Fueda Se
[5/5/2018 19:5:32] /goto El Mano Lariat
[5/5/2018 19:8:4] /b galera estarei vendo qm esta ajudando no help com duvidas , etc .... para vaga de tutores oks ... oq mais se destacar , ganhara a vaga  , eu vou analizando conforme o passar do tempo ...
[5/5/2018 19:8:7] /t
[5/5/2018 19:9:27] /b nao tenho data prevista para a resposta , iremos analizar conforme o tempo , oks .... entao oq mais se destacar nesse tempo , em ajudar os players ... sera o ganhador
[5/5/2018 19:15:33] /goto Horrible
[5/5/2018 19:20:15] /t
[5/5/2018 19:23:55] /ghost
[5/5/2018 19:51:49] /goto Hazzard
[5/5/2018 19:53:19] /goto Black Ninetails
[5/5/2018 19:55:26] /t
[5/5/2018 19:57:41] /goto Black Ninetails
[5/5/2018 19:57:45] /t
[5/5/2018 22:59:47] /t passatempo
[5/5/2018 23:32:49] /t passatempo
[6/5/2018 0:8:4] /t passatempo
[6/5/2018 0:21:13] /goto [GM] KillSwitch
[6/5/2018 0:48:2] /a 2
[6/5/2018 0:49:55] /t
[6/5/2018 1:18:21] /goto Kakuzo Comecu
[6/5/2018 1:18:33] /t
[6/5/2018 1:41:10] /goto Josue Motoboy
[6/5/2018 1:41:13] /goto Josue Motoboy
[6/5/2018 1:41:20] /goto Josue Motoboy
[6/5/2018 1:41:28] /goto Josue Motoboy
[6/5/2018 1:41:32] /goto Josue Motoboy
[6/5/2018 1:41:36] /goto Josue Motoboy
[6/5/2018 1:41:46] /goto Josue Motoboy
[6/5/2018 1:41:48] /goto Josue Motoboy
[6/5/2018 1:41:50] /goto Josue Motoboy
[6/5/2018 1:42:16] /t
[6/5/2018 1:48:57] /goto libra king kong
[6/5/2018 1:49:29] /goto libra king kong
[6/5/2018 1:50:44] /t
[6/5/2018 1:51:48] /goto libra king kong
[6/5/2018 1:51:50] /goto libra king kong
[6/5/2018 1:51:52] /goto libra king kong
[6/5/2018 1:51:54] /goto libra king kong
[6/5/2018 1:51:57] /goto libra king kong
[6/5/2018 1:51:58] /goto libra king kong
[6/5/2018 1:52:1] /goto libra king kong
[6/5/2018 1:52:3] /goto libra king kong
[6/5/2018 1:52:4] /goto libra king kong
[6/5/2018 1:52:6] /goto libra king kong
[6/5/2018 1:52:27] /t
[6/5/2018 1:58:46] /goto [GM] KillSwitch
[6/5/2018 1:58:57] /a 1
[6/5/2018 2:0:33] /a 3
[6/5/2018 2:0:48] /ghost
[6/5/2018 2:5:7] /a 2
[6/5/2018 2:8:45] /a 30
[6/5/2018 2:8:51] /newtype 2
[6/5/2018 2:8:53] /newtype 4
[6/5/2018 2:8:55] /newtype 5
[6/5/2018 2:8:58] /newtype 10
[6/5/2018 2:9:1] /newtype 111
[6/5/2018 2:9:6] /newtype 1201
[6/5/2018 2:9:18] /a 12
[6/5/2018 2:11:41] /newtype 1234
[6/5/2018 2:11:50] /newtype 12341
[6/5/2018 2:14:22] /newtype 1234
[6/5/2018 2:17:17] /a 2
[6/5/2018 2:17:23] /newtype 1213
[6/5/2018 2:17:29] /newtype 1211
[6/5/2018 2:17:32] /newtype 1212
[6/5/2018 2:17:35] /newtype 1214
[6/5/2018 2:17:40] /newtype 1222
[6/5/2018 2:17:53] /newtype 1222...
[6/5/2018 2:18:15] /newtype 1223
[6/5/2018 2:19:8] /newtype 1221
[6/5/2018 2:19:17] /newtype 1225
[6/5/2018 2:19:19] /newtype 1224
[6/5/2018 2:19:24] /newtype 1226
[6/5/2018 2:19:30] /a 2
[6/5/2018 2:20:1] /newtype 1227
[6/5/2018 2:21:11] /newtype 1228
[6/5/2018 2:21:15] /newtype 1229
[6/5/2018 2:22:5] /newtype 1321
[6/5/2018 2:22:8] /newtype 1322
[6/5/2018 2:22:12] /newtype 1323
[6/5/2018 2:22:15] /newtype 1324
[6/5/2018 2:22:23] /newtype 1325
[6/5/2018 2:22:39] /newtype 1326
[6/5/2018 2:22:44] /newtype 1327
[6/5/2018 2:22:51] /newtype 1328
[6/5/2018 2:23:11] /newtype 1329
[6/5/2018 2:23:23] /newtype 1241
[6/5/2018 2:23:27] /newtype 1242
[6/5/2018 2:23:35] /newtype 1243
[6/5/2018 2:23:44] /newtype 1244
[6/5/2018 2:23:47] /newtype 1245
[6/5/2018 2:23:49] /newtype 1246
[6/5/2018 2:23:51] /newtype 1247
[6/5/2018 2:23:55] /newtype 1248
[6/5/2018 2:24:1] /newtype 1249
[6/5/2018 2:24:8] /newtype 1247
[6/5/2018 2:24:29] /newtype 1251
[6/5/2018 2:24:32] /newtype 1252
[6/5/2018 2:24:35] /newtype 1253
[6/5/2018 2:24:37] /newtype 1254
[6/5/2018 2:25:7] /newtype 1255
[6/5/2018 2:25:9] /newtype 1256
[6/5/2018 2:25:11] /newtype 1257
[6/5/2018 2:25:19] /newtype 1254
[6/5/2018 2:25:47] /newtype 1255
[6/5/2018 2:25:50] /newtype 1254
[6/5/2018 2:27:28] /newtype 1244
[6/5/2018 2:27:33] /newtype 1344
[6/5/2018 2:29:2] /newtype 1244
[6/5/2018 2:29:11] /newtype 1544
[6/5/2018 2:32:27] /newtype 1322
[6/5/2018 2:32:33] /newtype 1354
[6/5/2018 2:35:8] /ghost
[6/5/2018 2:35:30] /a 2
[6/5/2018 2:36:44] /t
[6/5/2018 11:26:13] /newtype 1231
[6/5/2018 11:26:43] /ghost
[6/5/2018 11:29:13] /b galera ontem foi perdido 15 dias de ediçao no mapa , se vcs axarem bug por favor report no ctrl +r oks 
[6/5/2018 12:14:5] /goto Adeline
[6/5/2018 12:44:35] /newtype 1260
[6/5/2018 12:49:22] /ghost
[6/5/2018 12:49:35] /goto makabrox
[6/5/2018 12:49:52] /ghost
[6/5/2018 12:50:23] /newtype 1260
[6/5/2018 12:50:25] /t
[6/5/2018 12:50:56] /t makabrox
[6/5/2018 12:54:53] /ghost
[6/5/2018 12:55:0] /goto king kong
[6/5/2018 12:55:9] /goto libra king kong
[6/5/2018 12:55:11] /goto libra king kong
[6/5/2018 12:55:17] /goto libra king kong
[6/5/2018 12:55:19] /goto libra king kong
[6/5/2018 12:55:37] /goto libra king kong
[6/5/2018 12:55:44] /goto libra king kong
[6/5/2018 12:55:50] /goto libra king kong
[6/5/2018 12:55:53] /goto libra king kong
[6/5/2018 12:55:54] /goto libra king kong
[6/5/2018 12:55:57] /t
[6/5/2018 12:57:50] /goto makabrox
[6/5/2018 13:2:37] /a 2
[6/5/2018 13:2:44] /ghost
[6/5/2018 13:11:31] /goto makabro
[6/5/2018 13:12:50] /a 
[6/5/2018 13:12:59] /t
[6/5/2018 13:37:56] /goto makabro
[6/5/2018 13:38:2] /t makabro
[6/5/2018 13:38:4] /t
[6/5/2018 14:10:9] /newtype 1259
[6/5/2018 14:10:17] /a 2
[6/5/2018 14:36:56] /t passatempo
[6/5/2018 14:57:42] /t passatempo
[6/5/2018 16:0:42] /a 5
[6/5/2018 16:2:13] /a 5
[6/5/2018 16:5:5] /r
[6/5/2018 16:6:33] /goto [GM] KillSwitch
[6/5/2018 16:7:32] /t Pecado Da Gananciaban
[6/5/2018 16:9:4] /goto yamato
[6/5/2018 16:9:8] /t
[6/5/2018 16:10:5] /t
[6/5/2018 16:10:10] /goto [GM] KillSwitch
[6/5/2018 16:14:25] /t
[6/5/2018 16:14:32] /goto [GM] KillSwitch
[6/5/2018 16:18:59] /a 5
[6/5/2018 16:19:8] /a 5
[6/5/2018 16:19:11] /a 5
[6/5/2018 16:35:47] /a 5
[6/5/2018 16:46:31] /mc
[6/5/2018 16:51:5] /goto yamato
[6/5/2018 16:51:34] /t
[6/5/2018 16:56:50] /goto Adeline
[6/5/2018 16:56:54] /t Adeline
[6/5/2018 16:56:56] /t
[6/5/2018 17:3:17] /goto Devilmann
[6/5/2018 17:3:48] /t
[6/5/2018 17:4:20] /ghost
[6/5/2018 17:4:29] /goto meliodas
[6/5/2018 17:4:33] /t
[6/5/2018 17:4:41] /goto Josue Motoboy
[6/5/2018 17:5:13] /t
[6/5/2018 19:57:45] /newtype 1269
[6/5/2018 19:57:51] /newtype 1259
[6/5/2018 22:3:53] /goto itachi
[6/5/2018 22:5:45] /newtype 1260
[6/5/2018 22:30:5] /newtype 1260
[7/5/2018 0:8:20] /goto makabrox
[7/5/2018 0:8:26] /goto makabrox
[7/5/2018 0:8:35] /ghost
[7/5/2018 0:10:52] /t
[7/5/2018 0:59:49] /newtype 1260
[7/5/2018 1:0:20] /ghost
[7/5/2018 1:0:30] /goto makabrox
[7/5/2018 1:0:33] /goto makabro
[7/5/2018 1:1:4] /goto makabro
[7/5/2018 1:1:10] /goto makabro
[7/5/2018 1:1:11] /goto makabro
[7/5/2018 1:1:16] /goto makabro
[7/5/2018 1:1:19] /goto makabro
[7/5/2018 1:1:27] /goto makabro
[7/5/2018 1:1:29] /goto makabro
[7/5/2018 1:1:45] /goto makabro
[7/5/2018 1:1:48] /t
[7/5/2018 11:8:11] /newtype 1260
[7/5/2018 11:11:11] /goto eligamata serpent
[7/5/2018 11:11:38] /goto rygamata
[7/5/2018 11:11:43] /up 2
[7/5/2018 11:14:34] /t
[7/5/2018 12:45:20] /goto Monster
[7/5/2018 12:45:48] /goto Monster
[7/5/2018 12:46:10] /t
[7/5/2018 12:46:25] /t
[7/5/2018 12:51:58] /goto Polemico
[7/5/2018 12:52:17] /t
[7/5/2018 13:25:3] /goto pecado da gananciban
[7/5/2018 13:25:12] /goto pecado da gananciaban
[7/5/2018 13:31:34] /ghost
[7/5/2018 13:59:13] /newtype 1259
[7/5/2018 13:59:20] /a 2
[7/5/2018 13:59:22] /a 2
[7/5/2018 13:59:23] /a 2
[7/5/2018 13:59:28] /a 2
[7/5/2018 13:59:41] /a 2
[7/5/2018 13:59:47] /a 2
[7/5/2018 14:42:20] /goto [GM] KillSwitch
[7/5/2018 14:51:27] /a 2
[7/5/2018 15:1:20] /t Queen
[7/5/2018 15:1:24] /t Mercator
[7/5/2018 15:19:55] /t
[7/5/2018 18:56:13] /newtype 1260
[7/5/2018 19:0:4] /goto theblack
[7/5/2018 19:9:22] /t
[7/5/2018 19:29:12] /goto Gowther
[7/5/2018 19:34:59] /newtype 1259
[7/5/2018 19:35:1] /newtype 1258
[7/5/2018 19:35:4] /newtype 1257
[7/5/2018 19:35:6] /newtype 1256
[7/5/2018 20:18:16] /goto [GM] KillSwitch
[7/5/2018 20:18:37] /newtype 1260
[7/5/2018 20:20:35] /goto Yukino
[7/5/2018 20:21:44] /goto
[7/5/2018 20:21:46] /t
[7/5/2018 20:21:53] /goto [GM] KillSwitch
[8/5/2018 10:19:39] /newtype 1259
[8/5/2018 10:26:27] /newtype 1255
[8/5/2018 10:26:37] /a 40
[8/5/2018 10:26:49] /newtype 1253
[8/5/2018 10:26:50] /newtype 1254
[8/5/2018 10:26:54] /newtype 1256
[8/5/2018 10:26:57] /newtype 1257
[8/5/2018 10:26:58] /newtype 1258
[8/5/2018 10:27:0] /newtype 1259
[8/5/2018 10:27:2] /newtype 1250
[8/5/2018 10:27:8] /newtype 1251
[8/5/2018 10:27:11] /newtype 1250
[8/5/2018 10:27:18] /newtype 1261
[8/5/2018 10:27:21] /newtype 1262
[8/5/2018 10:27:23] /newtype 1263
[8/5/2018 10:27:27] /newtype 1264
[8/5/2018 10:27:30] /newtype 1265
[8/5/2018 10:27:33] /newtype 1267
[8/5/2018 10:27:35] /newtype 1268
[8/5/2018 10:27:38] /newtype 1269
[8/5/2018 10:27:41] /newtype 1264
[8/5/2018 10:27:48] /newtype 1270
[8/5/2018 10:27:52] /newtype 1271
[8/5/2018 10:27:54] /newtype 1272
[8/5/2018 10:27:56] /newtype 1273
[8/5/2018 10:28:0] /newtype 1274
[8/5/2018 10:28:2] /newtype 1275
[8/5/2018 10:28:3] /newtype 1276
[8/5/2018 10:28:5] /newtype 1277
[8/5/2018 10:28:7] /newtype 1278
[8/5/2018 10:28:9] /newtype 1279
[8/5/2018 10:28:14] /newtype 1275
[8/5/2018 10:28:16] /newtype 1274
[8/5/2018 10:28:17] /newtype 1273
[8/5/2018 10:28:21] /t
[8/5/2018 10:29:10] /ghost
[8/5/2018 10:29:24] /goto meliodas
[8/5/2018 10:31:20] /ghost
[8/5/2018 10:33:32] /t
[8/5/2018 12:7:34] /t passatempo
[8/5/2018 19:24:20] /b boaaa
[8/5/2018 19:24:49] /b TODOS OS HOKAGES QUE ESTAO BUGADOS ME MANDA PM URGENTE ...
[8/5/2018 19:28:51] /newtype 1260
[8/5/2018 19:29:8] /goto [GM] KillSwitch
[8/5/2018 20:20:38] /newtype 1260
[8/5/2018 20:20:39] /t
[8/5/2018 20:39:17] /ghost
[8/5/2018 20:48:22] /goto Sasuke Uchiha
[8/5/2018 20:51:11] /t
[8/5/2018 21:15:39] /goto Visao
[8/5/2018 21:17:3] /t
[8/5/2018 21:24:20] /goto Na Onda Do Beat
[8/5/2018 21:32:0] /goto Josue Motoboy
[8/5/2018 21:32:3] /goto Josue Motoboy
[8/5/2018 21:32:4] /goto Josue Motoboy
[8/5/2018 21:32:6] /goto Josue Motoboy
[8/5/2018 21:32:8] /goto Josue Motoboy
[8/5/2018 21:32:23] /goto Josue Motoboy
[8/5/2018 21:32:25] /goto Josue Motoboy
[8/5/2018 21:32:32] /goto Josue Motoboy
[8/5/2018 21:32:35] /goto Josue Motoboy
[8/5/2018 21:32:42] /goto Josue Motoboy
[8/5/2018 21:35:43] /t
[8/5/2018 21:37:40] /t
[8/5/2018 22:32:38] /goto Tio Polvo
[8/5/2018 22:51:57] /t makabro
[9/5/2018 0:59:53] /t
[9/5/2018 1:46:36] /newtype 1260
[9/5/2018 2:12:10] /goto [GM] KillSwitch
[9/5/2018 2:12:22] /ghost
[9/5/2018 2:12:36] /a
[9/5/2018 2:12:54] /ghost
[9/5/2018 2:18:16] /t Makabro Two
[9/5/2018 2:32:48] /goto [GM] KillSwitch
[9/5/2018 2:39:11] /t
[9/5/2018 10:38:47] /newtype 1270
[9/5/2018 10:38:50] /newtype 1280
[9/5/2018 10:38:54] /newtype 1289
[9/5/2018 10:38:56] /newtype 1287
[9/5/2018 10:38:59] /newtype 1287
[9/5/2018 10:39:1] /newtype 1286
[9/5/2018 10:39:2] /newtype 1285
[9/5/2018 10:39:4] /newtype 1284
[9/5/2018 10:39:8] /newtype 1283
[9/5/2018 10:39:9] /newtype 1282
[9/5/2018 10:39:11] /newtype 128
[9/5/2018 10:42:31] /t relampago mcqueen
[9/5/2018 11:11:30] /newtype 1290
[9/5/2018 11:11:34] /newtype 1295
[9/5/2018 11:11:36] /newtype 1294
[9/5/2018 11:11:42] /newtype 1293
[9/5/2018 11:11:44] /newtype 1296
[9/5/2018 11:11:46] /newtype 1291
[9/5/2018 11:11:48] /newtype 1292
[9/5/2018 11:11:50] /newtype 1293
[9/5/2018 11:11:56] /newtype 1290
[9/5/2018 11:12:2] /newtype 1280
[9/5/2018 11:19:2] /b use o chat conversar pra qlqr tipo de comentario , no help somente duvidas
[9/5/2018 11:19:25] /b use o chat conversar pra qlqr tipo de comentario , no help somente duvidas . 
[9/5/2018 11:19:26] /b use o chat conversar pra qlqr tipo de comentario , no help somente duvidas . 
[9/5/2018 11:19:30] /b use o chat conversar pra qlqr tipo de comentario , no help somente duvidas . 
[9/5/2018 11:42:59] /newtype 1290
[9/5/2018 11:43:24] /a 3
[9/5/2018 11:43:37] /a 5
[9/5/2018 12:58:25] /newtype 1276
[9/5/2018 12:58:31] /newtype 1212
[9/5/2018 12:58:34] /newtype 1219
[9/5/2018 12:58:47] /ghost
[9/5/2018 12:59:12] /goto Yamato
[9/5/2018 12:59:48] /newtype 1218
[9/5/2018 12:59:50] /newtype 1217
[9/5/2018 12:59:53] /newtype 1214
[9/5/2018 12:59:57] /newtype 1215
[9/5/2018 13:0:0] /newtype 1216
[9/5/2018 13:0:4] /newtype 1210
[9/5/2018 13:3:57] /newtype 1219
[9/5/2018 13:13:20] /t
[9/5/2018 13:29:6] /baninfo
[9/5/2018 13:29:53] /baninfo burroexplosivo
[9/5/2018 13:48:57] /goto farmer shinobi
[9/5/2018 13:48:59] /goto farmer shinobi
[9/5/2018 13:49:1] /t
[9/5/2018 13:51:29] /goto farmer shinobi
[9/5/2018 13:51:49] /t
[9/5/2018 14:14:16] /t passatempo
[9/5/2018 18:22:12] /goto Theblack
[9/5/2018 18:43:48] /newtype 1290
[9/5/2018 18:44:2] /newtype 1274
[9/5/2018 18:44:4] /newtype 1275
[9/5/2018 18:44:5] /newtype 1271
[9/5/2018 18:44:7] /newtype 1270
[9/5/2018 18:44:11] /newtype 1265
[9/5/2018 18:44:15] /newtype 1269
[9/5/2018 18:44:20] /newtype 1259
[9/5/2018 18:44:30] /newtype 1260
[9/5/2018 18:44:34] /ghost
[9/5/2018 18:44:37] /ghost
[9/5/2018 18:48:47] /goto Mellafi
[9/5/2018 18:49:7] /goto theblack
[9/5/2018 18:49:31] /goto Mellafi
[9/5/2018 18:49:36] /goto theblack
[9/5/2018 18:50:29] /goto Mellafi
[9/5/2018 18:52:1] /goto theblack
[9/5/2018 18:56:22] /t
[9/5/2018 18:57:2] /a 2
[9/5/2018 18:57:4] /a 2
[9/5/2018 18:57:5] /a 2
[9/5/2018 18:57:6] /a 2
[9/5/2018 18:57:6] /a 2
[9/5/2018 18:57:7] /a 2
[9/5/2018 18:57:7] /a 2
[9/5/2018 18:57:8] /a 2
[9/5/2018 18:57:9] /a 2
[9/5/2018 18:57:11] /a 2
[9/5/2018 18:57:12] /a 2
[9/5/2018 18:57:13] /a 2
[9/5/2018 18:57:14] /a 2
[9/5/2018 18:57:15] /a 2
[9/5/2018 18:57:16] /a 2
[9/5/2018 18:57:18] /a 2
[9/5/2018 18:57:20] /a 2
[9/5/2018 18:57:21] /a 2
[9/5/2018 18:57:23] /a 2
[9/5/2018 18:57:25] /a 10
[9/5/2018 18:57:27] /a 10
[9/5/2018 18:57:29] /a 10
[9/5/2018 18:59:24] /ghost
[9/5/2018 19:1:36] /t relampago mcqueen
[9/5/2018 19:43:59] /t
[9/5/2018 19:56:54] /goto Puts Hi
[9/5/2018 19:57:14] /goto Insetosmsm
[9/5/2018 20:19:7] /t relampago mcqueen
[9/5/2018 20:21:9] /t
[9/5/2018 20:27:59] /goto Polemico
[9/5/2018 20:28:1] /goto Polemico
[9/5/2018 20:28:3] /t
[9/5/2018 20:31:43] /goto [GM] KillSwitch
[9/5/2018 22:41:40] /t
[9/5/2018 23:5:1] /newtype 1200
[9/5/2018 23:5:10] /newtype 1201
[9/5/2018 23:5:16] /newtype 1202
[9/5/2018 23:5:27] /newtype 1204
[9/5/2018 23:5:29] /newtype 1205
[9/5/2018 23:5:31] /newtype 1206
[9/5/2018 23:5:33] /newtype 1207
[9/5/2018 23:5:34] /newtype 1207
[9/5/2018 23:5:35] /newtype 1208
[9/5/2018 23:5:37] /newtype 1209
[9/5/2018 23:5:41] /newtype 1210
[9/5/2018 23:5:43] /newtype 1212
[9/5/2018 23:5:44] /newtype 1211
[9/5/2018 23:5:46] /newtype 1215
[9/5/2018 23:5:47] /newtype 1217
[9/5/2018 23:5:49] /newtype 1218
[9/5/2018 23:5:51] /newtype 1219
[9/5/2018 23:43:6] /ghost
[9/5/2018 23:43:15] /goto Meliodas
[9/5/2018 23:43:33] /goto Meliodas
[9/5/2018 23:45:13] /goto Meliodas
[9/5/2018 23:45:15] /goto Meliodas
[9/5/2018 23:45:22] /goto Meliodas
[9/5/2018 23:45:24] /goto Meliodas
[9/5/2018 23:45:26] /goto Meliodas
[9/5/2018 23:45:28] /goto Meliodas
[9/5/2018 23:45:31] /goto Meliodas
[9/5/2018 23:45:32] /goto Meliodas
[9/5/2018 23:45:38] /goto Meliodas
[9/5/2018 23:46:23] /ghost
[9/5/2018 23:46:25] /goto Meliodas
[9/5/2018 23:46:27] /goto Meliodas
[9/5/2018 23:46:30] /goto Meliodas
[9/5/2018 23:47:21] /t
[9/5/2018 23:47:47] /newtype 1290
[9/5/2018 23:47:52] /newtype 1209
[9/5/2018 23:47:54] /newtype 1212
[9/5/2018 23:47:56] /newtype 1213
[9/5/2018 23:47:58] /newtype 1219
[9/5/2018 23:48:59] /goto Kekeyi Genkaii
[9/5/2018 23:50:45] /t relampago mcqueen
[10/5/2018 0:2:3] /goto pecador
[10/5/2018 0:2:48] /t
[10/5/2018 0:6:43] /goto Scantrexx
[10/5/2018 0:6:55] /ghost
[10/5/2018 0:13:15] /t
[10/5/2018 1:13:44] /goto meliodas
[10/5/2018 1:14:30] /r
[10/5/2018 1:30:54] /newtype 1260
[10/5/2018 1:40:33] /goto [GM] KillSwitch
[10/5/2018 1:43:28] /goto [GM] KillSwitch
[10/5/2018 1:52:20] /ghost
[10/5/2018 12:12:3] /goto helpz
[10/5/2018 12:12:27] /goto biruleibe
[10/5/2018 12:12:42] /t
[10/5/2018 12:13:3] /newtype 1219
[10/5/2018 12:13:16] /ghost
[10/5/2018 12:52:20] /goto Disgreta Alada
[10/5/2018 12:53:3] /t
[10/5/2018 14:2:13] /goto The End
[10/5/2018 14:2:52] /t
[10/5/2018 14:5:48] /goto 
[10/5/2018 14:5:50] /goto The End
[10/5/2018 14:9:6] /up
[10/5/2018 14:9:14] /up 2
[10/5/2018 14:10:48] /t
[10/5/2018 17:9:29] /ghost
[10/5/2018 17:9:37] /goto meliodas
[10/5/2018 17:10:12] /goto meliodas
[10/5/2018 17:10:16] /goto meliodas
[10/5/2018 17:10:18] /goto meliodas
[10/5/2018 17:10:20] /goto meliodas
[10/5/2018 17:10:22] /goto meliodas
[10/5/2018 17:10:24] /goto meliodas
[10/5/2018 17:10:26] /goto meliodas
[10/5/2018 17:10:28] /goto meliodas
[10/5/2018 17:10:30] /goto meliodas
[10/5/2018 17:10:31] /goto meliodas
[10/5/2018 17:10:33] /goto meliodas
[10/5/2018 17:10:35] /goto meliodas
[10/5/2018 17:10:36] /goto meliodas
[10/5/2018 17:10:38] /goto meliodas
[10/5/2018 17:10:40] /goto meliodas
[10/5/2018 17:10:44] /goto meliodas
[10/5/2018 17:10:51] /goto meliodas
[10/5/2018 17:11:29] /goto meliodas
[10/5/2018 17:12:29] /goto meliodas
[10/5/2018 17:12:32] /goto meliodas
[10/5/2018 17:12:35] /goto meliodas
[10/5/2018 17:12:52] /goto meliodas
[10/5/2018 17:13:11] /goto [GM] KillSwitch
[10/5/2018 17:14:25] /ghost
[10/5/2018 17:15:28] /ghost
[10/5/2018 17:15:35] /goto josue motoboy
[10/5/2018 17:15:45] /goto josue motoboy
[10/5/2018 17:15:57] /goto josue motoboy
[10/5/2018 17:16:6] /goto josue motoboy
[10/5/2018 17:16:26] /goto josue motoboy
[10/5/2018 17:17:16] /goto meliodas
[10/5/2018 17:17:41] /goto meliodas
[10/5/2018 17:18:32] /goto meliodas
[10/5/2018 17:18:34] /goto meliodas
[10/5/2018 17:18:35] /goto meliodas
[10/5/2018 17:18:37] /goto meliodas
[10/5/2018 17:18:40] /goto meliodas
[10/5/2018 17:18:45] /goto meliodas
[10/5/2018 17:18:47] /goto meliodas
[10/5/2018 17:24:53] /goto [GM] KillSwitch
[10/5/2018 17:25:5] /ghost
[10/5/2018 17:36:4] /goto Titan
[10/5/2018 17:36:53] /goto 17:31 Precious [463]: os monstros da saga set 3 sumiram to preso
[10/5/2018 17:37:1] /goto Precious
[10/5/2018 17:37:46] /goto [GM] KillSwitch
[10/5/2018 17:38:10] /goto Sasuke
[10/5/2018 17:38:26] /goto Utsuga
[10/5/2018 18:14:43] /t relampago mcqueen
[10/5/2018 18:51:9] /goto [GM] KillSwitch
[10/5/2018 19:0:30] /goto [GM] KillSwitch
[10/5/2018 19:2:45] /t
[10/5/2018 19:9:23] /goto [GM] KillSwitch
[10/5/2018 19:9:40] /goto relampago mcqueen
[10/5/2018 19:9:47] /t relampago mcqueen
[10/5/2018 19:11:13] /a 3
[10/5/2018 19:14:28] /newtype 1299
[10/5/2018 19:15:35] /t
[10/5/2018 19:15:58] /newtype 1298
[10/5/2018 19:16:3] /newtype 1297
[10/5/2018 19:16:18] /newtype 1296
[10/5/2018 19:16:20] /newtype 1295
[10/5/2018 19:16:22] /newtype 1294
[10/5/2018 19:16:24] /newtype 1293
[10/5/2018 19:16:25] /newtype 1293
[10/5/2018 19:16:26] /newtype 1292
[10/5/2018 19:16:28] /newtype 1291
[10/5/2018 19:16:34] /newtype 129
[10/5/2018 19:16:44] /newtype 1210
[10/5/2018 19:16:47] /newtype 1219
[10/5/2018 20:5:15] /t relampago mcqueen
[10/5/2018 22:20:22] /t relampago mcqueen
[11/5/2018 0:16:27] /goto The End
[11/5/2018 0:16:32] /t the end
[11/5/2018 0:16:34] /t
[11/5/2018 0:49:32] /t passatempo
[11/5/2018 0:49:40] /t relampago mcqueen
[11/5/2018 2:30:12] /t relampago mcqueen
[11/5/2018 11:38:43] /newtype 1219
[11/5/2018 11:39:27] /a 3
[11/5/2018 11:39:34] /a 3
[11/5/2018 11:43:11] /t relampago mcqueen
[11/5/2018 12:0:31] /r
[11/5/2018 12:9:23] /t relampago mcqueen
[11/5/2018 12:9:27] /t passatempo
[11/5/2018 13:51:30] /t relampago mcqueen
[11/5/2018 14:31:19] /goto Puts Hi
[11/5/2018 14:31:23] /t Puts Hi
[11/5/2018 14:31:36] /up
[11/5/2018 14:33:39] /goto passatempo
[11/5/2018 14:34:2] /mc
[11/5/2018 18:38:49] /goto Merlin
[11/5/2018 18:43:43] /t
[11/5/2018 18:44:1] /t merlin
[11/5/2018 22:33:3] /goto Kazekage
[11/5/2018 22:42:7] /newtype 1260
[11/5/2018 22:45:40] /ghost
[11/5/2018 22:46:14] /goto relampago mcqueen
[11/5/2018 22:46:18] /t
[12/5/2018 1:43:44] /goto Thunderbolt
[12/5/2018 1:51:47] /t
[12/5/2018 17:24:41] /b calma vai devagar nas pm q vou responder
[12/5/2018 17:25:11] /goto Theblack
[12/5/2018 17:25:24] /t
[12/5/2018 17:26:29] /b nao qro comentarios no help , vou avisar so uma vez oks .
[12/5/2018 17:29:47] /goto Dolfin Big
[12/5/2018 17:30:14] /t Dolfin Big
[12/5/2018 17:30:16] /t
[12/5/2018 17:30:50] /t relampago mcqueen
[12/5/2018 17:59:51] /t relampago mcqueen
[12/5/2018 18:39:52] /goto Merlin
[12/5/2018 18:41:6] /newtype 1260
[12/5/2018 18:42:31] /goto Bird Explosion
[12/5/2018 18:43:9] /ghost
[12/5/2018 18:43:27] /goto merlin
[12/5/2018 18:43:54] /goto Kuraku
[12/5/2018 18:44:36] /goto Utsuga
[12/5/2018 18:44:53] /goto merlin
[12/5/2018 18:47:1] /goto Pecado Da Gananciaban
[12/5/2018 18:47:11] /a 3
[12/5/2018 18:47:16] /goto merlin
[12/5/2018 19:4:56] /t
[12/5/2018 19:6:19] /goto [tutor] merlin
[12/5/2018 19:6:21] /t
[12/5/2018 21:26:44] /goto Shisui Down
[12/5/2018 21:27:59] /t
[12/5/2018 21:28:2] /down
[12/5/2018 21:28:9] /newtype 1219
[12/5/2018 21:51:4] /ghost
[12/5/2018 21:51:23] /goto ecstasy
[12/5/2018 21:51:26] /t
[12/5/2018 21:51:31] /down
[12/5/2018 22:7:55] /goto [GM] KillSwitch
[12/5/2018 22:12:31] /ghost
[12/5/2018 22:15:5] /goto [Tutor] Merlin
[12/5/2018 22:15:8] /goto [Tutor] Merlin
[12/5/2018 22:15:10] /goto [Tutor] Merlin
[12/5/2018 22:15:12] /goto [Tutor] Merlin
[12/5/2018 22:15:22] /goto [Tutor] Merlin
[12/5/2018 22:16:26] /t
[12/5/2018 22:16:29] /down
[12/5/2018 23:44:46] /goto Josue Motoboy
[12/5/2018 23:44:56] /ghost
[12/5/2018 23:45:30] /goto Josue Motoboy
[12/5/2018 23:45:33] /goto Josue Motoboy
[12/5/2018 23:45:37] /goto Josue Motoboy
[12/5/2018 23:45:43] /goto Josue Motoboy
[12/5/2018 23:45:52] /goto Josue Motoboy
[12/5/2018 23:45:56] /goto Josue Motoboy
[12/5/2018 23:46:0] /goto Josue Motoboy
[12/5/2018 23:46:3] /goto Josue Motoboy
[12/5/2018 23:46:13] /goto Josue Motoboy
[12/5/2018 23:47:1] /goto Josue Motoboy
[12/5/2018 23:47:4] /goto Josue Motoboy
[12/5/2018 23:47:10] /goto Josue Motoboy
[12/5/2018 23:47:12] /goto Josue Motoboy
[12/5/2018 23:47:13] /goto Josue Motoboy
[12/5/2018 23:47:15] /goto Josue Motoboy
[12/5/2018 23:47:25] /goto Josue Motoboy
[12/5/2018 23:47:27] /goto Josue Motoboy
[12/5/2018 23:47:35] /goto Josue Motoboy
[12/5/2018 23:47:39] /goto Josue Motoboy
[12/5/2018 23:47:43] /goto Josue Motoboy
[12/5/2018 23:47:47] /goto Josue Motoboy
[12/5/2018 23:47:50] /goto Josue Motoboy
[12/5/2018 23:47:53] /goto Josue Motoboy
[12/5/2018 23:47:55] /goto Josue Motoboy
[12/5/2018 23:47:58] /goto Josue Motoboy
[12/5/2018 23:48:7] /goto Josue Motoboy
[12/5/2018 23:48:12] /goto Josue Motoboy
[12/5/2018 23:48:15] /goto Josue Motoboy
[12/5/2018 23:48:18] /goto Josue Motoboy
[12/5/2018 23:48:23] /goto Josue Motoboy
[12/5/2018 23:48:28] /goto Josue Motoboy
[12/5/2018 23:48:29] /goto Josue Motoboy
[12/5/2018 23:48:31] /goto Josue Motoboy
[12/5/2018 23:48:34] /goto Josue Motoboy
[12/5/2018 23:48:36] /goto Josue Motoboy
[12/5/2018 23:48:38] /goto Josue Motoboy
[12/5/2018 23:48:39] /goto Josue Motoboy
[12/5/2018 23:48:41] /goto Josue Motoboy
[12/5/2018 23:49:0] /goto Josue Motoboy
[12/5/2018 23:49:10] /goto Josue Motoboy
[12/5/2018 23:49:11] /goto Josue Motoboy
[12/5/2018 23:49:15] /goto Josue Motoboy
[12/5/2018 23:49:18] /goto Josue Motoboy
[12/5/2018 23:49:22] /goto Josue Motoboy
[12/5/2018 23:49:25] /goto Josue Motoboy
[12/5/2018 23:49:28] /goto Josue Motoboy
[12/5/2018 23:49:33] /goto karaku
[12/5/2018 23:49:36] /goto Josue Motoboy
[12/5/2018 23:49:37] /goto Josue Motoboy
[12/5/2018 23:49:41] /goto Josue Motoboy
[12/5/2018 23:49:49] /goto Josue Motoboy
[12/5/2018 23:49:51] /goto Josue Motoboy
[12/5/2018 23:49:53] /goto Josue Motoboy
[12/5/2018 23:49:55] /goto Josue Motoboy
[12/5/2018 23:50:0] /goto kuraku
[12/5/2018 23:50:6] /goto Josue Motoboy
[12/5/2018 23:50:19] /goto Josue Motoboy
[12/5/2018 23:50:20] /goto Josue Motoboy
[12/5/2018 23:50:24] /goto Josue Motoboy
[12/5/2018 23:50:26] /goto Josue Motoboy
[12/5/2018 23:50:29] /goto Josue Motoboy
[12/5/2018 23:50:32] /goto Josue Motoboy
[12/5/2018 23:50:34] /goto Josue Motoboy
[12/5/2018 23:50:37] /goto Josue Motoboy
[12/5/2018 23:50:52] /goto Josue Motoboy
[12/5/2018 23:51:3] /goto Josue Motoboy
[12/5/2018 23:51:23] /goto Josue Motoboy
[12/5/2018 23:51:25] /goto Josue Motoboy
[12/5/2018 23:51:37] /goto Josue Motoboy
[12/5/2018 23:51:38] /goto Josue Motoboy
[12/5/2018 23:51:48] /goto Josue Motoboy
[12/5/2018 23:51:51] /goto Josue Motoboy
[12/5/2018 23:51:53] /goto Josue Motoboy
[12/5/2018 23:51:56] /goto Josue Motoboy
[12/5/2018 23:52:6] /goto Josue Motoboy
[12/5/2018 23:52:10] /goto Josue Motoboy
[12/5/2018 23:52:12] /goto Josue Motoboy
[12/5/2018 23:52:14] /goto Josue Motoboy
[12/5/2018 23:52:17] /goto Josue Motoboy
[12/5/2018 23:52:20] /goto Josue Motoboy
[12/5/2018 23:52:22] /goto Josue Motoboy
[12/5/2018 23:52:30] /goto Josue Motoboy
[12/5/2018 23:52:32] /goto Josue Motoboy
[12/5/2018 23:52:35] /goto Josue Motoboy
[12/5/2018 23:52:37] /goto Josue Motoboy
[12/5/2018 23:52:41] /goto Josue Motoboy
[12/5/2018 23:52:44] /goto Josue Motoboy
[12/5/2018 23:52:50] /goto Josue Motoboy
[12/5/2018 23:52:55] /goto Josue Motoboy
[12/5/2018 23:52:57] /goto Josue Motoboy
[12/5/2018 23:53:2] /goto Josue Motoboy
[12/5/2018 23:53:7] /goto Josue Motoboy
[12/5/2018 23:53:11] /goto Josue Motoboy
[12/5/2018 23:53:14] /goto Josue Motoboy
[12/5/2018 23:53:17] /goto Josue Motoboy
[12/5/2018 23:53:25] /goto Josue Motoboy
[12/5/2018 23:53:28] /goto Josue Motoboy
[12/5/2018 23:53:32] /goto Josue Motoboy
[12/5/2018 23:53:38] /goto Josue Motoboy
[12/5/2018 23:53:40] /goto Josue Motoboy
[12/5/2018 23:53:42] /goto Josue Motoboy
[12/5/2018 23:53:44] /goto Josue Motoboy
[12/5/2018 23:53:46] /goto Josue Motoboy
[12/5/2018 23:53:48] /goto Josue Motoboy
[12/5/2018 23:53:53] /goto Josue Motoboy
[12/5/2018 23:53:55] /goto Josue Motoboy
[12/5/2018 23:54:17] /goto Josue Motoboy
[12/5/2018 23:54:57] /goto Josue Motoboy
[12/5/2018 23:54:58] /goto Josue Motoboy
[12/5/2018 23:55:0] /goto Josue Motoboy
[12/5/2018 23:55:2] /goto Josue Motoboy
[13/5/2018 1:9:31] /goto [GM] KillSwitch
[13/5/2018 1:10:16] /t
[13/5/2018 1:12:54] /down
[13/5/2018 1:13:48] /newtype 1290
[13/5/2018 1:40:35] /newtype 1290
[13/5/2018 1:40:41] /newtype 1293
[13/5/2018 1:40:43] /newtype 1292
[13/5/2018 1:40:45] /newtype 1291
[13/5/2018 1:40:47] /newtype 1296
[13/5/2018 1:40:49] /newtype 1297
[13/5/2018 1:40:51] /newtype 1298
[13/5/2018 1:41:37] /newtype 112
[13/5/2018 1:41:41] /newtype 114
[13/5/2018 1:41:43] /newtype 115
[13/5/2018 1:41:46] /newtype 116
[13/5/2018 1:41:48] /newtype 117
[13/5/2018 1:41:50] /newtype 118
[13/5/2018 1:41:51] /newtype 119
[13/5/2018 1:41:53] /newtype 110
[13/5/2018 1:41:58] /newtype 123
[13/5/2018 1:42:0] /newtype 121
[13/5/2018 1:42:1] /newtype 122
[13/5/2018 1:42:4] /newtype 126
[13/5/2018 1:42:5] /newtype 125
[13/5/2018 1:42:6] /newtype 124
[13/5/2018 1:42:8] /newtype 127
[13/5/2018 1:42:10] /newtype 128
[13/5/2018 1:42:12] /newtype 129
[13/5/2018 1:42:14] /newtype 120
[13/5/2018 1:42:18] /newtype 1314
[13/5/2018 1:42:20] /newtype 1312
[13/5/2018 1:44:31] /goto [Tutor] Merlin
[13/5/2018 1:44:45] /goto Pecado Da Gananciaban
[13/5/2018 1:44:48] /t
[13/5/2018 1:45:0] /newtype 1322
[13/5/2018 1:45:3] /newtype 1321
[13/5/2018 1:45:7] /newtype 1231
[13/5/2018 1:45:12] /newtype 1132
[13/5/2018 1:45:15] /newtype 1133
[13/5/2018 1:45:19] /newtype 1131
[13/5/2018 1:45:28] /newtype 1130
[13/5/2018 1:45:31] /newtype 1134
[13/5/2018 1:45:33] /newtype 1135
[13/5/2018 1:45:35] /newtype 1136
[13/5/2018 1:45:37] /newtype 1137
[13/5/2018 1:45:38] /newtype 1138
[13/5/2018 1:45:40] /newtype 1139
[13/5/2018 1:45:45] /newtype 1322
[13/5/2018 1:45:47] /newtype 1323
[13/5/2018 1:45:52] /newtype 1112
[13/5/2018 1:45:54] /newtype 1113
[13/5/2018 1:45:56] /newtype 1114
[13/5/2018 1:45:59] /newtype 1312
[13/5/2018 16:40:57] /goto Kuraku
[13/5/2018 16:41:21] /ghost
[13/5/2018 16:44:29] /t
[13/5/2018 16:44:33] /down
[13/5/2018 16:44:43] /newtype 1312
[13/5/2018 16:51:10] /t
[13/5/2018 16:51:13] /down
[13/5/2018 17:3:44] /goto Pecador
[13/5/2018 17:4:23] /goto Pecador
[13/5/2018 17:4:30] /goto Pecador
[13/5/2018 17:4:34] /goto Pecador
[13/5/2018 17:4:39] /goto Pecador
[13/5/2018 17:4:41] /goto Pecador
[13/5/2018 17:5:37] /t pecador
[13/5/2018 17:5:39] /t
[13/5/2018 17:5:41] /down
[13/5/2018 17:19:22] /goto Ipotenusa
[13/5/2018 17:19:57] /t
[13/5/2018 17:19:58] /down
[13/5/2018 18:29:19] /goto [GM] KillSwitch
[13/5/2018 18:33:7] /t
[13/5/2018 18:33:14] /down
[13/5/2018 19:47:49] /ghost
[14/5/2018 0:16:47] /goto [GM] KillSwitch
[14/5/2018 0:31:6] /goto [GM] KillSwitch
[14/5/2018 0:31:31] /newtype 1312
[14/5/2018 0:31:56] /goto [GM] KillSwitch
[14/5/2018 0:43:27] /goto josue motoboy
[14/5/2018 0:49:56] /goto Die Alone
[14/5/2018 0:51:55] /t
[14/5/2018 0:51:57] /down
[14/5/2018 10:35:8] /newtype 1314
[14/5/2018 10:35:11] /newtype 1315
[14/5/2018 10:35:12] /newtype 1316
[14/5/2018 10:35:14] /newtype 1317
[14/5/2018 10:35:16] /newtype 1318
[14/5/2018 10:35:17] /newtype 1319
[14/5/2018 10:35:19] /newtype 1310
[14/5/2018 10:35:24] /newtype 1311
[14/5/2018 10:35:27] /newtype 1312
[14/5/2018 10:35:32] /newtype 1320
[14/5/2018 10:35:34] /newtype 1321
[14/5/2018 10:35:36] /newtype 1322
[14/5/2018 10:35:40] /newtype 1324
[14/5/2018 10:35:42] /newtype 1326
[14/5/2018 10:35:43] /newtype 1327
[14/5/2018 10:35:46] /newtype 1329
[14/5/2018 10:35:51] /newtype 1341
[14/5/2018 10:37:1] /newtype 1315
[14/5/2018 10:37:3] /newtype 1317
[14/5/2018 11:2:14] /goto makabrox
[14/5/2018 15:31:27] /goto leave
[14/5/2018 15:34:7] /t
[14/5/2018 15:34:10] /down
[14/5/2018 15:38:45] /t leave
[14/5/2018 15:47:13] /goto Dazai
[14/5/2018 15:47:59] /t
[14/5/2018 15:48:3] /down
[14/5/2018 17:26:47] /mc
[14/5/2018 17:32:18] /goto Xupaxoxota
[14/5/2018 17:32:30] /t
[14/5/2018 17:32:32] /down
[14/5/2018 19:17:33] /goto Leave
[14/5/2018 19:25:32] /t
[14/5/2018 19:25:33] /down
[14/5/2018 19:30:2] /goto Tio Orochi
[14/5/2018 19:30:4] /goto Tio Orochi
[14/5/2018 19:30:5] /goto Tio Orochi
[14/5/2018 19:43:53] /t
[14/5/2018 19:43:59] /down
[14/5/2018 20:15:59] /goto Dolfin Big
[14/5/2018 20:16:11] /a 5
[14/5/2018 21:53:8] /goto Leave
[14/5/2018 21:53:14] /r
[14/5/2018 21:54:18] /mc
[14/5/2018 21:59:29] /t
[14/5/2018 21:59:32] /down
[14/5/2018 22:2:31] /goto Spawn
[14/5/2018 22:2:34] /goto Spawn
[14/5/2018 22:2:38] /goto Spawn
[14/5/2018 22:3:18] /t
[14/5/2018 22:3:23] /down
[14/5/2018 23:38:8] /newtype 1317
[14/5/2018 23:50:27] /goto yamata
[14/5/2018 23:50:30] /t
[14/5/2018 23:52:16] /down
[14/5/2018 23:52:26] /goto yamata
[15/5/2018 0:5:11] /goto yamata
[15/5/2018 0:5:16] /goto yamata
[15/5/2018 0:5:35] /goto yamata
[15/5/2018 0:13:12] /t
[15/5/2018 0:13:15] /down
[15/5/2018 0:17:12] /goto yamata
[15/5/2018 0:25:26] /t
[15/5/2018 0:25:33] /down
[15/5/2018 0:27:24] /goto yamata
[15/5/2018 0:27:26] /t
[15/5/2018 0:27:31] /down
[15/5/2018 0:27:40] /goto Madara Ultymate
[15/5/2018 0:28:27] /goto yamata
[15/5/2018 0:28:29] /t
[15/5/2018 0:28:32] /down
[15/5/2018 0:28:37] /goto [GM] KillSwitch
[15/5/2018 0:28:43] /goto [GM] KillSwitch
[15/5/2018 0:29:2] /goto yamata
[15/5/2018 0:29:5] /goto [GM] KillSwitch
[15/5/2018 0:29:57] /goto yamata
[15/5/2018 0:30:1] /goto [GM] KillSwitch
[15/5/2018 0:30:22] /goto yamata
[15/5/2018 0:33:28] /goto Asuka Langley
[15/5/2018 0:33:31] /ghost
[15/5/2018 0:33:33] /goto Asuka Langley
[15/5/2018 0:33:45] /goto Libra Is Dead
[15/5/2018 0:33:47] /goto Libra Is Dead
[15/5/2018 0:34:4] /goto [GM] KillSwitch
[15/5/2018 0:43:10] /t
[15/5/2018 0:43:12] /down
[15/5/2018 0:45:38] /goto Noir
[15/5/2018 0:48:12] /t
[15/5/2018 0:48:18] /down
[15/5/2018 0:49:31] /goto [GM] KillSwitch
[15/5/2018 0:49:37] /t
[15/5/2018 0:49:41] /down
[15/5/2018 1:5:31] /goto big big lixo
[15/5/2018 1:6:5] /mc
