[19/6/2018 19:24:28] /ghost
[19/6/2018 19:24:31] /ghost
[19/6/2018 19:24:35] /t
[19/6/2018 19:24:36] /down
[19/6/2018 19:25:32] /goto Henrique Meirelles
[19/6/2018 19:25:57] /t
[19/6/2018 19:26:3] /down
[19/6/2018 19:26:46] /goto Escanor Sun
[19/6/2018 19:26:48] /ghost
[19/6/2018 19:26:53] /newtype 500
[19/6/2018 19:26:58] /a 4
[19/6/2018 19:27:1] /goto Escanor Sun
[19/6/2018 19:28:11] /mc merlin
[19/6/2018 19:29:13] /ghost
[19/6/2018 19:29:15] /t
[19/6/2018 19:29:20] /down
[19/6/2018 19:29:23] /ghost
[19/6/2018 19:30:50] /goto
[19/6/2018 19:30:54] /goto Edushuado
[19/6/2018 19:31:11] /mc Edushuado
[19/6/2018 23:11:40] /up
[19/6/2018 23:11:42] /up
[19/6/2018 23:11:47] /down
[19/6/2018 23:11:48] /down
[20/6/2018 19:9:52] /down
[20/6/2018 19:10:2] /up
[20/6/2018 19:10:18] /b Voce entrou para o time Anbu!, Bora timee !! AHSUDIADHAS
[20/6/2018 19:10:28] /ghost
[20/6/2018 19:10:29] /ghost
[20/6/2018 19:10:54] /t Billabong
[20/6/2018 19:10:56] /a 4
[20/6/2018 19:11:22] /b Mais ninguem bugado !!?
[20/6/2018 19:11:23] /t
[20/6/2018 19:11:25] /goto leave
[20/6/2018 19:11:29] /up
[20/6/2018 19:11:31] /a 4
[20/6/2018 19:11:31] /a 4
[20/6/2018 19:11:34] /ghost
[20/6/2018 19:11:36] /a 4
[20/6/2018 19:11:39] /a 4
[20/6/2018 19:11:39] /a 4
[20/6/2018 19:11:40] /a 4
[20/6/2018 19:11:40] /a 4
[20/6/2018 19:14:23] /t
[20/6/2018 19:14:24] /down
[20/6/2018 19:14:30] /t
[20/6/2018 19:14:33] /down
[20/6/2018 19:14:38] /ghost
[20/6/2018 19:15:0] /t
[20/6/2018 19:15:1] /down
[20/6/2018 19:15:6] /t
[20/6/2018 19:15:7] /down
[20/6/2018 19:15:9] /t
[20/6/2018 19:15:11] /a 2
[20/6/2018 19:15:12] /down
[20/6/2018 19:15:58] /newtype 500
[21/6/2018 20:11:5] /down
[21/6/2018 20:19:39] /up
[21/6/2018 20:19:39] /up
[21/6/2018 20:19:42] /ghost
[21/6/2018 23:29:28] /ghost
[21/6/2018 23:29:32] /ghost
[21/6/2018 23:29:40] /goto leave
[21/6/2018 23:32:15] /goto leave
[21/6/2018 23:34:44] /t Ino Nacional
[21/6/2018 23:34:49] /t Madara Gamer
[21/6/2018 23:34:54] /t Leave
[21/6/2018 23:34:58] /t Mangekyoufoda
[21/6/2018 23:35:10] /t Billabong
[21/6/2018 23:35:48] /down
[21/6/2018 23:36:9] /t 
[21/6/2018 23:37:20] /mc leave
[21/6/2018 23:37:39] /mc Ino Nacional
[24/6/2018 13:51:42] /ghost
[24/6/2018 13:51:47] /ghost
[25/6/2018 16:55:36] /ghost
[25/6/2018 16:55:38] /ghost
[25/6/2018 16:55:39] /ghost
[25/6/2018 16:56:0] /newtype 75
[25/6/2018 16:56:46] /down
[25/6/2018 16:57:1] /up
[25/6/2018 16:57:4] /down
[25/6/2018 16:57:14] /up
[25/6/2018 16:57:28] /down
[25/6/2018 16:58:3] /a 3
[25/6/2018 16:58:7] /a 3
[25/6/2018 16:58:15] /a 3
[25/6/2018 17:0:12] /goto Wind Killer
[25/6/2018 17:0:42] /down
[25/6/2018 17:1:18] /goto Merlin
[25/6/2018 17:1:41] /goto obito sexy
[25/6/2018 17:1:55] /a 40
[25/6/2018 17:1:57] /a 40
[25/6/2018 17:1:57] /a 40
[25/6/2018 17:1:59] /a 40
[25/6/2018 17:2:7] /a 10
[25/6/2018 17:2:8] /a 10
[25/6/2018 17:2:10] /up
[25/6/2018 17:2:13] /a 3
[25/6/2018 17:2:22] /a 3
[25/6/2018 17:2:29] /a 3
[25/6/2018 17:2:50] /a 3
[25/6/2018 17:2:51] /a 3
[25/6/2018 17:3:38] /t 
[25/6/2018 17:6:15] /kick Leave
[25/6/2018 17:7:0] /cliport
[25/6/2018 17:7:30] /newtype 21
[25/6/2018 17:7:45] /newtype 22
[25/6/2018 17:7:47] /newtype 23
[25/6/2018 17:7:50] /newtype 24
[25/6/2018 17:7:55] /newtype 26
[25/6/2018 17:8:19] /goto fang
[25/6/2018 17:8:33] /newtype 90
[25/6/2018 17:8:36] /newtype 96
[25/6/2018 17:8:39] /newtype 45
[25/6/2018 17:8:54] /newtype 100
[25/6/2018 17:9:0] /newtype 74
[25/6/2018 17:9:14] /newtype 73
[25/6/2018 17:9:16] /newtype 72
[25/6/2018 17:9:19] /newtype 71
[25/6/2018 17:9:22] /newtype 75
[25/6/2018 17:9:39] /cliport
[25/6/2018 17:9:54] /ghost
[26/6/2018 20:55:23] /newtype 75
[26/6/2018 20:56:38] /ghost
[26/6/2018 20:57:51] /r 
[26/6/2018 20:58:3] /goto leave
[26/6/2018 20:58:23] /t 
[27/6/2018 17:50:44] /ghost
[27/6/2018 17:50:46] /ghost
[27/6/2018 17:50:50] /cliport
[27/6/2018 17:50:54] /cliport
[27/6/2018 17:51:38] /newtype 75
[27/6/2018 17:51:55] /goto ryagamatta
[27/6/2018 17:52:1] /goto son goku
[27/6/2018 17:52:31] /a 40
[27/6/2018 17:52:33] /a 40
[27/6/2018 17:52:35] /a 40
[27/6/2018 17:52:37] /a 30
[27/6/2018 17:52:45] /a 10
[27/6/2018 17:52:56] /a  10
[27/6/2018 17:53:22] /a 10
[27/6/2018 17:53:23] /a 10
[27/6/2018 17:53:24] /a 10
[27/6/2018 17:53:24] /a 10
[27/6/2018 17:54:1] /goto merlin
[27/6/2018 17:54:43] /down
[27/6/2018 17:54:44] /down
[27/6/2018 17:54:52] /a 100
[27/6/2018 17:54:53] /a 100
[27/6/2018 17:54:54] /a 100
[27/6/2018 17:54:57] /a 100
[27/6/2018 17:55:3] /a 59
[27/6/2018 17:55:4] /a 54
[27/6/2018 17:55:6] /a 70
[27/6/2018 17:55:20] /t 
[27/6/2018 17:55:54] /mc 
[27/6/2018 17:59:32] /goto Maconheiro
[27/6/2018 18:0:48] /down
[27/6/2018 18:0:49] /down
[27/6/2018 18:0:49] /down
[27/6/2018 18:0:50] /down
[27/6/2018 18:0:52] /down
[27/6/2018 18:0:56] /a 4
[27/6/2018 18:1:30] /t 
[27/6/2018 18:1:52] /goto leave
[27/6/2018 18:2:5] /t
[27/6/2018 18:2:29] /a 10
[27/6/2018 18:2:32] /a 10
[27/6/2018 18:2:34] /a 4
[27/6/2018 18:2:37] /up
[27/6/2018 18:2:51] /a 4
[27/6/2018 18:2:59] /r 
[27/6/2018 18:3:0] /r 
[27/6/2018 18:3:4] /down
[27/6/2018 18:5:6] /a 10
[27/6/2018 18:5:55] /goto Yondaime Hokage
[27/6/2018 18:7:12] /ghost
[27/6/2018 18:7:27] /mc
[2/7/2018 4:51:21] /ghost
[2/7/2018 4:51:22] /ghost
[2/7/2018 4:52:7] /a 2
[2/7/2018 4:52:25] /a 4
[2/7/2018 4:52:44] /t Trainer
[2/7/2018 4:52:52] /down
[2/7/2018 4:53:22] /up
[2/7/2018 4:53:36] /down
[2/7/2018 4:53:40] /a 40
[2/7/2018 4:53:44] /a 10
[2/7/2018 4:56:8] /goto Leave
[2/7/2018 4:56:17] /goto Maconheiro
[2/7/2018 4:56:20] /t 
[2/7/2018 4:56:23] /mc Maconheiro
[2/7/2018 4:56:32] /mc leave
[2/7/2018 4:56:42] /mc estarossa
[2/7/2018 4:56:58] /mc estarosa
[19/8/2018 5:4:41] /goto [ADM] Eros
[19/8/2018 5:10:15] /goto Tutor Rocky
[19/8/2018 5:10:53] /a 2
[19/8/2018 5:10:58] /a 2
[19/8/2018 5:11:0] /a 5
[19/8/2018 5:11:11] /a 5
[19/8/2018 5:12:22] /t
[19/8/2018 5:14:24] /ghost
