[22/1/2018 1:34:9] /bc green Olá galera, Eu Staff Apollo farei um evento como bonificação de Domingo e também pela quantidade de players online !
[22/1/2018 1:34:19] /b Olá galera, Eu Staff Apollo farei um evento como bonificação de Domingo e também pela quantidade de players online !
[22/1/2018 1:34:27] /mode npvp
[22/1/2018 1:36:41] /bc green Estou na cidade de Konoha no DEPOT aguardando voces !
[22/1/2018 1:36:46] /b Estou na cidade de Konoha no DEPOT aguardando voces !
[22/1/2018 1:37:36] /newtype 1295
[22/1/2018 1:37:38] /ghost
[22/1/2018 1:38:22] /bc green VENHAM PARA KONOHA !!                  EVENTO EMPERIUM ! VAMOS UPAR ! 
[22/1/2018 1:38:24] /bc green VENHAM PARA KONOHA !!                  EVENTO EMPERIUM ! VAMOS UPAR ! 
[22/1/2018 1:38:25] /bc green VENHAM PARA KONOHA !!                  EVENTO EMPERIUM ! VAMOS UPAR ! 
[22/1/2018 1:38:31] /bc green VENHAM PARA KONOHA !!                      EVENTO EMPERIUM !                            VAMOS UPAR ! 
[22/1/2018 1:38:43] /bc green VENHAM PARA KONOHA !!                      EVENTO -EMPERIUM- !                       VAMOS UPAR ! 
[22/1/2018 1:38:48] /bc green VENHAM PARA KONOHA !!                      EVENTO -EMPERIUM- !                   VAMOS UPAR ! 
[22/1/2018 1:38:55] /bc green VENHAM PARA KONOHA !!                      EVENTO -EMPERIUM- !                   VAMOS UPAR ! 
[22/1/2018 1:38:57] /bc green VENHAM PARA KONOHA !!                      EVENTO -EMPERIUM- !                   VAMOS UPAR ! 
[22/1/2018 1:38:57] /bc green VENHAM PARA KONOHA !!                      EVENTO -EMPERIUM- !                   VAMOS UPAR ! 
[22/1/2018 1:38:59] /bc green VENHAM PARA KONOHA !!                      EVENTO -EMPERIUM- !                   VAMOS UPAR ! 
[22/1/2018 1:38:59] /bc green VENHAM PARA KONOHA !!                      EVENTO -EMPERIUM- !                   VAMOS UPAR ! 
[22/1/2018 1:39:0] /bc green VENHAM PARA KONOHA !!                      EVENTO -EMPERIUM- !                   VAMOS UPAR ! 
[22/1/2018 1:39:0] /bc green VENHAM PARA KONOHA !!                      EVENTO -EMPERIUM- !                   VAMOS UPAR ! 
[22/1/2018 1:39:1] /bc green VENHAM PARA KONOHA !!                      EVENTO -EMPERIUM- !                   VAMOS UPAR ! 
[22/1/2018 1:39:1] /bc green VENHAM PARA KONOHA !!                      EVENTO -EMPERIUM- !                   VAMOS UPAR ! 
[22/1/2018 1:39:2] /bc green VENHAM PARA KONOHA !!                      EVENTO -EMPERIUM- !                   VAMOS UPAR ! 
[22/1/2018 1:39:3] /bc green VENHAM PARA KONOHA !!                      EVENTO -EMPERIUM- !                   VAMOS UPAR ! 
[22/1/2018 1:39:3] /bc green VENHAM PARA KONOHA !!                      EVENTO -EMPERIUM- !                   VAMOS UPAR ! 
[22/1/2018 1:39:4] /bc green VENHAM PARA KONOHA !!                      EVENTO -EMPERIUM- !                   VAMOS UPAR ! 
[22/1/2018 1:39:4] /bc green VENHAM PARA KONOHA !!                      EVENTO -EMPERIUM- !                   VAMOS UPAR ! 
[22/1/2018 1:39:5] /bc green VENHAM PARA KONOHA !!                      EVENTO -EMPERIUM- !                   VAMOS UPAR ! 
[22/1/2018 1:39:5] /bc green VENHAM PARA KONOHA !!                      EVENTO -EMPERIUM- !                   VAMOS UPAR ! 
[22/1/2018 1:39:6] /bc green VENHAM PARA KONOHA !!                      EVENTO -EMPERIUM- !                   VAMOS UPAR ! 
[22/1/2018 1:39:6] /bc green VENHAM PARA KONOHA !!                      EVENTO -EMPERIUM- !                   VAMOS UPAR ! 
[22/1/2018 1:39:7] /bc green VENHAM PARA KONOHA !!                      EVENTO -EMPERIUM- !                   VAMOS UPAR ! 
[22/1/2018 1:39:7] /bc green VENHAM PARA KONOHA !!                      EVENTO -EMPERIUM- !                   VAMOS UPAR ! 
[22/1/2018 1:43:17] /bc green Todos em Konoha  ? !
[22/1/2018 1:43:32] /bc green  --- ( EVENTO EMPERIUM ) ----
[22/1/2018 1:43:42] /bc green  --- ( EVENTO EMPERIUM ) ----         Venham Para Konoha !
[22/1/2018 1:43:44] /bc green  --- ( EVENTO EMPERIUM ) ----         Venham Para Konoha !
[22/1/2018 1:43:45] /bc green  --- ( EVENTO EMPERIUM ) ----         Venham Para Konoha !
[22/1/2018 1:43:46] /bc green  --- ( EVENTO EMPERIUM ) ----         Venham Para Konoha !
[22/1/2018 1:43:47] /bc green  --- ( EVENTO EMPERIUM ) ----         Venham Para Konoha !
[22/1/2018 1:43:48] /bc green  --- ( EVENTO EMPERIUM ) ----         Venham Para Konoha !
[22/1/2018 1:43:48] /bc green  --- ( EVENTO EMPERIUM ) ----         Venham Para Konoha !
[22/1/2018 1:43:49] /bc green  --- ( EVENTO EMPERIUM ) ----         Venham Para Konoha !
[22/1/2018 1:44:17] /c Nasus Da Koreia
[22/1/2018 1:44:45] /bc green  --- ( EVENTO EMPERIUM ) ----         Venham Para Konoha  !              Inicio : 20:45 !
[22/1/2018 1:44:46] /bc green  --- ( EVENTO EMPERIUM ) ----         Venham Para Konoha  !              Inicio : 20:45 !
[22/1/2018 1:46:29] /rreload monsters
[22/1/2018 1:46:33] /m emperium
[22/1/2018 1:46:35] /m emperium
[22/1/2018 1:46:38] /m emperium
[22/1/2018 1:51:49] /ii 1514
[22/1/2018 1:51:50] /ii 1514
[22/1/2018 1:51:51] /ii 1514
[22/1/2018 1:51:52] /ii 1514
[22/1/2018 1:51:52] /ii 1514
[22/1/2018 1:51:53] /ii 1514
[22/1/2018 1:52:6] /ii 1514
[22/1/2018 1:52:7] /ii 1514
[22/1/2018 1:52:8] /ii 1514
[22/1/2018 1:52:9] /ii 1514
[22/1/2018 1:52:11] /ii 1514
[22/1/2018 1:52:11] /ii 1514
[22/1/2018 1:52:13] /ii 1514
[22/1/2018 1:52:13] /ii 1514
[22/1/2018 1:52:14] /ii 1514
[22/1/2018 1:52:23] /ii 1514
[22/1/2018 1:52:23] /ii 1514
[22/1/2018 1:52:24] /ii 1514
[22/1/2018 1:52:25] /ii 1514
[22/1/2018 1:52:26] /ii 1514
[22/1/2018 1:52:27] /ii 1514
[22/1/2018 1:52:28] /ii 1514
[22/1/2018 1:52:33] /bc green Vou soltar os Sapos !
[22/1/2018 1:52:34] /bc green Vou soltar os Sapos !
[22/1/2018 1:52:35] /bc green Vou soltar os Sapos !
[22/1/2018 1:52:35] /bc green Vou soltar os Sapos !
[22/1/2018 1:52:35] /bc green Vou soltar os Sapos !
[22/1/2018 1:52:38] /bc green Vou soltar os Sapos !
[22/1/2018 1:53:2] /bc green Vou soltar os Sapos !
[22/1/2018 1:53:4] /bc green 5
[22/1/2018 1:53:8] /bc green 4
[22/1/2018 1:53:12] /ghost
[22/1/2018 1:53:14] /bc green 3
[22/1/2018 1:53:18] /bc green 2
[22/1/2018 1:53:21] /bc green 1
[22/1/2018 1:53:23] /m gamahiro
[22/1/2018 1:53:23] /m gamahiro
[22/1/2018 1:53:26] /m gamaken
[22/1/2018 1:53:26] /m gamaken
[22/1/2018 1:55:33] /bc green Novamente !
[22/1/2018 1:55:45] /rreload monsters
[22/1/2018 1:55:51] /m gamahiro
[22/1/2018 1:55:55] /m gamaken
[22/1/2018 1:55:57] /m gamaken
[22/1/2018 1:56:0] /m gamahiro
[22/1/2018 1:56:52] /rreload monsters
[22/1/2018 1:57:47] /bc green Mais  ?!
[22/1/2018 1:58:6] /bc green Mais  ?!
[22/1/2018 1:58:11] /m gamahiro
[22/1/2018 1:58:20] /m gamaken
[22/1/2018 1:58:20] /m gamaken
[22/1/2018 1:58:22] /m gamahiro
[22/1/2018 1:58:22] /m gamaken
[22/1/2018 1:58:22] /m gamahiro
[22/1/2018 1:58:24] /m gamaken
[22/1/2018 1:58:24] /m gamahiro
[22/1/2018 1:58:26] /m gamaken
[22/1/2018 1:58:26] /m gamahiro
[22/1/2018 1:58:39] /bc green APROVEITEM ! INVASAO DOS SAPOS ! KONOHA !
[22/1/2018 1:58:40] /bc green APROVEITEM ! INVASAO DOS SAPOS ! KONOHA !
[22/1/2018 1:58:41] /bc green APROVEITEM ! INVASAO DOS SAPOS ! KONOHA !
[22/1/2018 1:58:42] /bc green APROVEITEM ! INVASAO DOS SAPOS ! KONOHA !
[22/1/2018 1:58:42] /bc green APROVEITEM ! INVASAO DOS SAPOS ! KONOHA !
[22/1/2018 1:58:51] /bc green ( INVASÃO  ) - Sapos !
[22/1/2018 1:58:52] /bc green ( INVASÃO  ) - Sapos !
[22/1/2018 1:58:54] /bc green ( INVASÃO  ) - Sapos !      Konoha !
[22/1/2018 1:58:55] /bc green ( INVASÃO  ) - Sapos !      Konoha !
[22/1/2018 1:58:56] /bc green ( INVASÃO  ) - Sapos !      Konoha !
[22/1/2018 1:58:57] /bc green ( INVASÃO  ) - Sapos !      Konoha !
[22/1/2018 1:58:57] /bc green ( INVASÃO  ) - Sapos !      Konoha !
[22/1/2018 1:58:58] /bc green ( INVASÃO  ) - Sapos !      Konoha !
[22/1/2018 1:58:58] /bc green ( INVASÃO  ) - Sapos !      Konoha !
[22/1/2018 1:58:59] /bc green ( INVASÃO  ) - Sapos !      Konoha !
[22/1/2018 1:59:0] /bc green ( INVASÃO  ) - Sapos !      Konoha !
[22/1/2018 1:59:0] /bc green ( INVASÃO  ) - Sapos !      Konoha !
[22/1/2018 1:59:1] /bc green ( INVASÃO  ) - Sapos !      Konoha !
[22/1/2018 1:59:2] /bc green ( INVASÃO  ) - Sapos !      Konoha !
[22/1/2018 1:59:6] /c Resistencia Venezuela
[22/1/2018 1:59:8] /bc green ( INVASÃO  ) - Sapos !      Konoha !
[22/1/2018 1:59:8] /bc green ( INVASÃO  ) - Sapos !      Konoha !
[22/1/2018 1:59:10] /m gamahiro
[22/1/2018 1:59:13] /m gamaken
[22/1/2018 1:59:14] /bc green ( INVASÃO  ) - Sapos !      Konoha !
[22/1/2018 1:59:15] /bc green ( INVASÃO  ) - Sapos !      Konoha !
[22/1/2018 1:59:16] /bc green ( INVASÃO  ) - Sapos !      Konoha !
[22/1/2018 1:59:16] /bc green ( INVASÃO  ) - Sapos !      Konoha !
[22/1/2018 1:59:17] /bc green ( INVASÃO  ) - Sapos !      Konoha !
[22/1/2018 1:59:17] /bc green ( INVASÃO  ) - Sapos !      Konoha !
[22/1/2018 1:59:18] /bc green ( INVASÃO  ) - Sapos !      Konoha !
[22/1/2018 1:59:19] /bc green ( INVASÃO  ) - Sapos !      Konoha !
[22/1/2018 1:59:19] /bc green ( INVASÃO  ) - Sapos !      Konoha !
[22/1/2018 1:59:20] /bc green ( INVASÃO  ) - Sapos !      Konoha !
[22/1/2018 1:59:21] /bc green ( INVASÃO  ) - Sapos !      Konoha !
[22/1/2018 1:59:21] /bc green ( INVASÃO  ) - Sapos !      Konoha !
[22/1/2018 1:59:22] /bc green ( INVASÃO  ) - Sapos !      Konoha !
[22/1/2018 1:59:22] /bc green ( INVASÃO  ) - Sapos !      Konoha !
[22/1/2018 1:59:23] /bc green ( INVASÃO  ) - Sapos !      Konoha !
[22/1/2018 1:59:23] /bc green ( INVASÃO  ) - Sapos !      Konoha !
[22/1/2018 1:59:24] /bc green ( INVASÃO  ) - Sapos !      Konoha !
[22/1/2018 1:59:25] /bc green ( INVASÃO  ) - Sapos !      Konoha !
[22/1/2018 1:59:25] /bc green ( INVASÃO  ) - Sapos !      Konoha !
[22/1/2018 1:59:27] /bc green ( INVASÃO  ) - Sapos !      Konoha !
[22/1/2018 1:59:28] /bc green ( INVASÃO  ) - Sapos !      Konoha !
[22/1/2018 1:59:31] /bc green ( INVASÃO  ) - Sapos !      Konoha !
[22/1/2018 1:59:49] /bc green ( INVASÃO  ) - Sapos !      Konoha !
[22/1/2018 1:59:49] /bc green ( INVASÃO  ) - Sapos !      Konoha !
[22/1/2018 1:59:49] /bc green ( INVASÃO  ) - Sapos !      Konoha !
[22/1/2018 1:59:50] /bc green ( INVASÃO  ) - Sapos !      Konoha !
[22/1/2018 1:59:50] /bc green ( INVASÃO  ) - Sapos !      Konoha !
[22/1/2018 1:59:51] /bc green ( INVASÃO  ) - Sapos !      Konoha !
[22/1/2018 1:59:51] /bc green ( INVASÃO  ) - Sapos !      Konoha !
[22/1/2018 1:59:52] /bc green ( INVASÃO  ) - Sapos !      Konoha !
[22/1/2018 1:59:52] /bc green ( INVASÃO  ) - Sapos !      Konoha !
[22/1/2018 1:59:53] /bc green ( INVASÃO  ) - Sapos !      Konoha !
[22/1/2018 1:59:53] /bc green ( INVASÃO  ) - Sapos !      Konoha !
[22/1/2018 1:59:54] /bc green ( INVASÃO  ) - Sapos !      Konoha !
[22/1/2018 1:59:54] /bc green ( INVASÃO  ) - Sapos !      Konoha !
[22/1/2018 1:59:55] /bc green ( INVASÃO  ) - Sapos !      Konoha !
[22/1/2018 1:59:55] /bc green ( INVASÃO  ) - Sapos !      Konoha !
[22/1/2018 1:59:56] /bc green ( INVASÃO  ) - Sapos !      Konoha !
[22/1/2018 1:59:56] /bc green ( INVASÃO  ) - Sapos !      Konoha !
[22/1/2018 1:59:57] /bc green ( INVASÃO  ) - Sapos !      Konoha !
[22/1/2018 1:59:57] /bc green ( INVASÃO  ) - Sapos !      Konoha !
[22/1/2018 1:59:57] /bc green ( INVASÃO  ) - Sapos !      Konoha !
[22/1/2018 1:59:58] /bc green ( INVASÃO  ) - Sapos !      Konoha !
[22/1/2018 1:59:58] /bc green ( INVASÃO  ) - Sapos !      Konoha !
[22/1/2018 1:59:59] /bc green ( INVASÃO  ) - Sapos !      Konoha !
[22/1/2018 1:59:59] /bc green ( INVASÃO  ) - Sapos !      Konoha !
[22/1/2018 2:0:0] /bc green ( INVASÃO  ) - Sapos !      Konoha !
[22/1/2018 2:0:0] /bc green ( INVASÃO  ) - Sapos !      Konoha !
[22/1/2018 2:0:1] /bc green ( INVASÃO  ) - Sapos !      Konoha !
[22/1/2018 2:0:1] /bc green ( INVASÃO  ) - Sapos !      Konoha !
[22/1/2018 2:0:2] /bc green ( INVASÃO  ) - Sapos !      Konoha !
[22/1/2018 2:1:2] /bc green ( INVASÃO  ) - Sapos !      Konoha !
[22/1/2018 2:1:4] /bc green ( INVASÃO  ) - Sapos !      Konoha !
[22/1/2018 2:1:4] /bc green ( INVASÃO  ) - Sapos !      Konoha !
[22/1/2018 2:2:0] /bc green Evento finalizado.
[22/1/2018 2:2:29] /r
[22/1/2018 2:2:30] /r
[22/1/2018 2:2:32] /r
[22/1/2018 2:2:32] /r
[22/1/2018 2:2:33] /r
[22/1/2018 2:2:34] /r
[22/1/2018 2:2:35] /r
[22/1/2018 2:2:35] /r
[22/1/2018 2:2:36] /r
[22/1/2018 2:2:37] /r
[22/1/2018 2:2:38] /r
[22/1/2018 2:2:47] /r
[22/1/2018 2:2:49] /r
[22/1/2018 2:2:50] /r
[22/1/2018 2:2:51] /r
[22/1/2018 2:2:52] /r
[22/1/2018 2:2:53] /r
[22/1/2018 2:2:54] /r
[22/1/2018 2:2:56] /r
[22/1/2018 2:2:57] /r
[22/1/2018 2:3:31] /bc green Este evento foi oferecido como uma recompensa, não fazemos eventos invasões, apenas em momentos rarissimos ! Considerem-se Abençoados, por participar do Primeiro Evento Invasão de EXP !
[22/1/2018 2:3:33] /bc green Este evento foi oferecido como uma recompensa, não fazemos eventos invasões, apenas em momentos rarissimos ! Considerem-se Abençoados, por participar do Primeiro Evento Invasão de EXP !
[22/1/2018 2:3:35] /bc green Este evento foi oferecido como uma recompensa, não fazemos eventos invasões, apenas em momentos rarissimos ! Considerem-se Abençoados, por participar do Primeiro Evento Invasão de EXP !
[22/1/2018 2:3:45] /bc blue /bc green Este evento foi oferecido como uma recompensa, não fazemos eventos invasões, apenas em momentos rarissimos ! Considerem-se Abençoados, por participar do Primeiro Evento Invasão de EXP !
[22/1/2018 2:3:52] /r
[22/1/2018 2:3:53] /r
[22/1/2018 2:3:55] /r
[22/1/2018 2:3:56] /r
[22/1/2018 2:3:58] /r
[22/1/2018 2:3:59] /r
[22/1/2018 2:4:10] /bc green Ligando o Modo PVP em 1 Minuto !
[22/1/2018 2:4:18] /bc green Ligando o Modo PVP em 1 Minuto !
[22/1/2018 2:5:44] /mode pvp
[22/1/2018 2:6:2] /t
[22/1/2018 2:6:13] /up
[22/1/2018 2:8:16] /r
[22/1/2018 2:8:19] /ii 1209
[22/1/2018 2:8:22] /c veloxy
[22/1/2018 2:8:26] /ghost
[22/1/2018 2:13:29] /mode pvp
[22/1/2018 2:15:13] /ii backpack
[22/1/2018 2:29:1] /t
[22/1/2018 2:29:5] /t 2
[22/1/2018 2:29:8] /goto hellhound
[22/1/2018 2:29:10] /up
[22/1/2018 2:29:10] /up
[22/1/2018 2:29:11] /up
[22/1/2018 2:29:12] /a 5
[22/1/2018 2:29:13] /a 5
[22/1/2018 2:29:13] /a 5
[22/1/2018 2:29:14] /up
[22/1/2018 2:29:15] /up
[22/1/2018 2:29:16] /up
[22/1/2018 2:29:24] /a 50
[22/1/2018 2:29:25] /a 50
[22/1/2018 2:29:26] /t
[22/1/2018 2:29:29] /down
[22/1/2018 2:29:29] /down
[22/1/2018 2:29:36] /a 5
[22/1/2018 2:29:40] /up
[22/1/2018 2:29:42] /a 5
[22/1/2018 2:29:43] /a 5
[22/1/2018 2:29:43] /a 5
[22/1/2018 2:30:2] /aaddskill [Staff] Apollo,level,300
[22/1/2018 2:30:11] /a 5
[22/1/2018 2:30:12] /a 5
[22/1/2018 2:30:12] /a 5
[22/1/2018 2:30:12] /a 5
[22/1/2018 2:30:13] /a 5
[22/1/2018 2:30:17] /c veloxy
[22/1/2018 2:30:29] /ii akatsuki backpack
[22/1/2018 2:31:33] /ii senju helmet
[22/1/2018 2:31:38] /ii senju bandana
[22/1/2018 2:31:42] /ii senju protector
[22/1/2018 2:32:28] /ii senju armor
[22/1/2018 2:32:30] /ii senju legs
[22/1/2018 2:32:32] /ii senju boots
[22/1/2018 2:32:44] /ii moeda vip
[22/1/2018 2:34:6] /ii cetre rikkudo
[22/1/2018 2:34:37] /ii vocação sarutobi
[22/1/2018 2:34:51] /ii 2221
[22/1/2018 2:36:59] /t veloxy
[22/1/2018 2:37:2] /t
[22/1/2018 2:37:24] /goto kanox
[22/1/2018 2:38:3] /goto lenox
[22/1/2018 2:38:16] /bc green Quem mais está safe na 500 ?
[22/1/2018 2:38:47] /goto kanox
[22/1/2018 2:38:51] /a 5
[22/1/2018 2:39:19] /goto kanox
[22/1/2018 2:42:57] /a 20
[22/1/2018 2:43:0] /a 5
[22/1/2018 2:43:3] /a 15
[22/1/2018 2:43:14] /r
[22/1/2018 2:43:15] /a 5
[22/1/2018 2:43:16] /a 5
[22/1/2018 2:43:16] /a 5
[22/1/2018 2:43:26] /a 5
[22/1/2018 2:44:12] /ss katsuyo heal
[22/1/2018 2:44:23] /goto kanox
[22/1/2018 2:44:38] /a 2
[22/1/2018 2:44:40] /r
[22/1/2018 2:44:46] /r
[22/1/2018 2:44:47] /r
[22/1/2018 2:44:56] /c raquel ~
[22/1/2018 2:45:10] /a 5
[22/1/2018 2:45:11] /a 5
[22/1/2018 2:45:13] /a 5
[22/1/2018 2:45:15] /c lenox
[22/1/2018 2:45:16] /a
[22/1/2018 2:45:18] /c lenox
[22/1/2018 2:45:40] /c kanenk
[22/1/2018 2:45:43] /c kaneki
[22/1/2018 2:45:46] /c kaneki ~
[22/1/2018 2:46:13] /a 2
[22/1/2018 2:46:20] /ghost
[22/1/2018 2:46:21] /a 2
[22/1/2018 2:46:22] /a
[22/1/2018 2:46:25] /a
[22/1/2018 2:46:27] /a
[22/1/2018 2:46:31] /a
[22/1/2018 2:46:31] /a
[22/1/2018 2:46:36] /a 5
[22/1/2018 2:46:39] /a 2
[22/1/2018 2:47:35] /c turbo sheak
[22/1/2018 2:47:38] /c turbo sheak
[22/1/2018 2:47:46] /c turbo sheak
[22/1/2018 2:47:48] /c turbo sheak
[22/1/2018 2:47:52] /c kanox
[22/1/2018 2:47:58] /c surprise
[22/1/2018 2:48:12] /c turbo sheak
[22/1/2018 2:48:22] /c uchiha insano
[22/1/2018 2:48:24] /a 5
[22/1/2018 2:48:25] /a 5
[22/1/2018 2:48:26] /a 5
[22/1/2018 2:48:55] /a 5
[22/1/2018 2:48:57] /a 5
[22/1/2018 2:49:5] /a 5
[22/1/2018 2:49:11] /a 5
[22/1/2018 2:49:26] /a 5
[22/1/2018 2:49:27] /a 5
[22/1/2018 2:49:29] /a 5
[22/1/2018 2:49:34] /a 5
[22/1/2018 2:49:35] /a 5
[22/1/2018 2:49:36] /a 5
[22/1/2018 2:50:31] /c uchiha insano
[22/1/2018 2:58:36] /up
[22/1/2018 2:58:39] /a
[22/1/2018 2:58:40] /up
[22/1/2018 2:58:49] /ghost
[22/1/2018 3:1:2] /ghost
[22/1/2018 3:1:16] /goto kanox
[22/1/2018 3:2:14] /r
[22/1/2018 3:2:20] /r
[5/2/2018 4:7:56] /up
[5/2/2018 4:7:58] /m madara boss
[5/2/2018 4:52:22] /down
[10/2/2018 7:54:17] /goto Heresia
[10/2/2018 8:0:42] /bc blue Estou resolvendo a questão dos hashirama srcolls
[10/2/2018 8:1:14] /t
[10/2/2018 8:1:15] /up
[10/2/2018 8:1:16] /ii 3111
[10/2/2018 8:1:25] /ii 2198
[10/2/2018 8:1:32] /down
[10/2/2018 8:1:33] /down
[10/2/2018 8:1:34] /down
[10/2/2018 8:2:42] /bc blue Quem estiver com a backpack bugada venha no area especial dos hokages !
[10/2/2018 8:2:46] /ghost
[10/2/2018 8:4:38] /r
[10/2/2018 8:5:14] /ii 2198
[10/2/2018 8:6:4] /down
[10/2/2018 8:6:39] /bc blue Ei Voce ! Está com duvidas onde upar ?  Comece AGORA  fazer suas TASKS e Baixe o ( MAPA DAS TASKS ) Em nosso site ! Com as tasks em DIA voce poderá fazer as Quests no Npc Minoru em seu ( Esconderijo )
[10/2/2018 8:11:18] /bc blue Ei Voce ! Está com duvidas onde upar ?  Comece AGORA  fazer suas TASKS e Baixe o ( MAPA DAS TASKS ) Em nosso site ! Com as tasks em DIA voce poderá fazer as Quests no Npc Minoru em seu ( Esconderijo )
[10/2/2018 8:13:57] /bc blue Estou atendendo a Report e Duvidas !
[10/2/2018 8:13:58] /bc blue Estou atendendo a Report e Duvidas !
[10/2/2018 8:27:5] /bc blue ( ENQUETE ) Voce faz Npc de Batalhas ? O que acha das batalhas ?  Responda no HELP !
[10/2/2018 8:27:8] /bc blue ( ENQUETE ) Voce faz Npc de Batalhas ? O que acha das batalhas ?  Responda no HELP !
[10/2/2018 8:28:49] /bc blue ( ENQUETE ) Voce faz Npc de Batalhas ? O que acha das batalhas ?  Responda no HELP !
[10/2/2018 8:29:41] /bc blue Noticia Linda > Encontrei uma solução para o respawn de Bosses, será implantado hoje e terá o coldown contado exatamente minuciosamente calculado.
[10/2/2018 8:30:5] /goto ze pelintra
[10/2/2018 8:30:8] /ghost
[10/2/2018 8:31:56] /goto Ze Pelintra
[10/2/2018 8:33:49] /rreload spwlls
[10/2/2018 8:33:53] /rreload spells
[10/2/2018 9:18:8] /ii label
[10/2/2018 9:18:11] /ii latter
[10/2/2018 9:18:16] /ii letter
[10/2/2018 9:25:47] /ii 2597
[10/2/2018 9:26:2] /ii susano shield
[10/2/2018 9:26:9] /ii backpack
[10/2/2018 9:55:45] /goto zabolick
[10/2/2018 9:55:47] /ghost
[10/2/2018 9:56:16] /ghost
[10/2/2018 9:56:22] /ghost
[10/2/2018 9:56:35] /c tsuchikage
[10/2/2018 9:56:43] /c Tsuchikagez
[10/2/2018 9:56:53] /c Tsuchikagez
[10/2/2018 9:56:57] /ghost
[10/2/2018 9:57:5] /c Tsuchikagez
[10/2/2018 9:57:6] /c Tsuchikagez
[10/2/2018 9:57:8] /c Tsuchikagez
[10/2/2018 9:57:9] /c Tsuchikagez
[10/2/2018 9:57:10] /c Tsuchikagez
[10/2/2018 9:57:13] /c Tsuchikagez
[10/2/2018 9:57:24] /c Tsuchikagez
[10/2/2018 9:57:30] /c Tsuchikagez
[10/2/2018 9:57:31] /c Tsuchikagez
[10/2/2018 9:57:33] /c Tsuchikagez
[10/2/2018 9:57:34] /c Tsuchikagez
[10/2/2018 9:57:35] /c Tsuchikagez
[10/2/2018 9:57:36] /c Tsuchikagez
[10/2/2018 9:57:44] /ghost
[10/2/2018 9:57:46] /ghost
[10/2/2018 10:4:20] /ghost
[10/2/2018 10:4:21] /goto Ibrahimovic
[10/2/2018 10:5:45] /c Ibrahimovic
[10/2/2018 10:5:50] /c Ibrahimovic
[10/2/2018 10:5:57] /c Ibrahimovic
[10/2/2018 10:6:7] /c Ibrahimovic
[10/2/2018 10:26:47] /m kyuubi
[10/2/2018 10:34:45] /info marolando
[10/2/2018 10:35:22] /info Marolando
[10/2/2018 11:21:20] /bc blue Ei Voce ! Está com duvidas onde upar ?  Comece AGORA  fazer suas TASKS e Baixe o ( MAPA DAS TASKS ) Em nosso site ! Com as tasks em DIA voce poderá fazer as Quests no Npc Minoru em seu ( Esconderijo )
[10/2/2018 11:29:18] /bc green Server irá reiniciar !
[10/2/2018 11:29:19] /bc green Server irá reiniciar !
[10/2/2018 11:29:28] /bc green Server irá reiniciar !
[10/2/2018 11:29:28] /bc green Server irá reiniciar !
[10/2/2018 11:29:29] /bc green Server irá reiniciar !
[10/2/2018 11:33:11] /save
[10/2/2018 11:33:15] /sshutdown
[10/2/2018 11:34:28] /goto gaara boss
[10/2/2018 11:34:57] /a 5
[10/2/2018 11:34:57] /a 5
[10/2/2018 11:34:58] /a 5
[10/2/2018 11:34:59] /a 5
[10/2/2018 11:34:59] /a 5
[10/2/2018 11:35:0] /a 5
[10/2/2018 11:35:0] /a 5
[10/2/2018 11:35:0] /a 5
[10/2/2018 11:35:1] /a 5
[10/2/2018 11:35:1] /a 5
[10/2/2018 11:35:2] /a 5
[10/2/2018 11:35:3] /a 5
[10/2/2018 11:35:3] /a 5
[10/2/2018 11:35:4] /a 5
[10/2/2018 11:35:4] /a 5
[10/2/2018 11:35:5] /a 5
[10/2/2018 11:35:5] /a 5
[10/2/2018 11:35:6] /a 5
[10/2/2018 11:35:6] /a 5
[10/2/2018 11:35:7] /a 5
[10/2/2018 11:35:7] /a 5
[10/2/2018 11:35:9] /a 5
[10/2/2018 11:35:9] /a 5
[10/2/2018 11:35:45] /t
[10/2/2018 11:36:9] /bc blue Agora os Bosses são invocados por alavanca e com tempo de respawn calculado e contado.
[10/2/2018 11:36:13] /bc blue Agora os Bosses são invocados por alavanca e com tempo de respawn calculado e contado.
[10/2/2018 11:36:17] /bc blue Agora os Bosses são invocados por alavanca e com tempo de respawn calculado e contado.
