[19/6/2018 17:5:57] /t Pecado Da Gananciaban
[19/6/2018 17:6:44] /ghost
[19/6/2018 17:6:48] /a 
[19/6/2018 17:7:3] /t 1
[19/6/2018 17:7:16] /goto merlin
[19/6/2018 17:9:24] /newtype 334
[19/6/2018 17:9:27] /newtype 336
[19/6/2018 17:10:33] /newtype 338
[19/6/2018 17:10:36] /newtype 339
[19/6/2018 17:10:39] /newtype 340
[19/6/2018 17:10:43] /newtype 400
[19/6/2018 17:10:47] /newtype 1338
[19/6/2018 17:10:52] /newtype 1337
[19/6/2018 17:10:56] /newtype 1336
[19/6/2018 17:11:5] /newtype 1335
[19/6/2018 17:11:8] /newtype 1334
[19/6/2018 17:11:9] /newtype 1333
[19/6/2018 17:11:12] /newtype 1332
[19/6/2018 17:11:17] /newtype 1331
[19/6/2018 17:11:19] /newtype 1330
[19/6/2018 17:11:23] /newtype 1329
[19/6/2018 17:11:25] /newtype 1328
[19/6/2018 17:11:27] /newtype 1327
[19/6/2018 17:11:30] /newtype 1326
[19/6/2018 17:11:32] /newtype 1325
[19/6/2018 17:11:33] /newtype 1324
[19/6/2018 17:11:34] /newtype 1323
[19/6/2018 17:11:35] /newtype 1322
[19/6/2018 17:11:36] /newtype 1321
[19/6/2018 17:11:38] /newtype 1320
[19/6/2018 17:11:40] /newtype 1319
[19/6/2018 17:11:42] /newtype 1318
[19/6/2018 17:11:44] /newtype 1317
[19/6/2018 17:11:46] /newtype 1316
[19/6/2018 17:11:48] /newtype 1315
[19/6/2018 17:11:49] /newtype 1314
[19/6/2018 17:11:51] /newtype 1313
[19/6/2018 17:11:52] /newtype 1312
[19/6/2018 17:11:54] /newtype 1311
[19/6/2018 17:11:56] /newtype 1310
[19/6/2018 17:12:8] /newtype 1338
[19/6/2018 17:12:11] /newtype 1339
[19/6/2018 17:12:15] /newtype 1340
[19/6/2018 17:12:18] /newtype 1341
[19/6/2018 17:12:22] /newtype 1342
[19/6/2018 17:16:56] /newtype 334, [STAFF] Bernardes
[19/6/2018 17:17:18] /newtype 1338, [STAFF] Bernardes
[19/6/2018 17:17:23] /newtype 1338
[19/6/2018 17:17:46] /newtype 1238
[19/6/2018 17:17:50] /newtype 1239
[19/6/2018 17:17:53] /newtype 1240
[19/6/2018 17:18:9] /newtype 1241
[19/6/2018 17:18:12] /newtype 1242
[19/6/2018 17:18:14] /newtype 1243
[19/6/2018 17:18:15] /newtype 1244
[19/6/2018 17:18:19] /newtype 1100
[19/6/2018 17:18:21] /newtype 1101
[19/6/2018 17:18:22] /newtype 1102
[19/6/2018 17:18:23] /newtype 1103
[19/6/2018 17:18:24] /newtype 1104
[19/6/2018 17:18:25] /newtype 1105
[19/6/2018 17:18:26] /newtype 1106
[19/6/2018 17:18:28] /newtype 1107
[19/6/2018 17:18:29] /newtype 1108
[19/6/2018 17:18:33] /newtype 1110
[19/6/2018 17:18:34] /newtype 1120
[19/6/2018 17:18:38] /newtype 1121
[19/6/2018 17:18:39] /newtype 1122
[19/6/2018 17:18:42] /newtype 1123
[19/6/2018 17:18:46] /newtype 1124
[19/6/2018 17:18:47] /newtype 1125
[19/6/2018 17:18:48] /newtype 1126
[19/6/2018 17:18:49] /newtype 1127
[19/6/2018 17:18:51] /newtype 1128
[19/6/2018 17:18:54] /newtype 1130
[19/6/2018 17:18:58] /newtype 900
[19/6/2018 17:19:1] /newtype 910
[19/6/2018 17:19:2] /newtype 920
[19/6/2018 17:19:5] /newtype 800
[19/6/2018 17:19:9] /newtype 700
[19/6/2018 17:19:15] /newtype 701
[19/6/2018 17:19:16] /newtype 702
[19/6/2018 17:19:19] /newtype 703
[19/6/2018 17:19:21] /newtype 704
[19/6/2018 17:19:22] /newtype 705
[19/6/2018 17:19:23] /newtype 706
[19/6/2018 17:19:25] /newtype 707
[19/6/2018 17:19:26] /newtype 708
[19/6/2018 17:19:27] /newtype 709
[19/6/2018 17:19:31] /newtype 600
[19/6/2018 17:19:40] /newtype 1241
[19/6/2018 17:19:58] /goto leave
[19/6/2018 17:20:6] /goto rock lee
[19/6/2018 17:20:12] /ghost
[19/6/2018 17:20:17] /goto rock lee
[19/6/2018 17:20:21] /down
[19/6/2018 17:20:26] /a 1
[19/6/2018 17:20:54] /a /t merlin
[19/6/2018 17:21:3] /a 
[19/6/2018 17:21:4] /a 
[19/6/2018 17:21:5] /a 
[19/6/2018 17:21:5] /a 
[19/6/2018 17:21:5] /a 
[19/6/2018 17:21:5] /a 
[19/6/2018 17:21:5] /a 
[19/6/2018 17:21:5] /a 
[19/6/2018 17:21:5] /a 
[19/6/2018 17:21:5] /a 
[19/6/2018 17:21:5] /a 
[19/6/2018 17:21:5] /a 
[19/6/2018 17:21:5] /a 
[19/6/2018 17:21:5] /a 
[19/6/2018 17:21:5] /a 
[19/6/2018 17:21:5] /a 
[19/6/2018 17:21:5] /a 
[19/6/2018 17:21:5] /a 
[19/6/2018 17:21:5] /a 
[19/6/2018 17:21:5] /a 
[19/6/2018 17:21:5] /a 
[19/6/2018 17:21:5] /a 
[19/6/2018 17:21:5] /a 
[19/6/2018 17:21:5] /a 
[19/6/2018 17:21:5] /a 
[19/6/2018 17:21:5] /a 
[19/6/2018 17:21:5] /a 
[19/6/2018 17:21:5] /a 
[19/6/2018 17:21:5] /a 
[19/6/2018 17:21:5] /a 
[19/6/2018 17:21:5] /a 
[19/6/2018 17:21:5] /a 
[19/6/2018 17:21:6] /a 
[19/6/2018 17:21:6] /a 
[19/6/2018 17:21:6] /a 
[19/6/2018 17:21:6] /a 
[19/6/2018 17:21:6] /a 
[19/6/2018 17:21:6] /a 
[19/6/2018 17:21:6] /a 
[19/6/2018 17:21:6] /a 
[19/6/2018 17:21:6] /a 
[19/6/2018 17:21:6] /a 
[19/6/2018 17:21:6] /a 
[19/6/2018 17:21:6] /a 
[19/6/2018 17:21:6] /a 
[19/6/2018 17:21:6] /a 
[19/6/2018 17:21:6] /a 
[19/6/2018 17:21:6] /a 
[19/6/2018 17:21:6] /a 
[19/6/2018 17:21:6] /a 
[19/6/2018 17:21:6] /a 
[19/6/2018 17:21:6] /a 
[19/6/2018 17:21:6] /a 
[19/6/2018 17:21:6] /a 
[19/6/2018 17:21:6] /a 
[19/6/2018 17:21:6] /a 
[19/6/2018 17:21:6] /a 
[19/6/2018 17:21:6] /a 
[19/6/2018 17:21:6] /a 
[19/6/2018 17:21:6] /a 
[19/6/2018 17:21:6] /a 
[19/6/2018 17:21:7] /a 
[19/6/2018 17:21:7] /a 
[19/6/2018 17:21:7] /a 
[19/6/2018 17:21:7] /a 
[19/6/2018 17:21:7] /a 
[19/6/2018 17:21:7] /a 
[19/6/2018 17:21:7] /a 
[19/6/2018 17:21:7] /a 
[19/6/2018 17:21:7] /a 
[19/6/2018 17:21:7] /a 
[19/6/2018 17:21:7] /a 
[19/6/2018 17:21:7] /a 
[19/6/2018 17:21:7] /a 
[19/6/2018 17:21:7] /a 
[19/6/2018 17:21:7] /a 
[19/6/2018 17:21:7] /a 
[19/6/2018 17:21:7] /a 
[19/6/2018 17:21:7] /a 
[19/6/2018 17:21:7] /a 
[19/6/2018 17:21:7] /a 
[19/6/2018 17:21:7] /a 
[19/6/2018 17:21:7] /a 
[19/6/2018 17:21:7] /a 
[19/6/2018 17:21:7] /a 
[19/6/2018 17:21:7] /a 
[19/6/2018 17:21:7] /a 
[19/6/2018 17:21:7] /a 
[19/6/2018 17:21:7] /a 
[19/6/2018 17:21:7] /a 
[19/6/2018 17:21:7] /a 
[19/6/2018 17:21:7] /a 
[19/6/2018 17:21:8] /a 
[19/6/2018 17:21:8] /a 
[19/6/2018 17:21:8] /a 
[19/6/2018 17:21:8] /a 
[19/6/2018 17:21:8] /a 
[19/6/2018 17:21:8] /a 
[19/6/2018 17:21:8] /a 
[19/6/2018 17:21:8] /a 
[19/6/2018 17:21:8] /a 
[19/6/2018 17:21:8] /a 
[19/6/2018 17:21:8] /a 
[19/6/2018 17:21:8] /a 
[19/6/2018 17:21:8] /a 
[19/6/2018 17:21:8] /a 
[19/6/2018 17:21:8] /a 
[19/6/2018 17:21:8] /a 
[19/6/2018 17:21:8] /a 
[19/6/2018 17:21:8] /a 
[19/6/2018 17:21:8] /a 
[19/6/2018 17:21:8] /a 
[19/6/2018 17:21:8] /a 
[19/6/2018 17:21:8] /a 
[19/6/2018 17:21:8] /a 
[19/6/2018 17:21:8] /a 
[19/6/2018 17:21:8] /a 
[19/6/2018 17:21:8] /a 
[19/6/2018 17:21:8] /a 
[19/6/2018 17:21:8] /a 
[19/6/2018 17:21:8] /a 
[19/6/2018 17:21:8] /a 
[19/6/2018 17:21:8] /a 
[19/6/2018 17:21:8] /a 
[19/6/2018 17:21:9] /a 
[19/6/2018 17:21:9] /a 
[19/6/2018 17:21:9] /a 
[19/6/2018 17:21:9] /a 
[19/6/2018 17:21:9] /a 
[19/6/2018 17:21:9] /a 
[19/6/2018 17:21:9] /a 
[19/6/2018 17:21:9] /a 
[19/6/2018 17:21:9] /a 
[19/6/2018 17:21:9] /a 
[19/6/2018 17:21:9] /a 
[19/6/2018 17:21:9] /a 
[19/6/2018 17:21:9] /a 
[19/6/2018 17:21:9] /a 
[19/6/2018 17:21:9] /a 
[19/6/2018 17:21:9] /a 
[19/6/2018 17:21:9] /a 
[19/6/2018 17:21:9] /a 
[19/6/2018 17:21:9] /a 
[19/6/2018 17:21:9] /a 
[19/6/2018 17:21:9] /a 
[19/6/2018 17:21:9] /a 
[19/6/2018 17:21:9] /a 
[19/6/2018 17:21:9] /a 
[19/6/2018 17:21:9] /a 
[19/6/2018 17:21:9] /a 
[19/6/2018 17:21:9] /a 
[19/6/2018 17:21:9] /a 
[19/6/2018 17:21:9] /a 
[19/6/2018 17:21:9] /a 
[19/6/2018 17:21:9] /a 
[19/6/2018 17:21:9] /a 
[19/6/2018 17:21:10] /a 
[19/6/2018 17:21:10] /a 
[19/6/2018 17:21:10] /a 
[19/6/2018 17:21:10] /a 
[19/6/2018 17:21:10] /a 
[19/6/2018 17:21:10] /a 
[19/6/2018 17:21:10] /a 
[19/6/2018 17:21:10] /a 
[19/6/2018 17:21:10] /a 
[19/6/2018 17:21:10] /a 
[19/6/2018 17:21:10] /a 
[19/6/2018 17:21:10] /a 
[19/6/2018 17:21:10] /a 
[19/6/2018 17:21:10] /a 
[19/6/2018 17:21:10] /a 
[19/6/2018 17:21:10] /a 
[19/6/2018 17:21:10] /a 
[19/6/2018 17:21:10] /a 
[19/6/2018 17:21:10] /a 
[19/6/2018 17:21:10] /a 
[19/6/2018 17:21:10] /a 
[19/6/2018 17:21:10] /a 
[19/6/2018 17:21:10] /a 
[19/6/2018 17:21:10] /a 
[19/6/2018 17:21:10] /a 
[19/6/2018 17:21:10] /a 
[19/6/2018 17:21:11] /a 
[19/6/2018 17:21:11] /a 
[19/6/2018 17:21:11] /a 
[19/6/2018 17:21:11] /a 
[19/6/2018 17:21:11] /a 
[19/6/2018 17:21:11] /a 
[19/6/2018 17:21:11] /a 
[19/6/2018 17:21:11] /a 
[19/6/2018 17:21:11] /a 
[19/6/2018 17:21:11] /a 
[19/6/2018 17:21:11] /a 
[19/6/2018 17:21:11] /a 
[19/6/2018 17:21:11] /a 
[19/6/2018 17:21:11] /a 
[19/6/2018 17:21:13] /goto merlinm
[19/6/2018 17:21:15] /goto merlin
[19/6/2018 17:21:54] /newtype 1241, merlin
[19/6/2018 17:22:22] /goto merlin
[19/6/2018 17:26:41] /goto shock
[19/6/2018 17:26:45] /goto shock
[19/6/2018 17:26:54] /goto dante uchiha
[19/6/2018 17:27:4] /goto 
[19/6/2018 17:27:6] /goto runner
[19/6/2018 17:27:16] /goto sag uchiha
[19/6/2018 17:27:26] /goto  sakurakarticapt
[19/6/2018 17:27:34] /goto  skt itachi
[19/6/2018 17:27:53] /goto old smoker
[19/6/2018 17:28:0] /goto inorita
[19/6/2018 17:28:5] /goto  jhon wick
[19/6/2018 17:28:12] /goto passatempo
[19/6/2018 17:28:27] /t
[19/6/2018 17:28:54] /a
[19/6/2018 17:29:0] /a
[19/6/2018 17:29:18] /a 2
[19/6/2018 17:29:32] /a 2
[19/6/2018 17:29:36] /a 2
[19/6/2018 17:30:10] /r
[19/6/2018 17:30:14] /a 
[19/6/2018 17:30:16] /a 2
[19/6/2018 17:31:2] /goto escanor sun
[19/6/2018 17:31:18] /t
[19/6/2018 17:34:5] /cliport
[19/6/2018 17:34:52] /notations
[19/6/2018 17:36:28] /cliport
[19/6/2018 17:38:13] /mc merlin
[19/6/2018 17:38:22] /mc leave
[19/6/2018 17:38:36] /mc Patacado De Lolo
[19/6/2018 17:40:38] /a 3
[19/6/2018 17:40:41] /a 3
[19/6/2018 17:40:43] /a 
[19/6/2018 17:40:44] /a 
[19/6/2018 17:40:44] /a 
[19/6/2018 17:40:44] /a 
[19/6/2018 17:40:44] /a 
[19/6/2018 17:40:44] /a 
[19/6/2018 17:40:44] /a 
[19/6/2018 17:40:44] /a 
[19/6/2018 17:40:44] /a 
[19/6/2018 17:40:44] /a 
[19/6/2018 17:40:44] /a 
[19/6/2018 17:40:44] /a 
[19/6/2018 17:40:44] /a 
[19/6/2018 17:40:44] /a 
[19/6/2018 17:40:44] /a 
[19/6/2018 17:40:44] /a 
[19/6/2018 17:40:44] /a 
[19/6/2018 17:40:44] /a 
[19/6/2018 17:40:45] /a 
[19/6/2018 17:40:45] /a 
[19/6/2018 17:40:45] /a 
[19/6/2018 17:40:45] /a 
[19/6/2018 17:40:45] /a 
[19/6/2018 17:40:45] /a 
[19/6/2018 17:40:45] /a 
[19/6/2018 17:40:45] /a 
[19/6/2018 17:40:45] /a 
[19/6/2018 17:40:45] /a 
[19/6/2018 17:40:45] /a 
[19/6/2018 17:40:45] /a 
[19/6/2018 17:40:45] /a 
[19/6/2018 17:40:45] /a 
[19/6/2018 17:40:45] /a 
[19/6/2018 17:40:45] /a 
[19/6/2018 17:40:45] /a 
[19/6/2018 17:40:45] /a 
[19/6/2018 17:40:45] /a 
[19/6/2018 17:40:45] /a 
[19/6/2018 17:40:45] /a 
[19/6/2018 17:40:45] /a 
[19/6/2018 17:40:45] /a 
[19/6/2018 17:40:45] /a 
[19/6/2018 17:40:45] /a 
[19/6/2018 17:40:45] /a 
[19/6/2018 17:40:45] /a 
[19/6/2018 17:40:45] /a 
[19/6/2018 17:40:45] /a 
[19/6/2018 17:40:45] /a 
[19/6/2018 17:40:45] /a 
[19/6/2018 17:40:46] /a 
[19/6/2018 17:40:46] /a 
[19/6/2018 17:40:46] /a 
[19/6/2018 17:40:46] /a 
[19/6/2018 17:40:46] /a 
[19/6/2018 17:40:46] /a 
[19/6/2018 17:40:46] /a 
[19/6/2018 17:40:46] /a 
[19/6/2018 17:40:46] /a 
[19/6/2018 17:40:46] /a 
[19/6/2018 17:40:46] /a 
[19/6/2018 17:40:46] /a 
[19/6/2018 17:40:46] /a 
[19/6/2018 17:40:46] /a 
[19/6/2018 17:40:46] /a 
[19/6/2018 17:40:46] /a 
[19/6/2018 17:40:46] /a 
[19/6/2018 17:40:46] /a 
[19/6/2018 17:40:46] /a 
[19/6/2018 17:40:46] /a 
[19/6/2018 17:40:46] /a 
[19/6/2018 17:40:46] /a 
[19/6/2018 17:40:46] /a 
[19/6/2018 17:40:46] /a 
[19/6/2018 17:40:46] /a 
[19/6/2018 17:40:46] /a 
[19/6/2018 17:40:46] /a 
[19/6/2018 17:40:46] /a 
[19/6/2018 17:40:46] /a 
[19/6/2018 17:40:46] /a 
[19/6/2018 17:40:47] /a 
[19/6/2018 17:40:47] /a 
[19/6/2018 17:40:47] /a 
[19/6/2018 17:40:47] /a 
[19/6/2018 17:40:47] /a 
[19/6/2018 17:40:47] /a 
[19/6/2018 17:40:47] /a 
[19/6/2018 17:40:47] /a 
[19/6/2018 17:40:47] /a 
[19/6/2018 17:40:47] /a 
[19/6/2018 17:40:47] /a 
[19/6/2018 17:40:47] /a 
[19/6/2018 17:40:47] /a 
[19/6/2018 17:40:47] /a 
[19/6/2018 17:40:47] /a 
[19/6/2018 17:40:47] /a 
[19/6/2018 17:40:47] /a 
[19/6/2018 17:40:47] /a 
[19/6/2018 17:40:47] /a 
[19/6/2018 17:40:47] /a 
[19/6/2018 17:40:47] /a 
[19/6/2018 17:40:47] /a 
[19/6/2018 17:40:47] /a 
[19/6/2018 17:40:47] /a 
[19/6/2018 17:40:47] /a 
[19/6/2018 17:40:47] /a 
[19/6/2018 17:40:47] /a 
[19/6/2018 17:40:47] /a 
[19/6/2018 17:40:47] /a 
[19/6/2018 17:40:47] /a 
[19/6/2018 17:40:47] /a 
[19/6/2018 17:40:47] /a 
[19/6/2018 17:40:47] /a 
[19/6/2018 17:40:48] /a 
[19/6/2018 17:40:48] /a 
[19/6/2018 17:40:48] /a 
[19/6/2018 17:40:48] /a 
[19/6/2018 17:40:48] /a 
[19/6/2018 17:40:48] /a 
[19/6/2018 17:40:48] /a 
[19/6/2018 17:40:48] /a 
[19/6/2018 17:40:48] /a 
[19/6/2018 17:40:48] /a 
[19/6/2018 17:40:48] /a 
[19/6/2018 17:40:48] /a 
[19/6/2018 17:40:48] /a 
[19/6/2018 17:40:48] /a 
[19/6/2018 17:40:48] /a 
[19/6/2018 17:40:48] /a 
[19/6/2018 17:40:48] /a 
[19/6/2018 17:40:48] /a 
[19/6/2018 17:40:48] /a 
[19/6/2018 17:40:48] /a 
[19/6/2018 17:40:48] /a 
[19/6/2018 17:40:48] /a 
[19/6/2018 17:40:48] /a 
[19/6/2018 17:40:48] /a 
[19/6/2018 17:40:48] /a 
[19/6/2018 17:40:48] /a 
[19/6/2018 17:40:48] /a 
[19/6/2018 17:40:48] /a 
[19/6/2018 17:40:49] /a 
[19/6/2018 17:40:49] /a 
[19/6/2018 17:40:49] /a 
[19/6/2018 17:40:49] /a 
[19/6/2018 17:40:49] /a 
[19/6/2018 17:40:49] /a 
[19/6/2018 17:40:49] /a 
[19/6/2018 17:40:49] /a 
[19/6/2018 17:40:49] /a 
[19/6/2018 17:40:49] /a 
[19/6/2018 17:40:49] /a 
[19/6/2018 17:40:49] /a 
[19/6/2018 17:40:49] /a 
[19/6/2018 17:40:49] /a 
[19/6/2018 17:40:49] /a 
[19/6/2018 17:40:49] /a 
[19/6/2018 17:40:49] /a 
[19/6/2018 17:40:49] /a 
[19/6/2018 17:40:49] /a 
[19/6/2018 17:40:49] /a 
[19/6/2018 17:40:49] /a 
[19/6/2018 17:40:49] /a 
[19/6/2018 17:40:49] /a 
[19/6/2018 17:40:49] /a 
[19/6/2018 17:40:49] /a 
[19/6/2018 17:40:49] /a 
[19/6/2018 17:40:49] /a 
[19/6/2018 17:40:49] /a 
[19/6/2018 17:40:49] /a 
[19/6/2018 17:40:49] /a 
[19/6/2018 17:40:49] /a 
[19/6/2018 17:40:49] /a 
[19/6/2018 17:40:50] /a 
[19/6/2018 17:40:50] /a 
[19/6/2018 17:40:50] /a 
[19/6/2018 17:40:50] /a 
[19/6/2018 17:40:50] /a 
[19/6/2018 17:40:50] /a 
[19/6/2018 17:40:50] /a 
[19/6/2018 17:40:50] /a 
[19/6/2018 17:40:50] /a 
[19/6/2018 17:40:50] /a 
[19/6/2018 17:40:50] /a 
[19/6/2018 17:40:50] /a 
[19/6/2018 17:40:50] /a 
[19/6/2018 17:40:50] /a 
[19/6/2018 17:40:50] /a 
[19/6/2018 17:40:50] /a 
[19/6/2018 17:40:50] /a 
[19/6/2018 17:40:51] /a 
[19/6/2018 17:40:51] /a 
[19/6/2018 17:40:51] /a 
[19/6/2018 17:40:51] /a 
[19/6/2018 17:40:51] /a 
[19/6/2018 17:40:51] /a 
[19/6/2018 17:40:51] /a 
[19/6/2018 17:40:51] /a 
[19/6/2018 17:40:51] /a 
[19/6/2018 17:40:51] /a 
[19/6/2018 17:40:51] /a 
[19/6/2018 17:40:51] /a 
[19/6/2018 17:40:51] /a 
[19/6/2018 17:40:51] /a 
[19/6/2018 17:40:51] /a 
[19/6/2018 17:40:51] /a 
[19/6/2018 17:40:51] /a 
[19/6/2018 17:40:51] /a 
[19/6/2018 17:40:51] /a 
[19/6/2018 17:40:52] /a 
[19/6/2018 17:40:52] /a 
[19/6/2018 17:40:52] /a 
[19/6/2018 17:40:52] /a 
[19/6/2018 17:40:52] /a 
[19/6/2018 17:40:52] /a 
[19/6/2018 17:40:52] /a 
[19/6/2018 17:40:52] /a 
[19/6/2018 17:40:52] /a 
[19/6/2018 17:40:52] /a 
[19/6/2018 17:40:52] /a 
[19/6/2018 17:40:52] /a 
[19/6/2018 17:40:52] /a 
[19/6/2018 17:40:52] /a 
[19/6/2018 17:40:52] /a 
[19/6/2018 17:40:52] /a 
[19/6/2018 17:40:52] /a 
[19/6/2018 17:40:52] /a 
[19/6/2018 17:40:52] /a 
[19/6/2018 17:40:52] /a 
[19/6/2018 17:40:52] /a 
[19/6/2018 17:40:52] /a 
[19/6/2018 17:40:52] /a 
[19/6/2018 17:40:52] /a 
[19/6/2018 17:40:52] /a 
[19/6/2018 17:40:52] /a 
[19/6/2018 17:40:52] /a 
[19/6/2018 17:40:52] /a 
[19/6/2018 17:40:52] /a 
[19/6/2018 17:40:52] /a 
[19/6/2018 17:40:52] /a 
[19/6/2018 17:40:52] /a 
[19/6/2018 17:40:52] /a 
[19/6/2018 17:40:53] /a 
[19/6/2018 17:40:53] /a 
[19/6/2018 17:40:53] /a 
[19/6/2018 17:40:53] /a 
[19/6/2018 17:40:53] /a 
[19/6/2018 17:40:53] /a 
[19/6/2018 17:40:53] /a 
[19/6/2018 17:40:53] /a 
[19/6/2018 17:40:53] /a 
[19/6/2018 17:40:53] /a 
[19/6/2018 17:40:53] /a 
[19/6/2018 17:40:53] /a 
[19/6/2018 17:40:53] /a 
[19/6/2018 17:40:53] /a 
[19/6/2018 17:40:53] /a 
[19/6/2018 17:40:53] /a 
[19/6/2018 17:40:53] /a 
[19/6/2018 17:40:53] /a 
[19/6/2018 17:40:53] /a 
[19/6/2018 17:40:53] /a 
[19/6/2018 17:40:53] /a 
[19/6/2018 17:40:53] /a 
[19/6/2018 17:40:53] /a 
[19/6/2018 17:40:53] /a 
[19/6/2018 17:40:53] /a 
[19/6/2018 17:40:53] /a 
[19/6/2018 17:40:53] /a 
[19/6/2018 17:40:53] /a 
[19/6/2018 17:40:53] /a 
[19/6/2018 17:40:53] /a 
[19/6/2018 17:40:53] /a 
[19/6/2018 17:40:53] /a 
[19/6/2018 17:40:54] /a 
[19/6/2018 17:40:54] /a 
[19/6/2018 17:40:54] /a 
[19/6/2018 17:40:54] /a 
[19/6/2018 17:40:54] /a 
[19/6/2018 17:40:54] /a 
[19/6/2018 17:40:54] /a 
[19/6/2018 17:40:54] /a 
[19/6/2018 17:40:54] /a 
[19/6/2018 17:40:54] /a 
[19/6/2018 17:40:54] /a 
[19/6/2018 17:40:54] /a 
[19/6/2018 17:40:54] /a 
[19/6/2018 17:40:54] /a 
[19/6/2018 17:40:54] /a 
[19/6/2018 17:40:54] /a 
[19/6/2018 17:40:54] /a 
[19/6/2018 17:40:54] /a 
[19/6/2018 17:40:54] /a 
[19/6/2018 17:40:54] /a 
[19/6/2018 17:40:54] /a 
[19/6/2018 17:40:54] /a 
[19/6/2018 17:40:54] /a 
[19/6/2018 17:40:54] /a 
[19/6/2018 17:40:54] /a 
[19/6/2018 17:40:54] /a 
[19/6/2018 17:40:54] /a 
[19/6/2018 17:40:54] /a 
[19/6/2018 17:40:54] /a 
[19/6/2018 17:40:54] /a 
[19/6/2018 17:40:55] /a 
[19/6/2018 17:40:55] /a 
[19/6/2018 17:40:55] /a 
[19/6/2018 17:40:55] /a 
[19/6/2018 17:40:55] /a 
[19/6/2018 17:40:55] /a 
[19/6/2018 17:40:55] /a 
[19/6/2018 17:40:55] /a 
[19/6/2018 17:40:55] /a 
[19/6/2018 17:40:55] /a 
[19/6/2018 17:40:55] /a 
[19/6/2018 17:40:55] /a 
[19/6/2018 17:40:55] /a 
[19/6/2018 17:40:55] /a 
[19/6/2018 17:40:55] /a 
[19/6/2018 17:40:55] /a 
[19/6/2018 17:40:55] /a 
[19/6/2018 17:40:55] /a 
[19/6/2018 17:40:55] /a 
[19/6/2018 17:40:55] /a 
[19/6/2018 17:40:55] /a 
[19/6/2018 17:40:55] /a 
[19/6/2018 17:40:55] /a 
[19/6/2018 17:40:55] /a 
[19/6/2018 17:41:1] /a 2
[19/6/2018 17:41:2] /a 2
[19/6/2018 17:41:2] /a 2
[19/6/2018 17:41:2] /a 2
[19/6/2018 17:41:2] /a 2
[19/6/2018 17:41:2] /a 2
[19/6/2018 17:41:2] /a 2
[19/6/2018 17:41:3] /a 2
[19/6/2018 17:41:3] /a 2
[19/6/2018 17:41:3] /a 2
[19/6/2018 17:41:3] /a 2
[19/6/2018 17:41:3] /a 2
[19/6/2018 17:41:3] /a 2
[19/6/2018 17:41:3] /a 2
[19/6/2018 17:41:3] /a 2
[19/6/2018 17:41:3] /a 2
[19/6/2018 17:41:3] /a 2
[19/6/2018 17:41:3] /a 2
[19/6/2018 17:41:3] /a 2
[19/6/2018 17:41:3] /a 2
[19/6/2018 17:41:3] /a 2
[19/6/2018 17:41:3] /a 2
[19/6/2018 17:41:3] /a 2
[19/6/2018 17:41:3] /a 2
[19/6/2018 17:41:3] /a 2
[19/6/2018 17:41:3] /a 2
[19/6/2018 17:41:3] /a 2
[19/6/2018 17:41:3] /a 2
[19/6/2018 17:41:3] /a 2
[19/6/2018 17:41:3] /a 2
[19/6/2018 17:41:3] /a 2
[19/6/2018 17:41:4] /a 2
[19/6/2018 17:41:5] /a 2
[19/6/2018 17:41:5] /a 2
[19/6/2018 17:41:5] /a 2
[19/6/2018 17:41:5] /a 2
[19/6/2018 17:41:5] /a 2
[19/6/2018 17:41:5] /a 2
[19/6/2018 17:41:5] /a 2
[19/6/2018 17:41:5] /a 2
[19/6/2018 17:41:5] /a 2
[19/6/2018 17:41:5] /a 2
[19/6/2018 17:41:5] /a 2
[19/6/2018 17:41:5] /a 2
[19/6/2018 17:41:5] /a 2
[19/6/2018 17:41:5] /a 2
[19/6/2018 17:41:5] /a 2
[19/6/2018 17:41:5] /a 2
[19/6/2018 17:41:5] /a 2
[19/6/2018 17:41:5] /a 2
[19/6/2018 17:41:5] /a 2
[19/6/2018 17:41:5] /a 2
[19/6/2018 17:41:5] /a 2
[19/6/2018 17:41:5] /a 2
[19/6/2018 17:41:5] /a 2
[19/6/2018 17:41:5] /a 2
[19/6/2018 17:41:5] /a 2
[19/6/2018 17:41:5] /a 2
[19/6/2018 17:41:5] /a 2
[19/6/2018 17:41:5] /a 2
[19/6/2018 17:41:5] /a 2
[19/6/2018 17:41:5] /a 2
[19/6/2018 17:41:6] /a 2
[19/6/2018 17:41:6] /a 2
[19/6/2018 17:41:6] /a 2
[19/6/2018 17:41:6] /a 2
[19/6/2018 17:41:6] /a 2
[19/6/2018 17:41:6] /a 2
[19/6/2018 17:41:6] /a 2
[19/6/2018 17:41:6] /a 2
[19/6/2018 17:41:6] /a 2
[19/6/2018 17:41:6] /a 2
[19/6/2018 17:41:6] /a 2
[19/6/2018 17:41:6] /a 2
[19/6/2018 17:41:6] /a 2
[19/6/2018 17:41:6] /a 2
[19/6/2018 17:41:6] /a 2
[19/6/2018 17:41:6] /a 2
[19/6/2018 17:41:6] /a 2
[19/6/2018 17:41:6] /a 2
[19/6/2018 17:41:6] /a 2
[19/6/2018 17:41:6] /a 2
[19/6/2018 17:41:6] /a 2
[19/6/2018 17:41:6] /a 2
[19/6/2018 17:41:6] /a 2
[19/6/2018 17:41:6] /a 2
[19/6/2018 17:41:6] /a 2
[19/6/2018 17:41:6] /a 2
[19/6/2018 17:41:6] /a 2
[19/6/2018 17:41:6] /a 2
[19/6/2018 17:41:6] /a 2
[19/6/2018 17:41:6] /a 2
[19/6/2018 17:41:6] /a 2
[19/6/2018 17:41:6] /a 2
[19/6/2018 17:41:7] /a 2
[19/6/2018 17:41:7] /a 2
[19/6/2018 17:41:7] /a 2
[19/6/2018 17:41:7] /a 2
[19/6/2018 17:41:7] /a 2
[19/6/2018 17:41:7] /a 2
[19/6/2018 17:41:7] /a 2
[19/6/2018 17:41:7] /a 2
[19/6/2018 17:41:7] /a 2
[19/6/2018 17:41:7] /a 2
[19/6/2018 17:41:7] /a 2
[19/6/2018 17:41:8] /a 2
[19/6/2018 17:41:8] /a 2
[19/6/2018 17:41:8] /a 2
[19/6/2018 17:41:8] /a 2
[19/6/2018 17:41:8] /a 2
[19/6/2018 17:41:8] /a 2
[19/6/2018 17:41:8] /a 2
[19/6/2018 17:41:9] /a 2
[19/6/2018 17:41:9] /a 2
[19/6/2018 17:41:9] /a 2
[19/6/2018 17:41:9] /a 2
[19/6/2018 17:41:10] /a 2
[19/6/2018 17:41:10] /a 2
[19/6/2018 17:41:10] /a 2
[19/6/2018 17:41:10] /a 2
[19/6/2018 17:41:10] /a 2
[19/6/2018 17:41:10] /a 2
[19/6/2018 17:41:10] /a 2
[19/6/2018 17:41:10] /a 2
[19/6/2018 17:41:10] /a 2
[19/6/2018 17:41:10] /a 2
[19/6/2018 17:41:11] /a 2
[19/6/2018 17:41:11] /a 2
[19/6/2018 17:41:11] /a 2
[19/6/2018 17:41:11] /a 2
[19/6/2018 17:41:11] /a 2
[19/6/2018 17:41:11] /a 2
[19/6/2018 17:41:11] /a 2
[19/6/2018 17:41:11] /a 2
[19/6/2018 17:41:11] /a 2
[19/6/2018 17:41:11] /a 2
[19/6/2018 17:41:11] /a 2
[19/6/2018 17:41:11] /a 2
[19/6/2018 17:41:11] /a 2
[19/6/2018 17:41:11] /a 2
[19/6/2018 17:41:11] /a 2
[19/6/2018 17:41:11] /a 2
[19/6/2018 17:41:11] /a 2
[19/6/2018 17:41:11] /a 2
[19/6/2018 17:41:11] /a 2
[19/6/2018 17:41:11] /a 2
[19/6/2018 17:41:11] /a 2
[19/6/2018 17:41:11] /a 2
[19/6/2018 17:41:12] /a 2
[19/6/2018 17:41:12] /a 2
[19/6/2018 17:41:12] /a 2
[19/6/2018 17:41:12] /a 2
[19/6/2018 17:41:12] /a 2
[19/6/2018 17:41:12] /a 2
[19/6/2018 17:41:12] /a 2
[19/6/2018 17:41:12] /a 2
[19/6/2018 17:41:12] /a 2
[19/6/2018 17:41:12] /a 2
[19/6/2018 17:41:12] /a 2
[19/6/2018 17:41:12] /a 2
[19/6/2018 17:41:12] /a 2
[19/6/2018 17:41:12] /a 2
[19/6/2018 17:41:12] /a 2
[19/6/2018 17:41:12] /a 2
[19/6/2018 17:41:12] /a 2
[19/6/2018 17:41:12] /a 2
[19/6/2018 17:41:12] /a 2
[19/6/2018 17:41:12] /a 2
[19/6/2018 17:41:12] /a 2
[19/6/2018 17:41:12] /a 2
[19/6/2018 17:41:12] /a 2
[19/6/2018 17:41:12] /a 2
[19/6/2018 17:41:12] /a 2
[19/6/2018 17:41:12] /a 2
[19/6/2018 17:41:12] /a 2
[19/6/2018 17:41:12] /a 2
[19/6/2018 17:41:12] /a 2
[19/6/2018 17:41:12] /a 2
[19/6/2018 17:41:13] /a 2
[19/6/2018 17:41:13] /a 2
[19/6/2018 17:41:13] /a 2
[19/6/2018 17:41:13] /a 2
[19/6/2018 17:41:13] /a 2
[19/6/2018 17:41:13] /a 2
[19/6/2018 17:41:13] /a 2
[19/6/2018 17:41:13] /a 2
[19/6/2018 17:41:13] /a 2
[19/6/2018 17:41:13] /a 2
[19/6/2018 17:41:13] /a 2
[19/6/2018 17:41:13] /a 2
[19/6/2018 17:41:13] /a 2
[19/6/2018 17:41:13] /a 2
[19/6/2018 17:41:13] /a 2
[19/6/2018 17:41:14] /a 2
[19/6/2018 17:41:14] /a 2
[19/6/2018 17:41:14] /a 2
[19/6/2018 17:41:14] /a 2
[19/6/2018 17:41:14] /a 2
[19/6/2018 17:41:14] /a 2
[19/6/2018 17:41:14] /a 2
[19/6/2018 17:41:14] /a 2
[19/6/2018 17:41:14] /a 2
[19/6/2018 17:41:14] /a 2
[19/6/2018 17:41:14] /a 2
[19/6/2018 17:41:14] /a 2
[19/6/2018 17:41:14] /a 2
[19/6/2018 17:41:14] /a 2
[19/6/2018 17:41:15] /a 2
[19/6/2018 17:41:15] /a 2
[19/6/2018 17:41:15] /a 2
[19/6/2018 17:41:15] /a 2
[19/6/2018 17:41:15] /a 2
[19/6/2018 17:41:15] /a 2
[19/6/2018 17:41:15] /a 2
[19/6/2018 17:41:16] /a 2
[19/6/2018 17:41:16] /a 2
[19/6/2018 17:41:16] /a 2
[19/6/2018 17:41:17] /a 2
[19/6/2018 17:41:18] /a 2
[19/6/2018 17:41:18] /a 2
[19/6/2018 17:41:18] /a 2
[19/6/2018 17:41:18] /a 2
[19/6/2018 17:41:18] /a 2
[19/6/2018 17:41:18] /a 2
[19/6/2018 17:41:18] /a 2
[19/6/2018 17:41:18] /a 2
[19/6/2018 17:41:18] /a 2
[19/6/2018 17:41:18] /a 2
[19/6/2018 17:41:18] /a 2
[19/6/2018 17:41:18] /a 2
[19/6/2018 17:41:18] /a 2
[19/6/2018 17:41:18] /a 2
[19/6/2018 17:41:18] /a 2
[19/6/2018 17:41:18] /a 2
[19/6/2018 17:41:18] /a 2
[19/6/2018 17:41:18] /a 2
[19/6/2018 17:41:18] /a 2
[19/6/2018 17:41:18] /a 2
[19/6/2018 17:41:18] /a 2
[19/6/2018 17:41:18] /a 2
[19/6/2018 17:41:18] /a 2
[19/6/2018 17:41:19] /a 2
[19/6/2018 17:41:19] /a 2
[19/6/2018 17:41:19] /a 2
[19/6/2018 17:41:19] /a 2
[19/6/2018 17:41:19] /a 2
[19/6/2018 17:41:19] /a 2
[19/6/2018 17:41:19] /a 2
[19/6/2018 17:41:19] /a 2
[19/6/2018 17:41:19] /a 2
[19/6/2018 17:41:19] /a 2
[19/6/2018 17:41:19] /a 2
[19/6/2018 17:41:19] /a 2
[19/6/2018 17:41:19] /a 2
[19/6/2018 17:41:19] /a 2
[19/6/2018 17:41:19] /a 2
[19/6/2018 17:41:19] /a 2
[19/6/2018 17:41:19] /a 2
[19/6/2018 17:41:19] /a 2
[19/6/2018 17:41:19] /a 2
[19/6/2018 17:41:19] /a 2
[19/6/2018 17:41:19] /a 2
[19/6/2018 17:41:19] /a 2
[19/6/2018 17:41:19] /a 2
[19/6/2018 17:41:19] /a 2
[19/6/2018 17:41:19] /a 2
[19/6/2018 17:41:19] /a 2
[19/6/2018 17:41:19] /a 2
[19/6/2018 17:41:19] /a 2
[19/6/2018 17:41:19] /a 2
[19/6/2018 17:41:19] /a 2
[19/6/2018 17:41:19] /a 2
[19/6/2018 17:41:19] /a 2
[19/6/2018 17:41:20] /a 2
[19/6/2018 17:41:20] /a 2
[19/6/2018 17:41:20] /a 2
[19/6/2018 17:41:20] /a 2
[19/6/2018 17:41:20] /a 2
[19/6/2018 17:41:20] /a 2
[19/6/2018 17:41:20] /a 2
[19/6/2018 17:41:20] /a 2
[19/6/2018 17:41:20] /a 2
[19/6/2018 17:41:20] /a 2
[19/6/2018 17:41:20] /a 2
[19/6/2018 17:41:20] /a 2
[19/6/2018 17:41:20] /a 2
[19/6/2018 17:41:20] /a 2
[19/6/2018 17:41:20] /a 2
[19/6/2018 17:41:20] /a 2
[19/6/2018 17:41:20] /a 2
[19/6/2018 17:41:20] /a 2
[19/6/2018 17:41:20] /a 2
[19/6/2018 17:41:20] /a 2
[19/6/2018 17:41:20] /a 2
[19/6/2018 17:41:23] /a
[19/6/2018 17:41:24] /a
[19/6/2018 17:41:24] /a
[19/6/2018 17:41:24] /a
[19/6/2018 17:41:24] /a
[19/6/2018 17:41:24] /a
[19/6/2018 17:41:24] /a
[19/6/2018 17:41:24] /a
[19/6/2018 17:41:24] /a
[19/6/2018 17:41:24] /a
[19/6/2018 17:41:24] /a
[19/6/2018 17:41:24] /a
[19/6/2018 17:41:24] /a
[19/6/2018 17:41:24] /a
[19/6/2018 17:41:24] /a
[19/6/2018 17:41:24] /a
[19/6/2018 17:41:24] /a
[19/6/2018 17:41:24] /a
[19/6/2018 17:41:25] /a
[19/6/2018 17:41:25] /a
[19/6/2018 17:41:25] /a
[19/6/2018 17:41:25] /a
[19/6/2018 17:41:25] /a
[19/6/2018 17:41:25] /a
[19/6/2018 17:41:25] /a
[19/6/2018 17:41:25] /a
[19/6/2018 17:41:25] /a
[19/6/2018 17:41:25] /a
[19/6/2018 17:41:25] /a
[19/6/2018 17:41:25] /a
[19/6/2018 17:41:25] /a
[19/6/2018 17:41:25] /a
[19/6/2018 17:41:25] /a
[19/6/2018 17:41:25] /a
[19/6/2018 17:41:25] /a
[19/6/2018 17:41:25] /a
[19/6/2018 17:41:25] /a
[19/6/2018 17:41:25] /a
[19/6/2018 17:41:25] /a
[19/6/2018 17:41:25] /a
[19/6/2018 17:41:25] /a
[19/6/2018 17:41:25] /a
[19/6/2018 17:41:25] /a
[19/6/2018 17:41:25] /a
[19/6/2018 17:41:25] /a
[19/6/2018 17:41:25] /a
[19/6/2018 17:41:25] /a
[19/6/2018 17:41:25] /a
[19/6/2018 17:41:25] /a
[19/6/2018 17:41:25] /a
[19/6/2018 17:41:25] /a
[19/6/2018 17:41:25] /a
[19/6/2018 17:41:26] /a
[19/6/2018 17:41:26] /a
[19/6/2018 17:41:26] /a
[19/6/2018 17:41:26] /a
[19/6/2018 17:41:26] /a
[19/6/2018 17:41:26] /a
[19/6/2018 17:41:26] /a
[19/6/2018 17:41:26] /a
[19/6/2018 17:41:26] /a
[19/6/2018 17:41:26] /a
[19/6/2018 17:41:26] /a
[19/6/2018 17:41:26] /a
[19/6/2018 17:41:26] /a
[19/6/2018 17:41:26] /a
[19/6/2018 17:41:26] /a
[19/6/2018 17:41:26] /a
[19/6/2018 17:41:26] /a
[19/6/2018 17:41:26] /a
[19/6/2018 17:41:26] /a
[19/6/2018 17:41:26] /a
[19/6/2018 17:41:26] /a
[19/6/2018 17:41:26] /a
[19/6/2018 17:41:26] /a
[19/6/2018 17:41:26] /a
[19/6/2018 17:41:26] /a
[19/6/2018 17:41:26] /a
[19/6/2018 17:41:26] /a
[19/6/2018 17:41:26] /a
[19/6/2018 17:41:26] /a
[19/6/2018 17:41:27] /a
[19/6/2018 17:41:27] /a
[19/6/2018 17:41:27] /a
[19/6/2018 17:41:27] /a
[19/6/2018 17:41:27] /a
[19/6/2018 17:41:27] /a
[19/6/2018 17:41:27] /a
[19/6/2018 17:41:27] /a
[19/6/2018 17:41:27] /a
[19/6/2018 17:41:27] /a
[19/6/2018 17:41:27] /a
[19/6/2018 17:41:27] /a
[19/6/2018 17:41:27] /a
[19/6/2018 17:41:27] /a
[19/6/2018 17:41:27] /a
[19/6/2018 17:41:27] /a
[19/6/2018 17:41:27] /a
[19/6/2018 17:41:27] /a
[19/6/2018 17:41:27] /a
[19/6/2018 17:41:27] /a
[19/6/2018 17:41:27] /a
[19/6/2018 17:41:27] /a
[19/6/2018 17:41:27] /a
[19/6/2018 17:41:27] /a
[19/6/2018 17:41:27] /a
[19/6/2018 17:41:27] /a
[19/6/2018 17:41:27] /a
[19/6/2018 17:41:27] /a
[19/6/2018 17:41:27] /a
[19/6/2018 17:41:27] /a
[19/6/2018 17:41:27] /a
[19/6/2018 17:41:27] /a
[19/6/2018 17:41:27] /a
[19/6/2018 17:41:27] /a
[19/6/2018 17:41:28] /a
[19/6/2018 17:41:28] /a
[19/6/2018 17:41:28] /a
[19/6/2018 17:41:28] /a
[19/6/2018 17:41:28] /a
[19/6/2018 17:41:28] /a
[19/6/2018 17:41:28] /a
[19/6/2018 17:41:28] /a
[19/6/2018 17:41:28] /a
[19/6/2018 17:41:28] /a
[19/6/2018 17:41:28] /a
[19/6/2018 17:41:28] /a
[19/6/2018 17:41:28] /a
[19/6/2018 17:41:28] /a
[19/6/2018 17:41:30] /up
[19/6/2018 17:41:30] /a
[19/6/2018 17:41:31] /a
[19/6/2018 17:41:31] /a
[19/6/2018 17:41:31] /a
[19/6/2018 17:41:31] /a
[19/6/2018 17:41:31] /a
[19/6/2018 17:41:31] /a
[19/6/2018 17:41:31] /a
[19/6/2018 17:41:31] /a
[19/6/2018 17:41:31] /a
[19/6/2018 17:41:31] /a
[19/6/2018 17:41:31] /a
[19/6/2018 17:41:31] /a
[19/6/2018 17:41:31] /a
[19/6/2018 17:41:31] /a
[19/6/2018 17:41:31] /a
[19/6/2018 17:41:31] /a
[19/6/2018 17:41:31] /a
[19/6/2018 17:41:31] /a
[19/6/2018 17:41:32] /a
[19/6/2018 17:41:32] /a
[19/6/2018 17:41:32] /a
[19/6/2018 17:41:32] /a
[19/6/2018 17:41:32] /a
[19/6/2018 17:41:32] /a
[19/6/2018 17:41:32] /a
[19/6/2018 17:41:32] /a
[19/6/2018 17:41:32] /a
[19/6/2018 17:41:32] /a
[19/6/2018 17:41:32] /a
[19/6/2018 17:41:32] /a
[19/6/2018 17:41:32] /a
[19/6/2018 17:41:32] /a
[19/6/2018 17:41:32] /a
[19/6/2018 17:41:32] /a
[19/6/2018 17:41:32] /a
[19/6/2018 17:41:32] /a
[19/6/2018 17:41:32] /a
[19/6/2018 17:41:32] /a
[19/6/2018 17:41:32] /a
[19/6/2018 17:41:32] /a
[19/6/2018 17:41:32] /a
[19/6/2018 17:41:32] /a
[19/6/2018 17:41:32] /a
[19/6/2018 17:41:32] /a
[19/6/2018 17:41:32] /a
[19/6/2018 17:41:32] /a
[19/6/2018 17:41:32] /a
[19/6/2018 17:41:32] /a
[19/6/2018 17:41:32] /a
[19/6/2018 17:41:32] /a
[19/6/2018 17:41:33] /a
[19/6/2018 17:41:33] /a
[19/6/2018 17:41:33] /a
[19/6/2018 17:41:33] /a
[19/6/2018 17:41:33] /a
[19/6/2018 17:41:33] /a
[19/6/2018 17:41:33] /a
[19/6/2018 17:41:33] /a
[19/6/2018 17:41:33] /a
[19/6/2018 17:41:33] /a
[19/6/2018 17:41:33] /a
[19/6/2018 17:41:33] /a
[19/6/2018 17:41:33] /a
[19/6/2018 17:41:33] /a
[19/6/2018 17:41:33] /a
[19/6/2018 17:41:33] /a
[19/6/2018 17:41:33] /a
[19/6/2018 17:41:33] /a
[19/6/2018 17:41:33] /a
[19/6/2018 17:41:33] /a
[19/6/2018 17:41:33] /a
[19/6/2018 17:41:33] /a
[19/6/2018 17:41:33] /a
[19/6/2018 17:41:33] /a
[19/6/2018 17:41:33] /a
[19/6/2018 17:41:33] /a
[19/6/2018 17:41:33] /a
[19/6/2018 17:41:33] /a
[19/6/2018 17:41:34] /a
[19/6/2018 17:41:34] /a
[19/6/2018 17:41:34] /a
[19/6/2018 17:41:34] /a
[19/6/2018 17:41:34] /a
[19/6/2018 17:41:34] /a
[19/6/2018 17:41:34] /a
[19/6/2018 17:41:35] /a
[19/6/2018 17:41:35] /a
[19/6/2018 17:41:35] /a
[19/6/2018 17:41:35] /a
[19/6/2018 17:41:35] /a
[19/6/2018 17:41:35] /a
[19/6/2018 17:41:35] /a
[19/6/2018 17:41:35] /a
[19/6/2018 17:41:35] /a
[19/6/2018 17:41:35] /a
[19/6/2018 17:41:35] /a
[19/6/2018 17:41:35] /a
[19/6/2018 17:41:35] /a
[19/6/2018 17:41:35] /a
[19/6/2018 17:41:35] /a
[19/6/2018 17:41:35] /a
[19/6/2018 17:41:35] /a
[19/6/2018 17:41:35] /a
[19/6/2018 17:41:35] /a
[19/6/2018 17:41:35] /a
[19/6/2018 17:41:35] /a
[19/6/2018 17:41:35] /a
[19/6/2018 17:41:35] /a
[19/6/2018 17:41:35] /a
[19/6/2018 17:41:35] /a
[19/6/2018 17:41:35] /a
[19/6/2018 17:41:35] /a
[19/6/2018 17:41:35] /a
[19/6/2018 17:41:36] /a
[19/6/2018 17:41:36] /a
[19/6/2018 17:41:36] /a
[19/6/2018 17:41:36] /a
[19/6/2018 17:41:36] /a
[19/6/2018 17:41:36] /a
[19/6/2018 17:41:36] /a
[19/6/2018 17:41:36] /a
[19/6/2018 17:41:36] /a
[19/6/2018 17:41:36] /a
[19/6/2018 17:41:36] /a
[19/6/2018 17:41:36] /a
[19/6/2018 17:41:36] /a
[19/6/2018 17:41:36] /a
[19/6/2018 17:41:36] /a
[19/6/2018 17:41:36] /a
[19/6/2018 17:41:36] /a
[19/6/2018 17:41:36] /a
[19/6/2018 17:41:36] /a
[19/6/2018 17:41:36] /a
[19/6/2018 17:41:36] /a
[19/6/2018 17:41:36] /a
[19/6/2018 17:41:36] /a
[19/6/2018 17:41:36] /a
[19/6/2018 17:41:36] /a
[19/6/2018 17:41:36] /a
[19/6/2018 17:41:36] /a
[19/6/2018 17:41:36] /a
[19/6/2018 17:41:36] /a
[19/6/2018 17:41:36] /a
[19/6/2018 17:41:36] /a
[19/6/2018 17:41:36] /a
[19/6/2018 17:41:36] /a
[19/6/2018 17:41:37] /a
[19/6/2018 17:41:37] /a
[19/6/2018 17:41:37] /a
[19/6/2018 17:41:37] /a
[19/6/2018 17:41:37] /a
[19/6/2018 17:41:37] /a
[19/6/2018 17:41:37] /a
[19/6/2018 17:41:37] /a
[19/6/2018 17:41:37] /a
[19/6/2018 17:41:37] /a
[19/6/2018 17:41:37] /a
[19/6/2018 17:41:37] /a
[19/6/2018 17:41:37] /a
[19/6/2018 17:41:37] /a
[19/6/2018 17:41:37] /a
[19/6/2018 17:41:37] /a
[19/6/2018 17:41:37] /a
[19/6/2018 17:41:37] /a
[19/6/2018 17:41:37] /a
[19/6/2018 17:41:37] /a
[19/6/2018 17:41:37] /a
[19/6/2018 17:41:37] /a
[19/6/2018 17:41:37] /a
[19/6/2018 17:41:37] /a
[19/6/2018 17:41:37] /a
[19/6/2018 17:41:37] /a
[19/6/2018 17:41:37] /a
[19/6/2018 17:41:37] /a
[19/6/2018 17:41:37] /a
[19/6/2018 17:41:37] /a
[19/6/2018 17:41:37] /a
[19/6/2018 17:41:37] /a
[19/6/2018 17:41:38] /a
[19/6/2018 17:41:38] /a
[19/6/2018 17:41:38] /a
[19/6/2018 17:41:38] /a
[19/6/2018 17:41:38] /a
[19/6/2018 17:41:38] /a
[19/6/2018 17:41:38] /a
[19/6/2018 17:41:38] /a
[19/6/2018 17:41:38] /a
[19/6/2018 17:41:38] /a
[19/6/2018 17:41:38] /a
[19/6/2018 17:41:38] /a
[19/6/2018 17:41:38] /a
[19/6/2018 17:41:38] /a
[19/6/2018 17:41:38] /a
[19/6/2018 17:41:38] /a
[19/6/2018 17:41:38] /a
[19/6/2018 17:41:38] /a
[19/6/2018 17:41:38] /a
[19/6/2018 17:41:38] /a
[19/6/2018 17:41:38] /a
[19/6/2018 17:41:38] /a
[19/6/2018 17:41:38] /a
[19/6/2018 17:41:38] /a
[19/6/2018 17:41:38] /a
[19/6/2018 17:41:38] /a
[19/6/2018 17:41:38] /a
[19/6/2018 17:41:38] /a
[19/6/2018 17:41:38] /a
[19/6/2018 17:41:38] /a
[19/6/2018 17:41:38] /a
[19/6/2018 17:41:39] /a
[19/6/2018 17:41:39] /a
[19/6/2018 17:41:39] /a
[19/6/2018 17:41:39] /a
[19/6/2018 17:41:39] /a
[19/6/2018 17:41:39] /a
[19/6/2018 17:41:39] /a
[19/6/2018 17:41:39] /a
[19/6/2018 17:41:39] /a
[19/6/2018 17:41:39] /a
[19/6/2018 17:41:39] /a
[19/6/2018 17:41:39] /a
[19/6/2018 17:41:39] /a
[19/6/2018 17:41:39] /a
[19/6/2018 17:41:39] /a
[19/6/2018 17:41:39] /a
[19/6/2018 17:41:39] /a
[19/6/2018 17:41:39] /a
[19/6/2018 17:41:39] /a
[19/6/2018 17:41:39] /a
[19/6/2018 17:41:39] /a
[19/6/2018 17:41:39] /a
[19/6/2018 17:41:39] /a
[19/6/2018 17:41:39] /a
[19/6/2018 17:41:39] /a
[19/6/2018 17:41:39] /a
[19/6/2018 17:41:39] /a
[19/6/2018 17:41:39] /a
[19/6/2018 17:41:39] /a
[19/6/2018 17:41:39] /a
[19/6/2018 17:41:39] /a
[19/6/2018 17:41:40] /a
[19/6/2018 17:41:40] /a
[19/6/2018 17:41:40] /a
[19/6/2018 17:41:40] /a
[19/6/2018 17:41:40] /a
[19/6/2018 17:41:40] /a
[19/6/2018 17:41:40] /a
[19/6/2018 17:41:40] /a
[19/6/2018 17:41:40] /a
[19/6/2018 17:41:40] /a
[19/6/2018 17:41:40] /a
[19/6/2018 17:41:40] /a
[19/6/2018 17:41:40] /a
[19/6/2018 17:41:40] /a
[19/6/2018 17:41:40] /a
[19/6/2018 17:41:40] /a
[19/6/2018 17:41:40] /a
[19/6/2018 17:41:40] /a
[19/6/2018 17:41:40] /a
[19/6/2018 17:41:40] /a
[19/6/2018 17:41:40] /a
[19/6/2018 17:41:40] /a
[19/6/2018 17:41:40] /a
[19/6/2018 17:41:40] /a
[19/6/2018 17:41:40] /a
[19/6/2018 17:41:40] /a
[19/6/2018 17:41:40] /a
[19/6/2018 17:41:40] /a
[19/6/2018 17:41:40] /a
[19/6/2018 17:41:40] /a
[19/6/2018 17:41:41] /a
[19/6/2018 17:41:41] /a
[19/6/2018 17:41:41] /a
[19/6/2018 17:41:41] /a
[19/6/2018 17:41:41] /a
[19/6/2018 17:41:41] /a
[19/6/2018 17:41:41] /a
[19/6/2018 17:41:41] /a
[19/6/2018 17:41:41] /a
[19/6/2018 17:41:41] /a
[19/6/2018 17:41:41] /a
[19/6/2018 17:41:41] /a
[19/6/2018 17:41:41] /a
[19/6/2018 17:41:41] /a
[19/6/2018 17:41:41] /a
[19/6/2018 17:41:41] /a
[19/6/2018 17:41:41] /a
[19/6/2018 17:41:41] /a
[19/6/2018 17:41:41] /a
[19/6/2018 17:41:41] /a
[19/6/2018 17:41:41] /a
[19/6/2018 17:41:41] /a
[19/6/2018 17:41:41] /a
[19/6/2018 17:41:41] /a
[19/6/2018 17:41:41] /a
[19/6/2018 17:41:41] /a
[19/6/2018 17:41:41] /a
[19/6/2018 17:41:41] /a
[19/6/2018 17:41:41] /a
[19/6/2018 17:41:41] /a
[19/6/2018 17:41:42] /a
[19/6/2018 17:41:42] /a
[19/6/2018 17:41:42] /a
[19/6/2018 17:41:42] /a
[19/6/2018 17:41:42] /a
[19/6/2018 17:41:42] /a
[19/6/2018 17:41:42] /a
[19/6/2018 17:41:42] /a
[19/6/2018 17:41:42] /a
[19/6/2018 17:41:42] /a
[19/6/2018 17:41:42] /a
[19/6/2018 17:41:42] /a
[19/6/2018 17:41:42] /a
[19/6/2018 17:41:42] /a
[19/6/2018 17:41:42] /a
[19/6/2018 17:41:42] /a
[19/6/2018 17:41:42] /a
[19/6/2018 17:41:42] /a
[19/6/2018 17:41:42] /a
[19/6/2018 17:41:42] /a
[19/6/2018 17:41:42] /a
[19/6/2018 17:41:42] /a
[19/6/2018 17:41:42] /a
[19/6/2018 17:41:42] /a
[19/6/2018 17:41:42] /a
[19/6/2018 17:41:42] /a
[19/6/2018 17:41:42] /a
[19/6/2018 17:41:42] /a
[19/6/2018 17:41:42] /a
[19/6/2018 17:41:42] /a
[19/6/2018 17:41:42] /a
[19/6/2018 17:41:42] /a
[19/6/2018 17:41:42] /a
[19/6/2018 17:41:43] /a
[19/6/2018 17:41:43] /a
[19/6/2018 17:41:43] /a
[19/6/2018 17:41:43] /a
[19/6/2018 17:41:43] /a
[19/6/2018 17:41:43] /a
[19/6/2018 17:41:43] /a
[19/6/2018 17:41:43] /a
[19/6/2018 17:41:43] /a
[19/6/2018 17:41:43] /a
[19/6/2018 17:41:43] /a
[19/6/2018 17:41:43] /a
[19/6/2018 17:41:43] /a
[19/6/2018 17:41:43] /a
[19/6/2018 17:41:43] /a
[19/6/2018 17:41:43] /a
[19/6/2018 17:41:43] /a
[19/6/2018 17:41:43] /a
[19/6/2018 17:41:43] /a
[19/6/2018 17:41:43] /a
[19/6/2018 17:41:43] /a
[19/6/2018 17:41:43] /a
[19/6/2018 17:41:43] /a
[19/6/2018 17:41:43] /a
[19/6/2018 17:41:43] /a
[19/6/2018 17:41:43] /a
[19/6/2018 17:41:43] /a
[19/6/2018 17:41:43] /a
[19/6/2018 17:41:43] /a
[19/6/2018 17:41:43] /a
[19/6/2018 17:41:43] /a
[19/6/2018 17:41:44] /a
[19/6/2018 17:41:44] /a
[19/6/2018 17:41:44] /a
[19/6/2018 17:41:44] /a
[19/6/2018 17:41:44] /a
[19/6/2018 17:41:44] /a
[19/6/2018 17:41:44] /a
[19/6/2018 17:41:44] /a
[19/6/2018 17:41:44] /a
[19/6/2018 17:41:44] /a
[19/6/2018 17:41:44] /a
[19/6/2018 17:41:44] /a
[19/6/2018 17:41:44] /a
[19/6/2018 17:41:44] /a
[19/6/2018 17:41:44] /a
[19/6/2018 17:41:44] /a
[19/6/2018 17:41:44] /a
[19/6/2018 17:41:44] /a
[19/6/2018 17:41:44] /a
[19/6/2018 17:41:44] /a
[19/6/2018 17:41:44] /a
[19/6/2018 17:41:44] /a
[19/6/2018 17:41:44] /a
[19/6/2018 17:41:44] /a
[19/6/2018 17:41:44] /a
[19/6/2018 17:41:44] /a
[19/6/2018 17:41:44] /a
[19/6/2018 17:41:45] /a
[19/6/2018 17:41:45] /a
[19/6/2018 17:41:45] /a
[19/6/2018 17:41:45] /a
[19/6/2018 17:41:45] /a
[19/6/2018 17:41:45] /a
[19/6/2018 17:41:45] /a
[19/6/2018 17:41:45] /a
[19/6/2018 17:41:45] /a
[19/6/2018 17:41:45] /a
[19/6/2018 17:41:45] /a
[19/6/2018 17:41:45] /a
[19/6/2018 17:41:45] /a
[19/6/2018 17:41:45] /a
[19/6/2018 17:41:45] /a
[19/6/2018 17:41:45] /a
[19/6/2018 17:41:45] /a
[19/6/2018 17:41:45] /a
[19/6/2018 17:41:45] /a
[19/6/2018 17:41:45] /a
[19/6/2018 17:41:45] /a
[19/6/2018 17:41:45] /a
[19/6/2018 17:41:45] /a
[19/6/2018 17:41:45] /a
[19/6/2018 17:41:45] /a
[19/6/2018 17:41:45] /a
[19/6/2018 17:41:45] /a
[19/6/2018 17:41:45] /a
[19/6/2018 17:41:45] /a
[19/6/2018 17:41:45] /a
[19/6/2018 17:41:45] /a
[19/6/2018 17:41:45] /a
[19/6/2018 17:41:45] /a
[19/6/2018 17:41:46] /a
[19/6/2018 17:41:46] /a
[19/6/2018 17:41:46] /a
[19/6/2018 17:41:46] /a
[19/6/2018 17:41:46] /a
[19/6/2018 17:41:46] /a
[19/6/2018 17:41:46] /a
[19/6/2018 17:41:46] /a
[19/6/2018 17:41:46] /a
[19/6/2018 17:41:46] /a
[19/6/2018 17:41:46] /a
[19/6/2018 17:41:46] /a
[19/6/2018 17:41:46] /a
[19/6/2018 17:41:46] /a
[19/6/2018 17:41:46] /a
[19/6/2018 17:41:46] /a
[19/6/2018 17:41:46] /a
[19/6/2018 17:41:46] /a
[19/6/2018 17:41:46] /a
[19/6/2018 17:41:46] /a
[19/6/2018 17:41:46] /a
[19/6/2018 17:41:46] /a
[19/6/2018 17:41:46] /a
[19/6/2018 17:41:46] /a
[19/6/2018 17:41:46] /a
[19/6/2018 17:41:46] /a
[19/6/2018 17:41:46] /a
[19/6/2018 17:41:46] /a
[19/6/2018 17:41:46] /a
[19/6/2018 17:41:46] /a
[19/6/2018 17:41:46] /a
[19/6/2018 17:41:46] /a
[19/6/2018 17:41:47] /a
[19/6/2018 17:41:47] /a
[19/6/2018 17:41:47] /a
[19/6/2018 17:41:47] /a
[19/6/2018 17:41:47] /a
[19/6/2018 17:41:47] /a
[19/6/2018 17:41:47] /a
[19/6/2018 17:41:47] /a
[19/6/2018 17:41:47] /a
[19/6/2018 17:41:47] /a
[19/6/2018 17:41:47] /a
[19/6/2018 17:41:47] /a
[19/6/2018 17:41:47] /a
[19/6/2018 17:41:47] /a
[19/6/2018 17:41:47] /a
[19/6/2018 17:41:47] /a
[19/6/2018 17:41:47] /a
[19/6/2018 17:41:47] /a
[19/6/2018 17:41:47] /a
[19/6/2018 17:41:47] /a
[19/6/2018 17:41:47] /a
[19/6/2018 17:41:47] /a
[19/6/2018 17:41:47] /a
[19/6/2018 17:41:47] /a
[19/6/2018 17:41:47] /a
[19/6/2018 17:41:47] /a
[19/6/2018 17:41:47] /a
[19/6/2018 17:41:47] /a
[19/6/2018 17:41:47] /a
[19/6/2018 17:41:47] /a
[19/6/2018 17:41:47] /a
[19/6/2018 17:41:48] /a
[19/6/2018 17:41:48] /a
[19/6/2018 17:41:48] /a
[19/6/2018 17:41:48] /a
[19/6/2018 17:41:48] /a
[19/6/2018 17:41:48] /a
[19/6/2018 17:41:48] /a
[19/6/2018 17:41:48] /a
[19/6/2018 17:41:48] /a
[19/6/2018 17:41:48] /a
[19/6/2018 17:41:48] /a
[19/6/2018 17:41:48] /a
[19/6/2018 17:41:48] /a
[19/6/2018 17:41:48] /a
[19/6/2018 17:41:48] /a
[19/6/2018 17:41:48] /a
[19/6/2018 17:41:48] /a
[19/6/2018 17:41:48] /a
[19/6/2018 17:41:48] /a
[19/6/2018 17:41:48] /a
[19/6/2018 17:41:48] /a
[19/6/2018 17:41:48] /a
[19/6/2018 17:41:48] /a
[19/6/2018 17:41:48] /a
[19/6/2018 17:41:48] /a
[19/6/2018 17:41:48] /a
[19/6/2018 17:41:48] /a
[19/6/2018 17:41:48] /a
[19/6/2018 17:41:48] /a
[19/6/2018 17:41:48] /a
[19/6/2018 17:41:48] /a
[19/6/2018 17:41:48] /a
[19/6/2018 17:41:48] /a
[19/6/2018 17:41:49] /a
[19/6/2018 17:41:49] /a
[19/6/2018 17:41:49] /a
[19/6/2018 17:41:49] /a
[19/6/2018 17:41:49] /a
[19/6/2018 17:41:49] /a
[19/6/2018 17:41:49] /a
[19/6/2018 17:41:49] /a
[19/6/2018 17:41:49] /a
[19/6/2018 17:41:49] /a
[19/6/2018 17:41:49] /a
[19/6/2018 17:41:49] /a
[19/6/2018 17:41:49] /a
[19/6/2018 17:41:49] /a
[19/6/2018 17:41:49] /a
[19/6/2018 17:41:49] /a
[19/6/2018 17:41:49] /a
[19/6/2018 17:41:49] /a
[19/6/2018 17:41:49] /a
[19/6/2018 17:41:49] /a
[19/6/2018 17:41:49] /a
[19/6/2018 17:41:49] /a
[19/6/2018 17:41:49] /a
[19/6/2018 17:41:49] /a
[19/6/2018 17:41:49] /a
[19/6/2018 17:41:49] /a
[19/6/2018 17:41:49] /a
[19/6/2018 17:41:49] /a
[19/6/2018 17:41:49] /a
[19/6/2018 17:41:49] /a
[19/6/2018 17:41:49] /a
[19/6/2018 17:41:50] /a
[19/6/2018 17:41:50] /a
[19/6/2018 17:41:50] /a
[19/6/2018 17:41:50] /a
[19/6/2018 17:41:50] /a
[19/6/2018 17:41:50] /a
[19/6/2018 17:41:50] /a
[19/6/2018 17:41:50] /a
[19/6/2018 17:41:50] /a
[19/6/2018 17:41:50] /a
[19/6/2018 17:41:50] /a
[19/6/2018 17:41:50] /a
[19/6/2018 17:41:50] /a
[19/6/2018 17:41:50] /a
[19/6/2018 17:41:50] /a
[19/6/2018 17:41:50] /a
[19/6/2018 17:41:50] /a
[19/6/2018 17:41:50] /a
[19/6/2018 17:41:50] /a
[19/6/2018 17:41:50] /a
[19/6/2018 17:41:50] /a
[19/6/2018 17:41:50] /a
[19/6/2018 17:41:50] /a
[19/6/2018 17:41:50] /a
[19/6/2018 17:41:50] /a
[19/6/2018 17:41:50] /a
[19/6/2018 17:41:50] /a
[19/6/2018 17:41:50] /a
[19/6/2018 17:41:50] /a
[19/6/2018 17:41:50] /a
[19/6/2018 17:41:50] /a
[19/6/2018 17:41:51] /a
[19/6/2018 17:41:51] /a
[19/6/2018 17:41:51] /a
[19/6/2018 17:41:51] /a
[19/6/2018 17:41:51] /a
[19/6/2018 17:41:51] /a
[19/6/2018 17:41:51] /a
[19/6/2018 17:41:51] /a
[19/6/2018 17:41:51] /a
[19/6/2018 17:41:51] /a
[19/6/2018 17:41:51] /a
[19/6/2018 17:41:51] /a
[19/6/2018 17:41:51] /a
[19/6/2018 17:41:51] /a
[19/6/2018 17:41:51] /a
[19/6/2018 17:41:51] /a
[19/6/2018 17:41:51] /a
[19/6/2018 17:41:51] /a
[19/6/2018 17:41:51] /a
[19/6/2018 17:41:51] /a
[19/6/2018 17:41:51] /a
[19/6/2018 17:41:51] /a
[19/6/2018 17:41:51] /a
[19/6/2018 17:41:51] /a
[19/6/2018 17:41:51] /a
[19/6/2018 17:41:51] /a
[19/6/2018 17:41:51] /a
[19/6/2018 17:41:51] /a
[19/6/2018 17:41:51] /a
[19/6/2018 17:41:51] /a
[19/6/2018 17:41:51] /a
[19/6/2018 17:41:51] /a
[19/6/2018 17:41:52] /a
[19/6/2018 17:41:52] /a
[19/6/2018 17:41:52] /a
[19/6/2018 17:41:52] /a
[19/6/2018 17:41:52] /a
[19/6/2018 17:41:52] /a
[19/6/2018 17:41:52] /a
[19/6/2018 17:41:52] /a
[19/6/2018 17:41:52] /a
[19/6/2018 17:41:52] /a
[19/6/2018 17:41:52] /a
[19/6/2018 17:41:52] /a
[19/6/2018 17:41:52] /a
[19/6/2018 17:41:52] /a
[19/6/2018 17:41:52] /a
[19/6/2018 17:41:52] /a
[19/6/2018 17:41:52] /a
[19/6/2018 17:41:52] /a
[19/6/2018 17:41:52] /a
[19/6/2018 17:41:52] /a
[19/6/2018 17:41:52] /a
[19/6/2018 17:41:52] /a
[19/6/2018 17:41:52] /a
[19/6/2018 17:41:52] /a
[19/6/2018 17:41:52] /a
[19/6/2018 17:41:52] /a
[19/6/2018 17:41:52] /a
[19/6/2018 17:41:52] /a
[19/6/2018 17:41:52] /a
[19/6/2018 17:41:53] /a
[19/6/2018 17:41:53] /a
[19/6/2018 17:41:53] /a
[19/6/2018 17:41:53] /a
[19/6/2018 17:41:53] /a
[19/6/2018 17:41:53] /a
[19/6/2018 17:41:53] /a
[19/6/2018 17:41:53] /a
[19/6/2018 17:41:53] /a
[19/6/2018 17:41:53] /a
[19/6/2018 17:41:53] /a
[19/6/2018 17:41:53] /a
[19/6/2018 17:41:53] /a
[19/6/2018 17:41:53] /a
[19/6/2018 17:41:53] /a
[19/6/2018 17:41:53] /a
[19/6/2018 17:41:53] /a
[19/6/2018 17:41:53] /a
[19/6/2018 17:41:53] /a
[19/6/2018 17:41:53] /a
[19/6/2018 17:41:53] /a
[19/6/2018 17:41:53] /a
[19/6/2018 17:41:53] /a
[19/6/2018 17:41:53] /a
[19/6/2018 17:41:53] /a
[19/6/2018 17:41:53] /a
[19/6/2018 17:41:53] /a
[19/6/2018 17:41:53] /a
[19/6/2018 17:41:53] /a
[19/6/2018 17:41:53] /a
[19/6/2018 17:41:53] /a
[19/6/2018 17:41:53] /a
[19/6/2018 17:41:53] /a
[19/6/2018 17:41:54] /a
[19/6/2018 17:41:54] /a
[19/6/2018 17:41:54] /a
[19/6/2018 17:41:54] /a
[19/6/2018 17:41:54] /a
[19/6/2018 17:41:54] /a
[19/6/2018 17:41:54] /a
[19/6/2018 17:41:54] /a
[19/6/2018 17:41:54] /a
[19/6/2018 17:41:54] /a
[19/6/2018 17:41:54] /a
[19/6/2018 17:41:54] /a
[19/6/2018 17:41:54] /a
[19/6/2018 17:41:54] /a
[19/6/2018 17:41:54] /a
[19/6/2018 17:41:54] /a
[19/6/2018 17:41:54] /a
[19/6/2018 17:41:54] /a
[19/6/2018 17:41:54] /a
[19/6/2018 17:41:54] /a
[19/6/2018 17:41:54] /a
[19/6/2018 17:41:54] /a
[19/6/2018 17:41:54] /a
[19/6/2018 17:41:54] /a
[19/6/2018 17:41:54] /a
[19/6/2018 17:41:54] /a
[19/6/2018 17:41:55] /a
[19/6/2018 17:41:55] /a
[19/6/2018 17:41:55] /a
[19/6/2018 17:41:55] /a
[19/6/2018 17:41:55] /a
[19/6/2018 17:41:55] /a
[19/6/2018 17:41:55] /a
[19/6/2018 17:41:55] /a
[19/6/2018 17:41:55] /a
[19/6/2018 17:41:55] /a
[19/6/2018 17:41:55] /a
[19/6/2018 17:41:55] /a
[19/6/2018 17:41:55] /a
[19/6/2018 17:41:55] /a
[19/6/2018 17:41:55] /a
[19/6/2018 17:41:55] /a
[19/6/2018 17:41:55] /a
[19/6/2018 17:41:55] /a
[19/6/2018 17:41:55] /a
[19/6/2018 17:41:55] /a
[19/6/2018 17:41:55] /a
[19/6/2018 17:41:55] /a
[19/6/2018 17:41:55] /a
[19/6/2018 17:41:55] /a
[19/6/2018 17:41:55] /a
[19/6/2018 17:41:55] /a
[19/6/2018 17:41:55] /a
[19/6/2018 17:41:55] /a
[19/6/2018 17:41:55] /a
[19/6/2018 17:41:55] /a
[19/6/2018 17:41:57] /t
[19/6/2018 17:44:3] /goto leave
[19/6/2018 17:44:31] /newtype 400
[19/6/2018 17:44:33] /newtype 401
[19/6/2018 17:44:35] /newtype 402
[19/6/2018 17:44:36] /newtype 403
[19/6/2018 17:48:48] /newtype 1273, merlin
[19/6/2018 17:49:23] /newtype 1171
[19/6/2018 17:49:27] /t
[19/6/2018 17:49:29] /down
[19/6/2018 17:53:45] /goto merlin
[19/6/2018 17:54:13] /ghost
[19/6/2018 17:58:23] /goto merlin
[19/6/2018 17:58:28] /goto merlin
[19/6/2018 17:59:6] /goto leave
[19/6/2018 18:3:11] /goto leave
[19/6/2018 18:3:14] /goto merlin
[19/6/2018 18:5:27] /r
[19/6/2018 18:7:32] /ghost
[19/6/2018 18:7:33] /ghost
[19/6/2018 18:7:49] /ghost
[19/6/2018 18:7:49] /ghost
[19/6/2018 18:8:9] /goto Sakurakarticapt
[19/6/2018 18:8:14] /a
[19/6/2018 18:8:14] /a
[19/6/2018 18:8:15] /a
[19/6/2018 18:8:15] /a
[19/6/2018 18:8:15] /a
[19/6/2018 18:8:16] /a
[19/6/2018 18:8:16] /a
[19/6/2018 18:8:16] /a
[19/6/2018 18:8:16] /a
[19/6/2018 18:8:17] /a
[19/6/2018 18:8:17] /a
[19/6/2018 18:8:17] /a
[19/6/2018 18:8:17] /a
[19/6/2018 18:8:21] /a 3
[19/6/2018 18:9:2] /goto Sakurakarticapt
[19/6/2018 18:9:56] /goto escanor sun
[19/6/2018 18:10:10] /ghost
[19/6/2018 18:10:32] /ghost
[19/6/2018 18:10:35] /t
[19/6/2018 18:19:14] /newtype 1172
[19/6/2018 18:19:17] /newtype 1173
[19/6/2018 18:19:21] /newtype 1273
[19/6/2018 18:19:25] /newtype 1273, leave
[19/6/2018 18:21:36] /bc Oi, green
[19/6/2018 18:21:46] /bc green, Oi
[19/6/2018 18:25:29] /ghost
[19/6/2018 18:25:30] /ghost
[19/6/2018 18:25:33] /goto merlin
[19/6/2018 18:25:42] /a
[19/6/2018 18:26:17] /t
[19/6/2018 18:26:37] /ghost
[19/6/2018 18:27:15] /ghost
[19/6/2018 18:27:33] /ghost
[19/6/2018 18:31:7] /ghost
[19/6/2018 18:31:11] /goto merlin
[19/6/2018 18:31:20] /r
[19/6/2018 18:31:31] /t
[19/6/2018 18:32:19] /goto 160, 51, 7
[19/6/2018 18:32:49] /goto 1021, 1028, 6
[19/6/2018 18:33:13] /goto [ADM] Hard
[19/6/2018 18:34:42] /clean
[19/6/2018 18:34:54] /save
[19/6/2018 18:36:59] /r
[19/6/2018 18:37:9] /r
[19/6/2018 18:40:14] /newtype 1274
[19/6/2018 18:40:30] /newtype 1274, merlin
[19/6/2018 18:40:53] /newtype 1274, leave
[20/6/2018 10:9:38] /goto merlin
[20/6/2018 10:11:12] /goto merlin
[20/6/2018 10:11:25] /a 10
[20/6/2018 10:12:15] /goto merlin
[20/6/2018 10:12:19] /t
[20/6/2018 10:19:8] /goto merlin
[20/6/2018 10:21:16] /goto merlin
[20/6/2018 10:21:44] /r
[20/6/2018 10:21:52] /t
[20/6/2018 10:23:49] /newtype 1338
[20/6/2018 10:27:13] /r
[20/6/2018 10:27:17] /r
[20/6/2018 10:27:45] /a 3
[20/6/2018 10:27:55] /a 20
[20/6/2018 10:29:56] /a 2
[20/6/2018 10:30:37] /t
[20/6/2018 10:30:42] /a 4
[20/6/2018 10:30:59] /down
[20/6/2018 10:31:26] /newtype 1338
[20/6/2018 10:35:4] /goto merlin
[20/6/2018 10:35:11] /a 2
[20/6/2018 10:36:47] /a 
[20/6/2018 10:36:51] /a 2
[20/6/2018 10:37:47] /t
[20/6/2018 10:39:16] /goto merlin
[20/6/2018 10:39:19] /a 5
[20/6/2018 10:39:23] /a 5
[20/6/2018 10:39:27] /a 5
[20/6/2018 10:39:30] /a 5
[20/6/2018 10:45:44] /t
[20/6/2018 10:52:25] /a 2
[20/6/2018 10:52:29] /a 2
[20/6/2018 10:52:33] /a 2
[20/6/2018 10:52:42] /a 2
[20/6/2018 10:54:2] /a 2
[20/6/2018 10:54:21] /up
[20/6/2018 10:54:28] /a 3
[20/6/2018 10:58:15] /a
[20/6/2018 10:58:15] /a
[20/6/2018 10:58:16] /a
[20/6/2018 10:58:16] /a
[20/6/2018 10:58:16] /a
[20/6/2018 10:58:16] /a
[20/6/2018 10:58:16] /a
[20/6/2018 10:58:16] /a
[20/6/2018 10:58:16] /a
[20/6/2018 10:58:16] /a
[20/6/2018 10:58:16] /a
[20/6/2018 10:58:17] /a
[20/6/2018 10:58:17] /a
[20/6/2018 10:58:18] /a
[20/6/2018 10:58:18] /a
[20/6/2018 10:58:19] /a
[20/6/2018 10:58:19] /a
[20/6/2018 10:58:19] /a
[20/6/2018 10:58:19] /a
[20/6/2018 10:58:19] /a
[20/6/2018 10:58:19] /a
[20/6/2018 10:58:19] /a
[20/6/2018 10:58:19] /a
[20/6/2018 10:58:19] /a
[20/6/2018 10:58:19] /a
[20/6/2018 10:58:19] /a
[20/6/2018 10:58:19] /a
[20/6/2018 10:58:19] /a
[20/6/2018 10:58:19] /a
[20/6/2018 10:58:19] /a
[20/6/2018 10:58:19] /a
[20/6/2018 10:58:19] /a
[20/6/2018 10:58:19] /a
[20/6/2018 10:58:19] /a
[20/6/2018 10:58:19] /a
[20/6/2018 10:58:19] /a
[20/6/2018 10:58:19] /a
[20/6/2018 10:58:19] /a
[20/6/2018 10:58:19] /a
[20/6/2018 10:58:19] /a
[20/6/2018 10:58:19] /a
[20/6/2018 10:58:19] /a
[20/6/2018 10:58:20] /a
[20/6/2018 10:58:20] /a
[20/6/2018 10:58:21] /a
[20/6/2018 10:58:21] /a
[20/6/2018 10:58:21] /a
[20/6/2018 10:58:22] /a
[20/6/2018 10:58:22] /a
[20/6/2018 10:58:22] /a
[20/6/2018 10:58:22] /a
[20/6/2018 10:58:22] /a
[20/6/2018 10:58:23] /a
[20/6/2018 10:58:23] /a
[20/6/2018 10:58:24] /a
[20/6/2018 10:58:25] /a
[20/6/2018 10:58:25] /a
[20/6/2018 10:58:25] /a
[20/6/2018 10:58:25] /a
[20/6/2018 10:58:26] /a
[20/6/2018 10:58:32] /a
[20/6/2018 10:58:32] /a
[20/6/2018 10:58:33] /a
[20/6/2018 10:58:33] /a
[20/6/2018 10:58:33] /a
[20/6/2018 10:58:33] /a
[20/6/2018 10:58:33] /a
[20/6/2018 10:58:33] /a
[20/6/2018 10:58:33] /a
[20/6/2018 10:58:33] /a
[20/6/2018 10:58:33] /a
[20/6/2018 10:58:33] /a
[20/6/2018 10:58:33] /a
[20/6/2018 10:58:33] /a
[20/6/2018 10:58:33] /a
[20/6/2018 10:58:33] /a
[20/6/2018 10:58:33] /a
[20/6/2018 10:58:33] /a
[20/6/2018 10:58:49] /a 2
[20/6/2018 10:58:50] /a 2
[20/6/2018 10:58:50] /a 2
[20/6/2018 10:58:51] /a 2
[20/6/2018 10:58:51] /a 2
[20/6/2018 10:58:51] /a 2
[20/6/2018 10:58:51] /a 2
[20/6/2018 10:58:51] /a 2
[20/6/2018 10:58:51] /a 2
[20/6/2018 10:58:51] /a 2
[20/6/2018 10:58:52] /a 2
[20/6/2018 10:58:52] /a 2
[20/6/2018 10:58:52] /a 2
[20/6/2018 10:58:52] /a 2
[20/6/2018 10:58:52] /a 2
[20/6/2018 10:58:52] /a 2
[20/6/2018 10:58:52] /a 2
[20/6/2018 10:58:53] /a 2
[20/6/2018 10:58:53] /a 2
[20/6/2018 10:58:53] /a 2
[20/6/2018 10:58:53] /a 2
[20/6/2018 10:58:53] /a 2
[20/6/2018 10:58:53] /a 2
[20/6/2018 10:58:53] /a 2
[20/6/2018 10:58:53] /a 2
[20/6/2018 10:58:53] /a 2
[20/6/2018 10:58:53] /a 2
[20/6/2018 10:58:53] /a 2
[20/6/2018 10:58:53] /a 2
[20/6/2018 10:58:53] /a 2
[20/6/2018 10:58:53] /a 2
[20/6/2018 10:58:53] /a 2
[20/6/2018 10:58:53] /a 2
[20/6/2018 10:58:53] /a 2
[20/6/2018 10:58:54] /a 2
[20/6/2018 10:58:54] /a 2
[20/6/2018 10:58:54] /a 2
[20/6/2018 10:58:54] /a 2
[20/6/2018 10:58:54] /a 2
[20/6/2018 10:58:54] /a 2
[20/6/2018 10:58:54] /a 2
[20/6/2018 10:58:54] /a 2
[20/6/2018 10:58:54] /a 2
[20/6/2018 10:58:54] /a 2
[20/6/2018 10:58:54] /a 2
[20/6/2018 10:58:54] /a 2
[20/6/2018 10:58:54] /a 2
[20/6/2018 10:58:54] /a 2
[20/6/2018 10:58:54] /a 2
[20/6/2018 10:58:55] /a 2
[20/6/2018 10:58:55] /a 2
[20/6/2018 10:58:55] /a 2
[20/6/2018 10:58:55] /a 2
[20/6/2018 10:58:55] /a 2
[20/6/2018 10:58:55] /a 2
[20/6/2018 10:58:55] /a 2
[20/6/2018 10:58:55] /a 2
[20/6/2018 10:58:55] /a 2
[20/6/2018 10:58:55] /a 2
[20/6/2018 10:58:55] /a 2
[20/6/2018 10:58:55] /a 2
[20/6/2018 10:58:55] /a 2
[20/6/2018 10:58:55] /a 2
[20/6/2018 10:58:55] /a 2
[20/6/2018 10:58:55] /a 2
[20/6/2018 10:58:55] /a 2
[20/6/2018 10:58:55] /a 2
[20/6/2018 10:58:55] /a 2
[20/6/2018 10:58:55] /a 2
[20/6/2018 10:58:55] /a 2
[20/6/2018 10:58:55] /a 2
[20/6/2018 10:58:55] /a 2
[20/6/2018 10:58:55] /a 2
[20/6/2018 10:58:55] /a 2
[20/6/2018 10:58:55] /a 2
[20/6/2018 10:58:55] /a 2
[20/6/2018 10:58:55] /a 2
[20/6/2018 10:58:55] /a 2
[20/6/2018 10:58:55] /a 2
[20/6/2018 10:58:55] /a 2
[20/6/2018 10:58:55] /a 2
[20/6/2018 10:58:55] /a 2
[20/6/2018 10:58:55] /a 2
[20/6/2018 10:58:55] /a 2
[20/6/2018 10:58:55] /a 2
[20/6/2018 10:58:55] /a 2
[20/6/2018 10:58:55] /a 2
[20/6/2018 10:58:55] /a 2
[20/6/2018 10:58:55] /a 2
[20/6/2018 10:58:55] /a 2
[20/6/2018 10:58:56] /a 2
[20/6/2018 10:58:56] /a 2
[20/6/2018 10:58:56] /a 2
[20/6/2018 10:58:56] /a 2
[20/6/2018 10:58:56] /a 2
[20/6/2018 10:58:56] /a 2
[20/6/2018 10:58:56] /a 2
[20/6/2018 10:58:56] /a 2
[20/6/2018 10:58:56] /a 2
[20/6/2018 10:58:56] /a 2
[20/6/2018 10:58:56] /a 2
[20/6/2018 10:58:56] /a 2
[20/6/2018 10:58:56] /a 2
[20/6/2018 10:58:56] /a 2
[20/6/2018 10:58:57] /a 2
[20/6/2018 10:58:57] /a 2
[20/6/2018 10:58:57] /a 2
[20/6/2018 10:58:58] /a 2
[20/6/2018 10:58:58] /a 2
[20/6/2018 10:58:58] /a 2
[20/6/2018 10:58:58] /a 2
[20/6/2018 10:58:58] /a 2
[20/6/2018 10:58:58] /a 2
[20/6/2018 10:58:58] /a 2
[20/6/2018 10:58:58] /a 2
[20/6/2018 10:58:58] /a 2
[20/6/2018 10:58:58] /a 2
[20/6/2018 10:58:58] /a 2
[20/6/2018 10:58:58] /a 2
[20/6/2018 10:58:58] /a 2
[20/6/2018 10:58:58] /a 2
[20/6/2018 10:58:58] /a 2
[20/6/2018 10:58:58] /a 2
[20/6/2018 10:58:58] /a 2
[20/6/2018 10:58:58] /a 2
[20/6/2018 10:58:58] /a 2
[20/6/2018 10:58:58] /a 2
[20/6/2018 10:58:58] /a 2
[20/6/2018 10:58:58] /a 2
[20/6/2018 10:58:58] /a 2
[20/6/2018 10:58:58] /a 2
[20/6/2018 10:58:59] /a 2
[20/6/2018 10:58:59] /a 2
[20/6/2018 10:58:59] /a 2
[20/6/2018 10:58:59] /a 2
[20/6/2018 10:58:59] /a 2
[20/6/2018 10:58:59] /a 2
[20/6/2018 10:58:59] /a 2
[20/6/2018 10:58:59] /a 2
[20/6/2018 10:58:59] /a 2
[20/6/2018 10:58:59] /a 2
[20/6/2018 10:58:59] /a 2
[20/6/2018 10:58:59] /a 2
[20/6/2018 10:58:59] /a 2
[20/6/2018 10:58:59] /a 2
[20/6/2018 10:58:59] /a 2
[20/6/2018 10:58:59] /a 2
[20/6/2018 10:58:59] /a 2
[20/6/2018 10:58:59] /a 2
[20/6/2018 10:58:59] /a 2
[20/6/2018 10:58:59] /a 2
[20/6/2018 10:58:59] /a 2
[20/6/2018 10:58:59] /a 2
[20/6/2018 10:58:59] /a 2
[20/6/2018 10:58:59] /a 2
[20/6/2018 10:58:59] /a 2
[20/6/2018 10:58:59] /a 2
[20/6/2018 10:58:59] /a 2
[20/6/2018 10:58:59] /a 2
[20/6/2018 10:58:59] /a 2
[20/6/2018 10:58:59] /a 2
[20/6/2018 10:58:59] /a 2
[20/6/2018 10:58:59] /a 2
[20/6/2018 10:59:0] /a 2
[20/6/2018 10:59:0] /a 2
[20/6/2018 10:59:0] /a 2
[20/6/2018 10:59:0] /a 2
[20/6/2018 10:59:0] /a 2
[20/6/2018 10:59:0] /a 2
[20/6/2018 10:59:0] /a 2
[20/6/2018 10:59:0] /a 2
[20/6/2018 10:59:0] /a 2
[20/6/2018 10:59:0] /a 2
[20/6/2018 10:59:0] /a 2
[20/6/2018 10:59:0] /a 2
[20/6/2018 10:59:0] /a 2
[20/6/2018 10:59:0] /a 2
[20/6/2018 10:59:0] /a 2
[20/6/2018 10:59:4] /a 2
[20/6/2018 11:0:6] /a 20
[20/6/2018 11:2:45] /t
[27/6/2018 14:0:33] /goto leave
[27/6/2018 14:0:48] /goto leave
[27/6/2018 14:0:50] /goto leave
[27/6/2018 14:2:27] /goto fogueteiro
[27/6/2018 14:2:36] /goto konan sexy
[27/6/2018 14:2:56] /ghost
[27/6/2018 14:3:4] /goto skt yamato
[27/6/2018 14:3:15] /goto skt itachi
[27/6/2018 14:3:22] /goto 
[27/6/2018 14:3:25] /goto skt itachi
[27/6/2018 14:3:31] /t
[27/6/2018 14:3:52] /bc BOM JOGO A TODOS
[27/6/2018 14:3:53] /bc BOM JOGO A TODOS
[27/6/2018 14:3:58] /bc BOM 
[28/6/2018 0:21:33] /b boa noite
[28/6/2018 0:22:53] /r
[28/6/2018 0:30:27] /goto escanor sun
[28/6/2018 0:30:37] /goto  segura meu combo
[28/6/2018 0:30:44] /goto segura meu combo
[28/6/2018 0:30:49] /goto  estarosa
[28/6/2018 0:31:1] /goto vishous
[28/6/2018 0:31:6] /goto vishou
[28/6/2018 0:31:10] /goto talknot
[28/6/2018 0:31:16] /goto henrique meirelles
[28/6/2018 0:31:32] /goto astarom
[28/6/2018 0:31:44] /goto ninja imitador
[28/6/2018 0:31:49] /goto trakinass
[28/6/2018 0:32:7] /goto comendo figado
[28/6/2018 0:32:11] /goto konan sexy
[28/6/2018 0:32:17] /goto joker midorya
[28/6/2018 0:32:25] /goto allison bianchin
[28/6/2018 0:32:31] /goto skt itachi
[28/6/2018 0:32:38] /goto kranzix
[28/6/2018 0:32:47] /goto william birkinn
[28/6/2018 0:32:51] /goto patoroco
[28/6/2018 0:32:57] /goto skt tsunade
[28/6/2018 0:33:5] /goto joaoloko
[28/6/2018 0:33:10] /goto jena opai
[28/6/2018 0:34:28] /goto skt itachi
[28/6/2018 0:34:38] /goto skt itachi
[28/6/2018 0:34:56] /goto leave
[28/6/2018 0:37:23] /t
[28/6/2018 0:50:41] /goto merlin
[28/6/2018 0:50:45] /r
[28/6/2018 1:0:53] /r
[28/6/2018 1:2:6] /t merlin
[28/6/2018 1:2:32] /t merlin
[28/6/2018 1:2:37] /t William Birkinn
[28/6/2018 1:3:40] /b NO SITE TEM UM VIDEO PRA QUEM  INICIANTE, DE UMA OLHADA,  RAPIDO E VOCS APRENDEM MUITO SOBRE O SERVIDOR
[28/6/2018 1:3:44] /b NO SITE TEM UM VIDEO PRA QUEM  INICIANTE, DE UMA OLHADA,  RAPIDO E VOCS APRENDEM MUITO SOBRE O SERVIDOR
[28/6/2018 1:3:45] /b NO SITE TEM UM VIDEO PRA QUEM  INICIANTE, DE UMA OLHADA,  RAPIDO E VOCS APRENDEM MUITO SOBRE O SERVIDOR
[28/6/2018 1:3:46] /b NO SITE TEM UM VIDEO PRA QUEM  INICIANTE, DE UMA OLHADA,  RAPIDO E VOCS APRENDEM MUITO SOBRE O SERVIDOR
[28/6/2018 11:9:23] /goto Adn  Hard
[28/6/2018 11:10:14] /t
[3/7/2018 0:18:56] /b BOA NOIT
[3/7/2018 0:20:23] /goto konan sexy
[3/7/2018 0:21:32] /goto [ADM] Hard
[3/7/2018 0:22:40] /b ADM
[3/7/2018 0:23:12] /r
[3/7/2018 0:23:27] /r
[3/7/2018 0:26:21] /newtype 1138
[3/7/2018 0:26:29] /newtype 1338
[3/7/2018 0:26:42] /newtype 1335
[3/7/2018 0:26:44] /newtype 1334
[3/7/2018 0:26:45] /newtype 1333
[3/7/2018 0:26:46] /newtype 1332
[3/7/2018 0:26:48] /newtype 1331
[3/7/2018 0:26:52] /newtype 1300
[3/7/2018 0:26:57] /newtype 1299
[3/7/2018 0:26:59] /newtype 1298
[3/7/2018 0:27:3] /newtype 1297
[3/7/2018 0:27:5] /newtype 1296
[3/7/2018 0:27:6] /newtype 1295
[3/7/2018 0:27:8] /newtype 1294
[3/7/2018 0:27:15] /newtype 1293
[3/7/2018 0:27:18] /newtype 1292
[3/7/2018 0:27:20] /newtype 1291
[3/7/2018 0:27:22] /newtype 1290
[3/7/2018 0:27:26] /newtype 1289
[3/7/2018 0:27:28] /newtype 1288
[3/7/2018 0:27:29] /newtype 1287
[3/7/2018 0:27:30] /newtype 1285
[3/7/2018 0:27:31] /newtype 1284
[3/7/2018 0:27:32] /newtype 1283
[3/7/2018 0:27:33] /newtype 1282
[3/7/2018 0:27:35] /newtype 1281
[3/7/2018 0:27:36] /newtype 1280
[3/7/2018 0:27:39] /newtype 1279
[3/7/2018 0:27:40] /newtype 1278
[3/7/2018 0:27:41] /newtype 1277
[3/7/2018 0:27:43] /newtype 1276
[3/7/2018 0:27:44] /newtype 1275
[3/7/2018 0:27:46] /newtype 1270
[3/7/2018 0:27:48] /newtype 1260
[3/7/2018 0:27:50] /newtype 1261
[3/7/2018 0:27:52] /newtype 1262
[3/7/2018 0:27:53] /newtype 1263
[3/7/2018 0:27:58] /newtype 1259
[3/7/2018 0:28:0] /newtype 1258
[3/7/2018 0:28:2] /newtype 1257
[3/7/2018 0:33:48] /t Zeldris Piety
[3/7/2018 0:34:4] /t Zeldris Piety
[3/7/2018 0:34:15] /t Zeldris Piety
[3/7/2018 0:36:50] /r
[3/7/2018 0:37:49] /t
[3/7/2018 0:37:53] /t Zeldris Piety
[3/7/2018 0:38:19] /b BOA NOITE, BOM JOGO PRA VOCES <3
[6/7/2018 10:50:34] /b BOM DIIIIIIIA
[6/7/2018 10:50:58] /goto cardeal crimson promotion
[6/7/2018 10:51:4] /goto asmodeus
[6/7/2018 10:51:14] /goto asmondeus
[6/7/2018 10:51:20] /goto skt yamato
[6/7/2018 10:51:28] /goto skt itachi
[6/7/2018 10:51:33] /goto vishous
[6/7/2018 10:51:39] /goto ninja imitador
[6/7/2018 10:51:50] /goto trakinas
[6/7/2018 10:51:51] /goto trakinass
[6/7/2018 10:51:56] /goto talknot
[6/7/2018 10:52:4] /goto estarosa
[6/7/2018 10:52:8] /goto joaoloko
[6/7/2018 10:52:14] /t
[6/7/2018 10:55:44] /goto itachi izanami
[6/7/2018 10:55:51] /goto sasuke uchiha
[6/7/2018 11:7:16] /goto escanor sun
[6/7/2018 11:8:4] /r
[6/7/2018 11:8:9] /r
[6/7/2018 11:8:17] /t
[6/7/2018 11:8:32] /r
[6/7/2018 11:9:37] /a 2
[6/7/2018 11:10:5] /t merlin
[6/7/2018 11:10:55] /t
[6/7/2018 11:16:3] /a 3
[6/7/2018 11:16:18] /a
[6/7/2018 11:16:21] /a 2
[6/7/2018 11:16:25] /a 2
[6/7/2018 11:16:56] /a 2
[6/7/2018 11:17:1] /a 2
[6/7/2018 11:17:5] /a 2
[6/7/2018 11:17:9] /a 2
[6/7/2018 11:17:14] /a 2
[6/7/2018 11:17:15] /a 2
[6/7/2018 11:17:18] /a 2
[6/7/2018 11:17:21] /a 2
[6/7/2018 11:17:24] /a 2
[6/7/2018 11:17:28] /a 2
[6/7/2018 11:17:37] /a 2
[6/7/2018 11:17:42] /a 2
[6/7/2018 11:18:22] /down
[6/7/2018 11:18:44] /a 2
[6/7/2018 11:19:2] /a 2
[6/7/2018 11:20:2] /a 2
[6/7/2018 11:21:2] /t
[6/7/2018 11:21:10] /down
[6/7/2018 11:22:13] /a 2
[6/7/2018 11:22:19] /a 2
[7/7/2018 0:28:29] /goto leave
[7/7/2018 0:28:32] /r
