[12/5/2018 19:1:30] /b Boa noite pessoal, sou novo tutor do server e estarei no help pra tirar suas duvidas e ajudar a todos. 
[12/5/2018 20:34:42] /mute Leave
[12/5/2018 20:35:7] /mute Leave
[12/5/2018 20:35:27] /desmute Leave
[12/5/2018 20:35:59] /mute 20:30 /desmute Leave 20:30 este jogador n√£o est√° mutado.
[12/5/2018 20:36:6] /mute Leave
[12/5/2018 20:38:3] /desmute Leave
[12/5/2018 21:32:56] /mute Titan
[12/5/2018 21:33:11] /desmute Titan
[12/5/2018 21:33:50] /mute Titan
[12/5/2018 21:34:5] /desmute Titan
[13/5/2018 13:40:50] /b Feliz dia das m„es.
[15/5/2018 10:34:12] /b BOM DIA.
[21/5/2018 23:15:34] /b quem È que esta bugado com o hokage ?
[23/5/2018 11:22:36] /b BOM DIA 
[24/5/2018 10:52:51] /b BOM DIA
[25/5/2018 21:29:0] /b BOA NOITE
[25/5/2018 23:9:28] /b BOA NOITE, BOM JOGO
[27/5/2018 3:44:14] /b BOA TARDE
[28/5/2018 4:15:0] /b BOA TARDE
[28/5/2018 14:34:7] /b BOA NOITE
[29/5/2018 4:36:35] /b BOA TARDE
[30/5/2018 21:22:38] /b BOA NOITE
[31/5/2018 16:45:0] /b boa tarde
[1/6/2018 17:55:51] /b BOA TARDE
[2/6/2018 12:13:1] /b BOA TARDE
[2/6/2018 19:1:45] /b BOA NOITE
[3/6/2018 17:46:37] /b BOA TARDE
[4/6/2018 17:21:13] /b BOA TARDE
[6/6/2018 10:35:54] /b BOM DIA
[7/6/2018 23:27:26] /b BOA NOITE
[9/6/2018 11:20:47] /b BOM DIA
[10/6/2018 22:46:33] /b isso que tu fez È proibido.
[12/6/2018 10:15:32] /b BOM DIA
[13/6/2018 14:51:22] /b BOA TARDE
