[16/7/2016 12:16:0] /newtype 1123
[16/7/2016 12:19:14] /ghost
[16/7/2016 12:19:20] /ghost
[16/7/2016 12:25:21] /t
[16/7/2016 12:25:31] /goto [ADM] King
[16/7/2016 12:33:56] /t
[16/7/2016 12:51:26] /mc Face Dah Morte
[16/7/2016 12:56:57] /goto Markin
[16/7/2016 12:57:3] /goto Markin
[16/7/2016 12:57:4] /goto Markin
[16/7/2016 12:57:5] /goto Markin
[16/7/2016 12:57:6] /goto Markin
[16/7/2016 12:57:7] /goto Markin
[16/7/2016 12:57:13] /goto Markin
[16/7/2016 12:57:19] /ghost
[16/7/2016 12:57:24] /ghost
[16/7/2016 12:57:26] /goto Markin
[16/7/2016 12:57:36] /goto Altas explosao
[16/7/2016 12:57:40] /goto Altas explosao
[16/7/2016 13:4:56] /goto Papper Kill
[16/7/2016 13:5:1] /ghost
[16/7/2016 13:5:10] /goto Papper Kill
[16/7/2016 13:5:16] /goto [ADM] King
[16/7/2016 13:5:51] /t tb
[16/7/2016 13:5:56] /t tb
[16/7/2016 13:6:11] /t tb n funciona
[16/7/2016 13:6:34] /t
[16/7/2016 13:6:46] /goto [ADM] King
[16/7/2016 13:17:53] /t
