[31/5/2017 13:38:58] /b Salve 
[31/5/2017 13:42:2] /t
[31/5/2017 13:47:36] /down
[31/5/2017 13:47:38] /up
[31/5/2017 13:47:42] /down
[31/5/2017 13:51:39] /newtype 33
[31/5/2017 13:51:50] /newtype 333
[31/5/2017 13:51:52] /newtype 300
[31/5/2017 13:51:54] /newtype 29
[31/5/2017 13:51:56] /newtype 59
[31/5/2017 13:58:32] /a 30
[31/5/2017 13:58:33] /a 30
[31/5/2017 13:58:40] /a 3
[31/5/2017 13:58:51] /goto Roberto
[31/5/2017 13:58:59] /a 30
[31/5/2017 13:59:2] /a 30
[31/5/2017 13:59:5] /a 3
[31/5/2017 13:59:18] /goto Roberto
[31/5/2017 14:3:25] /goto Pedrao The Losth
[31/5/2017 14:4:46] /goto roberto
[31/5/2017 14:5:59] /goto roberto
[31/5/2017 14:7:33] /aattr vocation 250
[31/5/2017 14:7:34] /aattr vocation 250
[31/5/2017 14:7:54] /goto roberto
[1/6/2017 16:44:18] /b Boa tarde 
[1/6/2017 16:44:29] /ghost
[1/6/2017 20:3:34] /goto Onoki
[1/6/2017 20:3:54] /t
[1/6/2017 20:4:1] /a 30
[1/6/2017 20:4:4] /a 30
[1/6/2017 20:4:9] /up
[1/6/2017 20:4:9] /up
[1/6/2017 20:4:11] /up
[1/6/2017 20:4:13] /a 3
[1/6/2017 20:4:15] /up
[1/6/2017 20:4:15] /up
[1/6/2017 20:4:16] /up
[1/6/2017 20:4:21] /a 3
[1/6/2017 20:4:30] /a 30
[1/6/2017 20:4:31] /a 30
[1/6/2017 20:4:40] /a 
[1/6/2017 20:4:41] /a 
[1/6/2017 20:4:45] /a  3
[1/6/2017 20:4:55] /b Duvidas no help !
[1/6/2017 20:11:16] /a 
[1/6/2017 20:11:18] /ghost
[1/6/2017 20:11:43] /t
[1/6/2017 20:11:50] /a 90
[1/6/2017 20:11:53] /a 31
[1/6/2017 20:11:58] /a
[1/6/2017 20:42:24] /b Ta tendo muitas reclamações calma, mano server reabriu agora e foi avisado que teria bug's e mesmo assim insistiram pra abrir agora aguenta que adm vai arrumando aos poucos
[1/6/2017 20:43:36] /a
[1/6/2017 21:24:39] /ghost
[1/6/2017 23:2:48] /a 30
[1/6/2017 23:3:31] /a 3
[1/6/2017 23:3:32] /a 3
[1/6/2017 23:3:35] /a 
[1/6/2017 23:3:43] /a 30
[1/6/2017 23:3:46] /a 30
[1/6/2017 23:3:47] /a 30
[1/6/2017 23:3:49] /a 30
[1/6/2017 23:3:54] /a 10
[1/6/2017 23:4:3] /a 40
[1/6/2017 23:4:5] /a 10
[3/6/2017 15:18:17] /b Duvidas help
[3/6/2017 15:18:52] /up
[3/6/2017 15:19:42] /a 3
[3/6/2017 15:19:44] /up
[3/6/2017 15:19:48] /a 4
[3/6/2017 15:19:49] /up
[3/6/2017 16:29:40] /t
[3/6/2017 16:29:42] /a 91
[3/6/2017 16:29:45] /a 30
[3/6/2017 16:30:16] /newtype 100
[3/6/2017 16:30:18] /newtype 11
[3/6/2017 16:30:20] /newtype 1
[3/6/2017 17:1:18] /newtype 2
[3/6/2017 17:1:22] /newtype 3
[3/6/2017 17:1:24] /newtype 4
[3/6/2017 17:1:26] /newtype 5
[3/6/2017 17:1:27] /newtype 6
[3/6/2017 17:1:29] /newtype 7
[3/6/2017 17:1:30] /newtype 8
[3/6/2017 17:1:31] /newtype 9
[3/6/2017 17:1:33] /newtype 10
[3/6/2017 17:1:34] /newtype 11
[3/6/2017 17:1:36] /newtype 12
[3/6/2017 17:1:37] /newtype 13
[3/6/2017 17:1:38] /newtype 14
[3/6/2017 17:1:40] /newtype 15
[3/6/2017 17:1:41] /newtype 16
[3/6/2017 17:1:43] /newtype 17
[3/6/2017 17:1:45] /newtype 18
[3/6/2017 17:1:47] /newtype 19
[3/6/2017 17:1:49] /newtype 20
[3/6/2017 17:1:51] /newtype 21
[3/6/2017 17:1:52] /newtype 22
[3/6/2017 17:1:53] /newtype 23
[3/6/2017 17:2:5] /newtype 24
[3/6/2017 17:2:10] /newtype 25
[3/6/2017 17:2:12] /newtype 26
[3/6/2017 17:2:13] /newtype 27
[3/6/2017 17:2:14] /newtype 28
[3/6/2017 17:2:16] /newtype 29
[3/6/2017 17:2:18] /newtype 31
[3/6/2017 17:2:19] /newtype 32
[3/6/2017 17:2:23] /newtype 33
[3/6/2017 17:2:25] /newtype 34
[3/6/2017 17:2:29] /newtype 35
[3/6/2017 17:2:32] /newtype 36
[3/6/2017 17:2:34] /newtype 37
[3/6/2017 17:2:37] /newtype 38
[3/6/2017 17:2:40] /newtype 39
[3/6/2017 17:2:44] /newtype 40
[3/6/2017 17:2:45] /newtype 41
[3/6/2017 17:2:47] /newtype 42
[3/6/2017 17:2:48] /newtype 43
[3/6/2017 17:2:49] /newtype 44
[3/6/2017 17:2:50] /newtype 45
[3/6/2017 17:2:52] /newtype 46
[3/6/2017 17:2:55] /newtype 47
[3/6/2017 17:2:56] /newtype 48
[3/6/2017 17:2:58] /newtype 49
[3/6/2017 17:3:0] /newtype 51
[3/6/2017 17:3:1] /newtype 50
[3/6/2017 17:3:3] /newtype 52
[3/6/2017 17:3:4] /newtype 53
[3/6/2017 17:3:5] /newtype 54
[3/6/2017 17:3:6] /newtype 55
[3/6/2017 17:3:8] /newtype 56
[3/6/2017 17:3:12] /newtype 57
[3/6/2017 17:3:14] /newtype 58
[3/6/2017 17:3:15] /newtype 59
[3/6/2017 17:3:18] /newtype 60
[3/6/2017 17:3:19] /newtype 61
[3/6/2017 17:3:20] /newtype 62
[3/6/2017 17:3:21] /newtype 63
[3/6/2017 17:3:22] /newtype 64
[3/6/2017 17:3:26] /newtype 65
[3/6/2017 17:3:29] /newtype 66
[3/6/2017 17:3:30] /newtype 67
[3/6/2017 17:3:31] /newtype 68
[3/6/2017 17:3:32] /newtype 69
[3/6/2017 17:3:35] /newtype 70
[3/6/2017 17:3:37] /newtype 71
[3/6/2017 17:3:38] /newtype 72
[3/6/2017 17:3:38] /newtype 73
[3/6/2017 17:3:41] /newtype 74
[3/6/2017 17:3:41] /newtype 75
[3/6/2017 17:3:43] /newtype 75
[3/6/2017 17:3:46] /newtype 74
[3/6/2017 17:3:50] /newtype 76
[3/6/2017 17:3:52] /newtype 77
[3/6/2017 17:3:53] /newtype 78
[3/6/2017 17:3:55] /newtype 79
[3/6/2017 17:3:57] /newtype 80
[3/6/2017 17:3:58] /newtype 81
[3/6/2017 17:3:59] /newtype 82
[3/6/2017 17:3:59] /newtype 83
[3/6/2017 17:4:2] /newtype 900
[3/6/2017 17:4:4] /newtype 1200
[3/6/2017 17:4:9] /up
[3/6/2017 17:4:11] /newtype 1300
[3/6/2017 17:12:45] /newtype 1250
[3/6/2017 17:12:48] /newtype 1260
[3/6/2017 17:17:39] /newtype 1255
[3/6/2017 23:52:1] /down
[4/6/2017 11:24:53] /b Bom dia rapaziada 
[4/6/2017 11:24:59] /b duvidas help
[4/6/2017 13:29:18] /goto roberto
[4/6/2017 13:29:22] /goto roberto
[4/6/2017 13:29:41] /up
[4/6/2017 13:29:43] /goto roberto
[4/6/2017 13:29:50] /a
[4/6/2017 13:29:53] /a
[4/6/2017 13:30:45] /aattr vocation 3
[4/6/2017 13:34:18] /b reportem os bugs ae ....
[4/6/2017 14:4:35] /goto roberto
[4/6/2017 14:10:27] /goto roberto
[4/6/2017 14:10:40] /newtype 75
[4/6/2017 14:10:44] /newtype 65
[4/6/2017 14:10:46] /newtype 55
[4/6/2017 14:10:49] /newtype 45
[4/6/2017 14:10:51] /newtype 35
[4/6/2017 14:11:57] /t
[4/6/2017 14:12:1] /goto roberto
[4/6/2017 14:13:22] /goto roberto
[4/6/2017 14:13:23] /goto roberto
[4/6/2017 14:13:24] /goto roberto
[4/6/2017 14:13:24] /goto roberto
[4/6/2017 14:13:25] /goto roberto
[4/6/2017 14:13:25] /goto roberto
[4/6/2017 14:13:25] /goto roberto
[4/6/2017 14:13:26] /goto roberto
[4/6/2017 14:13:26] /goto roberto
[4/6/2017 14:13:26] /goto roberto
[4/6/2017 14:13:27] /goto roberto
[4/6/2017 14:13:27] /goto roberto
[4/6/2017 14:13:27] /goto roberto
[4/6/2017 14:13:28] /goto roberto
[4/6/2017 14:13:28] /goto roberto
[4/6/2017 14:13:29] /goto roberto
[4/6/2017 14:13:29] /goto roberto
[4/6/2017 14:13:29] /goto roberto
[4/6/2017 14:13:30] /goto roberto
[4/6/2017 14:13:30] /goto roberto
[4/6/2017 14:13:30] /goto roberto
[4/6/2017 14:13:31] /goto roberto
[4/6/2017 14:13:31] /goto roberto
[4/6/2017 14:13:32] /goto roberto
[4/6/2017 14:13:32] /goto roberto
[4/6/2017 14:13:32] /goto roberto
[4/6/2017 14:13:33] /goto roberto
[4/6/2017 14:13:33] /goto roberto
[4/6/2017 14:13:33] /goto roberto
[4/6/2017 14:13:34] /goto roberto
[4/6/2017 14:13:34] /goto roberto
[4/6/2017 14:13:34] /goto roberto
[4/6/2017 14:13:35] /goto roberto
[4/6/2017 14:13:35] /goto roberto
[4/6/2017 14:13:36] /goto roberto
[4/6/2017 14:13:36] /goto roberto
[4/6/2017 14:13:36] /goto roberto
[4/6/2017 14:13:53] /goto roberto
[4/6/2017 14:15:0] /clean
[4/6/2017 14:16:29] /goto roberto
[4/6/2017 14:17:13] /goto roberto
[4/6/2017 14:17:17] /goto roberto
[4/6/2017 14:17:21] /goto roberto
[4/6/2017 14:17:21] /goto roberto
[4/6/2017 14:17:22] /goto roberto
[4/6/2017 14:17:22] /goto roberto
[4/6/2017 14:17:22] /goto roberto
[4/6/2017 14:17:22] /goto roberto
[4/6/2017 14:17:23] /goto roberto
[4/6/2017 14:17:23] /goto roberto
[4/6/2017 14:17:23] /goto roberto
[4/6/2017 14:17:23] /goto roberto
[4/6/2017 14:17:24] /goto roberto
[4/6/2017 14:17:24] /goto roberto
[4/6/2017 14:17:24] /goto roberto
[4/6/2017 14:17:25] /goto roberto
[4/6/2017 14:17:25] /goto roberto
[4/6/2017 14:17:25] /goto roberto
[4/6/2017 14:17:25] /goto roberto
[4/6/2017 14:17:26] /goto roberto
[4/6/2017 14:17:26] /goto roberto
[4/6/2017 14:17:26] /goto roberto
[4/6/2017 14:17:26] /goto roberto
[4/6/2017 14:17:27] /goto roberto
[4/6/2017 14:17:27] /goto roberto
[4/6/2017 14:17:27] /goto roberto
[4/6/2017 14:17:28] /goto roberto
[4/6/2017 14:17:28] /goto roberto
[4/6/2017 14:17:30] /goto roberto
[4/6/2017 14:18:3] /ghost
[4/6/2017 14:35:42] /aattr vocation 2
[4/6/2017 14:38:50] /aattr vocation 3
[4/6/2017 14:42:21] /aattr vocation 3
[4/6/2017 14:42:24] /aattr vocation 4
[4/6/2017 14:47:3] /goto roberto
[4/6/2017 14:47:32] /goto teste
[4/6/2017 14:48:40] /aattr vocation 5
[4/6/2017 14:53:42] /aattr vocation 6
[4/6/2017 14:58:4] /aattr vocation 7
[4/6/2017 15:1:1] /aattr vocation 8
[4/6/2017 15:3:9] /aattr vocation 9
[4/6/2017 15:5:1] /aattr vocation 10
[4/6/2017 15:8:59] /aattr vocation 11
[4/6/2017 15:12:30] /aattr vocation 12
[4/6/2017 15:13:45] /aattr vocation 13
[4/6/2017 15:18:12] /aattr vocation 12
[4/6/2017 15:18:23] /aattr vocation 14
[4/6/2017 15:18:26] /aattr vocation 13
[4/6/2017 15:18:28] /aattr vocation 14
[4/6/2017 15:22:40] /aattr vocation 15
[4/6/2017 15:26:52] /aattr vocation 16
[4/6/2017 15:30:6] /aattr vocation 17
[4/6/2017 15:34:57] /aattr vocation 18
[4/6/2017 15:38:52] /aattr vocation 19
[4/6/2017 15:42:40] /aattr vocation 20
[4/6/2017 15:46:45] /aattr vocation 21
[4/6/2017 15:53:0] /aattr vocation 22
[4/6/2017 15:58:23] /aattr vocation 23
[4/6/2017 16:2:3] /aattr vocation 24
[4/6/2017 16:8:57] /aattr vocation 25
[4/6/2017 16:9:2] /aattr vocation 23
[4/6/2017 16:9:5] /aattr vocation 24
[4/6/2017 16:9:8] /aattr vocation 25
[4/6/2017 16:11:47] /aattr vocation 26
[4/6/2017 16:17:23] /aattr vocation 27
[4/6/2017 16:20:30] /aattr vocation 28
[4/6/2017 16:24:52] /aattr vocation 29
[4/6/2017 16:28:41] /aattr vocation 30
[4/6/2017 16:30:49] /b alguem lvl 200 + vem na frente do dp plis .
[4/6/2017 16:33:3] /aattr vocation 31
[4/6/2017 16:33:19] /aattr vocation 32
[4/6/2017 16:33:28] /aattr vocation 31
[4/6/2017 16:33:41] /aattr vocation 31
[4/6/2017 16:34:37] /aattr vocation 32
[4/6/2017 16:38:6] /aattr vocation 33
[4/6/2017 16:42:18] /aattr vocation 34
[4/6/2017 16:46:29] /aattr vocation 35
[4/6/2017 16:50:8] /aattr vocation 36
[4/6/2017 16:50:46] /aattr vocation 38
[4/6/2017 16:50:48] /aattr vocation 37
[4/6/2017 16:52:57] /aattr vocation 38
[4/6/2017 16:58:15] /aattr vocation 39
[4/6/2017 17:1:29] /aattr vocation 40
[4/6/2017 17:6:6] /aattr vocation 41
[4/6/2017 17:8:43] /aattr vocation 42
[4/6/2017 17:9:53] /aattr vocation 43
[4/6/2017 17:10:28] /aattr vocation 44
[4/6/2017 17:14:56] /newtype 25
[4/6/2017 17:14:58] /newtype 35
[4/6/2017 17:15:6] /aattr vocation 44
[4/6/2017 17:15:11] /aattr vocation 45
[4/6/2017 17:15:21] /aattr vocation 44
[4/6/2017 17:16:8] /aattr vocation 45
[4/6/2017 17:17:24] /aattr vocation 46
[4/6/2017 17:21:37] /aattr vocation 47
[4/6/2017 17:22:16] /aattr vocation 48
[4/6/2017 17:22:59] /aattr vocation 49
[4/6/2017 17:23:13] /aattr vocation 50
[4/6/2017 17:23:18] /aattr vocation 51
[4/6/2017 17:23:22] /aattr vocation 52
[4/6/2017 17:23:27] /aattr vocation 53
[4/6/2017 17:24:2] /aattr vocation 29
[4/6/2017 17:24:6] /aattr vocation 30
[4/6/2017 17:24:9] /aattr vocation 31
[4/6/2017 17:24:18] /aattr vocation 32
[4/6/2017 17:24:21] /aattr vocation 33
[4/6/2017 17:25:14] /ghost
[4/6/2017 17:28:36] /t estrupa
[4/6/2017 17:30:0] /b Adm vai arrumar as "vocações" e os jutsu's ..
[4/6/2017 17:33:10] /a
[4/6/2017 17:33:15] /a
[4/6/2017 17:33:16] /a
[4/6/2017 18:41:52] /a
[4/6/2017 18:41:54] /a
[4/6/2017 18:41:54] /a
[4/6/2017 18:41:54] /a
[4/6/2017 18:41:55] /a
[4/6/2017 18:41:55] /a
[5/6/2017 16:5:7] /kick roberto
[5/6/2017 16:21:53] /goto teste
[5/6/2017 16:25:12] /goto roberto
[5/6/2017 16:25:16] /newtype 35
[5/6/2017 16:25:24] /a
[5/6/2017 17:5:41] /t nooway
[5/6/2017 17:53:20] /goto nooway
[5/6/2017 17:53:39] /goto roberto
[5/6/2017 17:56:47] /newtype 35
[5/6/2017 17:57:0] /ghost
[5/6/2017 18:25:42] /goto haku boss
[5/6/2017 18:30:8] /ghost
[5/6/2017 19:14:32] /t nooway
[5/6/2017 19:14:47] /goto roberto
[5/6/2017 19:15:3] /a
[5/6/2017 19:18:34] /goto haku boss
[5/6/2017 19:19:53] /t nooway
[5/6/2017 19:21:49] /kick roberto
[5/6/2017 19:21:50] /kick roberto
[5/6/2017 19:21:51] /kick roberto
[5/6/2017 19:21:51] /kick roberto
[5/6/2017 19:21:52] /kick roberto
[5/6/2017 19:21:56] /kick Roberto
[5/6/2017 19:35:0] /goto nooway
[5/6/2017 19:35:59] /goto roberto
[5/6/2017 20:58:11] /t nooway
[5/6/2017 21:3:54] /t nooway
[5/6/2017 21:5:11] /goto giant scorpion
[5/6/2017 21:51:9] /goto roberto
[5/6/2017 21:51:17] /t nooway
[5/6/2017 21:53:18] /goto strong snake
[5/6/2017 21:59:15] /goto roberto
[5/6/2017 23:0:43] /t nooway
[5/6/2017 23:14:30] /goto fat butter
[5/6/2017 23:17:11] /goto nooway
[5/6/2017 23:31:20] /t nooway
[6/6/2017 11:49:36] /goto roberto
[6/6/2017 11:49:39] /newtype 35
[6/6/2017 11:49:41] /ghost
[6/6/2017 11:50:42] /goto nooway
[6/6/2017 11:50:56] /goto roberto
[6/6/2017 12:8:12] /goto Anngeh Eeh Rei
[6/6/2017 12:9:9] /goto belattrix
[6/6/2017 12:9:13] /goto roberto
[6/6/2017 12:15:18] /goto roberto
[6/6/2017 12:15:50] /goto kyuubi
[6/6/2017 12:16:6] /goto kyuubi
[6/6/2017 12:22:35] /goto roberto
[6/6/2017 12:25:1] /a 5
[6/6/2017 12:25:3] /a 5
[6/6/2017 12:25:47] /a 3
[6/6/2017 12:25:49] /a 3
[6/6/2017 12:25:50] /a 3
[6/6/2017 12:26:47] /a 
[6/6/2017 12:26:48] /a 
[6/6/2017 12:28:5] /a 2
[6/6/2017 12:46:25] /t nooway
[6/6/2017 12:47:45] /goto roberto
[6/6/2017 12:47:58] /kick shotavix
[6/6/2017 12:56:33] /ghost
[6/6/2017 12:56:35] /goto nooway
[6/6/2017 13:11:47] /goto ancient criature
[6/6/2017 13:11:51] /goto ancient creature
[6/6/2017 13:16:21] /goto roberto
[6/6/2017 13:16:23] /goto roberto
[6/6/2017 13:22:58] /t nooway
[6/6/2017 13:34:5] /t
[6/6/2017 13:34:12] /a 93
[6/6/2017 13:34:14] /a 93
[6/6/2017 13:34:15] /a 93
[6/6/2017 13:34:17] /a 30
[6/6/2017 13:34:26] /a
[6/6/2017 13:35:23] /ghost
[6/6/2017 13:37:0] /ghost
[6/6/2017 13:37:3] /a 30
[6/6/2017 13:37:28] /a 3
[6/6/2017 13:37:51] /a 30
[6/6/2017 13:37:52] /a 30
[6/6/2017 13:37:54] /a 30
[6/6/2017 13:37:58] /a 10
[6/6/2017 13:38:10] /a 3
[6/6/2017 13:38:33] /a 3
[6/6/2017 13:38:44] /a 3
[6/6/2017 13:38:54] /a 3
[6/6/2017 13:39:28] /a 3
[6/6/2017 13:39:38] /up
[6/6/2017 13:39:39] /up
[6/6/2017 13:39:50] /a 2
[6/6/2017 13:40:13] /down
[6/6/2017 13:40:30] /a 5
[6/6/2017 13:40:38] /a 5
[6/6/2017 13:40:45] /down
[6/6/2017 13:40:47] /down
[6/6/2017 13:40:52] /up
[6/6/2017 13:40:54] /a 3
[6/6/2017 13:42:4] /goto Dagon
[6/6/2017 13:42:39] /goto Dagon
[6/6/2017 13:43:49] /ghost
[6/6/2017 13:44:24] /ghost
[6/6/2017 13:44:34] /goto dagon
[6/6/2017 13:45:42] /up
[6/6/2017 13:45:45] /down
[6/6/2017 13:45:46] /down
[6/6/2017 13:57:53] /goto dagon
[6/6/2017 13:57:54] /goto dagon
[6/6/2017 13:57:59] /goto dagon
[6/6/2017 13:58:0] /goto dagon
[6/6/2017 13:58:9] /goto dagon
[6/6/2017 13:58:10] /goto dagon
[6/6/2017 13:58:15] /goto dagon
[6/6/2017 13:58:22] /goto anngeh eeh rei
[6/6/2017 13:58:27] /goto dagon
[6/6/2017 13:58:31] /goto dagon
[6/6/2017 13:58:33] /goto dagon
[6/6/2017 13:58:34] /goto dagon
[6/6/2017 13:58:36] /goto dagon
[6/6/2017 13:58:46] /goto dagon
[6/6/2017 13:58:58] /goto dagon
[6/6/2017 13:59:23] /goto anngeh eeh rei
[6/6/2017 13:59:25] /goto anngeh eeh rei
[6/6/2017 14:0:3] /goto dagon
[6/6/2017 14:0:18] /t
[6/6/2017 14:0:26] /a 84
[6/6/2017 14:0:29] /a 30
[6/6/2017 14:16:15] /goto dagon
[6/6/2017 14:17:51] /t
[6/6/2017 14:17:59] /a 87
[6/6/2017 14:18:2] /a 30
[6/6/2017 14:18:7] /a
[6/6/2017 14:48:59] /goto nooway
[6/6/2017 14:52:1] /t
[6/6/2017 14:52:9] /a 83
[6/6/2017 14:52:13] /a 2
[6/6/2017 14:52:16] /a 30
[6/6/2017 15:31:13] /goto nooway
[6/6/2017 15:32:5] /t
[6/6/2017 15:32:10] /a 85
[6/6/2017 15:32:12] /a 30
[6/6/2017 15:32:14] /a 2
[6/6/2017 16:40:27] /a
[6/6/2017 16:40:27] /a
[6/6/2017 16:41:5] /a 2
[6/6/2017 19:9:23] /newtype 35
[6/6/2017 19:9:30] /goto belattrix
[6/6/2017 19:10:30] /goto anngeh eeh rei
[6/6/2017 19:10:52] /goto belattrix
[6/6/2017 19:12:2] /t
[6/6/2017 19:12:4] /a 30
[6/6/2017 19:13:12] /goto belattri
[6/6/2017 19:13:13] /goto belattrix
[6/6/2017 19:16:41] /goto belattrix
[6/6/2017 19:16:59] /goto belattrix
[6/6/2017 19:17:0] /goto belattrix
[6/6/2017 19:18:34] /goto belattrix
[6/6/2017 19:18:39] /goto anngeh eeh rei
[6/6/2017 19:18:47] /goto dagon
[6/6/2017 19:18:50] /a
[6/6/2017 19:18:52] /t
[6/6/2017 19:19:5] /a 3
[6/6/2017 19:22:35] /a
[6/6/2017 19:24:0] /t nooway
[6/6/2017 19:41:21] /a 3
[6/6/2017 19:41:23] /ghost
[6/6/2017 19:41:32] /a 3
[6/6/2017 19:41:34] /ghost
[6/6/2017 19:42:55] /goto belattrix
[6/6/2017 19:43:46] /goto annng eeh rei
[6/6/2017 19:43:58] /goto Anngeh Eeh Rei
[6/6/2017 19:59:9] /goto nooway
[6/6/2017 20:1:57] /kick nooway
[6/6/2017 20:2:16] /kick Naruto Owna
[6/6/2017 20:2:28] /kick Anngeh Eeh Rei
[6/6/2017 20:10:3] /kick nooway
[7/6/2017 0:6:22] /t nooway
[7/6/2017 13:41:59] /t
[7/6/2017 13:42:2] /a 85
[7/6/2017 13:42:6] /a 3
[7/6/2017 13:42:8] /a 27
[7/6/2017 13:42:18] /kick dagon
[7/6/2017 13:43:4] /goto nooway
[7/6/2017 13:43:14] /goto dagon
[7/6/2017 13:46:48] /goto dagon
[7/6/2017 13:46:49] /goto dagon
[7/6/2017 13:47:0] /goto dagon
[7/6/2017 13:47:7] /goto dagon
[7/6/2017 13:49:26] /cliport
[7/6/2017 13:49:36] /a 4
[7/6/2017 13:50:12] /cliport
[7/6/2017 13:50:55] /cliport
[7/6/2017 13:51:15] /goto dagon
[7/6/2017 13:53:20] /goto dagon
[7/6/2017 13:53:20] /goto dagon
[7/6/2017 13:53:44] /t
[7/6/2017 17:30:47] /a 3
[7/6/2017 17:30:55] /newtype 35
[7/6/2017 17:36:32] /goto farmer shinobi
[7/6/2017 17:37:11] /goto farmer shinobi
[7/6/2017 17:37:13] /goto farmer shinobi
[7/6/2017 17:37:14] /goto farmer shinobi
[7/6/2017 17:37:14] /goto farmer shinobi
[7/6/2017 17:37:21] /goto farmer shinobi
[7/6/2017 17:37:22] /goto farmer shinobi
[7/6/2017 17:37:22] /goto farmer shinobi
[7/6/2017 17:37:22] /goto farmer shinobi
[7/6/2017 17:37:23] /goto farmer shinobi
[7/6/2017 17:37:23] /goto farmer shinobi
[7/6/2017 17:38:4] /goto farmer shinobi
[7/6/2017 17:38:9] /goto farmer shinobi
[7/6/2017 17:38:14] /goto farmer shinobi
[7/6/2017 17:38:15] /goto farmer shinobi
[7/6/2017 17:38:17] /t
[7/6/2017 17:38:20] /a 86
[7/6/2017 17:38:24] /a 29
[7/6/2017 17:38:31] /cliport
[7/6/2017 17:56:28] /newtype 35
[7/6/2017 17:56:33] /goto roberto
[7/6/2017 17:56:39] /goto minato
[7/6/2017 17:56:46] /goto marshmellow
[7/6/2017 17:56:49] /goto marshmelow
[7/6/2017 17:56:55] /a 3
[7/6/2017 18:35:46] /goto Obito The Mito
[7/6/2017 18:37:6] /t
[7/6/2017 18:37:27] /a 50
[7/6/2017 18:39:1] /goto raikage tlgl
[7/6/2017 18:39:4] /goto raikage tgl
[7/6/2017 18:43:59] /goto masacrador
[7/6/2017 18:45:56] /a 5
[7/6/2017 18:47:8] /kick raikage tgl
[7/6/2017 18:48:11] /goto raikage tgl
[7/6/2017 18:48:32] /goto raikage tgl
[7/6/2017 18:48:39] /goto raikage tgl
[7/6/2017 18:48:53] /ghost
[7/6/2017 18:49:57] /ghost
[7/6/2017 18:50:19] /goto raikage tgl
[7/6/2017 18:50:27] /goto raikage tgl
[7/6/2017 18:50:59] /goto Hokage Sannin
[7/6/2017 18:52:58] /goto suigetsu boss
[7/6/2017 18:55:3] /goto nooway
[7/6/2017 19:1:49] /a 3
[7/6/2017 19:1:58] /a 3
[7/6/2017 19:2:22] /a 3
[7/6/2017 19:2:38] /up
[7/6/2017 19:2:42] /a 10
[7/6/2017 19:2:59] /ghost
[7/6/2017 19:4:44] /a 3
[7/6/2017 19:4:45] /a 3
[7/6/2017 19:4:45] /a 3
[7/6/2017 19:4:46] /a 3
[7/6/2017 19:4:46] /a 3
[7/6/2017 19:4:53] /a 3
[7/6/2017 19:4:54] /a 3
[7/6/2017 19:4:54] /a 3
[7/6/2017 19:4:55] /a 3
[7/6/2017 19:4:55] /a 3
[7/6/2017 19:4:55] /a 3
[7/6/2017 19:4:58] /a 3
[7/6/2017 19:5:16] /a 3
[7/6/2017 19:5:19] /a 3
[7/6/2017 19:5:25] /a 3
[7/6/2017 19:5:26] /a 3
[7/6/2017 19:5:26] /a 3
[7/6/2017 19:5:27] /a 3
[7/6/2017 19:5:29] /a 3
[7/6/2017 19:6:57] /ghost
[7/6/2017 19:7:0] /goto nooway
[7/6/2017 19:7:13] /goto raikage tgl
[7/6/2017 19:8:19] /goto onoki
[7/6/2017 19:10:57] /goto raikgae tgl
[7/6/2017 19:11:3] /goto raikage tgl
[7/6/2017 19:11:27] /goto onoki
[7/6/2017 19:19:42] /goto nooway
[7/6/2017 19:22:42] /goto roberto
[7/6/2017 19:22:54] /ghost
[7/6/2017 19:23:18] /goto anngeh eeh rei
[7/6/2017 19:24:20] /goto masacrador
[7/6/2017 19:27:39] /newtype 35
[7/6/2017 19:27:42] /ghost
[7/6/2017 19:46:9] /kick nooway
[7/6/2017 20:4:46] /goto shotavix
[7/6/2017 20:4:52] /goto shotavix
[7/6/2017 20:4:58] /t
[7/6/2017 20:5:34] /a 3
[7/6/2017 20:5:55] /a 3
[7/6/2017 20:5:58] /up
[7/6/2017 20:6:1] /up
[7/6/2017 20:6:3] /down
[7/6/2017 20:6:6] /a 3
[7/6/2017 20:6:11] /t Mxitachi Uchiha
[7/6/2017 20:6:15] /t Shotavix
[7/6/2017 20:6:19] /t
[7/6/2017 20:6:29] /a 50
[7/6/2017 20:6:34] /newtype 35
[7/6/2017 20:6:37] /ghost
[7/6/2017 21:16:56] /goto /kick Orochimaru Owned
[7/6/2017 21:17:35] /ghost
[7/6/2017 21:17:43] /goto Orochimaru Owned
[7/6/2017 21:17:45] /kick Orochimaru Owned
[7/6/2017 21:17:49] /goto Orochimaru Owned
[7/6/2017 21:17:50] /goto Orochimaru Owned
[7/6/2017 21:37:55] /mc
[7/6/2017 23:25:25] /goto mascarado
[7/6/2017 23:25:35] /goto masacrador
[7/6/2017 23:25:53] /goto Anngeh Eeh Rei
[7/6/2017 23:26:0] /t
[7/6/2017 23:26:6] /a 50
[7/6/2017 23:27:26] /newtype 33
[7/6/2017 23:27:27] /newtype 35
[7/6/2017 23:27:40] /b Fon
[7/6/2017 23:54:1] /kick nooway
[8/6/2017 15:38:56] /goto roberto
[8/6/2017 15:51:32] /goto ancient creature
[8/6/2017 15:51:40] /goto shisui boss
[8/6/2017 16:1:58] /t
[8/6/2017 16:2:3] /a 50
[8/6/2017 16:2:8] /newtype 35
[8/6/2017 16:2:15] /ghost
[8/6/2017 16:22:46] /ghost
[8/6/2017 16:22:47] /goto belattrix
[8/6/2017 16:24:13] /goto Marquin Return
[8/6/2017 16:24:20] /goto Marquin Return
[8/6/2017 16:24:21] /goto Marquin Return
[8/6/2017 17:40:11] /t
[8/6/2017 17:40:26] /t 50
[8/6/2017 17:40:31] /a 50
[8/6/2017 17:40:39] /goto belattrix
[8/6/2017 17:41:44] /t
[8/6/2017 17:41:49] /a 50
[8/6/2017 17:41:54] /newtype 35
[8/6/2017 17:41:56] /ghost
[8/6/2017 17:42:2] /b Duvida help !
[8/6/2017 17:49:12] /a
[8/6/2017 17:49:29] /a 3
[8/6/2017 17:50:9] /a 3
[8/6/2017 17:50:14] /a 2
[8/6/2017 18:15:42] /goto nooway
[8/6/2017 18:16:22] /kick nooway
[8/6/2017 18:16:29] /kick nooway
[8/6/2017 18:17:54] /newtype 100
[8/6/2017 18:17:55] /newtype 101
[8/6/2017 18:17:56] /newtype 102
[8/6/2017 18:18:45] /a 3
[8/6/2017 18:18:50] /newtype 103
[8/6/2017 18:18:52] /newtype 104
[8/6/2017 18:18:53] /newtype 105
[8/6/2017 18:18:55] /newtype 106
[8/6/2017 18:18:56] /newtype 107
[8/6/2017 18:18:57] /newtype 108
[8/6/2017 18:18:58] /newtype 109
[8/6/2017 18:19:2] /newtype 110
[8/6/2017 18:19:29] /newtype 111
[8/6/2017 18:19:30] /newtype 112
[8/6/2017 18:19:31] /newtype 113
[8/6/2017 18:19:32] /newtype 114
[8/6/2017 18:19:33] /newtype 115
[8/6/2017 18:19:38] /newtype 116
[8/6/2017 18:19:39] /a 3
[8/6/2017 18:20:59] /newtype 117
[8/6/2017 18:21:0] /newtype 118
[8/6/2017 18:21:2] /newtype 119
[8/6/2017 18:21:3] /newtype 120
[8/6/2017 18:21:5] /newtype 121
[8/6/2017 18:23:4] /ghost
[8/6/2017 18:23:4] /goto roberto gay
[8/6/2017 18:23:14] /goto belattrix
[8/6/2017 18:23:51] /t
[8/6/2017 18:23:56] /a 49
[8/6/2017 18:23:58] /a 3
[8/6/2017 18:24:3] /ghost
[8/6/2017 18:24:16] /newtype 122
[8/6/2017 18:24:18] /newtype 123
[8/6/2017 18:24:19] /newtype 124
[8/6/2017 18:24:20] /newtype 125
[8/6/2017 18:24:21] /newtype 126
[8/6/2017 18:24:23] /newtype 127
[8/6/2017 18:24:24] /newtype 128
[8/6/2017 18:24:26] /newtype 129
[8/6/2017 18:24:29] /newtype 130
[8/6/2017 18:24:29] /newtype 131
[8/6/2017 18:24:31] /newtype 132
[8/6/2017 18:24:32] /newtype 133
[8/6/2017 18:24:33] /newtype 134
[8/6/2017 18:24:35] /newtype 135
[8/6/2017 18:24:37] /newtype 136
[8/6/2017 18:24:38] /newtype 1307
[8/6/2017 18:41:52] /goto Anngeh Eeh Rei
[8/6/2017 18:42:58] /goto Velho Hiit Max
[8/6/2017 18:48:17] /t
[8/6/2017 18:48:22] /a 50
[8/6/2017 18:48:24] /a 3
[8/6/2017 18:56:34] /ghost
[8/6/2017 18:59:39] /b se alguem tiver com katon shield ai me manda pm, fast.
[8/6/2017 18:59:42] /b se alguem tiver com katon shield ai me manda pm, fast.
[8/6/2017 18:59:42] /b se alguem tiver com katon shield ai me manda pm, fast.
[8/6/2017 18:59:43] /b se alguem tiver com katon shield ai me manda pm, fast.
[8/6/2017 18:59:43] /b se alguem tiver com katon shield ai me manda pm, fast.
[8/6/2017 19:0:16] /goto Anngeh Eeh Rei
[8/6/2017 19:0:31] /goto liiondkill
[8/6/2017 19:1:39] /t
[8/6/2017 19:1:45] /a 50
[8/6/2017 19:4:49] /goto Clayre
[8/6/2017 19:5:22] /t
[8/6/2017 19:7:11] /goto Velho Hiit Max
[8/6/2017 19:21:6] /goto king luisse
[8/6/2017 19:32:21] /goto Bestie Kankurou
[8/6/2017 20:9:10] /goto Velho Hiit Max
[8/6/2017 20:20:1] /t
[8/6/2017 20:20:6] /a 50
[8/6/2017 22:4:11] /goto katsu
[8/6/2017 22:5:55] /goto katsu
[8/6/2017 22:11:48] /goto danzou
[8/6/2017 22:11:54] /goto anbu danzou
[8/6/2017 22:11:58] /goto danzou anbu
[8/6/2017 22:14:27] /ghost
[8/6/2017 22:16:35] /t katsu
[8/6/2017 22:16:37] /t 
[8/6/2017 22:16:41] /ghost
[8/6/2017 22:16:55] /a 50
[8/6/2017 22:19:26] /goto onokin
[8/6/2017 22:19:50] /t
[8/6/2017 22:20:11] /a 50
[9/6/2017 13:10:16] /a 3
[9/6/2017 13:10:34] /b Tsuchikage ja foi arrumado !
[9/6/2017 13:10:36] /b Tsuchikage ja foi arrumado !
[9/6/2017 13:10:36] /b Tsuchikage ja foi arrumado !
[9/6/2017 13:10:36] /b Tsuchikage ja foi arrumado !
[9/6/2017 13:11:12] /ghost
[9/6/2017 13:11:21] /newtype 1249
[9/6/2017 13:11:23] /newtype 1248
[9/6/2017 13:11:25] /newtype 1247
[9/6/2017 13:16:51] /goto Obito Eh Deus
[9/6/2017 13:16:59] /newtype 1244
[9/6/2017 13:17:2] /newtype 1245
[9/6/2017 13:17:4] /newtype 1243
[9/6/2017 13:17:6] /newtype 1242
[9/6/2017 13:17:7] /newtype 1241
[9/6/2017 13:17:8] /newtype 1240
[9/6/2017 13:17:12] /newtype 1246
[9/6/2017 13:17:14] /newtype 1247
[9/6/2017 13:17:24] /newtype 1243
[9/6/2017 13:17:26] /newtype 1244
[9/6/2017 13:17:27] /newtype 1245
[9/6/2017 13:17:29] /newtype 1246
[9/6/2017 13:17:30] /newtype 1247
[9/6/2017 13:17:32] /newtype 1243
[9/6/2017 13:17:38] /newtype 1239
[9/6/2017 13:17:43] /newtype 1238
[9/6/2017 13:17:44] /newtype 1237
[9/6/2017 13:17:56] /newtype 1237
[9/6/2017 13:17:59] /newtype 1236
[9/6/2017 13:18:1] /newtype 1235
[9/6/2017 13:18:2] /newtype 1234
[9/6/2017 13:18:3] /newtype 1233
[9/6/2017 13:18:4] /newtype 1233
[9/6/2017 13:18:5] /newtype 1232
[9/6/2017 13:18:5] /newtype 1231
[9/6/2017 13:18:7] /newtype 1230
[9/6/2017 13:18:10] /newtype 1229
[9/6/2017 13:18:11] /newtype 1228
[9/6/2017 13:18:30] /newtype 1226
[9/6/2017 13:18:40] /newtype 1226
[9/6/2017 13:18:42] /newtype 1225
[9/6/2017 13:18:43] /newtype 1224
[9/6/2017 13:18:44] /newtype 1223
[9/6/2017 13:18:45] /newtype 1222
[9/6/2017 13:18:47] /newtype 1221
[9/6/2017 13:18:59] /newtype 1219
[9/6/2017 13:19:3] /newtype 1218
[9/6/2017 13:19:5] /newtype 1217
[9/6/2017 13:19:8] /newtype 1216
[9/6/2017 13:19:10] /newtype 1215
[9/6/2017 13:19:19] /newtype 1212
[9/6/2017 13:19:24] /newtype 1211
[9/6/2017 13:19:25] /newtype 1210
[9/6/2017 13:19:29] /newtype 1209
[9/6/2017 13:19:30] /newtype 1208
[9/6/2017 13:19:31] /newtype 1207
[9/6/2017 13:19:33] /newtype 1206
[9/6/2017 13:19:35] /newtype 1205
[9/6/2017 13:19:37] /newtype 1204
[9/6/2017 13:19:38] /newtype 1203
[9/6/2017 13:19:40] /newtype 1202
[9/6/2017 13:19:41] /newtype 1201
[9/6/2017 13:19:42] /newtype 1200
[9/6/2017 13:19:45] /newtype 1199
[9/6/2017 13:19:46] /newtype 1198
[9/6/2017 13:19:47] /newtype 1197
[9/6/2017 13:19:50] /newtype 1196
[9/6/2017 13:19:51] /newtype 1195
[9/6/2017 13:19:52] /newtype 1194
[9/6/2017 13:19:54] /newtype 1193
[9/6/2017 13:19:55] /newtype 1192
[9/6/2017 13:19:56] /newtype 1191
[9/6/2017 13:19:58] /newtype 1190
[9/6/2017 13:20:0] /newtype 1189
[9/6/2017 13:20:8] /newtype 1188
[9/6/2017 13:20:12] /newtype 1187
[9/6/2017 13:20:14] /newtype 1186
[9/6/2017 13:20:15] /newtype 1185
[9/6/2017 13:20:16] /newtype 1184
[9/6/2017 13:20:17] /newtype 1183
[9/6/2017 13:20:18] /newtype 1182
[9/6/2017 13:20:19] /newtype 1181
[9/6/2017 13:20:20] /newtype 1180
[9/6/2017 13:20:24] /newtype 1179
[9/6/2017 13:20:25] /newtype 1178
[9/6/2017 13:20:26] /newtype 1177
[9/6/2017 13:20:27] /newtype 1176
[9/6/2017 13:20:28] /newtype 1175
[9/6/2017 13:20:30] /newtype 1174
[9/6/2017 13:20:31] /newtype 1173
[9/6/2017 13:20:32] /newtype 1172
[9/6/2017 13:20:32] /newtype 1171
[9/6/2017 13:20:36] /newtype 1170
[9/6/2017 13:20:39] /newtype 1169
[9/6/2017 13:20:40] /newtype 1168
[9/6/2017 13:20:41] /newtype 1167
[9/6/2017 13:20:42] /newtype 1166
[9/6/2017 13:20:44] /newtype 1165
[9/6/2017 13:20:45] /newtype 1164
[9/6/2017 13:20:47] /newtype 1163
[9/6/2017 13:20:48] /newtype 1162
[9/6/2017 13:20:49] /newtype 1161
[9/6/2017 13:20:51] /newtype 1160
[9/6/2017 13:20:52] /newtype 1159
[9/6/2017 13:20:53] /newtype 1158
[9/6/2017 13:20:55] /newtype 1157
[9/6/2017 13:20:56] /newtype 1157
[9/6/2017 13:20:58] /newtype 1156
[9/6/2017 13:20:59] /newtype 1155
[9/6/2017 13:21:0] /newtype 1153
[9/6/2017 13:21:1] /newtype 1154
[9/6/2017 13:21:2] /newtype 1152
[9/6/2017 13:21:5] /newtype 1151
[9/6/2017 13:21:30] /newtype 1149
[9/6/2017 13:21:30] /newtype 1148
[9/6/2017 13:21:31] /newtype 1147
[9/6/2017 13:21:34] /newtype 1146
[9/6/2017 13:21:35] /newtype 1145
[9/6/2017 13:21:38] /newtype 1144
[9/6/2017 13:21:38] /newtype 1143
[9/6/2017 13:21:39] /newtype 1143
[9/6/2017 13:21:40] /newtype 1142
[9/6/2017 13:21:41] /newtype 1141
[9/6/2017 13:21:43] /newtype 110
[9/6/2017 13:21:45] /newtype 1140
[9/6/2017 13:21:47] /newtype 1139
[9/6/2017 13:21:48] /newtype 1138
[9/6/2017 13:21:49] /newtype 1137
[9/6/2017 13:21:51] /newtype 1136
[9/6/2017 13:21:52] /newtype 1135
[9/6/2017 13:21:55] /newtype 1134
[9/6/2017 13:21:57] /newtype 1132
[9/6/2017 13:21:58] /newtype 1131
[9/6/2017 13:21:59] /newtype 1130
[9/6/2017 13:22:0] /newtype 1129
[9/6/2017 13:22:2] /newtype 1128
[9/6/2017 13:22:4] /newtype 1127
[9/6/2017 13:22:6] /newtype 1126
[9/6/2017 13:22:8] /newtype 1125
[9/6/2017 13:22:10] /newtype 1124
[9/6/2017 13:22:11] /newtype 1123
[9/6/2017 13:22:12] /newtype 1122
[9/6/2017 13:22:13] /newtype 1122
[9/6/2017 13:22:15] /newtype 1123
[9/6/2017 13:22:35] /newtype 1121
[9/6/2017 13:22:36] /newtype 1120
[9/6/2017 13:22:38] /newtype 1119
[9/6/2017 13:22:47] /newtype 1118
[9/6/2017 13:22:49] /newtype 1117
[9/6/2017 13:22:51] /newtype 1116
[9/6/2017 13:22:52] /newtype 1115
[9/6/2017 13:22:54] /newtype 1114
[9/6/2017 13:22:55] /newtype 1113
[9/6/2017 13:22:57] /newtype 1112
[9/6/2017 13:22:58] /newtype 1111
[9/6/2017 13:24:21] /newtype 1123
[9/6/2017 13:26:3] /newtype 1247
[9/6/2017 13:26:54] /newtype 1123
[9/6/2017 13:26:59] /goto [ADM] IndraMazuk
[9/6/2017 13:55:27] /ghost
[9/6/2017 14:19:25] /goto Thiaguin Kamui
[9/6/2017 14:21:27] /t
[9/6/2017 14:21:34] /a 50
[9/6/2017 14:21:36] /a 3
[9/6/2017 14:25:8] /ghost
[9/6/2017 17:23:27] /mode pvp
[9/6/2017 17:23:47] /b Mals rapaziada.., tava oculado
[9/6/2017 17:49:14] /b Pessoal novo veem os videos no site, la explica tudo, como upar, fazer dinheiro, task's e etc .!
[9/6/2017 17:49:16] /b Pessoal novo veem os videos no site, la explica tudo, como upar, fazer dinheiro, task's e etc .!
[9/6/2017 17:49:16] /b Pessoal novo veem os videos no site, la explica tudo, como upar, fazer dinheiro, task's e etc .!
[9/6/2017 17:49:17] /b Pessoal novo veem os videos no site, la explica tudo, como upar, fazer dinheiro, task's e etc .!
[9/6/2017 17:49:17] /b Pessoal novo veem os videos no site, la explica tudo, como upar, fazer dinheiro, task's e etc .!
[9/6/2017 17:49:17] /b Pessoal novo veem os videos no site, la explica tudo, como upar, fazer dinheiro, task's e etc .!
[9/6/2017 17:49:18] /b Pessoal novo veem os videos no site, la explica tudo, como upar, fazer dinheiro, task's e etc .!
[9/6/2017 17:53:47] /b Pessoal novo veem os videos no site, la explica tudo, como upar, fazer dinheiro, task's e etc .!
[9/6/2017 17:53:48] /b Pessoal novo veem os videos no site, la explica tudo, como upar, fazer dinheiro, task's e etc .!
[9/6/2017 17:53:48] /b Pessoal novo veem os videos no site, la explica tudo, como upar, fazer dinheiro, task's e etc .!
[9/6/2017 17:53:48] /b Pessoal novo veem os videos no site, la explica tudo, como upar, fazer dinheiro, task's e etc .!
[9/6/2017 17:53:49] /b Pessoal novo veem os videos no site, la explica tudo, como upar, fazer dinheiro, task's e etc .!
[9/6/2017 17:53:49] /b Pessoal novo veem os videos no site, la explica tudo, como upar, fazer dinheiro, task's e etc .!
[9/6/2017 17:53:49] /b Pessoal novo veem os videos no site, la explica tudo, como upar, fazer dinheiro, task's e etc .!
[9/6/2017 18:48:4] /newtype 1143
[9/6/2017 18:48:8] /newtype 1243
[9/6/2017 18:48:13] /newtype 1223
[9/6/2017 18:48:18] /newtype 1133
[9/6/2017 18:48:20] /newtype 1124
[9/6/2017 18:48:22] /newtype 1123
[9/6/2017 18:49:28] /goto [ADM] IndraMazuk
[9/6/2017 18:54:18] /b Rapaziada Me passem os bugs que acharam no help !
[9/6/2017 18:54:19] /b Rapaziada Me passem os bugs que acharam no help !
[9/6/2017 18:54:19] /b Rapaziada Me passem os bugs que acharam no help !
[9/6/2017 18:54:19] /b Rapaziada Me passem os bugs que acharam no help !
[9/6/2017 18:54:20] /t
[9/6/2017 18:54:26] /a 50
[9/6/2017 18:54:29] /a 3
[10/6/2017 13:18:52] /newtype 1123
[10/6/2017 13:19:0] /b Boa tarde !
[10/6/2017 13:19:1] /b Boa tarde !
[10/6/2017 13:19:1] /b Boa tarde !
[10/6/2017 13:19:25] /b Boa tarde !
[10/6/2017 13:19:30] /b Duvidas no help !
[10/6/2017 14:5:12] /b Reportem os bugs no help !!
[10/6/2017 14:5:12] /b Reportem os bugs no help !!
[10/6/2017 14:5:12] /b Reportem os bugs no help !!
[10/6/2017 14:5:13] /b Reportem os bugs no help !!
[10/6/2017 14:5:13] /b Reportem os bugs no help !!
[10/6/2017 14:30:30] /newtype 1123
[10/6/2017 15:36:19] /t
[10/6/2017 15:36:31] /r
[10/6/2017 15:36:34] /r
[10/6/2017 15:36:49] /goto fidel castro
[10/6/2017 15:45:32] /b tem alguma hinata on ?
[10/6/2017 15:45:32] /b tem alguma hinata on ?
[10/6/2017 15:45:33] /b tem alguma hinata on ?
[10/6/2017 15:45:33] /b tem alguma hinata on ?
[10/6/2017 15:45:33] /b tem alguma hinata on ?
[10/6/2017 15:52:1] /a 6
[10/6/2017 15:54:7] /a 3
[10/6/2017 16:13:46] /bc
[10/6/2017 16:13:56] /bc fon
[10/6/2017 16:14:14] /save
[10/6/2017 16:14:48] /notations
[10/6/2017 16:17:42] /goto loot
[10/6/2017 16:17:49] /goto raikage tgl
[10/6/2017 16:23:41] /t
[10/6/2017 16:23:52] /a 53
[10/6/2017 16:36:35] /goto miopia
[10/6/2017 16:37:57] /ghost
[10/6/2017 16:38:49] /t
[10/6/2017 16:38:57] /a 52
[10/6/2017 16:38:58] /ghost
[10/6/2017 16:41:2] /newtype 1123
[10/6/2017 16:42:42] /goto juubi
[10/6/2017 16:43:26] /goto miopia
[10/6/2017 16:44:21] /t 
[10/6/2017 16:44:27] /a 52
[10/6/2017 16:48:47] /goto miopia
[10/6/2017 16:49:22] /a 20
[10/6/2017 16:49:24] /a 10
[10/6/2017 16:49:28] /down
[10/6/2017 16:49:32] /a 20
[10/6/2017 16:49:35] /down
[10/6/2017 16:56:38] /goto miopia
[10/6/2017 16:56:49] /ghost
[10/6/2017 16:57:45] /goto [gm] hokage sannin
[10/6/2017 16:58:1] /newtype 1243
[10/6/2017 16:58:4] /newtype 1246
[10/6/2017 16:58:8] /newtype 1247
[10/6/2017 17:1:1] /goto miopia
[10/6/2017 17:2:47] /t miopia]
[10/6/2017 17:2:48] /t miopia
[10/6/2017 17:3:2] /t
[10/6/2017 17:3:10] /a 52
[10/6/2017 17:3:19] /newtype 902
[10/6/2017 17:3:22] /newtype 903
[10/6/2017 17:3:23] /newtype 904
[10/6/2017 17:3:25] /newtype 905
[10/6/2017 17:3:36] /newtype 900
[10/6/2017 17:3:39] /newtype 899
[10/6/2017 17:3:40] /newtype 898
[10/6/2017 17:3:44] /newtype 897
[10/6/2017 17:3:46] /newtype 897
[10/6/2017 17:3:48] /newtype 896
[10/6/2017 17:3:50] /newtype 895
[10/6/2017 17:3:52] /newtype 894
[10/6/2017 17:3:53] /newtype 893
[10/6/2017 17:6:22] /newtype 891
[10/6/2017 17:6:29] /newtype 890
[10/6/2017 17:6:33] /newtype 891
[10/6/2017 17:7:35] /newtype 889
[10/6/2017 17:7:39] /newtype 888
[10/6/2017 17:7:43] /newtype 887
[10/6/2017 17:7:44] /newtype 886
[10/6/2017 17:7:45] /newtype 885
[10/6/2017 17:7:50] /newtype 884
[10/6/2017 17:7:52] /newtype 883
[10/6/2017 17:7:54] /newtype 882
[10/6/2017 17:7:55] /newtype 881
[10/6/2017 17:7:56] /newtype 880
[10/6/2017 17:8:0] /newtype 879
[10/6/2017 17:8:2] /newtype 878
[10/6/2017 17:8:3] /newtype 876
[10/6/2017 17:8:5] /newtype 875
[10/6/2017 17:8:6] /newtype 874
[10/6/2017 17:8:8] /newtype 873
[10/6/2017 17:8:9] /newtype 872
[10/6/2017 17:8:10] /newtype 871
[10/6/2017 17:8:13] /newtype 870
[10/6/2017 17:8:18] /newtype 903
[10/6/2017 17:8:20] /newtype 904
[10/6/2017 17:8:21] /newtype 905
[10/6/2017 17:8:22] /newtype 906
[10/6/2017 17:8:24] /newtype 907
[10/6/2017 17:8:28] /newtype 908
[10/6/2017 17:8:29] /newtype 909
[10/6/2017 17:8:34] /newtype 910
[10/6/2017 17:8:35] /newtype 911
[10/6/2017 17:8:36] /newtype 912
[10/6/2017 17:8:37] /newtype 913
[10/6/2017 17:8:38] /newtype 914
[10/6/2017 17:8:39] /newtype 915
[10/6/2017 17:8:40] /newtype 916
[10/6/2017 17:8:42] /newtype 917
[10/6/2017 17:8:43] /newtype 918
[10/6/2017 17:8:44] /newtype 919
[10/6/2017 17:8:47] /newtype 920
[10/6/2017 17:8:47] /newtype 9201
[10/6/2017 23:27:30] /b Boa noite rapeizy xD
[10/6/2017 23:27:42] /b Reportem bugs no help !
[10/6/2017 23:31:14] /newtype 905
[10/6/2017 23:31:22] /ghost
[11/6/2017 0:38:50] /goto guto 
[11/6/2017 0:39:7] /t
[11/6/2017 0:39:12] /a 50
[11/6/2017 0:39:15] /a 2
[11/6/2017 0:49:48] /goto Garoto
[11/6/2017 0:49:58] /t /goto Garoto
[11/6/2017 0:50:3] /t garoto
[11/6/2017 0:50:5] /t
[11/6/2017 0:50:11] /a 52
[11/6/2017 11:56:58] /bc Bom dia rapaziada, Reportem os bugs ou qualquer coisa no help fast !!!
[11/6/2017 11:56:58] /bc Bom dia rapaziada, Reportem os bugs ou qualquer coisa no help fast !!!
[11/6/2017 11:56:58] /bc Bom dia rapaziada, Reportem os bugs ou qualquer coisa no help fast !!!
[11/6/2017 11:56:58] /bc Bom dia rapaziada, Reportem os bugs ou qualquer coisa no help fast !!!
[11/6/2017 11:56:59] /bc Bom dia rapaziada, Reportem os bugs ou qualquer coisa no help fast !!!
[11/6/2017 11:57:6] /bc bom dia rapaziada, Reportem os bugs ou qualquer coisa no help fast !!!
[11/6/2017 11:57:11] /b Bom dia
[11/6/2017 11:57:34] /newtype 884
[11/6/2017 11:57:36] /newtype 883
[11/6/2017 11:57:38] /newtype 880
[11/6/2017 11:57:41] /newtype 889
[11/6/2017 12:2:10] /b Reportem os bugs no help rapido !
[11/6/2017 12:2:10] /b Reportem os bugs no help rapido !
[11/6/2017 12:2:10] /b Reportem os bugs no help rapido !
[11/6/2017 12:2:11] /b Reportem os bugs no help rapido !
[11/6/2017 12:2:11] /b Reportem os bugs no help rapido !
[11/6/2017 12:7:20] /b Não percam sorteios no grupo !!!! > facebook, com/groups/261592504252840/?fref=ts
[11/6/2017 12:7:21] /b Não percam sorteios no grupo !!!! > facebook, com/groups/261592504252840/?fref=ts
[11/6/2017 12:7:21] /b Não percam sorteios no grupo !!!! > facebook, com/groups/261592504252840/?fref=ts
[11/6/2017 12:7:21] /b Não percam sorteios no grupo !!!! > facebook, com/groups/261592504252840/?fref=ts
[11/6/2017 12:7:22] /b Não percam sorteios no grupo !!!! > facebook, com/groups/261592504252840/?fref=ts
[11/6/2017 12:11:44] /bc Reportem bugs no help rapido !
[11/6/2017 12:11:44] /bc Reportem bugs no help rapido !
[11/6/2017 12:11:44] /bc Reportem bugs no help rapido !
[11/6/2017 12:11:45] /bc Reportem bugs no help rapido !
[11/6/2017 12:11:45] /bc Reportem bugs no help rapido !
[11/6/2017 12:11:45] /bc Reportem bugs no help rapido !
[11/6/2017 12:11:50] /bc   Reportem bugs no help rapido !
[11/6/2017 12:11:54] /bc   Reportem bugs no help rapido !
[11/6/2017 12:11:54] /bc   Reportem bugs no help rapido !
[11/6/2017 12:11:54] /bc   Reportem bugs no help rapido !
[11/6/2017 12:11:55] /bc   Reportem bugs no help rapido !
[11/6/2017 12:15:36] /newtype 1246
[11/6/2017 12:15:39] /newtype 1247
[11/6/2017 12:17:18] /goto roberto gay
[11/6/2017 12:20:28] /kick roberto gay
[11/6/2017 12:23:51] /b Bugs no help !
[11/6/2017 12:23:51] /b Bugs no help !
[11/6/2017 12:23:51] /b Bugs no help !
[11/6/2017 12:23:52] /b Bugs no help !
[11/6/2017 12:23:58] /a 52
[11/6/2017 12:24:8] /a
[11/6/2017 12:24:16] /newtype 1246
[11/6/2017 12:24:23] /kick Ure Dead
[11/6/2017 12:24:34] /a 3
[11/6/2017 12:24:57] /a 2
[11/6/2017 12:25:14] /newtype 1247
[11/6/2017 12:26:49] /a 5
[11/6/2017 12:26:53] /a 5
[11/6/2017 12:34:42] /goto garoto 
[11/6/2017 12:35:9] /goto raikage tgl
[11/6/2017 12:36:29] /a 3
[11/6/2017 12:36:34] /a 3
[11/6/2017 12:36:44] /a 2
[11/6/2017 12:36:55] /a 3
[11/6/2017 13:33:0] /b #GOPAIN
[11/6/2017 13:38:38] /goto Thiaguin Fodiku
[11/6/2017 13:39:51] /t
[11/6/2017 13:39:56] /a 52
[11/6/2017 13:43:59] /bc O Retorno ta bom "13:43 77 player(s) online:" bora bora ggn !!!
[11/6/2017 14:4:28] /goto Tejurupinga
[11/6/2017 14:6:15] /t
[11/6/2017 14:6:19] /a 52
[11/6/2017 14:8:23] /newtype 899
[11/6/2017 14:8:26] /newtype 889
[11/6/2017 14:39:52] /b Quais bugs, pode ser de jutsu falta de jutsu e etc qlqer coisa,manda no help .
[11/6/2017 14:42:48] /goto miopia
[11/6/2017 14:43:51] /goto miopia
[11/6/2017 14:44:13] /goto /goto [ADM] IndraMazuk
[11/6/2017 14:44:17] /goto [ADM] IndraMazuk
[11/6/2017 14:48:14] /goto dagon
[11/6/2017 16:3:48] /newtype 1247
[11/6/2017 16:11:7] /b 16:10 [ADM] IndraMazuk: As vocs que faltam pra arrumar vou arrumar 16:10 [ADM] IndraMazuk: ainda hoje 
[11/6/2017 16:11:9] /b 16:10 [ADM] IndraMazuk: As vocs que faltam pra arrumar vou arrumar 16:10 [ADM] IndraMazuk: ainda hoje 
[11/6/2017 16:11:10] /b 16:10 [ADM] IndraMazuk: As vocs que faltam pra arrumar vou arrumar 16:10 [ADM] IndraMazuk: ainda hoje 
[11/6/2017 16:11:10] /b 16:10 [ADM] IndraMazuk: As vocs que faltam pra arrumar vou arrumar 16:10 [ADM] IndraMazuk: ainda hoje 
[11/6/2017 16:11:53] /goto Tau Do Matarindo
[11/6/2017 16:12:55] /goto mxsai
[11/6/2017 16:48:50] /ghost
[11/6/2017 16:48:56] /goto miopia
[11/6/2017 16:55:19] /goto itachi boss
[11/6/2017 16:55:21] /goto itachi boss
[11/6/2017 16:55:27] /t
[11/6/2017 16:55:34] /goto shisui boss
[11/6/2017 16:55:38] /a 52
[11/6/2017 17:8:38] /ghost
[11/6/2017 17:13:36] /r
[11/6/2017 17:13:38] /r
[11/6/2017 17:16:54] /goto raikage tgl
[11/6/2017 17:17:16] /goto raikage tgl
[11/6/2017 17:17:25] /newtype 899
[11/6/2017 17:17:28] /newtype 889
[11/6/2017 17:17:43] /a 3
[11/6/2017 17:17:45] /a 3
[11/6/2017 17:18:2] /a 4
[11/6/2017 17:18:18] /a 3
[11/6/2017 17:19:5] /goto raikage tgl
[11/6/2017 17:19:12] /a 3]
[11/6/2017 17:20:38] /a 3
[11/6/2017 17:21:3] /a 5
[11/6/2017 17:21:6] /a
[11/6/2017 17:21:10] /a
[11/6/2017 17:23:3] /goto raikage tgl
[11/6/2017 17:23:20] /ghost
[11/6/2017 17:25:53] /goto [ADM] IndraMazuk
[11/6/2017 17:29:19] /goto dagon
[11/6/2017 17:30:9] /goto dagon
[11/6/2017 17:30:39] /up
[11/6/2017 17:30:46] /a 3
[11/6/2017 17:30:53] /a 3
[11/6/2017 17:31:10] /a 10
[11/6/2017 17:32:16] /a 20
[11/6/2017 17:32:18] /a 20
[11/6/2017 17:32:20] /a 20
[11/6/2017 17:32:21] /a 20
[11/6/2017 17:32:21] /a 20
[11/6/2017 17:32:22] /a 20
[11/6/2017 17:32:25] /a 20
[11/6/2017 17:32:30] /a 20
[11/6/2017 17:33:47] /kick dagon
[11/6/2017 17:35:33] /goto marshmellow
[11/6/2017 17:36:21] /goto marshmelow
[11/6/2017 17:38:2] /goto dagon
[11/6/2017 17:38:31] /goto king luisse
[11/6/2017 17:38:41] /goto king luisse
[11/6/2017 19:47:40] /t miopia
[11/6/2017 19:47:42] /t
[11/6/2017 19:47:47] /a 50
[11/6/2017 19:47:50] /a 
[11/6/2017 19:54:8] /t miopia
[11/6/2017 19:58:20] /goto miopia 
[11/6/2017 19:58:24] /t
[11/6/2017 19:58:29] /a 52
[11/6/2017 19:58:34] /newtype 1247
[11/6/2017 22:41:53] /kick raikage tgl
[11/6/2017 22:42:3] /goto dagon
[11/6/2017 22:42:13] /a 2
[11/6/2017 22:51:11] /goto raikage tgl
[11/6/2017 22:52:0] /t
[11/6/2017 23:13:35] /a 52
[11/6/2017 23:14:5] /newtype  1247
[12/6/2017 13:7:47] /newtype 1247
[12/6/2017 13:9:47] /ghost
[12/6/2017 13:10:5] /b Boa tarde :s
[12/6/2017 20:24:35] /newtype 1247
[12/6/2017 20:50:17] /ghost
[12/6/2017 20:50:23] /kick chino death
[12/6/2017 20:50:29] /t chino death
[12/6/2017 22:19:59] /goto dagon
[12/6/2017 22:20:4] /t miopia
[12/6/2017 22:23:15] /goto miopia
[12/6/2017 22:23:21] /goto dagon
[12/6/2017 22:33:4] /goto Horflow 
[12/6/2017 22:33:6] /goto Horflow 
[12/6/2017 22:33:6] /goto Horflow 
[12/6/2017 22:33:6] /goto Horflow 
[12/6/2017 22:33:10] /goto Horflow
[12/6/2017 22:33:43] /goto dagon
[12/6/2017 22:35:59] /t
[12/6/2017 22:42:20] /goto miopia
[12/6/2017 22:47:33] /kick miopia
[12/6/2017 22:50:7] /t miopia
[12/6/2017 23:10:41] /goto clayre
[12/6/2017 23:14:16] /t
[13/6/2017 13:17:58] /goto miopia
[13/6/2017 13:18:59] /newtype 1247
[13/6/2017 13:19:11] /t
[13/6/2017 13:19:19] /a 52
[13/6/2017 13:19:21] /ghost
[13/6/2017 13:19:41] /b Boa tarde ^^
[14/6/2017 10:22:8] /goto [ADM] IndraMazuk
[14/6/2017 10:22:17] /newtype 1247
[14/6/2017 10:22:58] /goto Anngeh Eeh Rei
[14/6/2017 10:23:7] /goto [ADM] IndraMazuk
[14/6/2017 10:54:51] /b Duvidas no help .
[14/6/2017 11:17:33] /goto Mxitachi Uchiha
[14/6/2017 11:40:50] /b Falem todos bugs no help plis !!!
[14/6/2017 11:44:42] /goto ragnar
[14/6/2017 13:0:24] /ghost
[14/6/2017 13:0:27] /goto dagon
[14/6/2017 13:0:35] /goto dagon
[14/6/2017 13:0:36] /goto dagon
[14/6/2017 13:0:36] /goto dagon
[14/6/2017 13:4:12] /goto dagon
[14/6/2017 13:15:24] /t
[14/6/2017 13:15:28] /a 52
[14/6/2017 20:3:52] /goto Tubaraum Grandaum
[14/6/2017 20:3:57] /a 3
[14/6/2017 20:4:36] /ghost
[14/6/2017 20:4:45] /newtype 1247
[14/6/2017 20:5:7] /t shinra gradaum
[14/6/2017 20:5:11] /t shinra grandaum
[14/6/2017 20:6:21] /t tubaraum grandaum
[14/6/2017 20:6:23] /t
[14/6/2017 20:6:27] /a 52
[14/6/2017 20:6:42] /a
[14/6/2017 20:6:44] /a
[14/6/2017 20:8:7] /a
[14/6/2017 20:8:12] /t chino death
[14/6/2017 20:9:0] /ghost
[15/6/2017 18:8:8] /newtype 1247
[15/6/2017 18:8:10] /ghost
[15/6/2017 18:8:12] /b Boa noite
[15/6/2017 18:10:17] /t miopia
[15/6/2017 19:15:29] /goto [ADM] IndraMazuk
[15/6/2017 19:17:25] /kick miopia 
[15/6/2017 19:17:28] /t miopia
[15/6/2017 19:27:59] /t miopia
[15/6/2017 19:29:7] /ghost
[15/6/2017 19:29:14] /t
[15/6/2017 19:29:18] /a 52
[15/6/2017 19:29:29] /ghost
[15/6/2017 19:30:46] /t miopia
[15/6/2017 19:37:4] /b Reportem bugs no help !!!!
[15/6/2017 19:37:5] /b Reportem bugs no help !!!!
[15/6/2017 19:37:5] /b Reportem bugs no help !!!!
[15/6/2017 19:37:6] /b Reportem bugs no help !!!!
[15/6/2017 19:37:6] /b Reportem bugs no help !!!!
[15/6/2017 20:13:59] /t crowley
[15/6/2017 22:6:56] /newtype 1247
[15/6/2017 22:8:32] /newtype 1247
[16/6/2017 13:6:15] /t miopia
[16/6/2017 13:15:58] /newtype 1247
[16/6/2017 13:22:34] /goto rygamata
[16/6/2017 13:22:35] /goto rygamata
[16/6/2017 13:22:35] /goto rygamata
[16/6/2017 13:23:20] /bc Reportem os bugs no help !!
[16/6/2017 13:23:20] /bc Reportem os bugs no help !!
[16/6/2017 13:23:21] /bc Reportem os bugs no help !!
[16/6/2017 13:23:21] /bc Reportem os bugs no help !!
[16/6/2017 13:23:21] /bc Reportem os bugs no help !!
[16/6/2017 13:23:25] /b Reportem os bugs no help !!
[16/6/2017 13:23:25] /b Reportem os bugs no help !!
[16/6/2017 13:23:26] /b Reportem os bugs no help !!
[16/6/2017 13:23:26] /b Reportem os bugs no help !!
[16/6/2017 13:23:26] /b Reportem os bugs no help !!
[16/6/2017 13:23:27] /b Reportem os bugs no help !!
[16/6/2017 13:24:38] /goto tsuooy 
[16/6/2017 13:25:58] /b Reportem os bugs no help !!
[16/6/2017 13:25:58] /b Reportem os bugs no help !!
[16/6/2017 13:25:58] /b Reportem os bugs no help !!
[16/6/2017 13:25:59] /b Reportem os bugs no help !!
[16/6/2017 13:25:59] /b Reportem os bugs no help !!
[16/6/2017 13:33:52] /t miopia
[16/6/2017 13:33:58] /kick miopia
[16/6/2017 13:38:44] /ghost
[16/6/2017 13:52:47] /newtype 1247
[16/6/2017 14:3:26] /t history
[16/6/2017 14:14:40] /goto Estrupa
[16/6/2017 20:16:30] /goto [ADM] IndraMazuk
[16/6/2017 20:16:31] /goto [ADM] IndraMazuk
[16/6/2017 20:16:31] /goto [ADM] IndraMazuk
[16/6/2017 20:16:48] /goto Raikage Tgl
[16/6/2017 20:17:43] /goto Raikage Tgl
[17/6/2017 2:28:41] /goto raikage tgl
[18/6/2017 0:33:31] /goto raikage tgl
[18/6/2017 0:33:51] /a 3
[18/6/2017 0:34:25] /t
[18/6/2017 0:34:29] /a 52
[18/6/2017 0:44:41] /a 3
[18/6/2017 0:45:9] /a
[18/6/2017 0:45:11] /a
[18/6/2017 12:46:0] /newtype 1247
[18/6/2017 12:46:5] /ghost
[18/6/2017 12:47:28] /a 53
[18/6/2017 12:48:4] /b Reportem bug no help !
[18/6/2017 12:48:5] /b Reportem bug no help !
[18/6/2017 12:48:5] /b Reportem bug no help !
[18/6/2017 12:48:49] /goto Joelma Do Calypso
[18/6/2017 12:48:57] /goto Well Konan
[18/6/2017 12:48:58] /goto Well Konan
[18/6/2017 12:49:0] /goto Well Konan
[18/6/2017 12:49:0] /goto Well Konan
[18/6/2017 12:49:0] /goto Well Konan
[18/6/2017 12:49:5] /goto dagon
[18/6/2017 12:50:26] /goto Doton Hokage
[18/6/2017 12:52:3] /t
[18/6/2017 12:52:7] /goto dagon
[18/6/2017 13:16:4] /a 
[18/6/2017 13:16:7] /a
[18/6/2017 13:22:44] /a
[18/6/2017 13:22:46] /a
[18/6/2017 13:22:47] /a
[18/6/2017 13:22:49] /a
[18/6/2017 13:23:30] /a 30
[18/6/2017 13:23:35] /a 30
[18/6/2017 13:23:37] /a 30
[18/6/2017 13:23:39] /a 30
[18/6/2017 13:23:40] /a 30
[18/6/2017 13:23:56] /a
[18/6/2017 13:23:57] /a
[18/6/2017 13:23:59] /a
[18/6/2017 13:24:1] /a 30
[18/6/2017 13:24:2] /a 30
[18/6/2017 13:24:2] /a 30
[18/6/2017 13:24:4] /a 
[18/6/2017 13:34:10] /a 5
[18/6/2017 13:34:12] /a
[18/6/2017 13:34:14] /a
[18/6/2017 13:39:23] /b Reportem os bugs no help !
[18/6/2017 13:39:23] /b Reportem os bugs no help !
[18/6/2017 13:39:23] /b Reportem os bugs no help !
[18/6/2017 13:39:24] /b Reportem os bugs no help !
[18/6/2017 13:39:24] /b Reportem os bugs no help !
[18/6/2017 13:39:29] /a 3
[18/6/2017 13:39:39] /a
[18/6/2017 13:42:54] /a
[18/6/2017 13:43:12] /a
[18/6/2017 13:43:13] /a
[18/6/2017 14:38:45] /a 3
[18/6/2017 14:38:51] /a 
[18/6/2017 14:38:56] /a
[18/6/2017 14:39:4] /a 3
[18/6/2017 14:39:17] /a
[18/6/2017 14:39:21] /a
[18/6/2017 14:39:38] /a
[18/6/2017 14:39:57] /a
[18/6/2017 14:40:9] /newtype 899
[18/6/2017 14:40:13] /newtype 889
[18/6/2017 14:40:18] /a
[18/6/2017 14:40:27] /a
[18/6/2017 14:53:35] /a 30
[18/6/2017 14:53:37] /a 30
[18/6/2017 14:54:7] /a 2
[18/6/2017 14:54:27] /a 3
[18/6/2017 14:54:36] /a 45
[18/6/2017 14:54:38] /a 45
[18/6/2017 14:54:41] /a 90
[18/6/2017 14:54:43] /a 3
[18/6/2017 14:54:46] /up
[18/6/2017 14:54:54] /a 3
[18/6/2017 14:54:55] /a 3
[18/6/2017 14:54:56] /a 3/a 3
[18/6/2017 14:54:58] /a 3
[18/6/2017 14:55:34] /a
[18/6/2017 14:55:35] /a
[18/6/2017 14:55:40] /a
[18/6/2017 14:56:21] /a
[18/6/2017 14:56:22] /a
[18/6/2017 14:56:23] /a
[18/6/2017 14:56:28] /a
[18/6/2017 14:56:29] /a
[18/6/2017 14:57:45] /ghost
[18/6/2017 15:21:17] /goto raikage tgl
[18/6/2017 15:21:30] /goto raikage tgl
[18/6/2017 15:21:40] /goto dagon
[18/6/2017 15:22:0] /goto Velho Hiit Max
[18/6/2017 15:22:57] /goto dagon
[18/6/2017 15:23:1] /a
[18/6/2017 16:0:29] /a
[18/6/2017 16:0:30] /a
[18/6/2017 16:0:31] /a
[18/6/2017 16:0:35] /a 5
[18/6/2017 16:0:36] /a 5
[18/6/2017 16:1:24] /a
[18/6/2017 16:1:26] /a
[18/6/2017 16:1:35] /a
[18/6/2017 16:1:38] /a
[18/6/2017 16:1:45] /a
[18/6/2017 16:2:55] /ghost
[18/6/2017 16:6:4] /ghost
[18/6/2017 16:38:1] /goto [ADM] IndraMazuk
[18/6/2017 16:38:5] /goto [ADM] IndraMazuk
[18/6/2017 16:38:5] /goto [ADM] IndraMazuk
[18/6/2017 16:38:7] /t
[18/6/2017 16:38:12] /a 52
[18/6/2017 19:32:10] /newtype 1247
[18/6/2017 19:32:16] /ghost
[18/6/2017 19:55:2] /ghost
[18/6/2017 20:50:3] /a
[18/6/2017 20:50:8] /ghost
[18/6/2017 20:51:24] /ghost
[19/6/2017 13:2:7] /goto miopia
[19/6/2017 13:3:34] /goto cannabis
[19/6/2017 13:7:52] /up
[19/6/2017 13:8:6] /a 
[19/6/2017 13:8:9] /up
[19/6/2017 13:8:15] /down
[19/6/2017 13:8:22] /a
[19/6/2017 13:8:34] /t
[19/6/2017 13:9:25] /t cannabis
[19/6/2017 13:11:25] /b Boa tarde reportem bugs no help !!
[19/6/2017 13:17:53] /t cannabis
[19/6/2017 13:18:25] /goto cannabis
[19/6/2017 13:19:40] /newtype 1247
[19/6/2017 13:19:43] /ghost
[19/6/2017 13:19:45] /goto Ban Roux
[19/6/2017 13:21:36] /t
[19/6/2017 13:21:40] /a 52
[19/6/2017 13:21:46] /a
[19/6/2017 13:22:16] /ghost
[19/6/2017 18:7:37] /ghost
[19/6/2017 18:7:42] /newtype 1247
[19/6/2017 19:46:46] /goto [ADM] IndraMazuk
[19/6/2017 22:52:31] /a
[19/6/2017 22:52:46] /b Tão mais calmo ? :)
[19/6/2017 22:58:14] /a 52
[20/6/2017 13:20:6] /goto osama bin laden
[20/6/2017 13:23:22] /b Ficou algum bug ainda ?
[20/6/2017 13:23:23] /b Ficou algum bug ainda ?
[20/6/2017 13:23:23] /b Ficou algum bug ainda ?
[20/6/2017 13:24:59] /goto paranoic noise
[20/6/2017 13:26:3] /goto paranoic noise
[20/6/2017 13:26:6] /goto paranoic noise~
[20/6/2017 13:26:8] /goto paranoic noise
[20/6/2017 13:26:8] /goto paranoic noise
[20/6/2017 13:26:9] /goto paranoic noise
[20/6/2017 13:26:9] /goto paranoic noise
[20/6/2017 13:26:10] /goto paranoic noise
[20/6/2017 13:26:11] /goto paranoic noise
[20/6/2017 13:29:47] /t
[20/6/2017 13:29:52] /a 52
[20/6/2017 13:34:26] /bc Pra quem não baixou o novo client > ntoxgame, com/?subtopic=downloads  .
[20/6/2017 13:34:28] /bc Pra quem não baixou o novo client > ntoxgame, com/?subtopic=downloads  .
[20/6/2017 13:34:28] /bc Pra quem não baixou o novo client > ntoxgame, com/?subtopic=downloads  .
[20/6/2017 13:34:28] /bc Pra quem não baixou o novo client > ntoxgame, com/?subtopic=downloads  .
[20/6/2017 13:34:28] /bc Pra quem não baixou o novo client > ntoxgame, com/?subtopic=downloads  .
[20/6/2017 13:34:29] /bc Pra quem não baixou o novo client > ntoxgame, com/?subtopic=downloads  .
[20/6/2017 13:34:29] /bc Pra quem não baixou o novo client > ntoxgame, com/?subtopic=downloads  .
[20/6/2017 13:47:36] /goto kaguya [quest]
[20/6/2017 13:47:47] /t
[20/6/2017 13:48:20] /ghost
[20/6/2017 13:49:3] /t
[20/6/2017 13:49:24] /a 52
[20/6/2017 14:19:54] /ghost
[20/6/2017 14:19:58] /newtype 1247
[20/6/2017 15:29:37] /a 52
[20/6/2017 15:58:14] /ghost
[20/6/2017 16:39:54] /a 2
[20/6/2017 16:41:10] /t
[20/6/2017 16:41:23] /a 52
[20/6/2017 16:41:34] /a
[20/6/2017 17:55:4] /a
[20/6/2017 17:55:54] /t
[20/6/2017 17:55:59] /a 52
