[21/4/2018 1:2:37] /ghost
[21/4/2018 1:2:38] /ghost
[21/4/2018 1:2:57] /goto Tana Disneykrl
[21/4/2018 1:3:8] /goto Pepperoni
[21/4/2018 1:3:22] /goto Yokai
[21/4/2018 1:4:47] /t
[21/4/2018 1:6:15] /goto Puta Doh Serv 
[21/4/2018 1:6:28] /goto Jirayjira
[21/4/2018 1:6:46] /goto Adeline
[21/4/2018 1:6:51] /a 1
[21/4/2018 1:8:44] /goto the runer
[21/4/2018 1:8:46] /goto the runner
[21/4/2018 1:9:21] /t
[21/4/2018 1:10:45] /t Nayrobi Dashow
[21/4/2018 1:11:10] /goto Sandaime Hokage 
[21/4/2018 1:11:22] /t
[21/4/2018 1:11:33] /goto Ceifador Jashin 
[21/4/2018 1:14:4] /goto Nayrobi Dashow
[21/4/2018 1:15:29] /r
[21/4/2018 1:15:40] /r
[21/4/2018 1:18:57] /r
[21/4/2018 1:21:43] /r
[21/4/2018 1:21:57] /goto Jirayjira
[21/4/2018 1:22:7] /goto Tana Disneykrl
[21/4/2018 1:32:28] /goto Imortal Jashin
[21/4/2018 1:32:34] /goto Imortal Jashin
[21/4/2018 1:32:51] /goto Octopus Creature
[21/4/2018 1:33:10] /goto Crazzy
[21/4/2018 1:33:20] /goto Todos Em Obito
[21/4/2018 1:33:28] /goto Delete
[21/4/2018 1:38:22] /goto Black Kakashi
[21/4/2018 1:40:39] /t
[21/4/2018 1:42:7] /goto lilica matadora
[21/4/2018 1:42:33] /goto Marechal
[21/4/2018 1:43:50] /goto [adm] icaro
[21/4/2018 1:53:1] /a 10
[21/4/2018 1:53:2] /a 10
[21/4/2018 1:53:2] /a 10
[21/4/2018 1:53:3] /a 10
[21/4/2018 1:53:3] /a 10
[21/4/2018 1:53:3] /a 10
[21/4/2018 1:53:4] /a 10
[21/4/2018 1:53:6] /a 10
[21/4/2018 1:53:7] /a 10
[21/4/2018 1:53:7] /a 10
[21/4/2018 1:53:7] /a 10
[21/4/2018 1:53:9] /a 10
[21/4/2018 1:53:11] /a 10
[21/4/2018 1:55:52] /t
[21/4/2018 1:57:9] /t celestia
[21/4/2018 1:59:32] /a 20
[21/4/2018 1:59:34] /a 20
[21/4/2018 2:0:3] /a 50
[21/4/2018 2:0:12] /a 10
[21/4/2018 2:0:14] /a 10
[21/4/2018 2:0:18] /a 10
[21/4/2018 2:0:23] /a 5
[21/4/2018 2:1:2] /a 5
[21/4/2018 2:1:3] /a 5
[21/4/2018 2:1:4] /a 5
[21/4/2018 2:1:6] /a 5
[21/4/2018 2:1:7] /a 5
[21/4/2018 2:1:9] /a 5
[21/4/2018 2:1:50] /a 20
[21/4/2018 2:1:51] /a 20
[21/4/2018 2:2:1] /a 20
[21/4/2018 2:2:3] /a 20
[21/4/2018 2:2:5] /a 20
[21/4/2018 2:2:7] /a 20
[21/4/2018 2:2:12] /a 10
[21/4/2018 2:2:16] /a 10
[21/4/2018 2:2:27] /a 10
[21/4/2018 2:2:27] /a 10
[21/4/2018 2:2:28] /a 10
[21/4/2018 2:2:29] /a 10
[21/4/2018 2:2:30] /a 10
[21/4/2018 2:2:31] /a 10
[21/4/2018 2:2:34] /t
[21/4/2018 3:34:40] /r
[21/4/2018 3:34:42] /r
[21/4/2018 3:34:43] /r
[21/4/2018 3:34:45] /r
[21/4/2018 3:34:46] /r
[21/4/2018 3:34:47] /r
[21/4/2018 3:34:49] /r
[21/4/2018 3:34:50] /r
[21/4/2018 3:34:53] /r
[21/4/2018 3:34:54] /r
[21/4/2018 3:34:56] /r
[21/4/2018 3:34:58] /r
[21/4/2018 3:35:0] /r
[21/4/2018 3:35:4] /r
[21/4/2018 3:35:5] /r
[21/4/2018 3:35:7] /r
[21/4/2018 3:35:8] /r
[21/4/2018 3:35:9] /r
[21/4/2018 3:35:10] /r
[21/4/2018 3:35:12] /r
[21/4/2018 3:35:13] /r
[21/4/2018 3:35:15] /r
[21/4/2018 3:35:16] /r
[21/4/2018 3:37:35] /r
[21/4/2018 3:38:31] /r
[21/4/2018 3:38:33] /r
[21/4/2018 3:38:38] /a 10
[21/4/2018 3:38:39] /a 10
[21/4/2018 3:38:51] /r
[21/4/2018 3:38:53] /r
[21/4/2018 3:38:55] /a 10
[21/4/2018 3:40:28] /a 10
[21/4/2018 3:40:28] /a 10
[21/4/2018 3:40:29] /a 10
[21/4/2018 3:40:30] /a 10
[21/4/2018 3:40:31] /a 10
[21/4/2018 3:40:31] /a 10
[21/4/2018 3:40:32] /a 10
[21/4/2018 3:40:33] /a 10
[21/4/2018 3:40:33] /a 10
[21/4/2018 3:40:34] /a 10
[21/4/2018 3:40:35] /a 10
[21/4/2018 3:40:35] /a 10
[21/4/2018 3:40:36] /a 10
[21/4/2018 3:40:36] /a 10
[21/4/2018 3:40:37] /a 10
[21/4/2018 3:40:37] /a 10
[21/4/2018 3:40:37] /a 10
[21/4/2018 3:40:38] /a 10
[21/4/2018 3:40:38] /a 10
[21/4/2018 3:40:39] /a 10
[21/4/2018 3:40:40] /a 10
[21/4/2018 3:40:41] /a 10
[21/4/2018 3:40:41] /a 10
[21/4/2018 3:40:45] /a 10
[21/4/2018 3:40:45] /a 10
[21/4/2018 3:40:46] /a 10
[21/4/2018 3:40:47] /a 10
[21/4/2018 3:40:47] /a 10
[21/4/2018 3:40:48] /a 10
[21/4/2018 3:40:48] /a 10
[21/4/2018 3:40:49] /a 10
[21/4/2018 3:40:49] /a 10
[21/4/2018 3:40:50] /a 10
[21/4/2018 3:40:50] /a 10
[21/4/2018 3:40:51] /a 10
[21/4/2018 3:40:52] /a 10
[21/4/2018 3:40:52] /a 10
[21/4/2018 3:40:54] /a 10
[21/4/2018 3:40:55] /a 10
[21/4/2018 3:42:7] /a 10
[21/4/2018 3:42:7] /a 10
[21/4/2018 3:42:8] /a 10
[21/4/2018 3:42:8] /a 10
[21/4/2018 3:42:9] /a 10
[21/4/2018 3:42:10] /a 10
[21/4/2018 3:42:11] /a 10
[21/4/2018 3:42:14] /a 10
[21/4/2018 3:42:14] /a 10
[21/4/2018 3:42:17] /a 10
[21/4/2018 3:42:17] /a 10
[21/4/2018 3:42:20] /a 10
[21/4/2018 3:42:33] /a 30
[21/4/2018 3:42:34] /a 30
[21/4/2018 3:42:39] /a 10
[21/4/2018 3:43:4] /a 10
[21/4/2018 3:43:33] /a 10
[21/4/2018 3:43:34] /a 10
[21/4/2018 3:43:35] /a 10
[21/4/2018 3:43:36] /a 10
[21/4/2018 3:43:37] /a 10
[21/4/2018 3:43:38] /a 10
[21/4/2018 3:43:38] /a 10
[21/4/2018 3:43:39] /a 10
[21/4/2018 3:43:40] /a 10
[21/4/2018 3:43:45] /a 10
[21/4/2018 3:43:46] /a 10
[21/4/2018 3:43:47] /a 10
[21/4/2018 3:43:47] /a 10
[21/4/2018 3:43:48] /a 10
[21/4/2018 3:43:49] /a 10
[21/4/2018 3:43:50] /a 10
[21/4/2018 3:43:52] /a 10
[21/4/2018 3:44:8] /a 10
[21/4/2018 3:44:9] /a 10
[21/4/2018 3:44:10] /a 10
[21/4/2018 3:44:30] /a 10
[21/4/2018 3:44:31] /a 10
[21/4/2018 3:44:35] /a 10
[21/4/2018 3:44:37] /a 10
[21/4/2018 3:44:38] /a 10
[21/4/2018 3:44:43] /a 3
[21/4/2018 3:44:46] /a 3
[21/4/2018 3:44:47] /a 3
[21/4/2018 3:44:48] /a 3
[21/4/2018 3:44:50] /a 3
[21/4/2018 3:44:51] /a 3
[21/4/2018 3:44:52] /a 3
[21/4/2018 3:44:52] /a 3
[21/4/2018 3:44:53] /a 3
[21/4/2018 3:44:53] /a 3
[21/4/2018 3:44:54] /a 3
[21/4/2018 3:44:54] /a 3
[21/4/2018 3:44:54] /a 3
[21/4/2018 3:44:57] /a 3
[21/4/2018 3:44:57] /a 3
[21/4/2018 3:44:58] /a 3
[21/4/2018 3:44:58] /a 3
[21/4/2018 3:44:59] /a 3
[21/4/2018 3:44:59] /a 3
[21/4/2018 3:45:0] /a 3
[21/4/2018 3:45:0] /a 3
[21/4/2018 3:45:1] /a 3
[21/4/2018 3:45:1] /a 3
[21/4/2018 3:45:2] /a 3
[21/4/2018 3:45:2] /a 3
[21/4/2018 3:45:4] /a 3
[21/4/2018 3:45:5] /a 3
[21/4/2018 3:45:5] /a 3
[21/4/2018 3:45:5] /a 3
[21/4/2018 3:45:6] /a 3
[21/4/2018 3:45:7] /a 3
[21/4/2018 3:45:7] /a 3
[21/4/2018 3:45:7] /a 3
[21/4/2018 3:45:8] /a 3
[21/4/2018 3:45:8] /a 3
[21/4/2018 3:45:9] /a 3
[21/4/2018 3:45:9] /a 3
[21/4/2018 3:45:10] /a 3
[21/4/2018 3:45:10] /a 3
[21/4/2018 3:45:11] /a 3
[21/4/2018 3:45:11] /a 3
[21/4/2018 3:45:12] /a 3
[21/4/2018 3:45:13] /a 3
[21/4/2018 3:45:14] /a 3
[21/4/2018 3:45:15] /a 3
[21/4/2018 3:45:15] /a 3
[21/4/2018 3:45:16] /a 3
[21/4/2018 3:45:17] /a 3
[21/4/2018 3:45:18] /a 3
[21/4/2018 3:45:19] /a 3
[21/4/2018 3:45:19] /a 3
[21/4/2018 3:45:20] /a 3
[21/4/2018 3:45:20] /a 3
[21/4/2018 3:45:55] /t
[21/4/2018 4:12:15] /t
[21/4/2018 4:12:21] /goto [adm] icaro
[21/4/2018 4:15:51] /a 50
[21/4/2018 4:15:55] /a 10
[21/4/2018 4:15:57] /a 10
[21/4/2018 4:15:58] /a 10
[21/4/2018 4:15:58] /a 10
[21/4/2018 4:15:59] /a 10
[21/4/2018 4:15:59] /a 10
[21/4/2018 4:16:0] /a 10
[21/4/2018 4:16:1] /a 10
[21/4/2018 4:16:3] /a 10
[21/4/2018 4:16:4] /a 10
[21/4/2018 4:16:5] /a 10
[21/4/2018 4:16:6] /a 10
[21/4/2018 4:16:8] /a 10
[21/4/2018 4:18:21] /goto [adm] icaro
[21/4/2018 4:21:33] /a 1
[21/4/2018 4:21:34] /a 1
[21/4/2018 4:23:23] /goto [adm] icaro
[21/4/2018 4:23:43] /a 1
[21/4/2018 4:24:4] /a 2
[21/4/2018 4:24:43] /a 2
[21/4/2018 4:25:12] /a 2
[21/4/2018 4:25:22] /r
[21/4/2018 4:28:46] /a 2
[21/4/2018 10:5:14] /a 2
[29/4/2018 3:11:12] /goto Lidrews Kakuzo
[29/4/2018 3:11:43] /ghost
[29/4/2018 3:17:5] /b galera ainda nao esta com double pontos 
[29/4/2018 3:23:0] /r
[29/4/2018 3:27:58] /goto jore dez
[29/4/2018 3:28:3] /goto jorge dez
[29/4/2018 3:28:42] /t
[29/4/2018 3:30:36] /ghost
[29/4/2018 3:33:46] /goto speed killer
[29/4/2018 3:35:16] /goto jorge dez
[29/4/2018 3:40:2] /t
[29/4/2018 3:52:12] /goto jorge dez
[29/4/2018 3:52:44] /t
[29/4/2018 3:56:58] /goto The Black Hole
[29/4/2018 3:57:2] /t
[29/4/2018 4:15:52] /goto passatempo
[29/4/2018 4:16:12] /r
[29/4/2018 4:16:16] /r
[29/4/2018 4:16:18] /r
[29/4/2018 4:16:22] /t
[29/4/2018 4:16:59] /goto speed killer
[29/4/2018 4:18:38] /goto speed killer
[29/4/2018 4:19:24] /t
[29/4/2018 4:19:36] /ghost
[29/4/2018 4:19:44] /ghost
[29/4/2018 4:20:10] /goto leozerah
[29/4/2018 4:20:58] /goto dazai
[29/4/2018 4:21:30] /ghost
[29/4/2018 4:21:38] /goto cronos
[29/4/2018 4:21:52] /goto kakashi sensei
[29/4/2018 4:22:32] /goto zone
[29/4/2018 4:23:6] /goto kakashi preto
[29/4/2018 4:23:11] /goto kakashi preto
[29/4/2018 4:23:22] /goto ciclone
[29/4/2018 4:23:29] /goto ciclone
[29/4/2018 4:23:36] /goto makabro
[29/4/2018 4:23:38] /goto makabro
[29/4/2018 4:23:40] /goto makabro
[29/4/2018 4:25:50] /t
[29/4/2018 4:35:11] /goto makabrao
[29/4/2018 4:35:14] /goto makabro
[29/4/2018 4:36:4] /goto Yzkwyksnmmn
[29/4/2018 4:36:56] /t
[29/4/2018 5:4:36] /goto Lidrews Kakuzo
[29/4/2018 5:4:42] /goto Lidrews Kakuzo
[29/4/2018 5:4:55] /t
[29/4/2018 5:14:40] /goto speed killer
[29/4/2018 5:19:7] /t
[29/4/2018 5:31:22] /goto Capitao Meliodas
[29/4/2018 5:36:51] /t
[29/4/2018 5:37:44] /goto Street Fighter
[29/4/2018 5:37:47] /goto Street Fighter
[29/4/2018 5:37:55] /goto Street Fighter
[29/4/2018 5:38:14] /goto speed killer
[29/4/2018 5:38:18] /goto speed killer
[29/4/2018 5:38:20] /goto speed killer
[29/4/2018 5:38:33] /a 12
[29/4/2018 5:38:40] /a 12
[29/4/2018 5:38:41] /a 12
[29/4/2018 5:38:43] /a 12
[29/4/2018 5:38:47] /a 12
[29/4/2018 5:38:49] /a 12
[29/4/2018 5:38:57] /a 12
[29/4/2018 5:38:59] /a 12
[29/4/2018 5:39:0] /a 12
[29/4/2018 5:39:1] /a 12
[29/4/2018 5:39:1] /a 12
[29/4/2018 5:39:3] /a 12
[29/4/2018 5:39:5] /a 12
[29/4/2018 5:39:7] /a 12
[29/4/2018 5:39:9] /a 12
[29/4/2018 5:39:41] /r
[29/4/2018 5:39:46] /goto speed killer
[29/4/2018 5:40:21] /r
[29/4/2018 5:40:35] /goto Desconhecido
[29/4/2018 5:40:41] /ghost
[29/4/2018 5:42:56] /t
[29/4/2018 5:44:4] /t passatempo
[29/4/2018 5:48:20] /bc GALERA TENHA UM BOM JOGO ATE JAJA , SE DIVIRTAM SE AXAREM ALGUM BUG ME MANDEM PM
[29/4/2018 5:48:36] /bc BOM DIA 
[29/4/2018 5:49:17] /ghost
[29/4/2018 5:49:30] /a 2
[29/4/2018 12:29:10] /b BOM DIA <3
[29/4/2018 12:32:6] /goto speeed killer
[29/4/2018 12:32:11] /goto speed killer
[29/4/2018 12:32:47] /b GALERA CALMA EU VOU FALAR COM O ADM SOBRE OS DANO BIXOS , MADA MSG UMA VEZ SO
[29/4/2018 12:33:47] /b GALERA QM N TEVE PONTOS DEVOLVIDOS ENTRA NA PAGINA DO FACE E MANDEN O COMPROVANTE PRO ICARO , A BP FOI MUDADO PRA 1K MESMO O PEZO N E BUG
[29/4/2018 12:35:8] /goto Obito Mortal
[29/4/2018 12:48:10] /goto Jorge Dez
[29/4/2018 12:52:4] /goto jorge dez
[29/4/2018 12:52:10] /t jorge dez
[29/4/2018 12:52:19] /t jorge dez
[29/4/2018 12:52:27] /goto jorge dez
[29/4/2018 12:53:49] /goto jorge dez
[29/4/2018 12:54:14] /a 12
[29/4/2018 12:54:25] /goto jorge dez
[29/4/2018 12:54:28] /goto jorge dez
[29/4/2018 12:54:34] /goto jorge dez
[29/4/2018 12:54:35] /goto jorge dez
[29/4/2018 12:54:37] /goto jorge dez
[29/4/2018 12:54:38] /goto jorge dez
[29/4/2018 12:54:57] /goto jorge dez
[29/4/2018 12:54:59] /goto jorge dez
[29/4/2018 12:55:9] /t
[29/4/2018 13:10:7] /ghost
[29/4/2018 13:10:16] /goto Lidrews Kakuzo
[29/4/2018 13:10:20] /goto Lidrews Kakuzo
[29/4/2018 13:10:37] /goto Lidrews Kakuzo
[29/4/2018 13:12:54] /t
[29/4/2018 13:20:21] /a 5
[29/4/2018 15:49:24] /goto Oakunipou
[29/4/2018 15:53:44] /b GALERA NENHUMA CONTA DONATER FOI DELETADA  , SE DEU ALGO ERRADO ENVIEI OS COMPROVANTES NA PAGINA DO FACE .. 
[29/4/2018 15:56:58] /t
[29/4/2018 15:57:30] /goto Cheio Das Sagacidades
[29/4/2018 15:57:49] /t
[29/4/2018 15:58:51] /goto speed killer
[29/4/2018 15:59:28] /goto hardniaus
[29/4/2018 15:59:34] /goto Hardnianus
[29/4/2018 16:0:46] /ghost
[29/4/2018 16:0:49] /ghost
[29/4/2018 16:0:58] /ghost
[29/4/2018 16:5:14] /ghost
[29/4/2018 16:6:5] /r
[29/4/2018 16:8:25] /r
[29/4/2018 16:8:26] /r
[29/4/2018 16:8:28] /r
[29/4/2018 16:8:29] /r
[29/4/2018 16:8:31] /r
[29/4/2018 16:8:33] /r
[29/4/2018 16:8:36] /r
[29/4/2018 16:8:37] /r
[29/4/2018 16:8:41] /r
[29/4/2018 16:8:50] /r
[29/4/2018 16:8:52] /r
[29/4/2018 16:10:12] /ghost
[29/4/2018 16:10:46] /goto jonkun
[29/4/2018 16:10:52] /goto jonkun
[29/4/2018 16:10:54] /goto jonkun
[29/4/2018 16:10:55] /goto jonkun
[29/4/2018 16:10:57] /goto jonkun
[29/4/2018 16:11:31] /goto jonkun
[29/4/2018 16:11:33] /goto jonkun
[29/4/2018 16:11:36] /r
[29/4/2018 16:13:42] /goto speed killer
[29/4/2018 16:14:6] /goto jonkun
[29/4/2018 16:14:18] /goto jonkun
[29/4/2018 16:15:29] /goto speed killer
[29/4/2018 16:15:31] /goto speed killer
[29/4/2018 16:17:23] /ghost
[29/4/2018 16:17:37] /r
[29/4/2018 16:17:45] /a 3
[29/4/2018 16:17:47] /a 3
[29/4/2018 16:17:47] /a 3
[29/4/2018 16:17:50] /r
[29/4/2018 16:17:52] /r
[29/4/2018 16:19:16] /r
[29/4/2018 16:20:19] /r
[29/4/2018 16:20:21] /r
[29/4/2018 16:20:31] /goto speed killer
[29/4/2018 16:20:32] /goto speed killer
[29/4/2018 16:20:33] /goto speed killer
[29/4/2018 16:20:34] /goto speed killer
[29/4/2018 16:20:40] /t passatempo
[29/4/2018 16:44:32] /goto Pecado Da Gananciaban
[29/4/2018 16:46:14] /t
[29/4/2018 16:46:24] /a 40
[29/4/2018 16:46:26] /a 40
[29/4/2018 16:46:28] /a 40
[29/4/2018 16:46:29] /a 40
[29/4/2018 16:46:31] /a 40
[29/4/2018 16:46:35] /a 20
[29/4/2018 16:46:37] /a 20
[29/4/2018 17:55:55] /t
[29/4/2018 18:6:25] /ghost
[29/4/2018 18:8:10] /goto Hardnianus
[29/4/2018 18:9:26] /goto pecado da raposaban
[29/4/2018 18:9:31] /goto Pecado Da Gananciaban
[29/4/2018 18:9:35] /goto Pecado Da Gananciaban
[29/4/2018 18:9:46] /goto Pecado Da Gananciaban
[29/4/2018 18:9:47] /goto Pecado Da Gananciaban
[29/4/2018 18:10:4] /t
[29/4/2018 18:10:29] /a 2
[29/4/2018 18:19:17] /a 3
[29/4/2018 18:19:22] /a 4
[29/4/2018 18:20:32] /goto hazzard
[29/4/2018 18:24:23] /t
[29/4/2018 18:27:1] /ghost
[29/4/2018 18:27:54] /t
[29/4/2018 18:31:17] /ghost
[29/4/2018 18:34:47] /a 2
[29/4/2018 18:34:51] /a 2
[29/4/2018 18:34:52] /a 2
[29/4/2018 18:34:53] /a 2
[29/4/2018 18:34:53] /a 2
[29/4/2018 18:34:54] /a 2
[29/4/2018 18:34:55] /a 2
[29/4/2018 18:34:55] /a 2
[29/4/2018 18:34:57] /a 2
[29/4/2018 18:34:58] /a 2
[29/4/2018 18:35:0] /a 2
[29/4/2018 18:35:1] /a 2
[29/4/2018 18:35:40] /a 2
[29/4/2018 18:36:5] /a 2
[29/4/2018 18:36:15] /t
[29/4/2018 18:37:32] /goto pecado da gananciaban
[29/4/2018 18:38:2] /t
[29/4/2018 18:38:36] /goto pecado da gananciaban
[29/4/2018 18:38:38] /goto pecado da gananciaban
[29/4/2018 18:38:39] /goto pecado da gananciaban
[29/4/2018 18:38:40] /goto pecado da gananciaban
[29/4/2018 18:38:41] /goto pecado da gananciaban
[29/4/2018 18:38:55] /goto pecado da gananciaban
[29/4/2018 18:38:57] /goto pecado da gananciaban
[29/4/2018 18:38:58] /goto pecado da gananciaban
[29/4/2018 18:38:59] /goto pecado da gananciaban
[29/4/2018 18:39:0] /goto pecado da gananciaban
[29/4/2018 18:39:2] /goto pecado da gananciaban
[29/4/2018 18:39:3] /goto pecado da gananciaban
[29/4/2018 18:39:5] /goto pecado da gananciaban
[29/4/2018 18:39:7] /goto pecado da gananciaban
[29/4/2018 18:39:12] /goto pecado da gananciaban
[29/4/2018 18:39:58] /goto pecado da gananciaban
[29/4/2018 18:40:8] /goto pecado da gananciaban
[29/4/2018 18:40:23] /t jonkun
[29/4/2018 18:40:45] /goto pecado da gananciaban
[29/4/2018 18:40:55] /r
[29/4/2018 18:41:12] /goto pecado da gananciaban
[29/4/2018 18:41:14] /goto pecado da gananciaban
[29/4/2018 18:41:15] /goto pecado da gananciaban
[29/4/2018 18:41:16] /goto pecado da gananciaban
[29/4/2018 18:41:17] /goto pecado da gananciaban
[29/4/2018 18:41:18] /goto pecado da gananciaban
[29/4/2018 18:41:22] /ghost
[29/4/2018 18:41:26] /goto pecado da gananciaban
[29/4/2018 18:41:27] /goto pecado da gananciaban
[29/4/2018 18:41:28] /goto pecado da gananciaban
[29/4/2018 18:41:29] /goto pecado da gananciaban
[29/4/2018 18:41:31] /goto pecado da gananciaban
[29/4/2018 18:41:32] /goto pecado da gananciaban
[29/4/2018 18:42:42] /ghost
[29/4/2018 18:42:47] /goto jonkun
[29/4/2018 18:45:41] /a 2
[29/4/2018 18:45:44] /a 2
[29/4/2018 18:45:46] /a 2
[29/4/2018 18:46:16] /t
[29/4/2018 18:51:51] /goto cronos
[29/4/2018 18:51:53] /goto cronos
[29/4/2018 18:51:55] /goto cronos
[29/4/2018 18:51:56] /goto cronos
[29/4/2018 18:51:57] /goto cronos
[29/4/2018 18:52:7] /goto cronos
[29/4/2018 18:52:9] /goto cronos
[29/4/2018 18:52:19] /goto cronos
[29/4/2018 18:52:21] /goto cronos
[29/4/2018 18:52:23] /goto cronos
[29/4/2018 18:52:29] /goto cronos
[29/4/2018 18:52:33] /goto cronos
[29/4/2018 18:52:35] /goto cronos
[29/4/2018 18:52:38] /goto cronos
[29/4/2018 18:52:40] /goto cronos
[29/4/2018 18:52:45] /goto passa tempo
[29/4/2018 18:52:47] /goto passatempo
[29/4/2018 18:52:51] /goto cronos
[29/4/2018 18:53:22] /goto cronos
[29/4/2018 18:53:36] /goto cronos
[29/4/2018 18:54:6] /goto cronos
[29/4/2018 18:54:22] /goto cronos
[29/4/2018 18:54:30] /goto cronos
[29/4/2018 18:54:35] /goto cronos
[29/4/2018 18:55:34] /goto cronos
[29/4/2018 18:55:37] /goto cronos
[29/4/2018 18:55:54] /goto cronos
[29/4/2018 18:55:57] /goto cronos
[29/4/2018 18:56:15] /goto cronos
[29/4/2018 18:57:16] /goto cronos
[29/4/2018 18:57:20] /goto cronos
[29/4/2018 18:57:22] /goto cronos
[29/4/2018 18:57:23] /goto cronos
[29/4/2018 18:57:25] /goto cronos
[29/4/2018 18:57:26] /goto cronos
[29/4/2018 18:57:32] /goto cronos
[29/4/2018 18:57:41] /goto cronos
[29/4/2018 18:57:42] /goto cronos
[29/4/2018 18:57:43] /goto cronos
[29/4/2018 18:57:44] /goto cronos
[29/4/2018 18:57:46] /goto cronos
[29/4/2018 18:57:48] /goto cronos
[29/4/2018 18:57:49] /goto cronos
[29/4/2018 18:57:50] /goto cronos
[29/4/2018 18:57:52] /goto cronos
[29/4/2018 18:57:54] /goto cronos
[29/4/2018 18:57:56] /goto cronos
[29/4/2018 18:58:1] /goto cronos
[29/4/2018 18:58:48] /goto cronos
[29/4/2018 18:58:49] /goto cronos
[29/4/2018 18:58:51] /goto cronos
[29/4/2018 18:58:51] /goto cronos
[29/4/2018 18:58:55] /goto cronos
[29/4/2018 18:58:57] /goto cronos
[29/4/2018 18:58:58] /goto cronos
[29/4/2018 18:58:59] /goto cronos
[29/4/2018 18:59:15] /goto cronos
[29/4/2018 18:59:17] /goto cronos
[29/4/2018 18:59:18] /goto cronos
[29/4/2018 18:59:19] /goto cronos
[29/4/2018 18:59:20] /goto cronos
[29/4/2018 18:59:21] /goto cronos
[29/4/2018 18:59:22] /goto cronos
[29/4/2018 18:59:23] /goto cronos
[29/4/2018 18:59:24] /goto cronos
[29/4/2018 18:59:25] /goto cronos
[29/4/2018 18:59:27] /goto cronos
[29/4/2018 18:59:31] /goto cronos
[29/4/2018 18:59:32] /goto cronos
[29/4/2018 18:59:33] /goto cronos
[29/4/2018 18:59:34] /goto cronos
[29/4/2018 18:59:35] /goto cronos
[29/4/2018 18:59:36] /goto cronos
[29/4/2018 18:59:37] /goto cronos
[29/4/2018 18:59:38] /goto cronos
[29/4/2018 18:59:40] /goto cronos
[29/4/2018 18:59:55] /goto cronos
[29/4/2018 19:0:7] /r
[29/4/2018 19:0:12] /r
[29/4/2018 19:1:19] /goto cronos
[29/4/2018 19:1:20] /goto cronos
[29/4/2018 19:1:21] /goto cronos
[29/4/2018 19:2:31] /t
[29/4/2018 19:2:35] /t cronos
[29/4/2018 19:4:31] /a 2
[29/4/2018 19:4:33] /a 2
[29/4/2018 19:4:34] /a 2
[29/4/2018 19:4:34] /a 2
[29/4/2018 19:4:34] /a 2
[29/4/2018 19:4:35] /a 2
[29/4/2018 19:4:35] /a 2
[29/4/2018 19:4:37] /a 5
[29/4/2018 19:4:38] /a 5
[29/4/2018 19:4:42] /a 5
[29/4/2018 19:4:43] /a 5
[29/4/2018 19:4:44] /a 5
[29/4/2018 19:4:45] /a 5
[29/4/2018 19:4:46] /a 5
[29/4/2018 19:4:48] /a 5
[29/4/2018 19:4:49] /a 5
[29/4/2018 19:4:53] /a 5
[29/4/2018 19:5:5] /t
[29/4/2018 19:6:51] /goto Hakai
[29/4/2018 19:8:28] /goto
[29/4/2018 19:8:31] /goto Shisui Down
[29/4/2018 19:9:13] /t Shisui Down
[29/4/2018 19:9:15] /t
[29/4/2018 19:9:21] /ghost
[29/4/2018 19:10:45] /goto Passatempo
[29/4/2018 19:10:49] /r
[29/4/2018 19:10:57] /t Passatempo
[29/4/2018 19:13:45] /t
[29/4/2018 19:15:55] /goto passatempo
[29/4/2018 19:16:0] /ghost
[29/4/2018 19:16:7] /goto cronos
[29/4/2018 19:16:11] /goto cronos
[29/4/2018 19:16:12] /goto cronos
[29/4/2018 19:16:13] /goto cronos
[29/4/2018 19:16:19] /ghost
[29/4/2018 19:16:20] /ghost
[29/4/2018 19:16:22] /ghost
[29/4/2018 19:16:25] /goto cronos
[29/4/2018 19:16:33] /goto cronos
[29/4/2018 19:17:57] /t
[29/4/2018 19:38:14] /ghost
[29/4/2018 19:41:44] /goto jonkun
[29/4/2018 19:41:47] /goto jonkun
[29/4/2018 19:41:50] /goto jonkun
[29/4/2018 19:41:51] /goto jonkun
[29/4/2018 19:41:53] /goto jonkun
[29/4/2018 19:49:10] /t
[29/4/2018 19:52:36] /goto jonkun
[29/4/2018 19:52:43] /goto jonkun
[29/4/2018 19:52:52] /goto jonkun
[29/4/2018 19:53:1] /goto jonkun
[29/4/2018 19:53:15] /goto jonkun
[29/4/2018 19:54:45] /t
[29/4/2018 19:55:10] /goto pecado da gananciaban
[29/4/2018 19:55:43] /t
[29/4/2018 19:56:44] /t
[29/4/2018 20:46:16] /goto jonkun
[29/4/2018 20:46:22] /goto jonkun
[29/4/2018 20:47:30] /t
[29/4/2018 20:49:23] /b boa noite pessoal 
[29/4/2018 20:58:10] /goto jorge dez
[29/4/2018 20:58:19] /goto jorge nove
[29/4/2018 20:58:22] /t
[29/4/2018 20:58:30] /goto cronos
[29/4/2018 20:58:33] /goto cronos
[29/4/2018 20:58:49] /t
[29/4/2018 20:59:13] /goto jonkun
[29/4/2018 20:59:16] /r
[29/4/2018 20:59:29] /goto jonkun
[29/4/2018 20:59:55] /t
[29/4/2018 21:1:6] /goto Endosoryushon
[29/4/2018 21:2:14] /t
[29/4/2018 21:3:11] /goto Naofocaojorge
[29/4/2018 21:3:36] /t
[29/4/2018 21:4:23] /t passatempo
[29/4/2018 21:4:55] /a 2
[29/4/2018 21:10:8] /r
[29/4/2018 21:11:33] /goto jonkun
[29/4/2018 21:11:43] /goto jonkun
[29/4/2018 21:15:53] /goto jonkun
[29/4/2018 21:16:10] /goto jonkun
[29/4/2018 21:16:22] /goto jonkun
[29/4/2018 21:16:23] /goto jonkun
[29/4/2018 21:16:37] /goto jonkun
[29/4/2018 21:16:45] /goto jonkun
[29/4/2018 21:16:46] /goto jonkun
[29/4/2018 21:16:48] /goto jonkun
[29/4/2018 21:18:10] /goto jonkun
[29/4/2018 21:18:25] /goto jonkun
[29/4/2018 21:18:44] /goto jonkun
[29/4/2018 21:18:48] /goto jonkun
[29/4/2018 21:18:49] /goto jonkun
[29/4/2018 21:18:51] /goto jonkun
[29/4/2018 21:19:10] /goto jonkun
[29/4/2018 21:19:30] /goto jonkun
[29/4/2018 21:19:35] /goto jonkun
[29/4/2018 21:19:37] /goto jonkun
[29/4/2018 21:20:23] /t
[29/4/2018 21:26:18] /goto passatempo
[29/4/2018 21:27:21] /a 10
[29/4/2018 21:27:25] /a 10
[29/4/2018 21:27:58] /t
[29/4/2018 21:41:57] /r
[29/4/2018 21:41:59] /r
[29/4/2018 21:42:2] /r
[29/4/2018 21:43:57] /a 2
[29/4/2018 21:44:34] /t
[29/4/2018 21:51:5] /t
[29/4/2018 22:58:48] /goto Pecado Da Gananciaban
[29/4/2018 22:59:1] /goto Cheio Das Sagacidades
[29/4/2018 23:2:11] /goto pasatempo
[29/4/2018 23:2:16] /goto passatempo
[29/4/2018 23:2:31] /goto Pecado Da Gananciaban
[29/4/2018 23:2:38] /r
[29/4/2018 23:2:56] /goto passatempo
[29/4/2018 23:41:17] /goto cronos
[29/4/2018 23:48:15] /goto Lidrews Kakuzo
[29/4/2018 23:48:17] /goto Lidrews Kakuzo
[29/4/2018 23:48:18] /goto Lidrews Kakuzo
[29/4/2018 23:48:20] /goto Lidrews Kakuzo
[29/4/2018 23:49:33] /goto cronos
[29/4/2018 23:49:36] /t
[30/4/2018 0:19:57] /ghost
[30/4/2018 0:20:0] /ghost
[30/4/2018 0:20:18] /goto croos
[30/4/2018 0:20:21] /goto cronos
[30/4/2018 0:20:32] /t
[30/4/2018 1:34:33] /t passatempo
[30/4/2018 1:51:49] /goto lidrews kakuzo
[30/4/2018 1:52:51] /r
[30/4/2018 1:53:49] /t
[30/4/2018 1:55:15] /goto jonkun
[30/4/2018 1:56:0] /t
[30/4/2018 2:35:20] /goto cronos
[30/4/2018 2:35:31] /goto cronos
[30/4/2018 2:35:39] /goto cronos
[30/4/2018 2:35:40] /goto cronos
[30/4/2018 2:36:34] /t
[30/4/2018 2:38:35] /goto passatempo
[30/4/2018 2:38:59] /t
[30/4/2018 3:45:29] /t pecado da gananciaban
[30/4/2018 3:49:42] /goto lidrews kakuzo
[30/4/2018 3:49:51] /goto leozerah
[30/4/2018 3:49:54] /goto leozerah
[30/4/2018 3:49:57] /goto leozerah
[30/4/2018 3:50:11] /goto leozerah
[30/4/2018 3:50:12] /goto leozerah
[30/4/2018 3:50:29] /t
[30/4/2018 4:7:47] /goto Hardnianus
[30/4/2018 4:7:53] /goto Hardnianus
[30/4/2018 4:8:4] /goto lee secret
[30/4/2018 4:8:58] /goto boruto secreto
[30/4/2018 4:9:11] /goto boruto akatsuki
[30/4/2018 4:9:22] /goto boruto ~
[30/4/2018 4:9:27] /goto boruto se~
[30/4/2018 4:9:28] /goto boruto se~
[30/4/2018 4:9:34] /goto lee se~
[30/4/2018 4:9:57] /t
[30/4/2018 4:10:57] /goto boruto akatsuki secreto
[30/4/2018 4:11:4] /goto boruto secreto akatsuki
[30/4/2018 4:11:5] /goto boruto secreto akatsuki
[30/4/2018 4:22:14] /goto jonkun
[30/4/2018 4:22:16] /goto jonkun
[30/4/2018 4:22:33] /t
[30/4/2018 4:24:39] /t passatempo
[30/4/2018 4:33:37] /t passatempo
[30/4/2018 10:55:16] /goto cronnos
[30/4/2018 10:55:19] /goto cronos
[30/4/2018 11:50:54] /goto jonkun
[30/4/2018 11:51:8] /goto jonkun
[30/4/2018 11:51:9] /goto jonkun
[30/4/2018 11:51:10] /goto jonkun
[30/4/2018 11:51:11] /goto jonkun
[30/4/2018 11:51:25] /t
[30/4/2018 11:52:5] /goto cronos
[30/4/2018 11:52:8] /goto croos
[30/4/2018 11:52:11] /goto croonos
[30/4/2018 11:52:19] /goto croos
[30/4/2018 11:52:23] /goto cronos
[30/4/2018 11:52:25] /goto cronos
[30/4/2018 11:52:26] /goto cronos
[30/4/2018 11:52:34] /goto Cronos
[30/4/2018 11:55:39] /goto cronos
[30/4/2018 11:57:16] /r 50
[30/4/2018 11:58:42] /goto cronos
[30/4/2018 12:0:11] /t
[30/4/2018 12:31:57] /goto cronos
[30/4/2018 12:32:1] /t
[30/4/2018 12:37:46] /goto thiago ccp
[30/4/2018 12:37:49] /goto thiago sccp
[30/4/2018 12:37:51] /goto thiago scp
[30/4/2018 12:39:3] /t
[30/4/2018 12:39:49] /t passatempo
[30/4/2018 12:54:19] /t jonkun
[30/4/2018 12:54:41] /t makabro
[30/4/2018 12:59:55] /t
[30/4/2018 13:0:3] /t jonnkun
[30/4/2018 13:0:50] /t jonkun
[30/4/2018 13:0:55] /t jonkun
[30/4/2018 13:1:1] /t jonkun
[30/4/2018 13:2:13] /goto jonkun
[30/4/2018 13:6:45] /r
[30/4/2018 13:7:5] /goto cronos
[30/4/2018 13:8:8] /goto cronos
[30/4/2018 13:8:28] /goto Leozerah
[30/4/2018 13:8:30] /goto Leozerah
[30/4/2018 13:8:31] /goto Leozerah
[30/4/2018 13:8:32] /goto Leozerah
[30/4/2018 13:8:54] /goto Leozerah
[30/4/2018 13:9:2] /goto Leozerah
[30/4/2018 13:10:16] /goto Leozerah
[30/4/2018 13:10:19] /goto Leozerah
[30/4/2018 13:10:29] /goto Leozerah
[30/4/2018 13:10:51] /goto Leozerah
[30/4/2018 13:10:52] /goto Leozerah
[30/4/2018 13:10:54] /goto Leozerah
[30/4/2018 13:10:56] /goto Leozerah
[30/4/2018 13:11:14] /goto Leozerah
[30/4/2018 13:12:45] /goto Leozerah
[30/4/2018 13:12:48] /goto Leozerah
[30/4/2018 13:12:49] /goto Leozerah
[30/4/2018 13:13:13] /goto Leozerah
[30/4/2018 13:13:16] /goto Leozerah
[30/4/2018 13:13:41] /goto Leozerah
[30/4/2018 13:13:50] /goto Leozerah
[30/4/2018 13:13:52] /goto Leozerah
[30/4/2018 13:13:56] /goto Leozerah
[30/4/2018 13:13:57] /goto Leozerah
[30/4/2018 13:14:6] /goto Leozerah
[30/4/2018 13:14:7] /goto Leozerah
[30/4/2018 13:14:8] /goto Leozerah
[30/4/2018 13:14:10] /goto Leozerah
[30/4/2018 13:14:12] /goto Leozerah
[30/4/2018 13:14:55] /goto Leozerah
[30/4/2018 13:15:8] /goto Leozerah
[30/4/2018 13:15:42] /goto Leozerah
[30/4/2018 13:16:4] /goto Leozerah
[30/4/2018 13:16:9] /goto cronos
[30/4/2018 13:17:37] /goto Leozerah
[30/4/2018 13:17:44] /goto jonkun
[30/4/2018 13:18:24] /goto jonkun
[30/4/2018 13:18:26] /goto Leozerah
[30/4/2018 13:18:29] /goto makabro
[30/4/2018 13:18:35] /r
[30/4/2018 13:19:12] /t jonkun
[30/4/2018 13:19:18] /goto cronos
[30/4/2018 13:19:22] /goto cronos
[30/4/2018 13:19:24] /goto cronos
[30/4/2018 13:19:28] /t
[30/4/2018 13:19:50] /goto cronos
[30/4/2018 13:20:1] /t
[30/4/2018 13:20:49] /goto cronos
[30/4/2018 13:21:25] /goto jonkun
[30/4/2018 13:21:29] /t
[30/4/2018 13:22:11] /goto cronos
[30/4/2018 13:22:14] /t
[30/4/2018 13:24:31] /goto makabro
[30/4/2018 13:24:33] /goto makabro
[30/4/2018 13:24:34] /goto makabro
[30/4/2018 13:24:36] /goto makabro
[30/4/2018 13:24:38] /goto makabro
[30/4/2018 13:24:39] /goto makabro
[30/4/2018 13:24:42] /t
[30/4/2018 13:26:24] /goto uakunipou
[30/4/2018 13:26:53] /goto cronos
[30/4/2018 13:26:55] /goto cronos
[30/4/2018 13:26:57] /goto cronos
[30/4/2018 13:27:6] /t
[30/4/2018 13:34:59] /goto desconhecido
[30/4/2018 13:35:2] /goto desconhecido
[30/4/2018 13:35:3] /goto desconhecido
[30/4/2018 13:35:4] /goto desconhecido
[30/4/2018 13:35:6] /goto desconhecido
[30/4/2018 13:35:34] /t
[30/4/2018 13:36:57] /goto cronos
[30/4/2018 13:37:1] /t
[30/4/2018 13:37:45] /t joku
[30/4/2018 13:37:49] /t jonkun
[30/4/2018 13:51:12] /t jonkun
[30/4/2018 13:52:37] /goto danzo secret
[30/4/2018 13:52:46] /goto danzoo secret
[30/4/2018 13:52:50] /goto danzoo secrete
[30/4/2018 13:53:0] /goto dannzo secret
[30/4/2018 13:53:5] /goto cronos
[30/4/2018 13:53:11] /goto Lee Secret
[30/4/2018 13:53:20] /goto leozerah
[30/4/2018 13:53:36] /goto passatempo
[30/4/2018 13:53:54] /t
[30/4/2018 13:54:17] /goto pecado da gananciaban
[30/4/2018 13:54:22] /goto pecado da gananciaban
[30/4/2018 13:54:23] /goto pecado da gananciaban
[30/4/2018 13:54:25] /goto pecado da gananciaban
[30/4/2018 13:54:26] /goto pecado da gananciaban
[30/4/2018 13:54:27] /goto pecado da gananciaban
[30/4/2018 13:54:29] /goto pecado da gananciaban
[30/4/2018 13:54:31] /goto pecado da gananciaban
[30/4/2018 13:54:33] /goto pecado da gananciaban
[30/4/2018 13:54:34] /goto pecado da gananciaban
[30/4/2018 13:54:35] /goto pecado da gananciaban
[30/4/2018 13:54:45] /t
[30/4/2018 13:56:16] /goto titan
[30/4/2018 14:8:10] /goto kamui in
[30/4/2018 14:8:15] /goto kamui in
[30/4/2018 14:8:29] /goto cronos
[30/4/2018 14:8:54] /t
[30/4/2018 15:10:53] /goto cronos
[30/4/2018 15:11:5] /t
[30/4/2018 16:0:34] /goto Lidrews Kakuzo
[30/4/2018 16:1:55] /a 1
[30/4/2018 16:2:2] /t Lidrews Kakuzo
[30/4/2018 16:2:5] /t
[30/4/2018 16:2:46] /goto Lidrews Kakuzo
[30/4/2018 16:2:48] /goto Lidrews Kakuzo
[30/4/2018 16:2:59] /goto Lidrews Kakuzo
[30/4/2018 16:3:0] /goto Lidrews Kakuzo
[30/4/2018 16:3:5] /goto Lidrews Kakuzo
[30/4/2018 16:3:7] /goto Lidrews Kakuzo
[30/4/2018 16:3:9] /goto Lidrews Kakuzo
[30/4/2018 16:3:11] /goto Lidrews Kakuzo
[30/4/2018 16:3:12] /goto Lidrews Kakuzo
[30/4/2018 16:3:16] /goto Lidrews Kakuzo
[30/4/2018 16:3:17] /goto Lidrews Kakuzo
[30/4/2018 16:3:19] /goto Lidrews Kakuzo
[30/4/2018 16:3:21] /goto Lidrews Kakuzo
[30/4/2018 16:3:22] /goto Lidrews Kakuzo
[30/4/2018 16:3:24] /goto Lidrews Kakuzo
[30/4/2018 16:3:25] /goto Lidrews Kakuzo
[30/4/2018 16:3:33] /goto Lidrews Kakuzo
[30/4/2018 16:3:35] /goto Lidrews Kakuzo
[30/4/2018 16:3:39] /goto Lidrews Kakuzo
[30/4/2018 16:3:41] /goto Lidrews Kakuzo
[30/4/2018 16:3:43] /goto Lidrews Kakuzo
[30/4/2018 16:3:45] /goto Lidrews Kakuzo
[30/4/2018 16:4:49] /t Lidrews Kakuzo
[30/4/2018 16:4:54] /goto Lidrews Kakuzo
[30/4/2018 16:4:58] /goto Lidrews Kakuzo
[30/4/2018 16:4:59] /goto Lidrews Kakuzo
[30/4/2018 16:5:9] /goto Lidrews Kakuzo
[30/4/2018 16:5:11] /goto Lidrews Kakuzo
[30/4/2018 16:5:14] /goto Lidrews Kakuzo
[30/4/2018 16:5:33] /goto Lidrews Kakuzo
[30/4/2018 16:5:35] /goto Lidrews Kakuzo
[30/4/2018 16:5:37] /goto Lidrews Kakuzo
[30/4/2018 16:5:44] /goto Lidrews Kakuzo
[30/4/2018 16:5:46] /goto Lidrews Kakuzo
[30/4/2018 16:5:47] /goto Lidrews Kakuzo
[30/4/2018 16:6:4] /goto Lidrews Kakuzo
[30/4/2018 16:6:6] /goto Lidrews Kakuzo
[30/4/2018 16:6:8] /goto Lidrews Kakuzo
[30/4/2018 16:6:9] /goto Lidrews Kakuzo
[30/4/2018 16:6:11] /goto Lidrews Kakuzo
[30/4/2018 16:6:13] /goto Lidrews Kakuzo
[30/4/2018 16:6:15] /goto Lidrews Kakuzo
[30/4/2018 16:6:17] /goto Lidrews Kakuzo
[30/4/2018 16:7:3] /goto Lidrews Kakuzo
[30/4/2018 16:7:5] /goto Lidrews Kakuzo
[30/4/2018 16:7:48] /goto Lidrews Kakuzo
[30/4/2018 16:7:50] /goto Lidrews Kakuzo
[30/4/2018 16:8:3] /goto Lidrews Kakuzo
[30/4/2018 16:8:59] /goto Lidrews Kakuzo
[30/4/2018 16:9:15] /goto Lidrews Kakuzo
[30/4/2018 16:9:17] /goto Lidrews Kakuzo
[30/4/2018 16:9:32] /goto Lidrews Kakuzo
[30/4/2018 16:10:7] /goto Lidrews Kakuzo
[30/4/2018 16:10:17] /a 2
[30/4/2018 16:10:54] /goto Lidrews Kakuzo
[30/4/2018 16:12:17] /r
[30/4/2018 16:12:29] /t jonkun
[30/4/2018 16:13:40] /goto jonkun
[30/4/2018 16:14:57] /t
[30/4/2018 16:15:5] /goto cronos
[30/4/2018 16:15:8] /goto cronos
[30/4/2018 16:15:9] /goto cronos
[30/4/2018 16:15:10] /goto cronos
[30/4/2018 16:15:40] /r
[30/4/2018 16:19:34] /goto brady
[30/4/2018 16:19:41] /goto brady
[30/4/2018 16:31:1] /t jonkun
[30/4/2018 16:31:31] /t passatempo
[30/4/2018 16:37:25] /t
[30/4/2018 16:39:6] /goto obito
[30/4/2018 16:39:16] /t
[30/4/2018 16:39:57] /goto lidrews kakuzo
[30/4/2018 16:52:28] /r
[30/4/2018 16:53:56] /r
[30/4/2018 16:53:58] /r
[30/4/2018 16:54:0] /r
[30/4/2018 16:54:2] /r
[30/4/2018 16:54:8] /t passatempo
[30/4/2018 16:54:52] /goto lidrews kakuzo
[30/4/2018 16:56:54] /goto cronos
[30/4/2018 16:58:12] /t
[30/4/2018 17:7:6] /goto tenten
[30/4/2018 17:7:10] /t
[30/4/2018 17:7:17] /goto cronos
[30/4/2018 17:7:19] /t
[30/4/2018 17:36:40] /t makabro
[30/4/2018 18:1:59] /goto Chasercl
[30/4/2018 18:5:26] /t
[30/4/2018 18:5:47] /goto cronos
[30/4/2018 18:5:51] /t
[30/4/2018 19:7:59] /goto cronos
[30/4/2018 19:8:13] /t
[30/4/2018 19:8:21] /goto cronos
[30/4/2018 19:8:39] /goto cronos
[30/4/2018 19:8:48] /t
[30/4/2018 19:11:17] /goto speed killer
[30/4/2018 19:12:51] /goto jonkun
[30/4/2018 19:14:25] /r
[30/4/2018 19:14:53] /r
[30/4/2018 19:15:47] /r
[30/4/2018 19:15:49] /r
[30/4/2018 19:15:52] /r
[30/4/2018 19:15:55] /r
[30/4/2018 19:17:40] /t
[30/4/2018 19:19:29] /goto cronos
[30/4/2018 19:20:50] /goto lidrews kakuzo
[30/4/2018 19:20:53] /goto lidrews kakuzo
[30/4/2018 19:20:54] /goto lidrews kakuzo
[30/4/2018 19:20:56] /goto lidrews kakuzo
[30/4/2018 19:20:57] /goto lidrews kakuzo
[30/4/2018 19:21:4] /t
[30/4/2018 19:22:32] /goto spped killer
[30/4/2018 19:22:38] /goto speed killer
[30/4/2018 19:24:34] /t
[30/4/2018 19:38:58] /t passatempo
[30/4/2018 19:53:18] /t makabro
[30/4/2018 20:16:40] /goto tenten
[30/4/2018 20:26:17] /t
[30/4/2018 20:26:33] /goto cronos
[30/4/2018 20:26:49] /t
[30/4/2018 20:27:25] /goto jonkun
[30/4/2018 20:27:42] /goto jonkun
[30/4/2018 20:27:45] /goto jonkun
[30/4/2018 20:27:50] /t
[30/4/2018 20:32:10] /goto jonkun
[30/4/2018 20:32:41] /goto infected
[30/4/2018 20:32:45] /goto infected
[30/4/2018 20:32:48] /goto infected
[30/4/2018 20:32:49] /goto infected
[30/4/2018 20:32:54] /goto infected
[30/4/2018 20:33:36] /r 100
[30/4/2018 20:34:28] /goto desconhecido
[30/4/2018 20:34:29] /goto desconhecido
[30/4/2018 20:34:30] /goto desconhecido
[30/4/2018 20:34:37] /goto desconhecido
[30/4/2018 20:34:38] /goto desconhecido
[30/4/2018 20:34:40] /goto desconhecido
[30/4/2018 20:34:42] /goto desconhecido
[30/4/2018 20:34:43] /goto desconhecido
[30/4/2018 20:34:47] /goto desconhecido
[30/4/2018 20:34:49] /goto desconhecido
[30/4/2018 20:34:50] /goto desconhecido
[30/4/2018 20:34:51] /goto desconhecido
[30/4/2018 20:34:52] /goto desconhecido
[30/4/2018 20:34:53] /goto desconhecido
[30/4/2018 20:34:53] /goto desconhecido
[30/4/2018 20:34:54] /goto desconhecido
[30/4/2018 20:34:55] /goto desconhecido
[30/4/2018 20:34:55] /goto desconhecido
[30/4/2018 20:34:57] /goto desconhecido
[30/4/2018 20:34:58] /goto desconhecido
[30/4/2018 20:34:59] /goto desconhecido
[30/4/2018 20:35:1] /goto desconhecido
[30/4/2018 20:35:3] /goto desconhecido
[30/4/2018 20:35:19] /goto desconhecido
[30/4/2018 20:36:28] /goto desconhecido
[30/4/2018 20:36:44] /goto desconhecido
[30/4/2018 20:36:45] /goto desconhecido
[30/4/2018 20:36:47] /goto desconhecido
[30/4/2018 20:37:12] /goto desconhecido
[30/4/2018 20:37:40] /goto desconhecido
[30/4/2018 20:40:48] /t jonkun
[30/4/2018 20:40:54] /t meliodas
[30/4/2018 20:41:45] /goto desconhecido
[30/4/2018 20:41:47] /goto desconhecido
[30/4/2018 20:41:49] /goto desconhecido
[30/4/2018 20:42:26] /goto desconhecido
[30/4/2018 20:42:27] /goto desconhecido
[30/4/2018 20:42:28] /goto desconhecido
[30/4/2018 20:43:4] /goto desconhecido
[30/4/2018 20:43:6] /goto desconhecido
[30/4/2018 20:43:28] /t passatempo
[30/4/2018 20:44:11] /goto desconhecido
[30/4/2018 20:44:14] /goto desconhecido
[30/4/2018 20:44:25] /goto desconhecido
[30/4/2018 20:44:26] /goto desconhecido
[30/4/2018 20:44:43] /goto desconhecido
[30/4/2018 20:44:44] /goto desconhecido
[30/4/2018 20:44:45] /goto desconhecido
[30/4/2018 20:45:30] /goto desconhecido
[30/4/2018 20:45:49] /goto desconhecido
[30/4/2018 20:46:37] /goto meliodas
[30/4/2018 20:47:33] /goto meliodas
[30/4/2018 20:47:34] /goto meliodas
[30/4/2018 20:49:18] /goto lidrews kakuzo
[30/4/2018 20:49:50] /goto desconhecido
[30/4/2018 20:51:28] /t
[30/4/2018 20:57:29] /b eu ja falei pra vcs q serao arrumados , vcs so sabem reclamar , entao vamos aguardar o roberto mexer nisso ainda hj , ............... mana sera reajustada , preço de viajem etc ....
[30/4/2018 20:57:37] /goto meliodas
[30/4/2018 20:57:44] /t
[30/4/2018 20:57:57] /goto meliodas
[30/4/2018 20:58:0] /r
[30/4/2018 20:58:5] /t
[30/4/2018 20:58:16] /t passatempo
[30/4/2018 20:59:48] /goto cronnos
[30/4/2018 20:59:51] /goto cronos
[30/4/2018 20:59:57] /t
[30/4/2018 21:0:7] /t passatempo
[30/4/2018 21:43:16] /t passatempo
[30/4/2018 21:49:36] /goto cronoz
[30/4/2018 21:49:37] /goto cronos
[30/4/2018 21:55:26] /goto speed killer
[30/4/2018 22:24:32] /t passatempo
[30/4/2018 22:26:25] /goto speed killer
[30/4/2018 22:28:27] /goto speed killer
[30/4/2018 22:34:4] /goto lidrews kakuzo
[30/4/2018 22:34:11] /goto leozrak
[30/4/2018 22:34:13] /goto leozrah
[30/4/2018 22:34:24] /goto leozerah
[30/4/2018 22:34:25] /goto leozerah
[30/4/2018 22:34:26] /goto leozerah
[30/4/2018 22:34:27] /goto leozerah
[30/4/2018 22:34:30] /goto leozerah
[30/4/2018 22:34:32] /goto leozerah
[30/4/2018 22:34:33] /goto leozerah
[30/4/2018 22:35:4] /goto thiago sccp
[30/4/2018 22:36:40] /goto sasuke secreto
[30/4/2018 22:36:43] /goto sasuke secret
[30/4/2018 22:37:19] /t
[30/4/2018 22:39:25] /t passatempo
[30/4/2018 22:41:54] /goto lidrews kakuzo
[30/4/2018 22:41:57] /goto lidrews kakuzo
[30/4/2018 22:42:2] /goto lidrews kakuzo
[30/4/2018 22:42:21] /goto lidrews kakuzo
[30/4/2018 22:42:31] /goto leozerah
[30/4/2018 22:43:41] /t
[30/4/2018 22:43:47] /goto cronos
[30/4/2018 22:44:8] /t
[30/4/2018 23:23:55] /t passatempo
[30/4/2018 23:37:35] /t passatempo
[1/5/2018 0:29:35] /goto speed killer
[1/5/2018 0:29:44] /goto thiago sccp
[1/5/2018 0:29:46] /goto thiago sccp
[1/5/2018 0:29:54] /goto cronos
[1/5/2018 0:29:58] /t
[1/5/2018 0:30:12] /t passa tempo
[1/5/2018 0:30:15] /t passtempo
[1/5/2018 0:30:21] /t passatempo
[1/5/2018 0:31:44] /goto venon serpent
[1/5/2018 0:31:58] /goto venom serpent
[1/5/2018 0:32:0] /goto venom serpent
[1/5/2018 0:32:18] /goto with zetsu
[1/5/2018 0:32:20] /goto with zetsu
[1/5/2018 0:32:26] /goto withe zetsu
[1/5/2018 0:32:28] /goto withe zetsu
[1/5/2018 0:34:18] /up
[1/5/2018 0:41:38] /a 100
[1/5/2018 0:41:45] /a 50
[1/5/2018 0:41:48] /a 100
[1/5/2018 0:41:50] /a 100
[1/5/2018 0:41:55] /a 200
[1/5/2018 0:42:6] /goto pecado da gananciaban
[1/5/2018 0:42:12] /down
[1/5/2018 0:42:13] /down
[1/5/2018 0:42:16] /down
[1/5/2018 0:42:18] /down
[1/5/2018 0:42:22] /down
[1/5/2018 0:42:25] /down
[1/5/2018 0:42:27] /down
[1/5/2018 0:45:57] /goto withe zetsu
[1/5/2018 0:45:59] /goto withe zetsu
[1/5/2018 0:46:49] /goto zetsu
[1/5/2018 0:47:3] /up
[1/5/2018 0:47:48] /t
[1/5/2018 0:48:55] /goto meliodas
[1/5/2018 0:49:9] /goto zetsu branco
[1/5/2018 0:49:10] /goto zetsu branco
[1/5/2018 0:49:16] /goto zetsu branco
[1/5/2018 0:50:7] /goto withe zetsu
[1/5/2018 0:50:9] /goto withe zetsu
[1/5/2018 0:50:20] /t
[1/5/2018 0:56:28] /goto pecado da gananciaban
[1/5/2018 0:57:3] /goto nao foca ojorge
[1/5/2018 0:59:2] /t
[1/5/2018 0:59:56] /goto sasuke secret
[1/5/2018 1:3:8] /goto speed killer
[1/5/2018 1:3:13] /goto speed killer
[1/5/2018 1:3:22] /down
[1/5/2018 1:3:23] /down
[1/5/2018 1:3:24] /down
[1/5/2018 1:5:22] /goto passatempo
[1/5/2018 1:8:46] /t
[1/5/2018 1:15:45] /goto speed killer
[1/5/2018 1:26:21] /goto speed killer
[1/5/2018 1:30:14] /t
[1/5/2018 1:31:24] /goto speed killer
[1/5/2018 1:35:29] /t passatempo
[1/5/2018 2:16:32] /goto thiago sccp
[1/5/2018 2:16:34] /goto thiago sccp
[1/5/2018 2:16:35] /goto thiago sccp
[1/5/2018 2:16:36] /goto thiago sccp
[1/5/2018 2:16:37] /goto thiago sccp
[1/5/2018 2:16:39] /goto thiago sccp
[1/5/2018 2:16:42] /goto thiago sccp
[1/5/2018 2:16:45] /goto thiago sccp
[1/5/2018 2:16:47] /goto thiago sccp
[1/5/2018 2:16:48] /goto thiago sccp
[1/5/2018 2:16:48] /goto thiago sccp
[1/5/2018 2:17:20] /goto thiago sccp
[1/5/2018 2:17:24] /goto thiago sccp
[1/5/2018 2:17:28] /goto thiago sccp
[1/5/2018 2:17:50] /goto thiago sccp
[1/5/2018 2:17:52] /goto thiago sccp
[1/5/2018 2:18:4] /goto thiago sccp
[1/5/2018 2:18:55] /goto thiago sccp
[1/5/2018 2:19:3] /goto thiago sccp
[1/5/2018 2:20:11] /goto thiago sccp
[1/5/2018 2:21:55] /t
[1/5/2018 4:7:51] /t passatempo
[1/5/2018 5:7:38] /goto cronos
[1/5/2018 5:7:53] /goto thiago sccp
[1/5/2018 5:8:2] /t
[1/5/2018 5:8:6] /goto thiago sccp
[1/5/2018 5:8:11] /t
[1/5/2018 5:10:40] /goto zone
[1/5/2018 5:10:49] /t
[1/5/2018 5:15:28] /goto thiago sccp
[1/5/2018 5:15:36] /goto cronos
[1/5/2018 5:15:47] /goto cronos
[1/5/2018 5:15:52] /t
[1/5/2018 12:30:44] /goto cronos
[1/5/2018 12:30:48] /t
[1/5/2018 12:31:20] /goto thiago sccp
[1/5/2018 12:31:26] /t
[1/5/2018 12:33:26] /goto cronos
[1/5/2018 12:34:23] /a 5
[1/5/2018 12:37:57] /t
[1/5/2018 12:38:38] /t maliodas
[1/5/2018 12:38:42] /goto meliodas
[1/5/2018 12:38:45] /r
[1/5/2018 12:38:46] /r
[1/5/2018 12:38:55] /r
[1/5/2018 12:39:1] /t passatempo
[1/5/2018 12:39:7] /t meliodas
[1/5/2018 12:39:11] /t
[1/5/2018 12:46:12] /goto meliodas
[1/5/2018 12:46:25] /r
[1/5/2018 12:46:28] /r
[1/5/2018 12:46:32] /t meliodas
[1/5/2018 12:46:59] /t passatempo
[1/5/2018 12:47:9] /goto libra king kon
[1/5/2018 12:47:17] /goto libra king kong
[1/5/2018 12:47:21] /t
[1/5/2018 12:49:10] /t passatempo
[1/5/2018 12:49:53] /t passatempo
[1/5/2018 13:2:12] /b Galera ainda nao esta double exp , nao sei o motivo mais n consegui fala com o icaro ontem , nao sei oq aconteceu , mais assim q ele entra , garanto q ira ser recompensado esse atraso oks
[1/5/2018 13:2:30] /b peço perdao a todos os players , e donatantes e nao donates
[1/5/2018 13:6:13] /b Galera mais uma vez , peço perdao a todos os players , por n consegui fala com icaro , mais vcs serao recompensados por essa double atrasado , eu garanto a vcs , e todos os bugs serao tirados
[1/5/2018 13:13:36] /b Galera mais uma vez , peço perdao a todos os players , por n consegui fala com icaro , mais vcs serao recompensados por essa double atrasado , eu garanto a vcs , e todos os bugs serao tirados
[1/5/2018 13:15:58] /goto lee secret
[1/5/2018 13:17:15] /t
[1/5/2018 13:17:59] /t passatempo
[1/5/2018 13:24:24] /b Galera mais uma vez , peço perdao a todos os players , por n consegui fala com icaro , mais vcs serao recompensados por essa double atrasado , eu garanto a vcs , e todos os bugs serao tirados
[1/5/2018 13:24:38] /b Galera mais uma vez , peço perdao a todos os players , por n consegui fala com icaro , mais vcs serao recompensados por essa double atrasado , eu garanto a vcs , e todos os bugs serao tirados
[1/5/2018 13:24:39] /b Galera mais uma vez , peço perdao a todos os players , por n consegui fala com icaro , mais vcs serao recompensados por essa double atrasado , eu garanto a vcs , e todos os bugs serao tirados
[1/5/2018 13:24:40] /b Galera mais uma vez , peço perdao a todos os players , por n consegui fala com icaro , mais vcs serao recompensados por essa double atrasado , eu garanto a vcs , e todos os bugs serao tirados
[1/5/2018 13:41:58] /goto obito
[1/5/2018 13:42:9] /t
[1/5/2018 13:53:0] /t maliodas
[1/5/2018 13:53:4] /t maliodas
[1/5/2018 13:53:12] /t meliodas
[1/5/2018 13:55:37] /t passatempo
[1/5/2018 13:56:3] /goto thiago sccp
[1/5/2018 13:56:6] /goto thiago sccp
[1/5/2018 13:56:8] /goto thiago sccp
[1/5/2018 13:56:10] /goto thiago sccp
[1/5/2018 13:56:12] /t
[1/5/2018 14:1:57] /goto thiago sccp
[1/5/2018 14:2:36] /goto cronos
[1/5/2018 14:2:47] /a 2
[1/5/2018 14:3:27] /a 5
[1/5/2018 14:3:59] /goto cronos
[1/5/2018 14:5:10] /goto jorge noventa
[1/5/2018 14:5:58] /up
[1/5/2018 14:6:13] /t jorge noventa
[1/5/2018 14:9:40] /r
[1/5/2018 14:9:42] /r
[1/5/2018 14:9:44] /r
[1/5/2018 14:10:0] /r
[1/5/2018 14:10:29] /t jorge noventa
[1/5/2018 14:10:45] /goto jorge noventa
[1/5/2018 14:10:52] /goto jorge noventa
[1/5/2018 14:10:58] /goto thiago sccp
[1/5/2018 14:11:6] /t passatempo
[1/5/2018 14:11:12] /t passatempo
[1/5/2018 14:11:14] /goto thiago sccp
[1/5/2018 14:11:32] /goto thiago sccp
[1/5/2018 14:11:34] /goto thiago sccp
[1/5/2018 14:11:35] /goto thiago sccp
[1/5/2018 14:11:36] /goto thiago sccp
[1/5/2018 14:11:38] /goto thiago sccp
[1/5/2018 14:11:41] /t
[1/5/2018 14:11:59] /goto thiago sccp
[1/5/2018 14:12:1] /goto thiago sccp
[1/5/2018 14:12:2] /goto thiago sccp
[1/5/2018 14:12:4] /goto thiago sccp
[1/5/2018 14:12:5] /goto thiago sccp
[1/5/2018 14:12:22] /t
[1/5/2018 14:12:53] /goto cronos
[1/5/2018 14:12:55] /goto cronos
[1/5/2018 14:12:57] /goto cronos
[1/5/2018 14:12:59] /goto cronos
[1/5/2018 14:13:2] /goto cronos
[1/5/2018 14:13:4] /goto cronos
[1/5/2018 14:13:7] /goto cronos
[1/5/2018 14:13:11] /t
[1/5/2018 14:30:28] /goto thiago sccp
[1/5/2018 14:33:57] /goto Black Kakashi
[1/5/2018 14:36:13] /t passatempo
[1/5/2018 15:11:21] /ghost
[1/5/2018 15:47:3] /goto Oakunipou
[1/5/2018 15:49:5] /t Oakunipou
[1/5/2018 15:49:17] /t Cheio Das Sagacidades
[1/5/2018 15:51:4] /up
[1/5/2018 16:0:40] /goto Black Kakashi
[1/5/2018 16:10:38] /goto lee secret
[1/5/2018 16:11:53] /goto sasuke secret
[1/5/2018 16:12:16] /r
[1/5/2018 16:12:25] /goto boruto secret
[1/5/2018 16:12:55] /r
[1/5/2018 16:13:1] /goto naruto secret
[1/5/2018 16:16:3] /goto fatt buter
[1/5/2018 16:16:13] /goto kinkaku
[1/5/2018 16:16:16] /up
[1/5/2018 16:17:35] /a 10
[1/5/2018 16:17:36] /a 10
[1/5/2018 16:17:36] /a 10
[1/5/2018 16:17:37] /a 10
[1/5/2018 16:17:37] /a 10
[1/5/2018 16:17:37] /a 10
[1/5/2018 16:17:38] /a 10
[1/5/2018 16:17:40] /a 20
[1/5/2018 16:17:42] /a 30
[1/5/2018 16:17:47] /a 50
[1/5/2018 16:17:51] /a 10
[1/5/2018 16:18:51] /r
[1/5/2018 16:19:8] /up
[1/5/2018 16:19:13] /a 10
[1/5/2018 16:19:14] /a 10
[1/5/2018 16:19:18] /a 10
[1/5/2018 16:19:19] /a 10
[1/5/2018 16:19:20] /a 10
[1/5/2018 16:19:21] /a 10
[1/5/2018 16:19:22] /a 10
[1/5/2018 16:19:55] /a 20
[1/5/2018 16:19:56] /a 10
[1/5/2018 16:20:1] /a 10
[1/5/2018 16:20:3] /a 10
[1/5/2018 16:20:4] /a 10
[1/5/2018 16:20:5] /a 10
[1/5/2018 16:20:6] /a 10
[1/5/2018 16:20:7] /a 10
[1/5/2018 16:20:8] /a 10
[1/5/2018 16:20:9] /a 10
[1/5/2018 16:20:10] /a 10
[1/5/2018 16:20:11] /a 10
[1/5/2018 16:20:11] /a 10
[1/5/2018 16:20:12] /a 10
[1/5/2018 16:20:13] /a 10
[1/5/2018 16:20:15] /a 10
[1/5/2018 16:20:16] /a 10
[1/5/2018 16:20:18] /a 10
[1/5/2018 16:20:20] /a 30
[1/5/2018 16:20:22] /a 40
[1/5/2018 16:20:24] /a 40
[1/5/2018 16:20:26] /a 40
[1/5/2018 16:20:28] /a 40
[1/5/2018 16:20:48] /r
[1/5/2018 16:20:51] /t
[1/5/2018 16:21:17] /goto zetsu
[1/5/2018 16:21:44] /r
[1/5/2018 16:21:52] /t
[1/5/2018 16:22:5] /t Oakunipou
[1/5/2018 16:23:20] /t
[1/5/2018 16:25:16] /goto Malefic Naruto
[1/5/2018 16:25:33] /r
[1/5/2018 16:25:35] /r
[1/5/2018 16:25:44] /goto baby kiuub
[1/5/2018 16:25:47] /goto baby kyuub
[1/5/2018 16:25:48] /goto baby kyuubi
[1/5/2018 16:26:49] /r
[1/5/2018 16:27:4] /goto salamander
[1/5/2018 16:27:30] /r
[1/5/2018 16:27:43] /goto lee secret
[1/5/2018 16:27:44] /goto lee secret
[1/5/2018 16:27:45] /goto lee secret
[1/5/2018 16:27:46] /goto lee secret
[1/5/2018 16:27:47] /goto lee secret
[1/5/2018 16:27:51] /t
[1/5/2018 16:28:28] /t meliodads
[1/5/2018 16:28:35] /goto meliodas
[1/5/2018 16:28:37] /goto meliodas
[1/5/2018 16:28:38] /goto meliodas
[1/5/2018 16:29:8] /t meliodas
[1/5/2018 16:29:21] /goto kabuto secret
[1/5/2018 16:29:26] /a 2
[1/5/2018 16:29:27] /a 2
[1/5/2018 16:29:27] /a 2
[1/5/2018 16:29:28] /a 2
[1/5/2018 16:29:29] /a 2
[1/5/2018 16:29:30] /a 2
[1/5/2018 16:29:57] /goto passatempo
[1/5/2018 16:30:3] /up
[1/5/2018 16:30:10] /a 50
[1/5/2018 16:30:12] /a 40
[1/5/2018 16:30:14] /a 30
[1/5/2018 16:30:15] /a 30
[1/5/2018 16:30:51] /a 10
[1/5/2018 16:30:52] /a 10
[1/5/2018 16:30:55] /r
[1/5/2018 16:31:1] /a 100
[1/5/2018 16:31:3] /a 190
[1/5/2018 16:31:6] /a 180
[1/5/2018 16:31:9] /a 170
[1/5/2018 16:31:11] /a 120
[1/5/2018 16:31:14] /a 130
[1/5/2018 16:31:20] /a 40
[1/5/2018 16:31:22] /a 20
[1/5/2018 16:31:23] /a 20
[1/5/2018 16:32:29] /goto meliodas
[1/5/2018 16:32:33] /a 10
[1/5/2018 16:32:35] /a 5
[1/5/2018 16:32:38] /a 5
[1/5/2018 16:32:39] /a 5
[1/5/2018 16:32:39] /a 5
[1/5/2018 16:32:40] /a 5
[1/5/2018 16:33:7] /r
[1/5/2018 16:33:10] /r
[1/5/2018 16:33:11] /r
[1/5/2018 16:33:12] /r
[1/5/2018 16:33:15] /r
[1/5/2018 16:33:27] /r
[1/5/2018 16:33:30] /r
[1/5/2018 16:33:33] /r
[1/5/2018 16:33:35] /r
[1/5/2018 16:33:53] /r
[1/5/2018 16:34:20] /t meliodas
[1/5/2018 16:34:22] /t
[1/5/2018 16:35:44] /b galera vai reportando os bugs mais tem q ser rapido
[1/5/2018 16:39:37] /goto meliodas
[1/5/2018 16:39:45] /r
[1/5/2018 16:40:5] /t meliodas
[1/5/2018 16:43:43] /t japa
[1/5/2018 16:43:49] /goto japa
[1/5/2018 16:46:27] /goto meliodas
[1/5/2018 16:46:39] /goto leozerah
[1/5/2018 16:46:47] /goto leozerah
[1/5/2018 16:46:48] /goto leozerah
[1/5/2018 16:46:49] /goto leozerah
[1/5/2018 16:46:50] /goto leozerah
[1/5/2018 16:48:1] /goto leozerah
[1/5/2018 16:48:2] /goto leozerah
[1/5/2018 16:48:4] /goto leozerah
[1/5/2018 16:48:42] /goto leozerah
[1/5/2018 16:48:53] /t
[1/5/2018 16:49:30] /goto meliodas
[1/5/2018 16:49:47] /ghost
[1/5/2018 16:49:53] /goto leozerah
[1/5/2018 16:49:55] /goto leozerah
[1/5/2018 16:49:58] /goto leozerah
[1/5/2018 16:49:59] /goto leozerah
[1/5/2018 16:50:37] /goto leozera
[1/5/2018 16:50:43] /goto leozerah
[1/5/2018 16:50:45] /goto leozerah
[1/5/2018 16:50:46] /goto leozerah
[1/5/2018 16:51:10] /goto meliodas
[1/5/2018 16:51:13] /goto leozerah
[1/5/2018 16:51:18] /goto meliodas
[1/5/2018 16:52:5] /t meliodas
[1/5/2018 16:52:8] /t
[1/5/2018 16:53:48] /goto leozerah
[1/5/2018 16:53:59] /t
[1/5/2018 16:54:26] /goto leozerah
[1/5/2018 16:54:29] /t
[1/5/2018 16:55:28] /goto speed killer
[1/5/2018 17:2:1] /t meliodas
[1/5/2018 17:59:31] /t passatempo
[1/5/2018 18:7:53] /t meliodas
[1/5/2018 18:8:2] /goto cronos
[1/5/2018 18:8:13] /goto thiago sccp
[1/5/2018 18:8:18] /goto meliodas
[1/5/2018 18:8:42] /goto lidrews kakuzo
[1/5/2018 18:8:52] /t
[1/5/2018 18:9:1] /goto libra king kong
[1/5/2018 18:9:11] /t
[1/5/2018 18:12:48] /b galera vcs terao double , de 24h vou ver se consigo dps do save ou no domingo , dps do save alguns bugs vao ser removidos , 
[1/5/2018 18:31:1] /goto treiner
[1/5/2018 18:44:58] /goto meliodas
[1/5/2018 18:45:1] /goto meliodas
[1/5/2018 18:45:3] /goto meliodas
[1/5/2018 18:45:5] /t
[1/5/2018 18:55:14] /mc
[1/5/2018 19:8:15] /a 25
[1/5/2018 19:8:17] /a 30
[1/5/2018 19:8:20] /a 60
[1/5/2018 19:9:5] /a 20
[1/5/2018 19:9:12] /a 10
[1/5/2018 19:9:14] /a
[1/5/2018 19:9:15] /a
[1/5/2018 19:9:17] /a
[1/5/2018 19:9:20] /a 10
[1/5/2018 19:9:58] /r
[1/5/2018 19:10:1] /t
[1/5/2018 19:10:9] /goto gorilaz
[1/5/2018 19:10:12] /goto gorillaz
[1/5/2018 19:10:18] /goto gorillaz
[1/5/2018 19:10:22] /up
[1/5/2018 19:10:27] /up 2
[1/5/2018 19:10:29] /up 3
[1/5/2018 19:10:30] /up 4
[1/5/2018 19:10:45] /a 15
[1/5/2018 19:10:48] /r
[1/5/2018 19:10:50] /t
[1/5/2018 19:12:12] /a 5
[1/5/2018 19:12:45] /up
[1/5/2018 19:14:27] /goto hachibi recanto
[1/5/2018 19:14:43] /goto shukaco recanto
[1/5/2018 19:14:56] /goto shukaku recanto
[1/5/2018 19:15:15] /goto hashirama boss
[1/5/2018 19:15:17] /goto hashirama boss
[1/5/2018 19:17:24] /town
[1/5/2018 19:17:28] /town 2
[1/5/2018 19:17:30] /town 3
[1/5/2018 19:17:31] /town 4
[1/5/2018 19:17:42] /town ilha ultimate
[1/5/2018 19:17:51] /town Dunga ilha ultimate
[1/5/2018 19:18:14] /town ilha ultimate, dunga
[1/5/2018 19:18:19] /town ilha ultimate dunga
[1/5/2018 19:18:32] /town ilha ultimate, Dunga
[1/5/2018 19:18:33] /town ilha ultimate, Dunga
[1/5/2018 19:18:42] /town
[1/5/2018 19:18:46] /town ilha vip
[1/5/2018 19:18:49] /town 5
[1/5/2018 19:18:50] /town 2
[1/5/2018 19:18:53] /town konoha
[1/5/2018 19:18:55] /town konohagakure
[1/5/2018 19:20:26] /town castle
[1/5/2018 19:20:28] /town 
[1/5/2018 19:20:38] /cliport
[1/5/2018 19:22:8] /goto Meliodas
[1/5/2018 19:22:54] /r
[1/5/2018 19:23:16] /goto kabuto secret
[1/5/2018 19:24:33] /t
[1/5/2018 19:25:2] /a 20
[1/5/2018 19:25:5] /a 30
[1/5/2018 19:25:11] /a 15
[1/5/2018 19:25:32] /a
[1/5/2018 19:25:34] /a 2
[1/5/2018 19:26:0] /down
[1/5/2018 19:26:4] /up
[1/5/2018 19:26:6] /down
[1/5/2018 19:26:8] /down 2
[1/5/2018 19:26:9] /down 3
[1/5/2018 19:26:11] /down 4
[1/5/2018 19:26:11] /down 5
[1/5/2018 19:26:12] /down 6
[1/5/2018 19:26:17] /down 10
[1/5/2018 19:26:19] /a 10
[1/5/2018 19:26:22] /a 15
[1/5/2018 19:26:24] /a 20
[1/5/2018 19:26:25] /a 30
[1/5/2018 19:26:28] /t
[1/5/2018 19:28:24] /t
[1/5/2018 19:28:42] /goto Mellafi
[1/5/2018 19:29:49] /goto Mellafi
[1/5/2018 19:29:53] /goto Mellafi
[1/5/2018 19:30:17] /up
[1/5/2018 19:30:22] /up
[1/5/2018 19:30:24] /a 15
[1/5/2018 19:30:27] /up
[1/5/2018 19:30:30] /up 2
[1/5/2018 19:30:32] /up 3
[1/5/2018 19:30:53] /cliport
[1/5/2018 19:30:56] /up
[1/5/2018 19:31:6] /goto pay day
[1/5/2018 19:31:12] /r
[1/5/2018 19:34:34] /goto sasuke secret
[1/5/2018 19:35:0] /down
[1/5/2018 19:35:1] /down
[1/5/2018 19:35:1] /down
[1/5/2018 19:35:2] /down
[1/5/2018 19:35:20] /a
[1/5/2018 19:36:13] /goto sasuke secret
[1/5/2018 19:36:14] /goto sasuke secret
[1/5/2018 19:36:14] /goto sasuke secret
[1/5/2018 19:36:15] /goto sasuke secret
[1/5/2018 19:36:16] /goto sasuke secret
[1/5/2018 19:36:19] /goto dragon
[1/5/2018 19:36:24] /goto dragon
[1/5/2018 19:36:40] /a
[1/5/2018 19:37:2] /goto hellound
[1/5/2018 19:37:6] /goto hellhound
[1/5/2018 19:37:16] /a 5
[1/5/2018 19:37:31] /t
[1/5/2018 19:38:25] /goto Black Kakashi
[1/5/2018 19:38:40] /t
[1/5/2018 19:39:23] /goto ligamata serpente
[1/5/2018 19:39:29] /goto eligamata serpente
[1/5/2018 19:39:33] /goto eligamata serpent
[1/5/2018 19:44:13] /r
[1/5/2018 19:44:38] /goto King Indio
[1/5/2018 19:44:46] /goto Makabro
[1/5/2018 19:45:27] /goto Kraus
[1/5/2018 19:45:35] /goto Leozerah Ixback
[1/5/2018 19:46:30] /t
[1/5/2018 19:46:37] /goto Obito
[1/5/2018 19:49:6] /goto Lidrews Kakuzo
[1/5/2018 19:49:37] /a 2
[1/5/2018 19:50:10] /t
[1/5/2018 19:50:52] /goto Makabro Meteotrap
[1/5/2018 19:51:30] /r
[1/5/2018 19:51:40] /t
[1/5/2018 19:51:51] /mc
[1/5/2018 19:52:31] /goto Obscure Snakke
[1/5/2018 19:53:21] /r
[1/5/2018 19:53:43] /t
[1/5/2018 19:56:24] /goto gowther
[1/5/2018 19:56:27] /t
[1/5/2018 20:32:55] /goto lidrews kakuzo
[1/5/2018 20:33:4] /ghost
[1/5/2018 20:33:17] /r
[1/5/2018 20:33:22] /r
[1/5/2018 20:34:36] /ghost
[1/5/2018 20:34:43] /t
[1/5/2018 21:9:32] /goto mellafi
[1/5/2018 21:9:40] /t
[1/5/2018 21:40:31] /goto mellafi
[1/5/2018 21:55:59] /mc
[1/5/2018 22:7:13] /t passatempo
[2/5/2018 0:12:37] /goto asura
[2/5/2018 0:13:28] /goto asura
[2/5/2018 0:16:12] /t
[2/5/2018 0:22:49] /t pasatempo
[2/5/2018 0:22:55] /t passatempo
[2/5/2018 0:32:14] /t passatempo
[2/5/2018 0:43:17] /t passatempo
[2/5/2018 0:49:56] /t pecado da gananciaban
