[28/4/2018 23:58:19] /ghost
[28/4/2018 23:58:21] /goto dazai
[28/4/2018 23:58:25] /ccloseserver
[29/4/2018 1:54:4] /save
[29/4/2018 1:54:6] /sshutdown
[29/4/2018 1:54:18] /ccloseserver
[29/4/2018 1:56:28] /sshutdown
[29/4/2018 1:56:48] /oopenserver
[29/4/2018 1:58:44] /goto black kakashi
[29/4/2018 2:10:55] /ii speed ring
[29/4/2018 2:11:0] /goto wee goo
[29/4/2018 2:11:4] /goto wee goo
[29/4/2018 2:11:4] /goto wee goo
[29/4/2018 2:11:6] /ii speed ring
[29/4/2018 2:11:8] /ii speed ring
[29/4/2018 2:15:8] /aaddskill Wee Goo,level,5
[29/4/2018 2:15:53] /goto wee boo
[29/4/2018 2:15:57] /ii cetre rikkudo
[29/4/2018 2:15:58] /ii susano shield
[29/4/2018 2:16:1] /ii hoshigaki ring
[29/4/2018 2:16:4] /goto wee boo
[29/4/2018 2:16:6] /goto wee goo
[29/4/2018 2:18:12] /c wee goo
[29/4/2018 2:20:4] /goto dazai
[29/4/2018 2:21:28] /t Wee Goo
[29/4/2018 2:21:30] /t
[29/4/2018 2:21:44] /aattr group 4
[29/4/2018 2:22:15] /aaddskill Wee Goo,level,7
[29/4/2018 2:45:11] /goto dazai
[29/4/2018 2:45:29] /t
[29/4/2018 2:45:40] /aattr group 4
[29/4/2018 3:5:50] /ii cetre rikkudo
[29/4/2018 3:13:28] /ii dollares
[29/4/2018 3:13:31] /ii 2160
[29/4/2018 3:14:30] /ii moeda vip
[29/4/2018 3:14:40] /r
[29/4/2018 3:14:56] /ghost
[29/4/2018 3:16:38] /ghost
[29/4/2018 3:20:5] /bc green O PVP do jogo começa quando quiserem, porem, do level 1 ao 400 os jogadores que morrerem em PVP não perderão NADA,  a bless é GRATUITA !
[29/4/2018 3:20:7] /bc green O PVP do jogo começa quando quiserem, porem, do level 1 ao 400 os jogadores que morrerem em PVP não perderão NADA,  a bless é GRATUITA !
[29/4/2018 3:20:9] /bc green O PVP do jogo começa quando quiserem, porem, do level 1 ao 400 os jogadores que morrerem em PVP não perderão NADA,  a bless é GRATUITA !
[29/4/2018 3:20:18] /bc green O PVP do jogo começa quando quiserem, porem, do level 1 ao 400 os jogadores que morrerem em PVP não perderão NADA,  a bless é GRATUITA !
[29/4/2018 3:42:8] /a
[29/4/2018 3:42:10] /a
[29/4/2018 3:43:16] /t
[29/4/2018 3:43:18] /down
[29/4/2018 3:43:20] /a 5
[29/4/2018 3:43:20] /a 5
[29/4/2018 3:43:21] /a 5
[29/4/2018 3:43:21] /a 5
[29/4/2018 3:43:21] /a 5
[29/4/2018 3:43:22] /a 5
[29/4/2018 3:43:22] /a 5
[29/4/2018 3:43:23] /a 5
[29/4/2018 3:43:24] /a 5
[29/4/2018 3:43:24] /a 5
[29/4/2018 3:43:24] /a 5
[29/4/2018 3:43:25] /a 5
[29/4/2018 3:43:25] /a 5
[29/4/2018 3:43:26] /a 5
[29/4/2018 3:43:26] /a 5
[29/4/2018 3:43:27] /a 5
[29/4/2018 3:43:38] /ii 143
[29/4/2018 3:43:39] /ii 143
[29/4/2018 3:43:52] /up
[29/4/2018 3:44:2] /down
[29/4/2018 3:45:15] /up
[29/4/2018 3:45:17] /a 5
[29/4/2018 3:45:20] /a 5
[29/4/2018 3:45:23] /a 5
[29/4/2018 3:45:24] /a 5
[29/4/2018 3:49:31] /rreload talkactions
[29/4/2018 3:49:36] /goto Street Fighter
[29/4/2018 3:49:56] /aattr vocation 5
[29/4/2018 3:50:18] /goto Desconhecido
[29/4/2018 3:50:36] /bc green Vou reiniciar para alterar o dano das armas !
[29/4/2018 3:50:37] /bc green Vou reiniciar para alterar o dano das armas !
[29/4/2018 3:51:4] /bc green Vou reiniciar para alterar o dano das armas !
[29/4/2018 3:51:7] /bc green Vou reiniciar para alterar o dano das armas !
[29/4/2018 3:51:10] /save
[29/4/2018 3:51:25] /save
[29/4/2018 3:51:33] /sshutdown
[29/4/2018 3:51:41] /bc green Pronto !
[29/4/2018 3:52:3] /goto kuraku
[29/4/2018 3:52:49] /goto kuraku
[29/4/2018 3:52:57] /goto kuraku
[29/4/2018 3:53:1] /goto kuraku
[29/4/2018 3:53:3] /goto kuraku
[29/4/2018 3:53:47] /a 5
[29/4/2018 3:53:48] /a 5
[29/4/2018 3:53:49] /a 5
[29/4/2018 3:53:50] /a 5
[29/4/2018 3:53:54] /a 5
[29/4/2018 3:55:41] /a 5
[29/4/2018 3:55:43] /a 5
[29/4/2018 3:55:44] /a 5
[29/4/2018 3:55:45] /a 5
[29/4/2018 3:55:47] /t
[29/4/2018 3:57:45] /bc blue Estou ativando a promoção double points para ajudar nessa nova caminhada.
[29/4/2018 3:57:48] /bc blue Estou ativando a promoção double points para ajudar nessa nova caminhada.
[29/4/2018 4:3:33] /ii hoshigaki ring
[29/4/2018 4:10:4] /info cyclone
[29/4/2018 4:21:25] /rreload monsters
[29/4/2018 4:21:32] /m bat
[29/4/2018 4:21:32] /m bat
[29/4/2018 4:21:33] /m bat
[29/4/2018 4:21:33] /m bat
[29/4/2018 4:21:33] /m bat
[29/4/2018 4:21:41] /up
[29/4/2018 4:22:26] /m bat
[29/4/2018 4:22:28] /m bat
[29/4/2018 4:22:30] /m bat
[29/4/2018 4:22:31] /m bat
[29/4/2018 4:22:32] /m bat
[29/4/2018 4:22:33] /m bat
[29/4/2018 4:22:36] /m bat
[29/4/2018 4:22:37] /m bat
[29/4/2018 4:22:37] /m bat
[29/4/2018 4:22:38] /m bat
[29/4/2018 4:22:38] /m bat
[29/4/2018 4:22:39] /m bat
[29/4/2018 4:22:39] /m bat
[29/4/2018 4:22:39] /m bat
[29/4/2018 4:22:40] /m bat
[29/4/2018 4:22:40] /m bat
[29/4/2018 4:22:41] /m bat
[29/4/2018 4:22:41] /m bat
[29/4/2018 4:22:41] /m bat
[29/4/2018 4:22:42] /m bat
[29/4/2018 4:22:42] /m bat
[29/4/2018 4:22:42] /m bat
[29/4/2018 4:22:43] /m bat
[29/4/2018 4:22:43] /m bat
[29/4/2018 4:22:43] /m bat
[29/4/2018 4:22:44] /m bat
[29/4/2018 4:22:44] /m bat
[29/4/2018 4:22:45] /m bat
[29/4/2018 4:22:45] /m bat
[29/4/2018 4:22:45] /m bat
[29/4/2018 4:22:46] /m bat
[29/4/2018 4:22:46] /m bat
[29/4/2018 4:22:46] /m bat
[29/4/2018 4:22:47] /m bat
[29/4/2018 4:22:47] /m bat
[29/4/2018 4:22:47] /m bat
[29/4/2018 4:22:48] /m bat
[29/4/2018 4:22:48] /m bat
[29/4/2018 4:22:49] /m bat
[29/4/2018 4:22:49] /m bat
[29/4/2018 4:22:49] /m bat
[29/4/2018 4:22:50] /m bat
[29/4/2018 4:22:50] /m bat
[29/4/2018 4:22:50] /m bat
[29/4/2018 4:22:51] /m bat
[29/4/2018 4:22:51] /m bat
[29/4/2018 4:22:52] /m bat
[29/4/2018 4:22:52] /m bat
[29/4/2018 4:22:52] /m bat
[29/4/2018 4:22:53] /m bat
[29/4/2018 4:22:53] /m bat
[29/4/2018 4:22:53] /m bat
[29/4/2018 4:22:54] /m bat
[29/4/2018 4:28:28] /rreload npc
[29/4/2018 4:30:45] /goto street fighter
[29/4/2018 4:33:39] /rreload npc
[29/4/2018 4:35:23] /rreload npc
[29/4/2018 4:37:14] /ii 2160
[29/4/2018 4:37:37] /rreload npc
[29/4/2018 4:38:33] /ii 2160
[29/4/2018 4:39:36] /bc blue Npc Obito vendedor de Moedas foi arrumado !
[29/4/2018 4:39:38] /bc blue Npc Obito vendedor de Moedas foi arrumado !
[29/4/2018 5:21:56] /goto cronos
[29/4/2018 5:24:0] /goto lidrews kakuzo
[29/4/2018 5:24:8] /goto kakashi sensei
[29/4/2018 5:24:13] /goto black kakashi
[29/4/2018 5:24:28] /goto leozerah
[29/4/2018 5:25:4] /save
[29/4/2018 5:25:8] /bc green Reiniciando !
[29/4/2018 5:25:9] /bc green Reiniciando !
[29/4/2018 5:25:9] /bc green Reiniciando !
[29/4/2018 5:25:10] /save
[29/4/2018 5:25:12] /sshutdown
[29/4/2018 5:26:12] /t
[29/4/2018 5:28:20] /goto pasatempoo
[29/4/2018 5:28:22] /goto pasatempo
[29/4/2018 5:28:24] /goto passa tempo
[29/4/2018 5:28:31] /goto Passatempo
[29/4/2018 5:28:54] /goto Lidrews Kakuzo
[29/4/2018 5:29:22] /save
[29/4/2018 5:29:24] /sshutdown
[29/4/2018 5:30:56] /t
[29/4/2018 5:33:24] /goto Capitao Meliodas
[29/4/2018 15:29:7] /goto Lidrews Kakuzo
[29/4/2018 15:30:27] /save
[29/4/2018 15:30:32] /sshutdown
[29/4/2018 15:33:58] /t
[29/4/2018 15:34:54] /rreload spells
[29/4/2018 15:35:1] /goto akamaru
[29/4/2018 15:35:28] /t
[29/4/2018 15:36:45] /bc blue Ainda hoje, todos os monstros serão atualizados, também serão atualizados os summons !
[29/4/2018 15:36:47] /bc blue Ainda hoje, todos os monstros serão atualizados, também serão atualizados os summons !
[29/4/2018 15:54:12] /goto madara edo
[29/4/2018 15:54:15] /goto madara edo
[29/4/2018 15:54:22] /t
[29/4/2018 16:38:24] /rreload monsters
[29/4/2018 16:39:21] /save
[29/4/2018 16:39:29] /bc green Reiniciando para alterações nos monstros.
[29/4/2018 16:39:32] /bc green Reiniciando para alterações nos monstros.
[29/4/2018 16:39:34] /save
[29/4/2018 16:39:38] /sshutdown
[29/4/2018 16:39:54] /goto sai insano
[29/4/2018 16:40:30] /goto Oakunipou
[29/4/2018 16:40:35] /mc Oakunipou
[29/4/2018 16:40:44] /goto Hazzard
[29/4/2018 16:45:20] /goto Dunga
[29/4/2018 16:47:34] /t
[29/4/2018 16:53:42] /bc green Reiniciando para atualizar os monstros das Caves Secretas !
[29/4/2018 16:53:46] /bc green Reiniciando para atualizar os monstros das Caves Secretas !
[29/4/2018 16:53:47] /bc green Reiniciando para atualizar os monstros das Caves Secretas !
[29/4/2018 16:54:15] /save
[29/4/2018 16:54:17] /sshutdown
[29/4/2018 16:54:47] /goto Oakunipou
[29/4/2018 16:57:9] /goto fang
[29/4/2018 16:57:45] /rreload monsters
[29/4/2018 16:58:8] /goto endosoryushon
[29/4/2018 16:58:24] /goto oakunipou
[29/4/2018 16:59:27] /a 5
[29/4/2018 16:59:27] /a 5
[29/4/2018 16:59:28] /a 5
[29/4/2018 16:59:28] /a 5
[29/4/2018 16:59:28] /a 5
[29/4/2018 16:59:29] /a 5
[29/4/2018 16:59:29] /a 5
[29/4/2018 16:59:29] /a 5
[29/4/2018 16:59:30] /a 5
[29/4/2018 16:59:30] /a 5
[29/4/2018 16:59:31] /a 5
[29/4/2018 16:59:31] /a 5
[29/4/2018 16:59:31] /a 5
[29/4/2018 16:59:32] /a 5
[29/4/2018 16:59:32] /a 5
[29/4/2018 16:59:33] /a 5
[29/4/2018 16:59:40] /goto Fullmetal Alchemist
[29/4/2018 17:0:52] /bc blue Vou atualizar os monstros de Quests e em seguida os monstros de Bosses serão atualizados !
[29/4/2018 17:1:57] /goto jonkun
[29/4/2018 17:2:0] /goto jonkun
[29/4/2018 17:2:3] /goto jonkun
[29/4/2018 17:2:4] /goto jonkun
[29/4/2018 17:2:5] /goto jonkun
[29/4/2018 17:2:6] /goto jonkun
[29/4/2018 17:2:7] /goto jonkun
[29/4/2018 17:2:9] /goto jonkun
[29/4/2018 17:2:10] /goto jonkun
[29/4/2018 17:2:11] /goto jonkun
[29/4/2018 17:2:14] /goto jonkun
[29/4/2018 17:2:15] /goto jonkun
[29/4/2018 17:2:16] /goto jonkun
[29/4/2018 17:2:18] /goto jonkun
[29/4/2018 17:2:19] /goto jonkun
[29/4/2018 17:2:20] /goto jonkun
[29/4/2018 17:2:21] /goto jonkun
[29/4/2018 17:2:22] /goto jonkun
[29/4/2018 17:2:24] /goto jonkun
[29/4/2018 17:2:25] /goto jonkun
[29/4/2018 17:2:26] /goto jonkun
[29/4/2018 17:2:28] /goto jonkun
[29/4/2018 17:2:30] /goto jonkun
[29/4/2018 17:2:31] /goto jonkun
[29/4/2018 17:2:33] /goto jonkun
[29/4/2018 17:2:40] /goto Kukakuiron
[29/4/2018 17:3:1] /goto Kukakuiron
[29/4/2018 17:4:18] /t
[29/4/2018 17:18:58] /rreload monsters
[29/4/2018 17:21:40] /rreload npc
[29/4/2018 17:22:17] /goto Pecado Da Gananciaban
[29/4/2018 17:22:48] /t
[29/4/2018 17:22:48] /up
[29/4/2018 17:22:50] /m treiner
[29/4/2018 17:24:3] /rreload spells
[29/4/2018 17:24:9] /goto pecado ~
[29/4/2018 17:24:59] /t
[29/4/2018 17:31:19] /rreload actions
[29/4/2018 17:31:27] /rreload monsters
[29/4/2018 17:38:17] /goto Lidrews Kakuzo
[29/4/2018 17:38:40] /t
[29/4/2018 17:44:41] /goto Speed Killer
[29/4/2018 17:47:14] /rreload movemments
[29/4/2018 17:47:17] /rreload spells
[29/4/2018 17:48:14] /clean
[29/4/2018 17:51:0] /goto dunga
[29/4/2018 17:51:7] /ii 1428
[29/4/2018 17:51:11] /a 5
[29/4/2018 17:51:39] /t
[29/4/2018 18:46:49] /rreload npc
[29/4/2018 18:49:19] /goto cronos
[29/4/2018 18:49:25] /goto cronos
[29/4/2018 18:49:30] /goto cronos
[29/4/2018 18:50:9] /goto Hazzard
[29/4/2018 18:50:12] /goto Hazzard
[29/4/2018 18:50:27] /goto Hazzard
[29/4/2018 18:50:30] /goto Hazzard
[29/4/2018 18:50:41] /t
[29/4/2018 18:59:43] /rreload npc
[29/4/2018 18:59:56] /aaddskill Hardnianus,level,100
[29/4/2018 19:0:3] /t
[29/4/2018 19:1:28] /goto Dunga
[29/4/2018 19:2:59] /aaddskill Dunga,level,200
[29/4/2018 19:3:0] /aaddskill Dunga,level,200
[29/4/2018 19:3:0] /aaddskill Dunga,level,200
[29/4/2018 19:3:2] /info dunga
[29/4/2018 19:3:6] /aaddskill Dunga,level,200
[29/4/2018 19:3:6] /aaddskill Dunga,level,200
[29/4/2018 19:3:7] /t
[29/4/2018 19:20:42] /a 5
[29/4/2018 19:24:17] /goto cronos
[29/4/2018 19:25:12] /t
[29/4/2018 19:27:23] /goto lil pump
[29/4/2018 19:27:46] /bc blue Os Bosses, os Summons, ainda serão balanceados para os novos danos, todos serão nerfados ainda hoje !
[29/4/2018 19:27:47] /t
[29/4/2018 19:27:52] /bc blue Os Bosses, os Summons, ainda serão balanceados para os novos danos, todos serão nerfados ainda hoje !
[29/4/2018 20:2:28] /aaddskill Hardnianus,level,500
[29/4/2018 20:3:17] /rreload npc
[29/4/2018 20:3:20] /t
[29/4/2018 21:12:10] /goto jonkun
[29/4/2018 21:12:58] /goto Hardnianus
[29/4/2018 21:13:5] /goto jonkun
[29/4/2018 21:14:30] /a
[29/4/2018 21:14:31] /a
[29/4/2018 21:14:31] /a
[29/4/2018 21:14:32] /a
[29/4/2018 21:14:32] /a
[29/4/2018 21:16:36] /goto jonkun
[29/4/2018 21:16:50] /goto jonkun
[29/4/2018 21:18:31] /goto jonkun
[29/4/2018 21:18:33] /goto jonkun
[29/4/2018 21:18:51] /goto jonkun
[29/4/2018 21:19:4] /goto jonkun
[29/4/2018 21:19:13] /goto jonkun
[29/4/2018 21:19:25] /goto jonkun
[29/4/2018 21:19:40] /goto jonkun
[29/4/2018 21:19:59] /goto jonkun
[29/4/2018 21:20:8] /goto jonkun
[29/4/2018 21:20:15] /goto jonkun
[29/4/2018 21:20:16] /goto jonkun
[29/4/2018 21:20:36] /goto jonkun
[29/4/2018 21:20:48] /goto jonkun
[29/4/2018 21:20:56] /goto jonkun
[29/4/2018 21:21:5] /info jonkun
[29/4/2018 21:21:24] /goto jonkun
[29/4/2018 21:21:42] /goto jonkun
[29/4/2018 21:21:45] /goto jonkun
[29/4/2018 21:21:46] /goto jonkun
[29/4/2018 21:21:48] /goto jonkun
[29/4/2018 21:22:16] /c cronos
[29/4/2018 21:22:23] /info cronos
[29/4/2018 21:22:29] /m baby kyuubi
[29/4/2018 21:23:31] /ghost
[29/4/2018 21:29:10] /ghost
[29/4/2018 21:29:19] /t cronos
[29/4/2018 21:31:7] /goto experience="1.5"/>
[29/4/2018 21:31:15] /t
[29/4/2018 21:37:51] /a
[29/4/2018 21:38:51] /mc dunga
[29/4/2018 21:41:32] /goto kabuto
[29/4/2018 21:41:41] /goto kabuto secret
[29/4/2018 21:41:46] /c dunga
[29/4/2018 21:42:9] /ghost
[29/4/2018 21:42:13] /c passatempo
[29/4/2018 21:42:16] /r
[29/4/2018 21:42:20] /r
[29/4/2018 21:42:22] /r
[29/4/2018 21:43:25] /goto salamander
[29/4/2018 21:43:26] /c passatempo
[29/4/2018 21:44:1] /c dunga
[29/4/2018 21:44:41] /goto boruto
[29/4/2018 21:44:44] /goto boruto secret
[29/4/2018 21:44:56] /c passatempo
[29/4/2018 21:45:6] /c dunga
[29/4/2018 21:45:27] /goto lee secret
[29/4/2018 21:45:33] /c passatempo
[29/4/2018 21:47:6] /ii backpack
[29/4/2018 21:47:12] /ii strong health potion
[29/4/2018 21:47:17] /ii strong health potion
[29/4/2018 21:47:18] /ii strong health potion
[29/4/2018 21:47:18] /ii strong health potion
[29/4/2018 21:47:18] /ii strong health potion
[29/4/2018 21:47:19] /ii strong health potion
[29/4/2018 21:47:20] /ii strong health potion
[29/4/2018 21:47:20] /ii strong health potion
[29/4/2018 21:47:20] /ii strong health potion
[29/4/2018 21:47:21] /ii strong health potion
[29/4/2018 21:47:21] /ii strong health potion
[29/4/2018 21:47:22] /ii strong health potion
[29/4/2018 21:47:22] /ii strong health potion
[29/4/2018 21:47:22] /ii strong health potion
[29/4/2018 21:47:24] /ii strong health potion
[29/4/2018 21:47:25] /ii strong health potion
[29/4/2018 21:47:25] /ii strong health potion
[29/4/2018 21:47:40] /ii strong health potion
[29/4/2018 21:47:40] /ii strong health potion
[29/4/2018 21:47:41] /ii strong health potion
[29/4/2018 21:47:41] /ii strong health potion
[29/4/2018 21:48:1] /info passatempo
[29/4/2018 21:48:55] /r
[29/4/2018 21:48:56] /ii backpack
[29/4/2018 21:48:59] /ii health potion
[29/4/2018 21:49:5] /ii health potion
[29/4/2018 21:49:6] /ii health potion
[29/4/2018 21:49:6] /ii health potion
[29/4/2018 21:49:7] /ii health potion
[29/4/2018 21:49:8] /ii health potion
[29/4/2018 21:49:19] /ii health potion
[29/4/2018 21:49:19] /ii health potion
[29/4/2018 21:49:24] /ii health potion
[29/4/2018 21:49:25] /ii health potion
[29/4/2018 21:49:30] /ii health potion
[29/4/2018 21:49:30] /ii health potion
[29/4/2018 21:49:31] /ii health potion
[29/4/2018 21:49:32] /ii health potion
[29/4/2018 21:49:35] /ii vocation minato
[29/4/2018 21:51:33] /t
[29/4/2018 21:51:36] /ghost
[29/4/2018 21:53:32] /ii bag
[29/4/2018 21:55:33] /info kraus
[29/4/2018 21:58:30] /rreload npc
[29/4/2018 21:59:11] /goto jonkun
[29/4/2018 21:59:31] /rreload talkactions
[29/4/2018 22:0:27] /rreload talkactions
[29/4/2018 22:2:7] /a 5
[29/4/2018 22:2:11] /goto jonkun
[29/4/2018 22:2:19] /goto chasercl
[29/4/2018 22:2:21] /ghost
[29/4/2018 22:2:47] /newtype 1336
[29/4/2018 22:2:56] /goto chasercl
[29/4/2018 22:3:3] /c Chasercl
[29/4/2018 22:3:3] /c Chasercl
[29/4/2018 22:3:5] /c Chasercl
[29/4/2018 22:3:6] /c Chasercl
[29/4/2018 22:3:7] /c Chasercl
[29/4/2018 22:3:8] /c Chasercl
[29/4/2018 22:3:9] /c Chasercl
[29/4/2018 22:3:11] /c Chasercl
[29/4/2018 22:3:13] /c Chasercl
[29/4/2018 22:3:15] /c Chasercl
[29/4/2018 22:3:16] /c Chasercl
[29/4/2018 22:3:22] /c Chasercl
[29/4/2018 22:4:8] /ghost
[29/4/2018 22:4:29] /goto dark wolf
[29/4/2018 22:4:46] /t
[29/4/2018 23:13:45] /goto desconhecido
[29/4/2018 23:15:32] /t
[30/4/2018 3:57:46] /t
[30/4/2018 3:57:46] /up
[30/4/2018 9:0:32] /goto jonkun
[30/4/2018 9:0:37] /goto jorge dez
[30/4/2018 9:0:53] /goto passatempo
[30/4/2018 9:0:56] /goto passatempo
[30/4/2018 9:1:41] /t
[30/4/2018 21:21:24] /goto dark seer
[30/4/2018 21:21:29] /a
[1/5/2018 15:40:20] /goto Speed Killer
[1/5/2018 15:40:28] /goto dunga
[1/5/2018 15:41:21] /r
[1/5/2018 15:41:28] /t
[1/5/2018 16:47:0] /goto meliodas
[1/5/2018 16:47:18] /r
[2/5/2018 0:10:23] /t
[2/5/2018 0:27:46] /c dunga
[2/5/2018 0:27:48] /c speed killer
[2/5/2018 0:27:49] /ghost
[2/5/2018 0:27:56] /down
[2/5/2018 0:28:0] /a 200
[2/5/2018 0:28:3] /a 100
[2/5/2018 0:28:8] /c dunga
[2/5/2018 0:43:30] /info dunga
[2/5/2018 0:43:55] /goto Speed Killer
[2/5/2018 0:44:1] /mc asuka langley
[2/5/2018 0:44:8] /goto dunga
[2/5/2018 0:46:3] /info speed killer
[2/5/2018 0:46:26] /info dunga
[2/5/2018 0:52:1] /kick speed killer
[2/5/2018 0:53:49] /r
[2/5/2018 0:54:19] /r
