[14/6/2017 2:39:25] /down
[14/6/2017 2:39:30] /ghost
[14/6/2017 2:39:34] /ii backpack
[14/6/2017 2:39:51] /goto madara boss
[14/6/2017 2:39:54] /goto madara
[14/6/2017 2:40:3] /a 50
[14/6/2017 2:40:4] /a 50
[14/6/2017 2:40:6] /a 30
[14/6/2017 2:40:8] /a 30
[14/6/2017 2:40:9] /up
[14/6/2017 2:40:11] /a 5
[14/6/2017 2:40:11] /a 5
[14/6/2017 2:40:12] /a 5
[14/6/2017 2:40:13] /a 5
[14/6/2017 2:40:14] /a 5
[14/6/2017 2:40:16] /up
[14/6/2017 2:40:34] /goto madara [quest]
[14/6/2017 2:40:53] /goto rikkudo [quest]
[14/6/2017 2:41:25] /ii senju armor
[14/6/2017 2:41:27] /ii senju legs
[14/6/2017 2:41:35] /ii senju protector
[14/6/2017 2:41:39] /ii senju boots
[14/6/2017 2:41:48] /ii uchiha coat
[14/6/2017 2:41:50] /ii uchiha legs
[14/6/2017 2:41:52] /ii uchiha chakra
[14/6/2017 2:41:55] /ii uchiha bandana
[14/6/2017 2:41:57] /ii uchiha boots
[14/6/2017 2:52:57] /a
[14/6/2017 2:55:10] /ii 2376
[14/6/2017 2:55:19] /ii cetre rikkudo
[14/6/2017 2:58:50] /ii moeda vip
[14/6/2017 3:5:32] /ii 7463
[14/6/2017 3:7:9] /ii 2161
[14/6/2017 3:7:18] /ii 123
[14/6/2017 3:8:24] /ii 11476
[14/6/2017 4:0:52] /ghost
[28/6/2017 19:44:9] /goto [ADM] IndraMazuk
[28/6/2017 19:44:27] /a
[28/6/2017 19:44:30] /ghost
[28/6/2017 19:46:4] /ii 2220
[28/6/2017 19:46:48] /c Zecaorobo
[28/6/2017 19:46:56] /r
[28/6/2017 20:1:59] /down
[28/6/2017 20:2:14] /goto [ADM] IndraMazuk
[28/6/2017 20:7:54] /up
[28/6/2017 20:7:57] /m treiner
[28/6/2017 20:8:25] /goto Pika Das Galaxia
[28/6/2017 20:8:27] /goto Pika Das Galaxia
[28/6/2017 20:8:29] /goto Pika Das Galaxia
[28/6/2017 20:8:30] /goto Pika Das Galaxia
[28/6/2017 20:8:33] /goto Pika Das Galaxia
[28/6/2017 20:8:35] /goto Pika Das Galaxia
[28/6/2017 20:8:36] /goto Pika Das Galaxia
[28/6/2017 20:8:38] /goto Pika Das Galaxia
[28/6/2017 20:9:41] /aattr vocation 42
[28/6/2017 20:9:47] /aattr vocation 39
[28/6/2017 20:9:50] /aattr vocation 40
[28/6/2017 20:9:52] /aattr vocation 41
[28/6/2017 20:13:44] /up
[28/6/2017 20:19:22] /rreload spells
[28/6/2017 20:20:32] /rreload spells
[28/6/2017 20:23:15] /rreload spells
[28/6/2017 20:23:47] /rreload spells
[28/6/2017 20:24:23] /rreload spells
[28/6/2017 20:24:32] /rreload spells
[28/6/2017 20:25:53] /rreload spells
[28/6/2017 20:30:17] /r
[3/7/2017 13:49:38] /down
[3/7/2017 13:49:41] /r
[4/7/2017 14:24:12] /ii 2457
