[7/6/2017 16:2:1] /b Boa-Tarde
[7/6/2017 16:2:36] /b Duvidas Help !
[7/6/2017 21:6:20] /b Boa-Noite Pessoal Amanha To De Volta !
[8/6/2017 8:35:57] /b Bom-Dia
[8/6/2017 20:6:45] /b Boa-Noite
[9/6/2017 6:16:57] /b bom dia
[9/6/2017 11:52:22] /b voltei pessoal
[9/6/2017 15:25:41] /b Flw, ae pessoal anoite to de volta
[9/6/2017 15:25:42] /b Flw, ae pessoal anoite to de volta
[9/6/2017 16:24:20] /b DUFF TA ON?
[9/6/2017 16:24:21] /b DUFF TA ON?
[9/6/2017 16:24:25] /b DUFF TA ON?
[9/6/2017 16:24:29] /b DUFF TA ON?
[9/6/2017 16:26:2] /b DUFF TA AE
[9/6/2017 18:8:27] /b Boa-Noite
[9/6/2017 18:8:29] /b Boa-Noite
[9/6/2017 18:8:31] /b Boa-Noite
[9/6/2017 21:32:36] /b boa-noite
[9/6/2017 21:32:41] /b boa-noite
[9/6/2017 23:14:18] /b Flw, Deu Minha Hora Amanhã To De Volta 
[9/6/2017 23:14:19] /b Flw, Deu Minha Hora Amanhã To De Volta 
[10/6/2017 8:59:21] /b bom dia pessoal
[10/6/2017 8:59:23] /b bom dia pessoal
[10/6/2017 10:33:40] /b pessoal vo ter q sair por alguns minutos daqui a pouco to de volta
[10/6/2017 10:33:41] /b pessoal vo ter q sair por alguns minutos daqui a pouco to de volta
[10/6/2017 10:33:43] /b pessoal vo ter q sair por alguns minutos daqui a pouco to de volta
[10/6/2017 13:22:5] /b Boa-Tarde
[10/6/2017 13:22:6] /b Boa-Tarde
[10/6/2017 13:59:48] /b Volto jaja pra responde duvidas afk.
[10/6/2017 13:59:49] /b Volto jaja pra responde duvidas afk.
