[28/5/2016 15:52:30] /goto echo
[28/5/2016 15:57:4] /a 2
[28/5/2016 15:57:7] /a 2
[28/5/2016 15:58:5] /a 1
[28/5/2016 16:24:23] /newtype 1123
[28/5/2016 17:46:50] /goto ashura
[28/5/2016 17:46:53] /newtype 1123
[28/5/2016 17:46:59] /goto holda hee
[28/5/2016 17:48:11] /goto Holda Hee
[28/5/2016 17:48:13] /goto Holda Hee
[28/5/2016 17:48:18] /goto Holda Hee
[28/5/2016 17:50:24] /goto Holda Hee
[28/5/2016 17:50:27] /goto Holda Hee
[28/5/2016 17:50:29] /goto Holda Hee
[28/5/2016 17:50:30] /goto Holda Hee
[28/5/2016 17:50:31] /goto Holda Hee
[28/5/2016 17:50:33] /goto Holda Hee
[28/5/2016 17:50:37] /a 2
[28/5/2016 17:50:39] /a 1
[28/5/2016 17:50:42] /a 1
[28/5/2016 20:21:31] /goto echo
[28/5/2016 20:22:44] /goto zetsu three
[28/5/2016 20:22:49] /goto zetsu one
[28/5/2016 20:22:53] /goto zetsu two
[28/5/2016 20:22:55] /a 100
[28/5/2016 20:22:57] /a 100
[28/5/2016 20:22:58] /a 100
[28/5/2016 20:23:18] /goto minora
[28/5/2016 20:23:37] /a 5
[28/5/2016 20:24:34] /t
[28/5/2016 20:24:44] /a 2
[3/6/2016 13:3:19] /goto holda hee
[3/6/2016 13:5:9] /goto Holda Hee
[3/6/2016 13:6:13] /a 2
[3/6/2016 13:7:5] /a 5
[3/6/2016 13:7:14] /a 2
[3/6/2016 13:10:7] /a 3
[3/6/2016 13:18:54] /newtype 1123
[3/6/2016 13:40:33] /a 2
[3/6/2016 13:40:38] /newtype 1123
[3/6/2016 13:53:5] /goto teste
[3/6/2016 13:53:18] /goto trainer
[3/6/2016 13:53:21] /a 2
[3/6/2016 14:0:9] /goto teste
[3/6/2016 14:0:13] /goto minora
[3/6/2016 14:0:15] /goto minora
[3/6/2016 14:0:22] /a 5
[3/6/2016 14:12:21] /goto golda hee
[3/6/2016 14:12:49] /t
[3/6/2016 17:19:28] /goto holda hee
[3/6/2016 17:19:37] /newtype 1123
[3/6/2016 17:22:40] /goto holda hee
[3/6/2016 17:23:23] /goto holda hee
[3/6/2016 18:15:51] /t
[3/6/2016 18:20:31] /goto ashura
[3/6/2016 18:20:34] /ghost
[3/6/2016 18:20:36] /ghost
[3/6/2016 18:20:52] /goto holda lee
[3/6/2016 18:20:55] /goto holda hee
[3/6/2016 18:22:37] /a 10
[3/6/2016 18:22:38] /a 10
[3/6/2016 18:22:39] /a 10
[3/6/2016 18:22:40] /a 10
[3/6/2016 18:22:42] /a 5
[3/6/2016 18:22:46] /a 50
[3/6/2016 18:22:47] /a 50
[3/6/2016 18:22:50] /a 10
[3/6/2016 18:27:23] /goto holda hee
[3/6/2016 18:48:7] /goto trainer
[4/6/2016 12:45:28] /goto ashura
[4/6/2016 12:45:36] /newtype 1123
