[11/3/2018 15:34:50] /sshutdown
[11/3/2018 15:38:28] /a 50
[11/3/2018 15:38:36] /a 2
[11/3/2018 15:38:38] /a 2
[11/3/2018 15:39:32] /ii 9084
[11/3/2018 15:39:46] /ii 9085
[11/3/2018 15:40:3] /ii 9089
[11/3/2018 15:40:15] /ii 9088
[11/3/2018 15:40:29] /ii 9090
[11/3/2018 15:41:57] /ii 9192
[11/3/2018 15:41:58] /ii 9199
[11/3/2018 15:42:59] /ss eletro guard
[11/3/2018 15:43:3] /m eletro guard
[11/3/2018 17:55:39] /aaddskill Tandera,level,599
[11/3/2018 18:13:1] /ghost
[11/3/2018 20:19:26] /bc blue As atualizações no Mapa ainda não entraram em vigor, a vocação nova ainda não foi disponibilizado, estamos trabalhando e agilizando para que seja disponiblizado HOJE ! Aguardem novidades.
[11/3/2018 22:33:56] /rreload npc
[11/3/2018 22:34:17] /ii doc vila da chuva
[11/3/2018 22:34:17] /ii doc vila da chuva
[11/3/2018 22:34:18] /ii doc vila da chuva
[11/3/2018 22:34:18] /ii doc vila da chuva
[11/3/2018 22:34:19] /ii doc vila da chuva
[11/3/2018 22:34:19] /ii doc vila da chuva
[11/3/2018 22:34:19] /ii doc vila da chuva
[11/3/2018 22:35:22] /rreload npc
[11/3/2018 22:36:22] /rreload npc
[11/3/2018 22:39:42] /m kyuubi
[11/3/2018 22:41:59] /rreload monsters
[11/3/2018 22:54:4] /rreload spells
[11/3/2018 22:56:55] /info docinho
[11/3/2018 23:9:37] /goto zerok
[11/3/2018 23:10:41] /rreload spells
[11/3/2018 23:10:43] /goto zerok
[11/3/2018 23:17:32] /bc action "Banishment + Final Warning" against: neotrox deixa red (Warnings: 4), with reason: "Offensive Statement", and comment: "WT- Anuncio de Outro Servidor".
[12/3/2018 0:0:21] /rreload spells
[12/3/2018 0:19:8] /rreload spells
[12/3/2018 0:19:15] /rreload spells
[12/3/2018 0:22:13] /rreload spells
[12/3/2018 0:24:36] /rreload spells
[12/3/2018 0:25:23] /rreload spells
[12/3/2018 0:25:48] /rreload spells
[12/3/2018 0:30:4] /rreload spells
[12/3/2018 0:30:37] /rreload spells
[12/3/2018 0:37:58] /rreload spells
[12/3/2018 0:38:11] /rreload spells
[12/3/2018 0:39:20] /rreload spells
[12/3/2018 0:39:22] /rreload spells
[12/3/2018 0:39:47] /rreload spells
[12/3/2018 0:41:2] /rreload spells
[12/3/2018 0:41:25] /rreload spells
[12/3/2018 0:42:23] /rreload spells
[12/3/2018 0:44:52] /rreload spells
[12/3/2018 0:45:24] /rreload spells
[12/3/2018 0:57:13] /info well taco kamui
[12/3/2018 0:57:18] /info Shankss
[12/3/2018 1:1:27] /rreload spells
[12/3/2018 1:2:5] /rreload seplls
[12/3/2018 1:2:10] /rreload seplls
[12/3/2018 1:2:14] /rreload spells
[12/3/2018 1:2:33] /rreload spells
[12/3/2018 1:3:13] /rreload spells
[12/3/2018 1:14:31] /rreload spells
[12/3/2018 1:21:18] /rreload spells
[12/3/2018 1:21:36] /rreload spells
[12/3/2018 1:27:35] /rreload spells
[12/3/2018 1:28:12] /rreload spells
[12/3/2018 1:28:57] /rreload spells
[12/3/2018 1:29:31] /rreload spells
[12/3/2018 1:29:47] /rreload spells
[12/3/2018 1:29:48] /rreload spells
[12/3/2018 1:30:32] /rreload spells
[12/3/2018 1:31:2] /rreload spells
[12/3/2018 1:35:40] /rreload spells
[12/3/2018 1:36:42] /rreload spells
[12/3/2018 1:37:9] /rreload spells
[12/3/2018 1:37:31] /rreload spells
[12/3/2018 1:38:2] /rreload spells
[12/3/2018 1:38:22] /rreload spells
[12/3/2018 1:38:42] /rreload spells
[12/3/2018 1:39:2] /rreload spells
[12/3/2018 1:39:40] /rreload spells
[12/3/2018 1:39:43] /rreload spells
[12/3/2018 1:39:43] /rreload spells
[12/3/2018 1:40:50] /rreload spells
[12/3/2018 1:41:7] /rreload spells
[12/3/2018 1:48:46] /ss juubi recanto
[12/3/2018 1:49:28] /rreload monsters
[12/3/2018 1:54:12] /rreload spells
[12/3/2018 1:54:17] /rreload monsters
[12/3/2018 1:54:20] /ss juubi recanto
[12/3/2018 1:55:9] /rreload spells
[12/3/2018 1:55:39] /ss kyuubi recanto
[12/3/2018 1:59:4] /rreload monsters
[12/3/2018 1:59:54] /rreload spells
[12/3/2018 1:59:55] /rreload monsters
[12/3/2018 1:59:58] /ss kyuubi recanto
[12/3/2018 2:1:3] /ss juubi recanto
[12/3/2018 2:2:40] /rreload vocations
[12/3/2018 2:8:5] /ss juubi recanto
[12/3/2018 2:8:18] /ss kyuubi recanto
[12/3/2018 2:9:10] /rreload spells
[12/3/2018 2:9:29] /rreload spells
[12/3/2018 2:9:32] /ss kyuubi recanto
[12/3/2018 2:10:17] /rreload spells
[12/3/2018 2:10:46] /goto Naruto da Akatsuki
[12/3/2018 2:10:59] /a 5
[12/3/2018 2:11:0] /up
[12/3/2018 2:11:1] /up
[12/3/2018 2:11:43] /rreload actions
[12/3/2018 2:12:14] /t
[12/3/2018 2:12:15] /up
[12/3/2018 2:12:20] /ss hachibi recanto
[12/3/2018 2:21:37] /nn Bee da Akatsuki
[12/3/2018 2:26:31] /t
[12/3/2018 2:26:31] /up
[12/3/2018 2:26:32] /ii 9637
[12/3/2018 2:26:35] /ii 9638
[12/3/2018 2:26:36] /ii 9639
[12/3/2018 2:26:43] /ii 9639/
[12/3/2018 2:26:44] /r
[12/3/2018 2:26:44] /r
[12/3/2018 2:26:46] /r
[12/3/2018 2:38:20] /save
[12/3/2018 2:38:54] /save
[12/3/2018 2:39:38] /sshutdown
[12/3/2018 2:42:42] /rreload npc
[12/3/2018 2:52:38] /t
[12/3/2018 2:53:14] /unban taca le pau
[12/3/2018 2:58:45] /t
[12/3/2018 2:58:46] /up
[12/3/2018 2:59:1] /ii 11195
[12/3/2018 18:13:59] /goto shukaku
[12/3/2018 18:14:2] /t
[12/3/2018 18:14:3] /down
[12/3/2018 18:14:4] /down
[12/3/2018 18:14:5] /up
[12/3/2018 18:14:38] /ii 2160
[12/3/2018 18:16:51] /t
[12/3/2018 18:20:1] /rreload npc
[12/3/2018 18:20:43] /rreload npc
[12/3/2018 18:20:58] /rreload npc
[15/3/2018 2:43:36] /ghost
[15/3/2018 2:43:38] /ghost
[15/3/2018 2:43:39] /goto The Last Knigh
[15/3/2018 2:46:22] /m shisui boss
[15/3/2018 12:44:56] /m shisui boss
[15/3/2018 12:44:58] /m shisui boss
[15/3/2018 12:44:59] /m shisui boss
[15/3/2018 22:11:3] /t
[16/3/2018 0:27:49] /goto berlos
[16/3/2018 0:28:24] /aattr vocation 1000214
[16/3/2018 0:28:46] /newtype 1288,berlos
[16/3/2018 2:43:4] /rreload monsters
[16/3/2018 2:43:6] /m itachi genjutsu
[16/3/2018 2:43:11] /ss itahci genjutsu
[16/3/2018 2:46:12] /c [adm] apollo
[16/3/2018 2:49:51] /aattr vocation 29
[16/3/2018 2:51:48] /ii senju armor
[16/3/2018 2:51:57] /ii senju legs
[16/3/2018 3:1:29] /rreload spells
[16/3/2018 3:2:34] /rreload spells
[16/3/2018 3:3:14] /rreload spells
[16/3/2018 3:3:35] /rreload spells
[16/3/2018 3:4:3] /aattr vocation 38
[16/3/2018 3:17:13] /rreload spells
[16/3/2018 3:17:49] /rreload spells
[16/3/2018 3:19:53] /rreload spells
[16/3/2018 3:20:37] /rreload spells
[16/3/2018 3:21:37] /aattr vocation 8
[16/3/2018 3:24:47] /rreload spells
[16/3/2018 3:25:52] /rreload spells
[16/3/2018 3:29:33] /aattr vocation 24
[16/3/2018 3:29:43] /m haku boss
[16/3/2018 3:29:51] /rreload spells
[16/3/2018 3:35:13] /rreload spells
[16/3/2018 3:38:37] /rreload creaturescripts
[16/3/2018 3:38:39] /rreload spells
[16/3/2018 3:39:45] /rreload spells
[16/3/2018 3:41:39] /rreload spells
[16/3/2018 3:45:55] /c jesus cristo
[16/3/2018 3:45:59] /aattr group 6
[16/3/2018 3:52:12] /rreload spells
[16/3/2018 3:52:40] /rreload spells
[16/3/2018 3:52:52] /rreload spells
[16/3/2018 3:53:1] /rreload spells
[16/3/2018 3:53:35] /rreload spells
[16/3/2018 3:53:57] /rreload spells
[16/3/2018 3:54:12] /rreload spells
[16/3/2018 3:54:27] /rreload spells
[16/3/2018 3:54:42] /rreload spells
[16/3/2018 3:55:27] /rreload spells
[16/3/2018 3:56:6] /rreload spells
[16/3/2018 3:58:18] /rreload spells
[16/3/2018 4:2:4] /rreload spells
[16/3/2018 4:9:59] /rreload spells
[16/3/2018 4:10:37] /rreload spells
[16/3/2018 4:11:41] /rreload spells
[16/3/2018 4:13:19] /rreload spells
[16/3/2018 4:14:9] /rreload spells
[16/3/2018 4:18:4] /rreload monsters
[16/3/2018 4:27:43] /rreload spells
[16/3/2018 4:27:55] /rreload spells
[16/3/2018 4:28:7] /rreload spells
[16/3/2018 4:28:20] /rreload spells
[16/3/2018 4:29:45] /rreload spells
[16/3/2018 4:41:21] /nn Comprador do Tropico
[16/3/2018 4:41:28] /nn Comprador Infernal
[16/3/2018 4:41:30] /rreload npc
[16/3/2018 4:41:31] /nn Comprador Infernal
[16/3/2018 4:41:32] /nn Comprador Infernal
[16/3/2018 4:42:15] /rreload npc
[16/3/2018 4:42:17] /nn Comprador Infernal
[16/3/2018 4:42:19] /r
[16/3/2018 4:51:47] /bc green Vamos reiniciar para salvar
[16/3/2018 5:7:26] /rreload creaturescripts
[16/3/2018 10:28:23] /goto xu Tranca Rua
[16/3/2018 10:28:25] /goto exu Tranca Rua
[16/3/2018 10:28:28] /t
[16/3/2018 10:33:5] /goto manipulador
[16/3/2018 10:33:23] /goto manipulador
[16/3/2018 10:33:25] /goto manipulador
[16/3/2018 10:33:27] /goto manipulador
[16/3/2018 10:33:44] /t
[16/3/2018 10:49:14] /info Pastel De Cimento
[16/3/2018 10:49:22] /goto Pastel De Cimento
[16/3/2018 10:49:25] /t
[16/3/2018 10:53:43] /goto pastel de cimento
[16/3/2018 10:53:49] /t
[16/3/2018 10:55:36] /rreload spells
[16/3/2018 10:56:31] /up
[16/3/2018 10:56:32] /t
[16/3/2018 10:56:35] /up
[16/3/2018 10:57:33] /m treiner
[16/3/2018 10:58:10] /goto Weidner
[16/3/2018 10:58:44] /rreload spells
[16/3/2018 10:58:44] /t
[16/3/2018 10:58:45] /up
[16/3/2018 10:59:19] /bc blue Madara foi corrigido, agora não apresenta erros no cooldown do combo.
[16/3/2018 10:59:28] /bc blue Neji foi corrigido, agora não apresenta erros no cooldown do combo.
[16/3/2018 10:59:29] /bc blue Madara foi corrigido, agora não apresenta erros no cooldown do combo.
[16/3/2018 10:59:30] /bc blue Neji foi corrigido, agora não apresenta erros no cooldown do combo.
[16/3/2018 11:4:35] /mc Onihikon Chusaibai
[16/3/2018 11:5:9] /rreload spells
[16/3/2018 11:5:20] /bc blue Orochimaru corrigido tempo cooldown em seu combo.
[16/3/2018 11:8:40] /rreload spells
[16/3/2018 11:8:41] /t
[16/3/2018 11:8:41] /up
[16/3/2018 11:9:54] /rreload spells
[16/3/2018 11:10:15] /bc blue Sai jutsu 150 arrumado.
[16/3/2018 11:10:16] /t
[16/3/2018 11:14:47] /rreload spells
[16/3/2018 12:33:57] /c shisuii do grau
[16/3/2018 12:33:58] /c shisuii do grau
[16/3/2018 12:33:59] /c shisuii do grau
[16/3/2018 12:34:0] /c shisuii do grau
[16/3/2018 12:34:1] /c shisuii do grau
[16/3/2018 12:34:2] /c shisuii do grau
[16/3/2018 12:34:2] /up
[16/3/2018 12:34:5] /c shisuii do grau
[17/3/2018 2:20:33] /goto berlos
[17/3/2018 2:26:26] /t
[17/3/2018 2:28:35] /mc
[19/3/2018 0:8:23] /t
[19/3/2018 0:8:23] /up
[19/3/2018 0:8:26] /m treiner
[26/3/2018 11:53:56] /ii hoshigaki ring
[26/3/2018 12:31:22] /goto joao
[27/3/2018 1:19:39] /t
[27/3/2018 1:19:40] /up
[27/3/2018 1:23:45] /aattr vocation 44
[27/3/2018 1:34:23] /m treiner
[27/3/2018 1:56:7] /rreload spells
[27/3/2018 1:57:36] /rreload spells
[27/3/2018 2:56:36] /ii 2222
[27/3/2018 3:20:4] /rreload spells
[27/3/2018 3:20:30] /rreload talkactions
[27/3/2018 3:20:42] /aattr vocation 44
[9/4/2018 0:47:13] /up
[9/4/2018 0:47:19] /a
[9/4/2018 0:47:20] /a
[9/4/2018 0:47:22] /a 5
[9/4/2018 1:3:22] /ghost
