[14/3/2017 18:25:8] /b DUVIDAS HELP
[14/3/2017 20:5:2] /b Iae Qual Quer Duvida To Ae "-"
[15/3/2017 20:53:59] /b Boa Tarde,
[15/3/2017 20:54:29] /b DUVIDAS HELP
[15/3/2017 22:1:40] /b ABRIU GGN, NÃO SEI SE É TEST OU OFICIAL MAS VMS LA !
[15/3/2017 22:1:41] /b ABRIU GGN, NÃO SEI SE É TEST OU OFICIAL MAS VMS LA !
[16/3/2017 2:2:52] /b HELP So Pra Duvidas !!!
[16/3/2017 2:2:53] /b HELP So Pra Duvidas !!!
[16/3/2017 2:3:1] /b HELP So Pra Duvidas !!!
[16/3/2017 13:58:30] /b BOM DIA
[17/3/2017 12:49:17] /b BOM DIA !!
[17/3/2017 23:48:25] /b Para Participar Do Evento Valendo Vocação VIP Acesse a Pagina Do Nto X Game 
[17/3/2017 23:48:28] /b Para Participar Do Evento Valendo Vocação VIP Acesse a Pagina Do Nto X Game 
[19/3/2017 23:57:49] /b Lembrando que tem o sistema !autoloot para pegar o loot de voces, assiste o video no site Como Ficar rico, irá ajudar a voces comprar varias moedas !
[19/3/2017 23:57:53] /b Lembrando que tem o sistema !autoloot para pegar o loot de voces, assiste o video no site Como Ficar rico, irá ajudar a voces comprar varias moedas !
[20/3/2017 0:42:48] /b kkk, e Duff é alma
[20/3/2017 0:42:51] /b kkk, e Duff é alma
[21/3/2017 22:23:51] /b EVENTO EMPERIUM  ( Go Go Upar ? ) Venha saida konoha \/ !  As 16:25 Começará o evento !
[21/3/2017 22:23:53] /b EVENTO EMPERIUM  ( Go Go Upar ? ) Venha saida konoha \/ !  As 16:25 Começará o evento !
[21/3/2017 22:23:56] /b EVENTO EMPERIUM  ( Go Go Upar ? ) Venha saida konoha \/ !  As 16:25 Começará o evento !
[21/3/2017 22:24:4] /b EVENTO EMPERIUM  ( Go Go Upar ? ) Venha saida konoha \/ !  As 16:25 Começará o evento !
[21/3/2017 22:25:16] /b EVENTO EMPERIUM  ( Go Go Upar ? ) Venha saida konoha \/ !  As 16:25 Começará o evento !
[21/3/2017 22:25:21] /b EVENTO EMPERIUM  ( Go Go Upar ? ) Venha saida konoha \/ !  As 16:25 Começará o evento !
[22/3/2017 15:25:55] /b Bom Dia.
[22/3/2017 15:41:1] /b GALERA TA DOUBLE PTS, APROVEITE JUNTE SUAS MOEDAS, E VENHA APROVEITA O DOUBLE !
[22/3/2017 15:41:27] /b GALERA TA DOUBLE PTS, APROVEITE JUNTE SUAS MOEDAS, E VENHA APROVEITA O DOUBLE !
[22/3/2017 15:41:28] /b GALERA TA DOUBLE PTS, APROVEITE JUNTE SUAS MOEDAS, E VENHA APROVEITA O DOUBLE !
[23/3/2017 19:5:49] /b DUVIDAS HELP,
[23/3/2017 19:5:51] /b DUVIDAS HELP,
[24/3/2017 0:18:39] /b DUVIDAS HELP
[24/3/2017 0:18:41] /b DUVIDAS HELP
[25/3/2017 2:18:22] /b Pessoal calma ae vo responde so q to levando debug no client 0.4 e o client 0.5 nao quer abrir calma ae
[25/3/2017 2:18:24] /b Pessoal calma ae vo responde so q to levando debug no client 0.4 e o client 0.5 nao quer abrir calma ae
[25/3/2017 2:18:25] /b Pessoal calma ae vo responde so q to levando debug no client 0.4 e o client 0.5 nao quer abrir calma ae
[25/3/2017 22:6:25] /b DUVIDAS HELP
[25/3/2017 22:6:26] /b DUVIDAS HELP
[26/3/2017 13:17:19] /b BOM-DIA
[26/3/2017 13:17:23] /b BOM-DIA
[26/3/2017 16:36:32] /b Hoje Promete, 
[26/3/2017 16:39:49] /b ALGUEM TA SABENDO DESSE TAL DE RESET?
[26/3/2017 16:39:50] /b ALGUEM TA SABENDO DESSE TAL DE RESET?
[26/3/2017 16:39:52] /b ALGUEM TA SABENDO DESSE TAL DE RESET?
[26/3/2017 16:39:55] /b ALGUEM TA SABENDO DESSE TAL DE RESET?
[26/3/2017 16:41:7] /b quem quiser sabe mas sobre o reset abrir chat conversar
[26/3/2017 16:41:7] /b quem quiser sabe mas sobre o reset abrir chat conversar
[26/3/2017 16:41:12] /b quem quiser sabe mas sobre o reset abrir chat conversar
[26/3/2017 16:43:14] /b Acabaram de avisa que ADM, vai atras de quem ta clonando e quando descobrir quem foi vai leva DELETED !!!  VO TENTA FALA COM ADM CALMA AE
[26/3/2017 16:43:15] /b Acabaram de avisa que ADM, vai atras de quem ta clonando e quando descobrir quem foi vai leva DELETED !!!  VO TENTA FALA COM ADM CALMA AE
[26/3/2017 16:43:16] /b Acabaram de avisa que ADM, vai atras de quem ta clonando e quando descobrir quem foi vai leva DELETED !!!  VO TENTA FALA COM ADM CALMA AE
[26/3/2017 16:43:18] /b Acabaram de avisa que ADM, vai atras de quem ta clonando e quando descobrir quem foi vai leva DELETED !!!  VO TENTA FALA COM ADM CALMA AE
[26/3/2017 16:43:18] /b Acabaram de avisa que ADM, vai atras de quem ta clonando e quando descobrir quem foi vai leva DELETED !!!  VO TENTA FALA COM ADM CALMA AE
[26/3/2017 16:44:15] /b Calma ae muitos falando não da pra responde
[26/3/2017 16:44:15] /b Calma ae muitos falando não da pra responde
[26/3/2017 16:44:17] /b Calma ae muitos falando não da pra responde
[26/3/2017 16:45:32] /b DUVIDAS NO HELP NÃO RESPONDO NO CHAT CONVERSAR NÃO, PQ TEM MUITO MLK FALANDO
[26/3/2017 16:45:33] /b DUVIDAS NO HELP NÃO RESPONDO NO CHAT CONVERSAR NÃO, PQ TEM MUITO MLK FALANDO
[27/3/2017 23:50:9] /b Lembrando que ja ta valendo o evento da house mas bonita o premio é 50 PTS, So ate Domingo !!!
[27/3/2017 23:50:11] /b Lembrando que ja ta valendo o evento da house mas bonita o premio é 50 PTS, So ate Domingo !!!
[27/3/2017 23:50:11] /b Lembrando que ja ta valendo o evento da house mas bonita o premio é 50 PTS, So ate Domingo !!!
[27/3/2017 23:50:12] /b Lembrando que ja ta valendo o evento da house mas bonita o premio é 50 PTS, So ate Domingo !!!
[27/3/2017 23:50:15] /b Lembrando que ja ta valendo o evento da house mas bonita o premio é 50 PTS, So ate Domingo !!!
[27/3/2017 23:50:19] /b Lembrando que ja ta valendo o evento da house mas bonita o premio é 50 PTS, So ate Domingo !!!
[27/3/2017 23:50:19] /b Lembrando que ja ta valendo o evento da house mas bonita o premio é 50 PTS, So ate Domingo !!!
[12/4/2017 20:19:0] /b ae
[12/4/2017 21:53:17] /b Iae, Pessoal Voltei, Tava viajando e fiquei sem pc mas agr vo volta com td.
[14/4/2017 1:54:29] /b adm ae?
[14/4/2017 1:54:31] /b adm ae?
