[17/7/2016 15:30:3] /bc green GALERA HOJE VARIOS EVENTOS, VOU DAR VIP PARA TODOS
[17/7/2016 15:30:6] /bc green GALERA HOJE VARIOS EVENTOS, VOU DAR VIP PARA TODOS
[17/7/2016 15:30:7] /bc green GALERA HOJE VARIOS EVENTOS, VOU DAR VIP PARA TODOS
[17/7/2016 15:30:15] /bc green GALERA HOJE VARIOS EVENTOS, VOU DAR VIP PARA TODOS
[17/7/2016 16:37:24] /a 3
[17/7/2016 16:37:25] /a 3
[17/7/2016 16:37:40] /bc green MEUS JOVENS.
[17/7/2016 16:38:7] /a 3
[17/7/2016 16:38:17] /bc green O que querem hoje ?
[17/7/2016 16:38:49] /bc green EVENTO NINJA DE OURO AS 14 HORAS ! GO GO KONOHA !
[17/7/2016 16:38:50] /bc green EVENTO NINJA DE OURO AS 14 HORAS ! GO GO KONOHA !
[17/7/2016 16:39:8] /c [GM] Cronos
[17/7/2016 16:40:22] /a 3
[17/7/2016 16:40:35] /bc green EVENTO NINJA DE OURO AS 14 HORAS ! GO GO KONOHA !
[17/7/2016 16:40:44] /bc green EVENTO NINJA DE OURO AS 14 HORAS ! GO GO KONOHA !
[17/7/2016 16:40:45] /bc green EVENTO NINJA DE OURO AS 14 HORAS ! GO GO KONOHA !
[17/7/2016 16:40:48] /bc green EVENTO NINJA DE OURO AS 14 HORAS ! GO GO KONOHA !
[17/7/2016 16:40:50] /mode npvp
[17/7/2016 16:41:33] /bc green EVENTO NINJA DE OURO AS 14 HORAS ! GO GO KONOHA !
[17/7/2016 16:41:34] /bc green EVENTO NINJA DE OURO AS 14 HORAS ! GO GO KONOHA !
[17/7/2016 16:41:36] /bc green EVENTO NINJA DE OURO AS 14 HORAS ! GO GO KONOHA !
[17/7/2016 16:41:37] /bc green EVENTO NINJA DE OURO AS 14 HORAS ! GO GO KONOHA !
[17/7/2016 16:41:38] /bc green EVENTO NINJA DE OURO AS 14 HORAS ! GO GO KONOHA !
[17/7/2016 16:41:38] /bc green EVENTO NINJA DE OURO AS 14 HORAS ! GO GO KONOHA !
[17/7/2016 16:41:39] /bc green EVENTO NINJA DE OURO AS 14 HORAS ! GO GO KONOHA !
[17/7/2016 16:41:40] /bc green EVENTO NINJA DE OURO AS 14 HORAS ! GO GO KONOHA !
[17/7/2016 16:41:41] /bc green EVENTO NINJA DE OURO AS 14 HORAS ! GO GO KONOHA !
[17/7/2016 16:41:42] /bc green EVENTO NINJA DE OURO AS 14 HORAS ! GO GO KONOHA !
[17/7/2016 16:41:44] /bc green EVENTO NINJA DE OURO AS 14 HORAS ! GO GO KONOHA !
[17/7/2016 16:41:46] /bc green EVENTO NINJA DE OURO AS 14 HORAS ! GO GO KONOHA !
[17/7/2016 16:43:6] /ghost
[17/7/2016 16:43:7] /bc green EVENTO NINJA DE OURO AS 14 HORAS ! GO GO KONOHA !
[17/7/2016 16:43:9] /bc green EVENTO NINJA DE OURO AS 14 HORAS ! GO GO KONOHA !
[17/7/2016 16:43:10] /bc green EVENTO NINJA DE OURO AS 14 HORAS ! GO GO KONOHA !
[17/7/2016 16:43:56] /bc green EVENTO NINJA DE OURO AS 14 HORAS ! GO GO KONOHA !
[17/7/2016 16:43:57] /bc green EVENTO NINJA DE OURO AS 14 HORAS ! GO GO KONOHA !
[17/7/2016 16:43:58] /bc green EVENTO NINJA DE OURO AS 14 HORAS ! GO GO KONOHA !
[17/7/2016 16:43:58] /bc green EVENTO NINJA DE OURO AS 14 HORAS ! GO GO KONOHA !
[17/7/2016 16:43:59] /bc green EVENTO NINJA DE OURO AS 14 HORAS ! GO GO KONOHA !
[17/7/2016 16:43:59] /bc green EVENTO NINJA DE OURO AS 14 HORAS ! GO GO KONOHA !
[17/7/2016 16:44:0] /bc green EVENTO NINJA DE OURO AS 14 HORAS ! GO GO KONOHA !
[17/7/2016 16:44:0] /bc green EVENTO NINJA DE OURO AS 14 HORAS ! GO GO KONOHA !
[17/7/2016 16:45:18] /bc green EVENTO NINJA DE OURO AS 14 HORAS ! GO GO KONOHA !
[17/7/2016 16:45:18] /bc green EVENTO NINJA DE OURO AS 14 HORAS ! GO GO KONOHA !
[17/7/2016 16:46:10] /bc green EVENTO NINJA DE OURO AS 14 HORAS ! GO GO KONOHA !
[17/7/2016 16:46:11] /bc green EVENTO NINJA DE OURO AS 14 HORAS ! GO GO KONOHA !
[17/7/2016 16:46:12] /bc green EVENTO NINJA DE OURO AS 14 HORAS ! GO GO KONOHA !
[17/7/2016 16:48:14] /bc green EVENTO NINJA DE OURO AS 14 HORAS ! GO GO KONOHA !
[17/7/2016 16:48:15] /bc green EVENTO NINJA DE OURO AS 14 HORAS ! GO GO KONOHA !
[17/7/2016 16:48:15] /bc green EVENTO NINJA DE OURO AS 14 HORAS ! GO GO KONOHA !
[17/7/2016 16:48:15] /bc green EVENTO NINJA DE OURO AS 14 HORAS ! GO GO KONOHA !
[17/7/2016 16:48:44] /bc green EVENTO NINJA DE OURO AS 14 HORAS ! GO GO KONOHA !
[17/7/2016 16:49:31] /bc green EVENTO NINJA DE OURO AS 14 HORAS ! GO GO KONOHA !
[17/7/2016 16:49:31] /bc green EVENTO NINJA DE OURO AS 14 HORAS ! GO GO KONOHA !
[17/7/2016 16:49:31] /bc green EVENTO NINJA DE OURO AS 14 HORAS ! GO GO KONOHA !
[17/7/2016 16:49:32] /bc green EVENTO NINJA DE OURO AS 14 HORAS ! GO GO KONOHA !
[17/7/2016 16:50:0] /bc green EVENTO NINJA DE OURO AS 14 HORAS ! GO GO KONOHA !
[17/7/2016 16:50:1] /bc green EVENTO NINJA DE OURO AS 14 HORAS ! GO GO KONOHA !
[17/7/2016 16:50:36] /bc green EVENTO NINJA DE OURO AS 14 HORAS ! GO GO KONOHA !
[17/7/2016 16:52:4] /bc green EVENTO NINJA DE OURO AS 14 HORAS ! GO GO KONOHA !
[17/7/2016 16:52:4] /bc green EVENTO NINJA DE OURO AS 14 HORAS ! GO GO KONOHA !
[17/7/2016 16:52:5] /bc green EVENTO NINJA DE OURO AS 14 HORAS ! GO GO KONOHA !
[17/7/2016 16:52:5] /bc green EVENTO NINJA DE OURO AS 14 HORAS ! GO GO KONOHA !
[17/7/2016 16:52:6] /bc green EVENTO NINJA DE OURO AS 14 HORAS ! GO GO KONOHA !
[17/7/2016 16:52:6] /bc green EVENTO NINJA DE OURO AS 14 HORAS ! GO GO KONOHA !
[17/7/2016 16:52:6] /bc green EVENTO NINJA DE OURO AS 14 HORAS ! GO GO KONOHA !
[17/7/2016 16:52:7] /bc green EVENTO NINJA DE OURO AS 14 HORAS ! GO GO KONOHA !
[17/7/2016 16:52:7] /bc green EVENTO NINJA DE OURO AS 14 HORAS ! GO GO KONOHA !
[17/7/2016 16:52:8] /bc green EVENTO NINJA DE OURO AS 14 HORAS ! GO GO KONOHA !
[17/7/2016 16:52:8] /bc green EVENTO NINJA DE OURO AS 14 HORAS ! GO GO KONOHA !
[17/7/2016 16:52:8] /bc green EVENTO NINJA DE OURO AS 14 HORAS ! GO GO KONOHA !
[17/7/2016 16:55:12] /bc green EVENTO NINJA DE OURO AS 14 HORAS ! GO GO KONOHA !
[17/7/2016 16:55:12] /bc green EVENTO NINJA DE OURO AS 14 HORAS ! GO GO KONOHA !
[17/7/2016 16:55:12] /bc green EVENTO NINJA DE OURO AS 14 HORAS ! GO GO KONOHA !
[17/7/2016 16:55:13] /bc green EVENTO NINJA DE OURO AS 14 HORAS ! GO GO KONOHA !
[17/7/2016 16:55:13] /bc green EVENTO NINJA DE OURO AS 14 HORAS ! GO GO KONOHA !
[17/7/2016 16:55:15] /m homem de ouro
[17/7/2016 16:55:22] /m homem de ouro
[17/7/2016 16:55:54] /m homem de ouro
[17/7/2016 16:55:58] /bc green EVENTO NINJA DE OURO AS 14 HORAS ! GO GO KONOHA !
[17/7/2016 16:55:58] /bc green EVENTO NINJA DE OURO AS 14 HORAS ! GO GO KONOHA !
[17/7/2016 16:56:29] /bc green EVENTO NINJA DE OURO AS 14 HORAS ! GO GO KONOHA !
[17/7/2016 16:56:29] /bc green EVENTO NINJA DE OURO AS 14 HORAS ! GO GO KONOHA !
[17/7/2016 16:57:8] /bc green EVENTO NINJA DE OURO AS 14 HORAS ! GO GO KONOHA !
[17/7/2016 16:57:9] /bc green EVENTO NINJA DE OURO AS 14 HORAS ! GO GO KONOHA !
[17/7/2016 16:57:13] /bc blue BOOORA POURA
[17/7/2016 16:57:14] /bc blue BOOORA POURA
[17/7/2016 16:57:14] /bc blue BOOORA POURA
[17/7/2016 16:57:15] /bc blue BOOORA POURA
[17/7/2016 16:57:15] /a 3
[17/7/2016 16:57:15] /a 3
[17/7/2016 16:57:16] /a 3
[17/7/2016 16:57:16] /a 3
[17/7/2016 16:57:17] /m homem de ouro
[17/7/2016 16:57:17] /m homem de ouro
[17/7/2016 16:57:17] /m homem de ouro
[17/7/2016 16:57:17] /m homem de ouro
[17/7/2016 16:57:17] /m homem de ouro
[17/7/2016 16:57:17] /m homem de ouro
[17/7/2016 16:57:17] /m homem de ouro
[17/7/2016 16:57:17] /m homem de ouro
[17/7/2016 16:57:17] /m homem de ouro
[17/7/2016 16:57:17] /m homem de ouro
[17/7/2016 16:57:18] /m homem de ouro
[17/7/2016 16:57:18] /m homem de ouro
[17/7/2016 16:57:18] /m homem de ouro
[17/7/2016 16:57:18] /m homem de ouro
[17/7/2016 16:57:18] /m homem de ouro
[17/7/2016 16:57:18] /m homem de ouro
[17/7/2016 16:57:18] /m homem de ouro
[17/7/2016 16:57:18] /m homem de ouro
[17/7/2016 16:57:18] /m homem de ouro
[17/7/2016 16:57:18] /m homem de ouro
[17/7/2016 16:57:18] /m homem de ouro
[17/7/2016 16:57:18] /m homem de ouro
[17/7/2016 16:57:18] /m homem de ouro
[17/7/2016 16:57:18] /m homem de ouro
[17/7/2016 16:57:18] /m homem de ouro
[17/7/2016 16:57:18] /m homem de ouro
[17/7/2016 16:57:18] /m homem de ouro
[17/7/2016 16:57:18] /m homem de ouro
[17/7/2016 16:57:18] /m homem de ouro
[17/7/2016 16:57:18] /m homem de ouro
[17/7/2016 16:57:18] /m homem de ouro
[17/7/2016 16:57:18] /m homem de ouro
[17/7/2016 16:57:18] /m homem de ouro
[17/7/2016 16:57:18] /m homem de ouro
[17/7/2016 16:57:18] /m homem de ouro
[17/7/2016 16:57:18] /m homem de ouro
[17/7/2016 16:57:18] /m homem de ouro
[17/7/2016 16:57:18] /m homem de ouro
[17/7/2016 16:57:18] /m homem de ouro
[17/7/2016 16:57:19] /m homem de ouro
[17/7/2016 16:57:19] /m homem de ouro
[17/7/2016 16:57:19] /m homem de ouro
[17/7/2016 16:57:19] /m homem de ouro
[17/7/2016 16:57:19] /m homem de ouro
[17/7/2016 16:57:19] /m homem de ouro
[17/7/2016 16:57:19] /m homem de ouro
[17/7/2016 16:57:19] /m homem de ouro
[17/7/2016 16:57:19] /m homem de ouro
[17/7/2016 16:57:19] /m homem de ouro
[17/7/2016 16:57:19] /m homem de ouro
[17/7/2016 16:57:19] /m homem de ouro
[17/7/2016 16:57:19] /m homem de ouro
[17/7/2016 16:57:19] /m homem de ouro
[17/7/2016 16:57:19] /m homem de ouro
[17/7/2016 16:57:19] /m homem de ouro
[17/7/2016 16:57:19] /m homem de ouro
[17/7/2016 16:57:19] /m homem de ouro
[17/7/2016 16:57:19] /m homem de ouro
[17/7/2016 16:57:19] /m homem de ouro
[17/7/2016 16:57:19] /m homem de ouro
[17/7/2016 16:57:19] /m homem de ouro
[17/7/2016 16:57:19] /m homem de ouro
[17/7/2016 16:57:19] /m homem de ouro
[17/7/2016 16:57:19] /m homem de ouro
[17/7/2016 16:57:19] /m homem de ouro
[17/7/2016 16:57:19] /a 3
[17/7/2016 16:57:20] /a 3
[17/7/2016 16:57:20] /a 3
[17/7/2016 16:57:20] /a 3
[17/7/2016 16:57:20] /m homem de ouro
[17/7/2016 16:57:21] /m homem de ouro
[17/7/2016 16:57:21] /m homem de ouro
[17/7/2016 16:57:21] /m homem de ouro
[17/7/2016 16:57:21] /m homem de ouro
[17/7/2016 16:57:21] /m homem de ouro
[17/7/2016 16:57:21] /m homem de ouro
[17/7/2016 16:57:21] /m homem de ouro
[17/7/2016 16:57:21] /bc green NINJAS DE OURO ( KONOHA )
[17/7/2016 16:57:21] /m homem de ouro
[17/7/2016 16:57:22] /m homem de ouro
[17/7/2016 16:57:22] /m homem de ouro
[17/7/2016 16:57:22] /m homem de ouro
[17/7/2016 16:57:22] /m homem de ouro
[17/7/2016 16:57:22] /m homem de ouro
[17/7/2016 16:57:22] /m homem de ouro
[17/7/2016 16:57:22] /m homem de ouro
[17/7/2016 16:57:22] /m homem de ouro
[17/7/2016 16:57:22] /m homem de ouro
[17/7/2016 16:57:22] /m homem de ouro
[17/7/2016 16:57:22] /m homem de ouro
[17/7/2016 16:57:22] /m homem de ouro
[17/7/2016 16:57:22] /m homem de ouro
[17/7/2016 16:57:22] /m homem de ouro
[17/7/2016 16:57:22] /m homem de ouro
[17/7/2016 16:57:22] /m homem de ouro
[17/7/2016 16:57:22] /m homem de ouro
[17/7/2016 16:57:22] /m homem de ouro
[17/7/2016 16:57:22] /m homem de ouro
[17/7/2016 16:57:22] /m homem de ouro
[17/7/2016 16:57:22] /m homem de ouro
[17/7/2016 16:57:22] /m homem de ouro
[17/7/2016 16:57:22] /m homem de ouro
[17/7/2016 16:57:23] /m homem de ouro
[17/7/2016 16:57:23] /m homem de ouro
[17/7/2016 16:57:23] /m homem de ouro
[17/7/2016 16:57:23] /m homem de ouro
[17/7/2016 16:57:23] /m homem de ouro
[17/7/2016 16:57:23] /m homem de ouro
[17/7/2016 16:57:23] /m homem de ouro
[17/7/2016 16:57:23] /m homem de ouro
[17/7/2016 16:57:23] /m homem de ouro
[17/7/2016 16:57:23] /m homem de ouro
[17/7/2016 16:57:23] /m homem de ouro
[17/7/2016 16:57:23] /m homem de ouro
[17/7/2016 16:57:23] /m homem de ouro
[17/7/2016 16:57:23] /m homem de ouro
[17/7/2016 16:57:23] /m homem de ouro
[17/7/2016 16:57:23] /m homem de ouro
[17/7/2016 16:57:23] /m homem de ouro
[17/7/2016 16:57:23] /a 3
[17/7/2016 16:57:24] /a 3
[17/7/2016 16:57:24] /a 3
[17/7/2016 16:57:24] /a 3
[17/7/2016 16:57:24] /a 3
[17/7/2016 16:57:24] /a 3
[17/7/2016 16:57:24] /m homem de ouro
[17/7/2016 16:57:25] /m homem de ouro
[17/7/2016 16:57:25] /m homem de ouro
[17/7/2016 16:57:25] /m homem de ouro
[17/7/2016 16:57:25] /m homem de ouro
[17/7/2016 16:57:25] /m homem de ouro
[17/7/2016 16:57:25] /m homem de ouro
[17/7/2016 16:57:25] /m homem de ouro
[17/7/2016 16:57:25] /m homem de ouro
[17/7/2016 16:57:25] /m homem de ouro
[17/7/2016 16:57:25] /m homem de ouro
[17/7/2016 16:57:25] /m homem de ouro
[17/7/2016 16:57:25] /m homem de ouro
[17/7/2016 16:57:25] /m homem de ouro
[17/7/2016 16:57:25] /m homem de ouro
[17/7/2016 16:57:25] /m homem de ouro
[17/7/2016 16:57:25] /m homem de ouro
[17/7/2016 16:57:25] /m homem de ouro
[17/7/2016 16:57:25] /m homem de ouro
[17/7/2016 16:57:25] /m homem de ouro
[17/7/2016 16:57:25] /m homem de ouro
[17/7/2016 16:57:25] /m homem de ouro
[17/7/2016 16:57:26] /m homem de ouro
[17/7/2016 16:57:26] /m homem de ouro
[17/7/2016 16:57:26] /m homem de ouro
[17/7/2016 16:57:26] /m homem de ouro
[17/7/2016 16:57:26] /m homem de ouro
[17/7/2016 16:57:26] /m homem de ouro
[17/7/2016 16:57:26] /m homem de ouro
[17/7/2016 16:57:26] /m homem de ouro
[17/7/2016 16:57:26] /m homem de ouro
[17/7/2016 16:57:26] /m homem de ouro
[17/7/2016 16:57:26] /m homem de ouro
[17/7/2016 16:57:26] /m homem de ouro
[17/7/2016 16:57:26] /m homem de ouro
[17/7/2016 16:57:26] /m homem de ouro
[17/7/2016 16:57:26] /m homem de ouro
[17/7/2016 16:57:26] /a 3
[17/7/2016 16:57:26] /bc green NINJAS DE OURO ( KONOHA )
[17/7/2016 16:57:26] /m homem de ouro
[17/7/2016 16:57:26] /a 3
[17/7/2016 16:57:26] /m homem de ouro
[17/7/2016 16:57:27] /m homem de ouro
[17/7/2016 16:57:27] /m homem de ouro
[17/7/2016 16:57:27] /m homem de ouro
[17/7/2016 16:57:27] /m homem de ouro
[17/7/2016 16:57:27] /m homem de ouro
[17/7/2016 16:57:27] /m homem de ouro
[17/7/2016 16:57:27] /m homem de ouro
[17/7/2016 16:57:27] /m homem de ouro
[17/7/2016 16:57:27] /m homem de ouro
[17/7/2016 16:57:27] /m homem de ouro
[17/7/2016 16:57:27] /m homem de ouro
[17/7/2016 16:57:27] /m homem de ouro
[17/7/2016 16:57:27] /m homem de ouro
[17/7/2016 16:57:28] /m homem de ouro
[17/7/2016 16:57:28] /m homem de ouro
[17/7/2016 16:57:28] /m homem de ouro
[17/7/2016 16:57:28] /m homem de ouro
[17/7/2016 16:57:28] /m homem de ouro
[17/7/2016 16:57:28] /m homem de ouro
[17/7/2016 16:57:28] /m homem de ouro
[17/7/2016 16:57:28] /m homem de ouro
[17/7/2016 16:57:28] /m homem de ouro
[17/7/2016 16:57:28] /m homem de ouro
[17/7/2016 16:57:28] /m homem de ouro
[17/7/2016 16:57:28] /m homem de ouro
[17/7/2016 16:57:28] /m homem de ouro
[17/7/2016 16:57:28] /m homem de ouro
[17/7/2016 16:57:28] /m homem de ouro
[17/7/2016 16:57:28] /m homem de ouro
[17/7/2016 16:57:28] /m homem de ouro
[17/7/2016 16:57:28] /m homem de ouro
[17/7/2016 16:57:28] /m homem de ouro
[17/7/2016 16:57:28] /m homem de ouro
[17/7/2016 16:57:28] /m homem de ouro
[17/7/2016 16:57:28] /m homem de ouro
[17/7/2016 16:57:28] /m homem de ouro
[17/7/2016 16:57:28] /m homem de ouro
[17/7/2016 16:57:28] /m homem de ouro
[17/7/2016 16:57:28] /m homem de ouro
[17/7/2016 16:57:29] /m homem de ouro
[17/7/2016 16:57:29] /m homem de ouro
[17/7/2016 16:57:29] /m homem de ouro
[17/7/2016 16:57:29] /m homem de ouro
[17/7/2016 16:57:29] /m homem de ouro
[17/7/2016 16:57:29] /m homem de ouro
[17/7/2016 16:57:29] /bc green NINJAS DE OURO ( KONOHA )
[17/7/2016 16:57:29] /a 3
[17/7/2016 16:57:29] /m homem de ouro
[17/7/2016 16:57:29] /m homem de ouro
[17/7/2016 16:57:30] /m homem de ouro
[17/7/2016 16:57:30] /m homem de ouro
[17/7/2016 16:57:30] /m homem de ouro
[17/7/2016 16:57:30] /m homem de ouro
[17/7/2016 16:57:30] /m homem de ouro
[17/7/2016 16:57:30] /m homem de ouro
[17/7/2016 16:57:30] /m homem de ouro
[17/7/2016 16:57:30] /m homem de ouro
[17/7/2016 16:57:30] /m homem de ouro
[17/7/2016 16:57:30] /m homem de ouro
[17/7/2016 16:57:30] /m homem de ouro
[17/7/2016 16:57:30] /m homem de ouro
[17/7/2016 16:57:30] /m homem de ouro
[17/7/2016 16:57:30] /m homem de ouro
[17/7/2016 16:57:30] /m homem de ouro
[17/7/2016 16:57:30] /m homem de ouro
[17/7/2016 16:57:30] /m homem de ouro
[17/7/2016 16:57:30] /m homem de ouro
[17/7/2016 16:57:30] /m homem de ouro
[17/7/2016 16:57:30] /m homem de ouro
[17/7/2016 16:57:30] /m homem de ouro
[17/7/2016 16:57:30] /m homem de ouro
[17/7/2016 16:57:30] /m homem de ouro
[17/7/2016 16:57:30] /m homem de ouro
[17/7/2016 16:57:30] /m homem de ouro
[17/7/2016 16:57:31] /m homem de ouro
[17/7/2016 16:57:31] /m homem de ouro
[17/7/2016 16:57:31] /m homem de ouro
[17/7/2016 16:57:31] /m homem de ouro
[17/7/2016 16:57:31] /m homem de ouro
[17/7/2016 16:57:31] /m homem de ouro
[17/7/2016 16:57:31] /m homem de ouro
[17/7/2016 16:57:31] /m homem de ouro
[17/7/2016 16:57:31] /m homem de ouro
[17/7/2016 16:57:31] /m homem de ouro
[17/7/2016 16:57:31] /m homem de ouro
[17/7/2016 16:57:31] /m homem de ouro
[17/7/2016 16:57:31] /m homem de ouro
[17/7/2016 16:57:31] /m homem de ouro
[17/7/2016 16:57:31] /m homem de ouro
[17/7/2016 16:57:31] /m homem de ouro
[17/7/2016 16:57:31] /m homem de ouro
[17/7/2016 16:57:31] /a 3
[17/7/2016 16:57:31] /bc green NINJAS DE OURO ( KONOHA )
[17/7/2016 16:57:31] /m homem de ouro
[17/7/2016 16:57:32] /m homem de ouro
[17/7/2016 16:57:32] /m homem de ouro
[17/7/2016 16:57:32] /m homem de ouro
[17/7/2016 16:57:32] /m homem de ouro
[17/7/2016 16:57:32] /m homem de ouro
[17/7/2016 16:57:32] /m homem de ouro
[17/7/2016 16:57:32] /m homem de ouro
[17/7/2016 16:57:32] /m homem de ouro
[17/7/2016 16:57:32] /m homem de ouro
[17/7/2016 16:57:32] /m homem de ouro
[17/7/2016 16:57:32] /m homem de ouro
[17/7/2016 16:57:32] /m homem de ouro
[17/7/2016 16:57:32] /m homem de ouro
[17/7/2016 16:57:32] /m homem de ouro
[17/7/2016 16:57:32] /m homem de ouro
[17/7/2016 16:57:32] /m homem de ouro
[17/7/2016 16:57:32] /m homem de ouro
[17/7/2016 16:57:32] /m homem de ouro
[17/7/2016 16:57:32] /m homem de ouro
[17/7/2016 16:57:32] /m homem de ouro
[17/7/2016 16:57:33] /m homem de ouro
[17/7/2016 16:57:33] /m homem de ouro
[17/7/2016 16:57:33] /m homem de ouro
[17/7/2016 16:57:33] /m homem de ouro
[17/7/2016 16:57:33] /m homem de ouro
[17/7/2016 16:57:33] /m homem de ouro
[17/7/2016 16:57:33] /a 3
[17/7/2016 16:57:33] /bc green NINJAS DE OURO ( KONOHA )
[17/7/2016 16:57:33] /m homem de ouro
[17/7/2016 16:57:34] /a 3
[17/7/2016 16:57:34] /m homem de ouro
[17/7/2016 16:57:34] /m homem de ouro
[17/7/2016 16:57:34] /m homem de ouro
[17/7/2016 16:57:34] /m homem de ouro
[17/7/2016 16:57:34] /m homem de ouro
[17/7/2016 16:57:34] /m homem de ouro
[17/7/2016 16:57:34] /m homem de ouro
[17/7/2016 16:57:34] /m homem de ouro
[17/7/2016 16:57:34] /m homem de ouro
[17/7/2016 16:57:34] /m homem de ouro
[17/7/2016 16:57:34] /m homem de ouro
[17/7/2016 16:57:34] /m homem de ouro
[17/7/2016 16:57:34] /m homem de ouro
[17/7/2016 16:57:35] /m homem de ouro
[17/7/2016 16:57:35] /m homem de ouro
[17/7/2016 16:57:35] /m homem de ouro
[17/7/2016 16:57:35] /m homem de ouro
[17/7/2016 16:57:35] /m homem de ouro
[17/7/2016 16:57:35] /m homem de ouro
[17/7/2016 16:57:35] /m homem de ouro
[17/7/2016 16:57:35] /m homem de ouro
[17/7/2016 16:57:35] /m homem de ouro
[17/7/2016 16:57:35] /m homem de ouro
[17/7/2016 16:57:35] /m homem de ouro
[17/7/2016 16:57:35] /m homem de ouro
[17/7/2016 16:57:35] /m homem de ouro
[17/7/2016 16:57:35] /m homem de ouro
[17/7/2016 16:57:35] /m homem de ouro
[17/7/2016 16:57:35] /m homem de ouro
[17/7/2016 16:57:35] /m homem de ouro
[17/7/2016 16:57:35] /m homem de ouro
[17/7/2016 16:57:35] /m homem de ouro
[17/7/2016 16:57:36] /bc green NINJAS DE OURO ( KONOHA )
[17/7/2016 16:57:36] /m homem de ouro
[17/7/2016 16:57:36] /a 3
[17/7/2016 16:57:36] /bc green NINJAS DE OURO ( KONOHA )
[17/7/2016 16:57:36] /m homem de ouro
[17/7/2016 16:57:36] /m homem de ouro
[17/7/2016 16:57:37] /m homem de ouro
[17/7/2016 16:57:37] /m homem de ouro
[17/7/2016 16:57:37] /m homem de ouro
[17/7/2016 16:57:37] /m homem de ouro
[17/7/2016 16:57:37] /m homem de ouro
[17/7/2016 16:57:37] /m homem de ouro
[17/7/2016 16:57:37] /m homem de ouro
[17/7/2016 16:57:37] /m homem de ouro
[17/7/2016 16:57:37] /a 3
[17/7/2016 16:57:37] /bc green NINJAS DE OURO ( KONOHA )
[17/7/2016 16:57:37] /m homem de ouro
[17/7/2016 16:57:37] /a 3
[17/7/2016 16:57:37] /bc green NINJAS DE OURO ( KONOHA )
[17/7/2016 16:57:37] /m homem de ouro
[17/7/2016 16:57:38] /m homem de ouro
[17/7/2016 16:57:38] /m homem de ouro
[17/7/2016 16:57:38] /m homem de ouro
[17/7/2016 16:57:38] /m homem de ouro
[17/7/2016 16:57:38] /m homem de ouro
[17/7/2016 16:57:38] /m homem de ouro
[17/7/2016 16:57:38] /m homem de ouro
[17/7/2016 16:57:38] /m homem de ouro
[17/7/2016 16:57:38] /m homem de ouro
[17/7/2016 16:57:38] /m homem de ouro
[17/7/2016 16:57:38] /m homem de ouro
[17/7/2016 16:57:38] /m homem de ouro
[17/7/2016 16:57:38] /m homem de ouro
[17/7/2016 16:57:38] /m homem de ouro
[17/7/2016 16:57:38] /m homem de ouro
[17/7/2016 16:57:38] /m homem de ouro
[17/7/2016 16:57:38] /m homem de ouro
[17/7/2016 16:57:39] /m homem de ouro
[17/7/2016 16:57:39] /m homem de ouro
[17/7/2016 16:57:39] /m homem de ouro
[17/7/2016 16:57:39] /m homem de ouro
[17/7/2016 16:57:39] /m homem de ouro
[17/7/2016 16:57:39] /m homem de ouro
[17/7/2016 16:57:39] /m homem de ouro
[17/7/2016 16:57:39] /m homem de ouro
[17/7/2016 16:57:39] /a 3
[17/7/2016 16:57:39] /bc green NINJAS DE OURO ( KONOHA )
[17/7/2016 16:57:39] /m homem de ouro
[17/7/2016 16:57:39] /a 3
[17/7/2016 16:57:39] /bc green NINJAS DE OURO ( KONOHA )
[17/7/2016 16:57:39] /m homem de ouro
[17/7/2016 16:57:40] /m homem de ouro
[17/7/2016 16:57:40] /m homem de ouro
[17/7/2016 16:57:40] /m homem de ouro
[17/7/2016 16:57:40] /m homem de ouro
[17/7/2016 16:57:40] /m homem de ouro
[17/7/2016 16:57:40] /m homem de ouro
[17/7/2016 16:57:40] /m homem de ouro
[17/7/2016 16:57:40] /m homem de ouro
[17/7/2016 16:57:40] /m homem de ouro
[17/7/2016 16:57:40] /m homem de ouro
[17/7/2016 16:57:40] /m homem de ouro
[17/7/2016 16:57:40] /m homem de ouro
[17/7/2016 16:57:40] /m homem de ouro
[17/7/2016 16:57:40] /m homem de ouro
[17/7/2016 16:57:40] /m homem de ouro
[17/7/2016 16:57:40] /m homem de ouro
[17/7/2016 16:57:40] /m homem de ouro
[17/7/2016 16:57:40] /m homem de ouro
[17/7/2016 16:57:40] /m homem de ouro
[17/7/2016 16:57:40] /m homem de ouro
[17/7/2016 16:57:40] /m homem de ouro
[17/7/2016 16:57:40] /m homem de ouro
[17/7/2016 16:57:40] /m homem de ouro
[17/7/2016 16:57:41] /m homem de ouro
[17/7/2016 16:57:41] /a 3
[17/7/2016 16:57:41] /bc green NINJAS DE OURO ( KONOHA )
[17/7/2016 16:57:41] /m homem de ouro
[17/7/2016 16:57:41] /a 3
[17/7/2016 16:57:41] /m homem de ouro
[17/7/2016 16:57:41] /m homem de ouro
[17/7/2016 16:57:41] /m homem de ouro
[17/7/2016 16:57:42] /m homem de ouro
[17/7/2016 16:57:42] /m homem de ouro
[17/7/2016 16:57:42] /m homem de ouro
[17/7/2016 16:57:42] /m homem de ouro
[17/7/2016 16:57:42] /m homem de ouro
[17/7/2016 16:57:42] /m homem de ouro
[17/7/2016 16:57:42] /m homem de ouro
[17/7/2016 16:57:42] /m homem de ouro
[17/7/2016 16:57:42] /m homem de ouro
[17/7/2016 16:57:42] /m homem de ouro
[17/7/2016 16:57:42] /m homem de ouro
[17/7/2016 16:57:42] /m homem de ouro
[17/7/2016 16:57:42] /m homem de ouro
[17/7/2016 16:57:42] /m homem de ouro
[17/7/2016 16:57:42] /m homem de ouro
[17/7/2016 16:57:42] /m homem de ouro
[17/7/2016 16:57:42] /m homem de ouro
[17/7/2016 16:57:42] /m homem de ouro
[17/7/2016 16:57:42] /m homem de ouro
[17/7/2016 16:57:42] /m homem de ouro
[17/7/2016 16:57:42] /m homem de ouro
[17/7/2016 16:57:42] /m homem de ouro
[17/7/2016 16:57:42] /m homem de ouro
[17/7/2016 16:57:42] /m homem de ouro
[17/7/2016 16:57:42] /m homem de ouro
[17/7/2016 16:57:42] /m homem de ouro
[17/7/2016 16:57:42] /m homem de ouro
[17/7/2016 16:57:43] /m homem de ouro
[17/7/2016 16:57:43] /m homem de ouro
[17/7/2016 16:57:43] /m homem de ouro
[17/7/2016 16:57:43] /m homem de ouro
[17/7/2016 16:57:43] /m homem de ouro
[17/7/2016 16:57:43] /m homem de ouro
[17/7/2016 16:57:43] /m homem de ouro
[17/7/2016 16:57:43] /m homem de ouro
[17/7/2016 16:57:43] /m homem de ouro
[17/7/2016 16:57:43] /m homem de ouro
[17/7/2016 16:57:43] /m homem de ouro
[17/7/2016 16:57:43] /m homem de ouro
[17/7/2016 16:57:43] /m homem de ouro
[17/7/2016 16:57:43] /m homem de ouro
[17/7/2016 16:57:43] /m homem de ouro
[17/7/2016 16:57:43] /m homem de ouro
[17/7/2016 16:57:43] /m homem de ouro
[17/7/2016 16:57:43] /m homem de ouro
[17/7/2016 16:57:43] /m homem de ouro
[17/7/2016 16:57:43] /m homem de ouro
[17/7/2016 16:57:43] /m homem de ouro
[17/7/2016 16:57:43] /m homem de ouro
[17/7/2016 16:57:43] /m homem de ouro
[17/7/2016 16:57:43] /m homem de ouro
[17/7/2016 16:57:50] /a 3
[17/7/2016 16:57:50] /m homem de ouro
[17/7/2016 16:57:50] /a 3
[17/7/2016 16:57:50] /m homem de ouro
[17/7/2016 16:57:51] /m homem de ouro
[17/7/2016 16:57:51] /m homem de ouro
[17/7/2016 16:57:51] /m homem de ouro
[17/7/2016 16:57:51] /m homem de ouro
[17/7/2016 16:57:51] /m homem de ouro
[17/7/2016 16:57:51] /m homem de ouro
[17/7/2016 16:57:51] /m homem de ouro
[17/7/2016 16:57:51] /m homem de ouro
[17/7/2016 16:57:51] /m homem de ouro
[17/7/2016 16:57:51] /m homem de ouro
[17/7/2016 16:57:51] /m homem de ouro
[17/7/2016 16:57:51] /m homem de ouro
[17/7/2016 16:57:51] /m homem de ouro
[17/7/2016 16:57:51] /m homem de ouro
[17/7/2016 16:57:51] /m homem de ouro
[17/7/2016 16:57:51] /m homem de ouro
[17/7/2016 16:57:52] /m homem de ouro
[17/7/2016 16:57:52] /m homem de ouro
[17/7/2016 16:57:52] /m homem de ouro
[17/7/2016 16:57:52] /m homem de ouro
[17/7/2016 16:57:52] /m homem de ouro
[17/7/2016 16:57:52] /m homem de ouro
[17/7/2016 16:57:52] /m homem de ouro
[17/7/2016 16:57:52] /m homem de ouro
[17/7/2016 16:57:52] /m homem de ouro
[17/7/2016 16:57:52] /m homem de ouro
[17/7/2016 16:57:52] /a 3
[17/7/2016 16:57:52] /bc green NINJAS DE OURO ( KONOHA )
[17/7/2016 16:57:52] /m homem de ouro
[17/7/2016 16:57:52] /a 3
[17/7/2016 16:57:54] /m homem de ouro
[17/7/2016 16:57:54] /m homem de ouro
[17/7/2016 16:57:54] /m homem de ouro
[17/7/2016 16:57:54] /m homem de ouro
[17/7/2016 16:57:54] /m homem de ouro
[17/7/2016 16:57:54] /a 3
[17/7/2016 16:57:54] /bc green NINJAS DE OURO ( KONOHA )
[17/7/2016 16:57:54] /m homem de ouro
[17/7/2016 16:57:54] /m homem de ouro
[17/7/2016 16:57:54] /m homem de ouro
[17/7/2016 16:57:54] /m homem de ouro
[17/7/2016 16:57:54] /m homem de ouro
[17/7/2016 16:57:54] /m homem de ouro
[17/7/2016 16:57:54] /m homem de ouro
[17/7/2016 16:57:54] /m homem de ouro
[17/7/2016 16:57:54] /m homem de ouro
[17/7/2016 16:57:54] /m homem de ouro
[17/7/2016 16:57:54] /m homem de ouro
[17/7/2016 16:57:54] /m homem de ouro
[17/7/2016 16:57:54] /m homem de ouro
[17/7/2016 16:57:54] /m homem de ouro
[17/7/2016 16:57:54] /m homem de ouro
[17/7/2016 16:57:54] /m homem de ouro
[17/7/2016 16:57:54] /m homem de ouro
[17/7/2016 16:57:55] /a 3
[17/7/2016 16:57:55] /m homem de ouro
[17/7/2016 16:57:55] /bc green NINJAS DE OURO ( KONOHA )
[17/7/2016 16:57:55] /a 3
[17/7/2016 16:57:55] /bc green NINJAS DE OURO ( KONOHA )
[17/7/2016 16:57:55] /m homem de ouro
[17/7/2016 16:57:56] /m homem de ouro
[17/7/2016 16:57:56] /m homem de ouro
[17/7/2016 16:57:56] /m homem de ouro
[17/7/2016 16:57:56] /m homem de ouro
[17/7/2016 16:57:56] /m homem de ouro
[17/7/2016 16:57:56] /m homem de ouro
[17/7/2016 16:57:56] /m homem de ouro
[17/7/2016 16:57:56] /m homem de ouro
[17/7/2016 16:57:56] /m homem de ouro
[17/7/2016 16:57:56] /m homem de ouro
[17/7/2016 16:57:56] /m homem de ouro
[17/7/2016 16:57:56] /m homem de ouro
[17/7/2016 16:57:56] /a 3
[17/7/2016 16:57:56] /bc green NINJAS DE OURO ( KONOHA )
[17/7/2016 16:57:57] /m homem de ouro
[17/7/2016 16:57:57] /a 3
[17/7/2016 16:57:57] /bc green NINJAS DE OURO ( KONOHA )
[17/7/2016 16:57:57] /m homem de ouro
[17/7/2016 16:57:57] /a 3
[17/7/2016 16:57:57] /bc green NINJAS DE OURO ( KONOHA )
[17/7/2016 16:57:57] /m homem de ouro
[17/7/2016 16:57:58] /m homem de ouro
[17/7/2016 16:57:58] /m homem de ouro
[17/7/2016 16:57:58] /m homem de ouro
[17/7/2016 16:57:58] /m homem de ouro
[17/7/2016 16:57:58] /m homem de ouro
[17/7/2016 16:57:58] /m homem de ouro
[17/7/2016 16:57:58] /m homem de ouro
[17/7/2016 16:57:58] /a 3
[17/7/2016 16:57:58] /bc green NINJAS DE OURO ( KONOHA )
[17/7/2016 16:57:58] /m homem de ouro
[17/7/2016 16:57:58] /a 3
[17/7/2016 16:57:58] /m homem de ouro
[17/7/2016 16:57:59] /m homem de ouro
[17/7/2016 16:57:59] /m homem de ouro
[17/7/2016 16:57:59] /m homem de ouro
[17/7/2016 16:57:59] /m homem de ouro
[17/7/2016 16:57:59] /m homem de ouro
[17/7/2016 16:57:59] /m homem de ouro
[17/7/2016 16:57:59] /m homem de ouro
[17/7/2016 16:57:59] /m homem de ouro
[17/7/2016 16:57:59] /m homem de ouro
[17/7/2016 16:57:59] /m homem de ouro
[17/7/2016 16:57:59] /m homem de ouro
[17/7/2016 16:57:59] /m homem de ouro
[17/7/2016 16:57:59] /m homem de ouro
[17/7/2016 16:57:59] /m homem de ouro
[17/7/2016 16:57:59] /m homem de ouro
[17/7/2016 16:57:59] /m homem de ouro
[17/7/2016 16:58:0] /a 3
[17/7/2016 16:58:0] /bc green NINJAS DE OURO ( KONOHA )
[17/7/2016 16:58:0] /m homem de ouro
[17/7/2016 16:58:0] /a 3
[17/7/2016 16:58:0] /bc green NINJAS DE OURO ( KONOHA )
[17/7/2016 16:58:0] /m homem de ouro
[17/7/2016 16:58:0] /a 3
[17/7/2016 16:58:0] /bc green NINJAS DE OURO ( KONOHA )
[17/7/2016 16:58:0] /m homem de ouro
[17/7/2016 16:58:0] /a 3
[17/7/2016 16:58:1] /bc green NINJAS DE OURO ( KONOHA )
[17/7/2016 16:58:1] /m homem de ouro
[17/7/2016 16:58:1] /m homem de ouro
[17/7/2016 16:58:1] /m homem de ouro
[17/7/2016 16:58:1] /m homem de ouro
[17/7/2016 16:58:1] /m homem de ouro
[17/7/2016 16:58:1] /m homem de ouro
[17/7/2016 16:58:1] /m homem de ouro
[17/7/2016 16:58:1] /m homem de ouro
[17/7/2016 16:58:1] /m homem de ouro
[17/7/2016 16:58:2] /m homem de ouro
[17/7/2016 16:58:2] /m homem de ouro
[17/7/2016 16:58:2] /m homem de ouro
[17/7/2016 16:58:2] /m homem de ouro
[17/7/2016 16:58:2] /m homem de ouro
[17/7/2016 16:58:2] /m homem de ouro
[17/7/2016 16:58:2] /m homem de ouro
[17/7/2016 16:58:2] /m homem de ouro
[17/7/2016 16:58:2] /m homem de ouro
[17/7/2016 16:58:2] /m homem de ouro
[17/7/2016 16:58:2] /m homem de ouro
[17/7/2016 16:58:2] /m homem de ouro
[17/7/2016 16:58:2] /m homem de ouro
[17/7/2016 16:58:2] /m homem de ouro
[17/7/2016 16:58:2] /m homem de ouro
[17/7/2016 16:58:2] /a 3
[17/7/2016 16:58:2] /bc green NINJAS DE OURO ( KONOHA )
[17/7/2016 16:58:2] /m homem de ouro
[17/7/2016 16:58:2] /a 3
[17/7/2016 16:58:2] /bc green NINJAS DE OURO ( KONOHA )
[17/7/2016 16:58:2] /m homem de ouro
[17/7/2016 16:58:3] /m homem de ouro
[17/7/2016 16:58:3] /m homem de ouro
[17/7/2016 16:58:3] /m homem de ouro
[17/7/2016 16:58:3] /m homem de ouro
[17/7/2016 16:58:3] /m homem de ouro
[17/7/2016 16:58:3] /m homem de ouro
[17/7/2016 16:58:3] /m homem de ouro
[17/7/2016 16:58:3] /m homem de ouro
[17/7/2016 16:58:3] /m homem de ouro
[17/7/2016 16:58:3] /m homem de ouro
[17/7/2016 16:58:3] /m homem de ouro
[17/7/2016 16:58:3] /m homem de ouro
[17/7/2016 16:58:3] /m homem de ouro
[17/7/2016 16:58:3] /m homem de ouro
[17/7/2016 16:58:3] /m homem de ouro
[17/7/2016 16:58:4] /m homem de ouro
[17/7/2016 16:58:4] /m homem de ouro
[17/7/2016 16:58:4] /a 3
[17/7/2016 16:58:4] /bc green NINJAS DE OURO ( KONOHA )
[17/7/2016 16:58:4] /m homem de ouro
[17/7/2016 16:58:4] /a 3
[17/7/2016 16:58:4] /bc green NINJAS DE OURO ( KONOHA )
[17/7/2016 16:58:4] /m homem de ouro
[17/7/2016 16:58:4] /a 3
[17/7/2016 16:58:4] /bc green NINJAS DE OURO ( KONOHA )
[17/7/2016 16:58:4] /m homem de ouro
[17/7/2016 16:58:5] /m homem de ouro
[17/7/2016 16:58:5] /m homem de ouro
[17/7/2016 16:58:5] /m homem de ouro
[17/7/2016 16:58:5] /m homem de ouro
[17/7/2016 16:58:5] /m homem de ouro
[17/7/2016 16:58:5] /m homem de ouro
[17/7/2016 16:58:5] /m homem de ouro
[17/7/2016 16:58:6] /m homem de ouro
[17/7/2016 16:58:6] /m homem de ouro
[17/7/2016 16:58:6] /m homem de ouro
[17/7/2016 16:58:6] /a 3
[17/7/2016 16:58:6] /bc green NINJAS DE OURO ( KONOHA )
[17/7/2016 16:58:6] /m homem de ouro
[17/7/2016 16:58:6] /a 3
[17/7/2016 16:58:6] /a 3
[17/7/2016 16:58:6] /bc green NINJAS DE OURO ( KONOHA )
[17/7/2016 16:58:6] /m homem de ouro
[17/7/2016 16:58:6] /a 3
[17/7/2016 16:58:6] /bc green NINJAS DE OURO ( KONOHA )
[17/7/2016 16:58:6] /m homem de ouro
[17/7/2016 16:58:7] /a 3
[17/7/2016 16:58:7] /bc green NINJAS DE OURO ( KONOHA )
[17/7/2016 16:58:7] /m homem de ouro
[17/7/2016 16:58:7] /m homem de ouro
[17/7/2016 16:58:7] /m homem de ouro
[17/7/2016 16:58:7] /m homem de ouro
[17/7/2016 16:58:7] /m homem de ouro
[17/7/2016 16:58:7] /m homem de ouro
[17/7/2016 16:58:7] /m homem de ouro
[17/7/2016 16:58:7] /m homem de ouro
[17/7/2016 16:58:7] /m homem de ouro
[17/7/2016 16:58:7] /m homem de ouro
[17/7/2016 16:58:7] /m homem de ouro
[17/7/2016 16:58:8] /m homem de ouro
[17/7/2016 16:58:8] /m homem de ouro
[17/7/2016 16:58:8] /a 3
[17/7/2016 16:58:8] /bc green NINJAS DE OURO ( KONOHA )
[17/7/2016 16:58:8] /m homem de ouro
[17/7/2016 16:58:8] /a 3
[17/7/2016 16:58:8] /bc green NINJAS DE OURO ( KONOHA )
[17/7/2016 16:58:8] /m homem de ouro
[17/7/2016 16:58:8] /a 3
[17/7/2016 16:58:9] /m homem de ouro
[17/7/2016 16:58:9] /a 3
[17/7/2016 16:58:9] /bc green NINJAS DE OURO ( KONOHA )
[17/7/2016 16:58:9] /m homem de ouro
[17/7/2016 16:58:9] /a 3
[17/7/2016 16:58:9] /bc green NINJAS DE OURO ( KONOHA )
[17/7/2016 16:58:9] /m homem de ouro
[17/7/2016 16:58:9] /a 3
[17/7/2016 16:58:9] /m homem de ouro
[17/7/2016 16:58:10] /a 3
[17/7/2016 16:58:10] /m homem de ouro
[17/7/2016 16:58:10] /m homem de ouro
[17/7/2016 16:58:10] /a 3
[17/7/2016 16:58:10] /m homem de ouro
[17/7/2016 16:58:11] /m homem de ouro
[17/7/2016 16:58:11] /m homem de ouro
[17/7/2016 16:58:11] /m homem de ouro
[17/7/2016 16:58:11] /m homem de ouro
[17/7/2016 16:58:11] /m homem de ouro
[17/7/2016 16:58:11] /m homem de ouro
[17/7/2016 16:58:11] /a 3
[17/7/2016 16:58:11] /m homem de ouro
[17/7/2016 16:58:12] /m homem de ouro
[17/7/2016 16:58:12] /m homem de ouro
[17/7/2016 16:58:12] /m homem de ouro
[17/7/2016 16:58:12] /m homem de ouro
[17/7/2016 16:58:12] /m homem de ouro
[17/7/2016 16:58:12] /m homem de ouro
[17/7/2016 16:58:12] /m homem de ouro
[17/7/2016 16:58:12] /m homem de ouro
[17/7/2016 16:58:12] /m homem de ouro
[17/7/2016 16:58:12] /m homem de ouro
[17/7/2016 16:58:13] /bc green NINJAS DE OURO ( KONOHA )
[17/7/2016 16:58:13] /m homem de ouro
[17/7/2016 16:58:13] /a 3
[17/7/2016 16:58:13] /m homem de ouro
[17/7/2016 17:0:2] /m homem de ouro
[17/7/2016 17:0:3] /a 3
[17/7/2016 17:0:3] /bc green NINJAS DE OURO ( KONOHA )
[17/7/2016 17:0:3] /a 3
[17/7/2016 17:0:3] /m homem de ouro
[17/7/2016 17:0:3] /a 3
[17/7/2016 17:0:3] /bc green NINJAS DE OURO ( KONOHA )
[17/7/2016 17:0:3] /m homem de ouro
[17/7/2016 17:0:4] /a 3
[17/7/2016 17:0:4] /bc green NINJAS DE OURO ( KONOHA )
[17/7/2016 17:0:4] /m homem de ouro
[17/7/2016 17:0:4] /a 3
[17/7/2016 17:0:4] /m homem de ouro
[17/7/2016 17:0:5] /m homem de ouro
[17/7/2016 17:0:5] /m homem de ouro
[17/7/2016 17:0:5] /m homem de ouro
[17/7/2016 17:0:5] /m homem de ouro
[17/7/2016 17:0:5] /m homem de ouro
[17/7/2016 17:0:5] /m homem de ouro
[17/7/2016 17:0:5] /m homem de ouro
[17/7/2016 17:0:5] /m homem de ouro
[17/7/2016 17:0:5] /m homem de ouro
[17/7/2016 17:0:5] /m homem de ouro
[17/7/2016 17:0:5] /m homem de ouro
[17/7/2016 17:0:5] /m homem de ouro
[17/7/2016 17:0:5] /m homem de ouro
[17/7/2016 17:0:5] /m homem de ouro
[17/7/2016 17:0:5] /m homem de ouro
[17/7/2016 17:0:6] /m homem de ouro
[17/7/2016 17:0:6] /m homem de ouro
[17/7/2016 17:0:6] /m homem de ouro
[17/7/2016 17:0:6] /m homem de ouro
[17/7/2016 17:0:6] /m homem de ouro
[17/7/2016 17:0:6] /m homem de ouro
[17/7/2016 17:0:6] /m homem de ouro
[17/7/2016 17:0:6] /m homem de ouro
[17/7/2016 17:0:6] /m homem de ouro
[17/7/2016 17:0:6] /m homem de ouro
[17/7/2016 17:0:6] /m homem de ouro
[17/7/2016 17:0:6] /m homem de ouro
[17/7/2016 17:0:6] /m homem de ouro
[17/7/2016 17:0:6] /m homem de ouro
[17/7/2016 17:0:6] /m homem de ouro
[17/7/2016 17:0:6] /m homem de ouro
[17/7/2016 17:0:6] /m homem de ouro
[17/7/2016 17:0:6] /m homem de ouro
[17/7/2016 17:0:6] /m homem de ouro
[17/7/2016 17:0:6] /m homem de ouro
[17/7/2016 17:0:6] /m homem de ouro
[17/7/2016 17:0:6] /bc green NINJAS DE OURO ( KONOHA )
[17/7/2016 17:0:7] /m homem de ouro
[17/7/2016 17:0:7] /m homem de ouro
[17/7/2016 17:0:7] /m homem de ouro
[17/7/2016 17:0:7] /m homem de ouro
[17/7/2016 17:0:7] /m homem de ouro
[17/7/2016 17:0:7] /m homem de ouro
[17/7/2016 17:0:7] /m homem de ouro
[17/7/2016 17:0:7] /m homem de ouro
[17/7/2016 17:0:29] /m homem de ouro
[17/7/2016 17:0:29] /a 3
[17/7/2016 17:0:30] /bc green NINJAS DE OURO ( KONOHA )
[17/7/2016 17:0:30] /m homem de ouro
[17/7/2016 17:0:30] /m homem de ouro
[17/7/2016 17:0:30] /m homem de ouro
[17/7/2016 17:0:30] /m homem de ouro
[17/7/2016 17:0:30] /a 3
[17/7/2016 17:0:30] /bc green NINJAS DE OURO ( KONOHA )
[17/7/2016 17:0:30] /m homem de ouro
[17/7/2016 17:0:31] /m homem de ouro
[17/7/2016 17:0:31] /m homem de ouro
[17/7/2016 17:0:31] /m homem de ouro
[17/7/2016 17:0:31] /m homem de ouro
[17/7/2016 17:0:31] /m homem de ouro
[17/7/2016 17:0:31] /m homem de ouro
[17/7/2016 17:0:31] /m homem de ouro
[17/7/2016 17:0:31] /m homem de ouro
[17/7/2016 17:0:31] /m homem de ouro
[17/7/2016 17:0:31] /m homem de ouro
[17/7/2016 17:0:31] /m homem de ouro
[17/7/2016 17:0:31] /m homem de ouro
[17/7/2016 17:0:31] /m homem de ouro
[17/7/2016 17:0:31] /m homem de ouro
[17/7/2016 17:0:31] /m homem de ouro
[17/7/2016 17:0:31] /m homem de ouro
[17/7/2016 17:0:32] /m homem de ouro
[17/7/2016 17:0:32] /m homem de ouro
[17/7/2016 17:0:32] /m homem de ouro
[17/7/2016 17:0:32] /m homem de ouro
[17/7/2016 17:0:32] /m homem de ouro
[17/7/2016 17:0:32] /m homem de ouro
[17/7/2016 17:0:32] /m homem de ouro
[17/7/2016 17:0:32] /m homem de ouro
[17/7/2016 17:0:32] /m homem de ouro
[17/7/2016 17:0:32] /m homem de ouro
[17/7/2016 17:0:32] /m homem de ouro
[17/7/2016 17:0:32] /bc green NINJAS DE OURO ( KONOHA )
[17/7/2016 17:0:32] /m homem de ouro
[17/7/2016 17:0:32] /a 3
[17/7/2016 17:0:32] /bc green NINJAS DE OURO ( KONOHA )
[17/7/2016 17:0:32] /m homem de ouro
[17/7/2016 17:0:33] /m homem de ouro
[17/7/2016 17:0:33] /m homem de ouro
[17/7/2016 17:0:33] /m homem de ouro
[17/7/2016 17:0:33] /m homem de ouro
[17/7/2016 17:0:33] /m homem de ouro
[17/7/2016 17:0:33] /m homem de ouro
[17/7/2016 17:0:33] /m homem de ouro
[17/7/2016 17:0:33] /m homem de ouro
[17/7/2016 17:0:33] /m homem de ouro
[17/7/2016 17:0:33] /m homem de ouro
[17/7/2016 17:0:33] /m homem de ouro
[17/7/2016 17:0:33] /m homem de ouro
[17/7/2016 17:0:33] /a 3
[17/7/2016 17:0:34] /bc green NINJAS DE OURO ( KONOHA )
[17/7/2016 17:0:34] /m homem de ouro
[17/7/2016 17:0:34] /a 3
[17/7/2016 17:0:34] /m homem de ouro
[17/7/2016 17:0:34] /m homem de ouro
[17/7/2016 17:0:34] /m homem de ouro
[17/7/2016 17:0:34] /m homem de ouro
[17/7/2016 17:0:34] /m homem de ouro
[17/7/2016 17:0:34] /m homem de ouro
[17/7/2016 17:0:35] /m homem de ouro
[17/7/2016 17:0:35] /m homem de ouro
[17/7/2016 17:0:35] /m homem de ouro
[17/7/2016 17:0:35] /m homem de ouro
[17/7/2016 17:0:35] /m homem de ouro
[17/7/2016 17:0:35] /m homem de ouro
[17/7/2016 17:0:35] /m homem de ouro
[17/7/2016 17:0:35] /m homem de ouro
[17/7/2016 17:0:35] /m homem de ouro
[17/7/2016 17:0:35] /m homem de ouro
[17/7/2016 17:0:35] /m homem de ouro
[17/7/2016 17:0:35] /m homem de ouro
[17/7/2016 17:0:35] /m homem de ouro
[17/7/2016 17:0:35] /m homem de ouro
[17/7/2016 17:0:35] /m homem de ouro
[17/7/2016 17:0:35] /m homem de ouro
[17/7/2016 17:0:35] /m homem de ouro
[17/7/2016 17:0:35] /m homem de ouro
[17/7/2016 17:0:35] /m homem de ouro
[17/7/2016 17:0:35] /m homem de ouro
[17/7/2016 17:0:35] /m homem de ouro
[17/7/2016 17:0:35] /m homem de ouro
[17/7/2016 17:0:35] /m homem de ouro
[17/7/2016 17:0:35] /m homem de ouro
[17/7/2016 17:0:35] /m homem de ouro
[17/7/2016 17:0:35] /a 3
[17/7/2016 17:0:36] /bc green NINJAS DE OURO ( KONOHA )
[17/7/2016 17:0:36] /m homem de ouro
[17/7/2016 17:0:36] /m homem de ouro
[17/7/2016 17:0:36] /m homem de ouro
[17/7/2016 17:0:36] /m homem de ouro
[17/7/2016 17:0:36] /m homem de ouro
[17/7/2016 17:0:36] /m homem de ouro
[17/7/2016 17:0:36] /m homem de ouro
[17/7/2016 17:0:36] /m homem de ouro
[17/7/2016 17:0:36] /m homem de ouro
[17/7/2016 17:0:36] /m homem de ouro
[17/7/2016 17:0:36] /m homem de ouro
[17/7/2016 17:0:36] /m homem de ouro
[17/7/2016 17:0:37] /m homem de ouro
[17/7/2016 17:0:37] /m homem de ouro
[17/7/2016 17:0:37] /m homem de ouro
[17/7/2016 17:0:37] /m homem de ouro
[17/7/2016 17:0:37] /m homem de ouro
[17/7/2016 17:0:37] /m homem de ouro
[17/7/2016 17:0:37] /m homem de ouro
[17/7/2016 17:0:37] /m homem de ouro
[17/7/2016 17:0:37] /m homem de ouro
[17/7/2016 17:0:37] /m homem de ouro
[17/7/2016 17:0:37] /m homem de ouro
[17/7/2016 17:0:37] /m homem de ouro
[17/7/2016 17:0:37] /m homem de ouro
[17/7/2016 17:0:37] /bc green NINJAS DE OURO ( KONOHA )
[17/7/2016 17:0:37] /a 3
[17/7/2016 17:0:38] /bc green NINJAS DE OURO ( KONOHA )
[17/7/2016 17:0:38] /m homem de ouro
[17/7/2016 17:0:38] /m homem de ouro
[17/7/2016 17:0:38] /m homem de ouro
[17/7/2016 17:0:38] /m homem de ouro
[17/7/2016 17:0:38] /m homem de ouro
[17/7/2016 17:0:38] /m homem de ouro
[17/7/2016 17:0:38] /m homem de ouro
[17/7/2016 17:0:38] /m homem de ouro
[17/7/2016 17:0:39] /m homem de ouro
[17/7/2016 17:0:39] /m homem de ouro
[17/7/2016 17:0:39] /m homem de ouro
[17/7/2016 17:0:39] /m homem de ouro
[17/7/2016 17:0:39] /m homem de ouro
[17/7/2016 17:0:39] /m homem de ouro
[17/7/2016 17:0:39] /m homem de ouro
[17/7/2016 17:0:39] /m homem de ouro
[17/7/2016 17:0:39] /m homem de ouro
[17/7/2016 17:0:39] /m homem de ouro
[17/7/2016 17:0:39] /m homem de ouro
[17/7/2016 17:0:39] /m homem de ouro
[17/7/2016 17:0:39] /m homem de ouro
[17/7/2016 17:0:39] /m homem de ouro
[17/7/2016 17:0:39] /m homem de ouro
[17/7/2016 17:0:39] /m homem de ouro
[17/7/2016 17:0:39] /m homem de ouro
[17/7/2016 17:0:39] /m homem de ouro
[17/7/2016 17:0:39] /m homem de ouro
[17/7/2016 17:0:39] /m homem de ouro
[17/7/2016 17:0:39] /m homem de ouro
[17/7/2016 17:0:39] /m homem de ouro
[17/7/2016 17:0:39] /m homem de ouro
[17/7/2016 17:0:39] /bc green NINJAS DE OURO ( KONOHA )
[17/7/2016 17:0:39] /a 3
[17/7/2016 17:0:39] /m homem de ouro
[17/7/2016 17:0:39] /bc green NINJAS DE OURO ( KONOHA )
[17/7/2016 17:0:42] /a 3
[17/7/2016 17:0:42] /bc green NINJAS DE OURO ( KONOHA )
[17/7/2016 17:0:42] /m homem de ouro
[17/7/2016 17:0:43] /m homem de ouro
[17/7/2016 17:0:43] /m homem de ouro
[17/7/2016 17:0:43] /m homem de ouro
[17/7/2016 17:0:43] /m homem de ouro
[17/7/2016 17:0:44] /a 3
[17/7/2016 17:0:44] /bc green NINJAS DE OURO ( KONOHA )
[17/7/2016 17:0:44] /m homem de ouro
[17/7/2016 17:0:44] /a 3
[17/7/2016 17:0:45] /m homem de ouro
[17/7/2016 17:0:45] /m homem de ouro
[17/7/2016 17:0:45] /m homem de ouro
[17/7/2016 17:0:45] /m homem de ouro
[17/7/2016 17:0:45] /m homem de ouro
[17/7/2016 17:0:45] /m homem de ouro
[17/7/2016 17:0:45] /m homem de ouro
[17/7/2016 17:0:45] /m homem de ouro
[17/7/2016 17:0:45] /m homem de ouro
[17/7/2016 17:0:45] /m homem de ouro
[17/7/2016 17:0:45] /m homem de ouro
[17/7/2016 17:0:45] /m homem de ouro
[17/7/2016 17:0:45] /m homem de ouro
[17/7/2016 17:0:45] /m homem de ouro
[17/7/2016 17:0:46] /m homem de ouro
[17/7/2016 17:0:46] /m homem de ouro
[17/7/2016 17:0:46] /m homem de ouro
[17/7/2016 17:0:46] /m homem de ouro
[17/7/2016 17:0:46] /m homem de ouro
[17/7/2016 17:0:46] /m homem de ouro
[17/7/2016 17:0:46] /m homem de ouro
[17/7/2016 17:0:46] /m homem de ouro
[17/7/2016 17:0:46] /m homem de ouro
[17/7/2016 17:0:46] /m homem de ouro
[17/7/2016 17:0:46] /m homem de ouro
[17/7/2016 17:0:46] /m homem de ouro
[17/7/2016 17:0:46] /m homem de ouro
[17/7/2016 17:0:46] /m homem de ouro
[17/7/2016 17:0:46] /m homem de ouro
[17/7/2016 17:0:46] /m homem de ouro
[17/7/2016 17:0:46] /m homem de ouro
[17/7/2016 17:0:46] /m homem de ouro
[17/7/2016 17:0:46] /m homem de ouro
[17/7/2016 17:0:46] /m homem de ouro
[17/7/2016 17:0:46] /m homem de ouro
[17/7/2016 17:0:47] /m homem de ouro
[17/7/2016 17:0:48] /m homem de ouro
[17/7/2016 17:0:48] /m homem de ouro
[17/7/2016 17:0:48] /m homem de ouro
[17/7/2016 17:0:48] /m homem de ouro
[17/7/2016 17:0:48] /m homem de ouro
[17/7/2016 17:0:48] /m homem de ouro
[17/7/2016 17:0:48] /m homem de ouro
[17/7/2016 17:0:48] /m homem de ouro
[17/7/2016 17:0:48] /m homem de ouro
[17/7/2016 17:0:48] /m homem de ouro
[17/7/2016 17:0:48] /m homem de ouro
[17/7/2016 17:0:48] /m homem de ouro
[17/7/2016 17:0:48] /m homem de ouro
[17/7/2016 17:0:48] /m homem de ouro
[17/7/2016 17:0:49] /a 3
[17/7/2016 17:0:49] /a 3
[17/7/2016 17:0:49] /a 3
[17/7/2016 17:0:49] /m homem de ouro
[17/7/2016 17:0:49] /m homem de ouro
[17/7/2016 17:0:50] /m homem de ouro
[17/7/2016 17:0:50] /m homem de ouro
[17/7/2016 17:0:50] /m homem de ouro
[17/7/2016 17:0:50] /m homem de ouro
[17/7/2016 17:0:50] /m homem de ouro
[17/7/2016 17:0:50] /m homem de ouro
[17/7/2016 17:0:50] /m homem de ouro
[17/7/2016 17:0:50] /m homem de ouro
[17/7/2016 17:0:50] /m homem de ouro
[17/7/2016 17:0:50] /m homem de ouro
[17/7/2016 17:0:50] /m homem de ouro
[17/7/2016 17:0:50] /m homem de ouro
[17/7/2016 17:0:50] /m homem de ouro
[17/7/2016 17:0:50] /m homem de ouro
[17/7/2016 17:0:50] /m homem de ouro
[17/7/2016 17:0:50] /m homem de ouro
[17/7/2016 17:0:50] /m homem de ouro
[17/7/2016 17:0:50] /m homem de ouro
[17/7/2016 17:0:50] /m homem de ouro
[17/7/2016 17:0:50] /m homem de ouro
[17/7/2016 17:0:50] /m homem de ouro
[17/7/2016 17:0:50] /m homem de ouro
[17/7/2016 17:0:50] /m homem de ouro
[17/7/2016 17:0:50] /a 3
[17/7/2016 17:0:51] /m homem de ouro
[17/7/2016 17:0:51] /m homem de ouro
[17/7/2016 17:0:51] /m homem de ouro
[17/7/2016 17:0:51] /m homem de ouro
[17/7/2016 17:0:51] /m homem de ouro
[17/7/2016 17:0:51] /m homem de ouro
[17/7/2016 17:0:51] /m homem de ouro
[17/7/2016 17:0:51] /m homem de ouro
[17/7/2016 17:0:51] /m homem de ouro
[17/7/2016 17:0:51] /m homem de ouro
[17/7/2016 17:0:51] /m homem de ouro
[17/7/2016 17:0:51] /m homem de ouro
[17/7/2016 17:0:51] /m homem de ouro
[17/7/2016 17:0:52] /m homem de ouro
[17/7/2016 17:0:52] /m homem de ouro
[17/7/2016 17:0:52] /m homem de ouro
[17/7/2016 17:0:52] /m homem de ouro
[17/7/2016 17:0:52] /m homem de ouro
[17/7/2016 17:0:52] /m homem de ouro
[17/7/2016 17:0:52] /m homem de ouro
[17/7/2016 17:0:52] /m homem de ouro
[17/7/2016 17:0:52] /m homem de ouro
[17/7/2016 17:0:52] /m homem de ouro
[17/7/2016 17:0:52] /m homem de ouro
[17/7/2016 17:0:52] /m homem de ouro
[17/7/2016 17:0:52] /m homem de ouro
[17/7/2016 17:0:52] /m homem de ouro
[17/7/2016 17:0:52] /m homem de ouro
[17/7/2016 17:0:52] /m homem de ouro
[17/7/2016 17:0:52] /m homem de ouro
[17/7/2016 17:0:52] /m homem de ouro
[17/7/2016 17:0:52] /m homem de ouro
[17/7/2016 17:0:52] /m homem de ouro
[17/7/2016 17:0:52] /m homem de ouro
[17/7/2016 17:0:52] /m homem de ouro
[17/7/2016 17:0:52] /m homem de ouro
[17/7/2016 17:0:52] /m homem de ouro
[17/7/2016 17:0:52] /m homem de ouro
[17/7/2016 17:0:52] /a 3
[17/7/2016 17:0:53] /m homem de ouro
[17/7/2016 17:0:53] /bc green NINJAS DE OURO ( KONOHA )
[17/7/2016 17:0:53] /a 3
[17/7/2016 17:0:55] /m homem de ouro
[17/7/2016 17:0:55] /m homem de ouro
[17/7/2016 17:0:55] /m homem de ouro
[17/7/2016 17:0:55] /m homem de ouro
[17/7/2016 17:0:55] /m homem de ouro
[17/7/2016 17:0:55] /m homem de ouro
[17/7/2016 17:0:55] /m homem de ouro
[17/7/2016 17:0:55] /m homem de ouro
[17/7/2016 17:0:55] /m homem de ouro
[17/7/2016 17:0:55] /m homem de ouro
[17/7/2016 17:0:55] /m homem de ouro
[17/7/2016 17:0:55] /m homem de ouro
[17/7/2016 17:0:55] /m homem de ouro
[17/7/2016 17:0:55] /m homem de ouro
[17/7/2016 17:0:55] /m homem de ouro
[17/7/2016 17:0:56] /m homem de ouro
[17/7/2016 17:0:56] /m homem de ouro
[17/7/2016 17:0:56] /m homem de ouro
[17/7/2016 17:0:56] /m homem de ouro
[17/7/2016 17:0:56] /m homem de ouro
[17/7/2016 17:0:56] /m homem de ouro
[17/7/2016 17:0:56] /m homem de ouro
[17/7/2016 17:0:56] /m homem de ouro
[17/7/2016 17:0:56] /m homem de ouro
[17/7/2016 17:0:56] /bc green NINJAS DE OURO ( KONOHA )
[17/7/2016 17:0:57] /m homem de ouro
[17/7/2016 17:0:57] /a 3
[17/7/2016 17:0:57] /m homem de ouro
[17/7/2016 17:0:57] /m homem de ouro
[17/7/2016 17:0:57] /m homem de ouro
[17/7/2016 17:0:57] /m homem de ouro
[17/7/2016 17:0:57] /m homem de ouro
[17/7/2016 17:0:57] /m homem de ouro
[17/7/2016 17:0:57] /m homem de ouro
[17/7/2016 17:0:57] /m homem de ouro
[17/7/2016 17:0:57] /m homem de ouro
[17/7/2016 17:0:57] /m homem de ouro
[17/7/2016 17:0:57] /m homem de ouro
[17/7/2016 17:0:57] /m homem de ouro
[17/7/2016 17:0:57] /m homem de ouro
[17/7/2016 17:0:57] /m homem de ouro
[17/7/2016 17:0:57] /m homem de ouro
[17/7/2016 17:0:58] /m homem de ouro
[17/7/2016 17:0:58] /m homem de ouro
[17/7/2016 17:0:58] /m homem de ouro
[17/7/2016 17:0:58] /m homem de ouro
[17/7/2016 17:0:58] /m homem de ouro
[17/7/2016 17:0:58] /m homem de ouro
[17/7/2016 17:0:58] /m homem de ouro
[17/7/2016 17:0:58] /m homem de ouro
[17/7/2016 17:0:58] /m homem de ouro
[17/7/2016 17:0:58] /m homem de ouro
[17/7/2016 17:0:58] /m homem de ouro
[17/7/2016 17:0:58] /m homem de ouro
[17/7/2016 17:0:58] /m homem de ouro
[17/7/2016 17:0:58] /m homem de ouro
[17/7/2016 17:0:58] /a 3
[17/7/2016 17:0:58] /bc green NINJAS DE OURO ( KONOHA )
[17/7/2016 17:0:58] /m homem de ouro
[17/7/2016 17:0:58] /a 3
[17/7/2016 17:0:58] /m homem de ouro
[17/7/2016 17:0:59] /m homem de ouro
[17/7/2016 17:0:59] /m homem de ouro
[17/7/2016 17:0:59] /m homem de ouro
[17/7/2016 17:0:59] /m homem de ouro
[17/7/2016 17:0:59] /m homem de ouro
[17/7/2016 17:0:59] /m homem de ouro
[17/7/2016 17:0:59] /m homem de ouro
[17/7/2016 17:0:59] /m homem de ouro
[17/7/2016 17:0:59] /m homem de ouro
[17/7/2016 17:0:59] /m homem de ouro
[17/7/2016 17:0:59] /m homem de ouro
[17/7/2016 17:0:59] /m homem de ouro
[17/7/2016 17:0:59] /m homem de ouro
[17/7/2016 17:0:59] /m homem de ouro
[17/7/2016 17:1:0] /m homem de ouro
[17/7/2016 17:1:0] /m homem de ouro
[17/7/2016 17:1:0] /m homem de ouro
[17/7/2016 17:1:0] /m homem de ouro
[17/7/2016 17:1:0] /m homem de ouro
[17/7/2016 17:1:0] /m homem de ouro
[17/7/2016 17:1:0] /m homem de ouro
[17/7/2016 17:1:0] /a 3
[17/7/2016 17:1:0] /bc green NINJAS DE OURO ( KONOHA )
[17/7/2016 17:1:0] /m homem de ouro
[17/7/2016 17:1:0] /a 3
[17/7/2016 17:1:1] /m homem de ouro
[17/7/2016 17:1:2] /m homem de ouro
[17/7/2016 17:1:2] /m homem de ouro
[17/7/2016 17:1:2] /m homem de ouro
[17/7/2016 17:1:2] /m homem de ouro
[17/7/2016 17:1:2] /m homem de ouro
[17/7/2016 17:1:2] /m homem de ouro
[17/7/2016 17:1:2] /m homem de ouro
[17/7/2016 17:1:2] /m homem de ouro
[17/7/2016 17:1:2] /m homem de ouro
[17/7/2016 17:1:2] /m homem de ouro
[17/7/2016 17:1:2] /m homem de ouro
[17/7/2016 17:1:2] /m homem de ouro
[17/7/2016 17:1:2] /m homem de ouro
[17/7/2016 17:1:2] /m homem de ouro
[17/7/2016 17:1:2] /m homem de ouro
[17/7/2016 17:1:2] /m homem de ouro
[17/7/2016 17:1:2] /m homem de ouro
[17/7/2016 17:1:3] /m homem de ouro
[17/7/2016 17:1:3] /m homem de ouro
[17/7/2016 17:1:3] /m homem de ouro
[17/7/2016 17:1:3] /m homem de ouro
[17/7/2016 17:1:3] /m homem de ouro
[17/7/2016 17:1:3] /m homem de ouro
[17/7/2016 17:1:3] /m homem de ouro
[17/7/2016 17:1:3] /m homem de ouro
[17/7/2016 17:1:3] /bc green NINJAS DE OURO ( KONOHA )
[17/7/2016 17:1:3] /a 3
[17/7/2016 17:1:4] /bc green NINJAS DE OURO ( KONOHA )
[17/7/2016 17:1:4] /m homem de ouro
[17/7/2016 17:1:4] /a 3
[17/7/2016 17:1:4] /bc green NINJAS DE OURO ( KONOHA )
[17/7/2016 17:1:4] /m homem de ouro
[17/7/2016 17:1:4] /a 3
[17/7/2016 17:1:4] /bc green NINJAS DE OURO ( KONOHA )
[17/7/2016 17:1:4] /m homem de ouro
[17/7/2016 17:1:5] /m homem de ouro
[17/7/2016 17:1:5] /m homem de ouro
[17/7/2016 17:1:5] /m homem de ouro
[17/7/2016 17:1:5] /m homem de ouro
[17/7/2016 17:1:5] /m homem de ouro
[17/7/2016 17:1:5] /m homem de ouro
[17/7/2016 17:1:5] /m homem de ouro
[17/7/2016 17:1:5] /m homem de ouro
[17/7/2016 17:1:5] /m homem de ouro
[17/7/2016 17:1:5] /m homem de ouro
[17/7/2016 17:1:5] /m homem de ouro
[17/7/2016 17:1:5] /m homem de ouro
[17/7/2016 17:1:5] /m homem de ouro
[17/7/2016 17:1:5] /m homem de ouro
[17/7/2016 17:1:5] /m homem de ouro
[17/7/2016 17:1:5] /m homem de ouro
[17/7/2016 17:1:5] /m homem de ouro
[17/7/2016 17:1:5] /m homem de ouro
[17/7/2016 17:1:5] /m homem de ouro
[17/7/2016 17:1:5] /m homem de ouro
[17/7/2016 17:1:5] /m homem de ouro
[17/7/2016 17:1:5] /m homem de ouro
[17/7/2016 17:1:5] /m homem de ouro
[17/7/2016 17:1:5] /a 3
[17/7/2016 17:1:6] /bc green NINJAS DE OURO ( KONOHA )
[17/7/2016 17:1:6] /m homem de ouro
[17/7/2016 17:1:6] /a 3
[17/7/2016 17:1:6] /bc green NINJAS DE OURO ( KONOHA )
[17/7/2016 17:1:6] /m homem de ouro
[17/7/2016 17:1:6] /a 3
[17/7/2016 17:1:6] /bc green NINJAS DE OURO ( KONOHA )
[17/7/2016 17:1:6] /m homem de ouro
[17/7/2016 17:1:7] /m homem de ouro
[17/7/2016 17:1:7] /m homem de ouro
[17/7/2016 17:1:7] /m homem de ouro
[17/7/2016 17:1:7] /m homem de ouro
[17/7/2016 17:1:7] /m homem de ouro
[17/7/2016 17:1:7] /m homem de ouro
[17/7/2016 17:1:7] /m homem de ouro
[17/7/2016 17:1:7] /m homem de ouro
[17/7/2016 17:1:7] /m homem de ouro
[17/7/2016 17:1:7] /m homem de ouro
[17/7/2016 17:1:7] /m homem de ouro
[17/7/2016 17:1:7] /m homem de ouro
[17/7/2016 17:1:7] /m homem de ouro
[17/7/2016 17:1:7] /m homem de ouro
[17/7/2016 17:1:7] /m homem de ouro
[17/7/2016 17:1:7] /m homem de ouro
[17/7/2016 17:1:7] /m homem de ouro
[17/7/2016 17:1:7] /m homem de ouro
[17/7/2016 17:1:7] /m homem de ouro
[17/7/2016 17:1:7] /m homem de ouro
[17/7/2016 17:1:7] /m homem de ouro
[17/7/2016 17:1:7] /m homem de ouro
[17/7/2016 17:1:7] /m homem de ouro
[17/7/2016 17:1:8] /m homem de ouro
[17/7/2016 17:1:8] /m homem de ouro
[17/7/2016 17:1:8] /m homem de ouro
[17/7/2016 17:1:8] /m homem de ouro
[17/7/2016 17:1:8] /m homem de ouro
[17/7/2016 17:1:8] /m homem de ouro
[17/7/2016 17:1:8] /m homem de ouro
[17/7/2016 17:1:8] /m homem de ouro
[17/7/2016 17:1:8] /m homem de ouro
[17/7/2016 17:1:8] /m homem de ouro
[17/7/2016 17:1:8] /m homem de ouro
[17/7/2016 17:1:8] /m homem de ouro
[17/7/2016 17:1:8] /m homem de ouro
[17/7/2016 17:1:8] /m homem de ouro
[17/7/2016 17:1:8] /m homem de ouro
[17/7/2016 17:1:8] /m homem de ouro
[17/7/2016 17:1:8] /m homem de ouro
[17/7/2016 17:1:8] /m homem de ouro
[17/7/2016 17:1:8] /m homem de ouro
[17/7/2016 17:1:8] /m homem de ouro
[17/7/2016 17:1:8] /m homem de ouro
[17/7/2016 17:1:8] /m homem de ouro
[17/7/2016 17:1:8] /m homem de ouro
[17/7/2016 17:1:8] /m homem de ouro
[17/7/2016 17:1:8] /m homem de ouro
[17/7/2016 17:1:8] /m homem de ouro
[17/7/2016 17:1:8] /m homem de ouro
[17/7/2016 17:1:9] /m homem de ouro
[17/7/2016 17:1:9] /m homem de ouro
[17/7/2016 17:1:9] /m homem de ouro
[17/7/2016 17:1:9] /m homem de ouro
[17/7/2016 17:1:9] /m homem de ouro
[17/7/2016 17:1:9] /m homem de ouro
[17/7/2016 17:1:9] /m homem de ouro
[17/7/2016 17:1:9] /m homem de ouro
[17/7/2016 17:1:9] /m homem de ouro
[17/7/2016 17:1:9] /m homem de ouro
[17/7/2016 17:1:9] /m homem de ouro
[17/7/2016 17:1:9] /m homem de ouro
[17/7/2016 17:1:9] /a 3
[17/7/2016 17:1:9] /m homem de ouro
[17/7/2016 17:1:10] /a 3
[17/7/2016 17:1:10] /m homem de ouro
[17/7/2016 17:2:15] /m homem de ouro
[17/7/2016 17:2:15] /a 3
[17/7/2016 17:2:15] /bc green NINJAS DE OURO ( KONOHA )
[17/7/2016 17:2:15] /m homem de ouro
[17/7/2016 17:2:16] /a 3
[17/7/2016 17:2:17] /m homem de ouro
[17/7/2016 17:2:19] /m homem de ouro
[17/7/2016 17:2:19] /m homem de ouro
[17/7/2016 17:2:19] /m homem de ouro
[17/7/2016 17:2:19] /m homem de ouro
[17/7/2016 17:2:19] /m homem de ouro
[17/7/2016 17:2:19] /m homem de ouro
[17/7/2016 17:2:19] /m homem de ouro
[17/7/2016 17:2:20] /m homem de ouro
[17/7/2016 17:2:20] /m homem de ouro
[17/7/2016 17:2:20] /m homem de ouro
[17/7/2016 17:2:20] /m homem de ouro
[17/7/2016 17:2:20] /m homem de ouro
[17/7/2016 17:2:20] /m homem de ouro
[17/7/2016 17:2:20] /m homem de ouro
[17/7/2016 17:2:20] /m homem de ouro
[17/7/2016 17:2:20] /m homem de ouro
[17/7/2016 17:2:20] /m homem de ouro
[17/7/2016 17:2:20] /m homem de ouro
[17/7/2016 17:2:20] /m homem de ouro
[17/7/2016 17:2:20] /m homem de ouro
[17/7/2016 17:2:20] /m homem de ouro
[17/7/2016 17:2:20] /m homem de ouro
[17/7/2016 17:2:20] /m homem de ouro
[17/7/2016 17:2:20] /m homem de ouro
[17/7/2016 17:2:20] /m homem de ouro
[17/7/2016 17:2:20] /m homem de ouro
[17/7/2016 17:2:20] /m homem de ouro
[17/7/2016 17:2:20] /m homem de ouro
[17/7/2016 17:2:20] /m homem de ouro
[17/7/2016 17:2:20] /m homem de ouro
[17/7/2016 17:2:20] /m homem de ouro
[17/7/2016 17:2:20] /m homem de ouro
[17/7/2016 17:2:20] /m homem de ouro
[17/7/2016 17:2:20] /m homem de ouro
[17/7/2016 17:2:20] /m homem de ouro
[17/7/2016 17:2:20] /m homem de ouro
[17/7/2016 17:2:20] /m homem de ouro
[17/7/2016 17:2:20] /m homem de ouro
[17/7/2016 17:2:21] /m homem de ouro
[17/7/2016 17:2:21] /a 3
[17/7/2016 17:2:21] /bc green NINJAS DE OURO ( KONOHA )
[17/7/2016 17:2:21] /a 3
[17/7/2016 17:2:21] /bc green NINJAS DE OURO ( KONOHA )
[17/7/2016 17:2:21] /m homem de ouro
[17/7/2016 17:2:21] /m homem de ouro
[17/7/2016 17:2:22] /m homem de ouro
[17/7/2016 17:2:22] /m homem de ouro
[17/7/2016 17:2:22] /m homem de ouro
[17/7/2016 17:2:22] /m homem de ouro
[17/7/2016 17:2:22] /m homem de ouro
[17/7/2016 17:2:22] /m homem de ouro
[17/7/2016 17:2:22] /m homem de ouro
[17/7/2016 17:2:22] /m homem de ouro
[17/7/2016 17:2:22] /m homem de ouro
[17/7/2016 17:2:22] /m homem de ouro
[17/7/2016 17:2:22] /m homem de ouro
[17/7/2016 17:2:22] /m homem de ouro
[17/7/2016 17:2:22] /m homem de ouro
[17/7/2016 17:2:22] /m homem de ouro
[17/7/2016 17:2:22] /m homem de ouro
[17/7/2016 17:2:22] /m homem de ouro
[17/7/2016 17:2:22] /m homem de ouro
[17/7/2016 17:2:22] /m homem de ouro
[17/7/2016 17:2:22] /m homem de ouro
[17/7/2016 17:2:22] /m homem de ouro
[17/7/2016 17:2:22] /m homem de ouro
[17/7/2016 17:2:22] /m homem de ouro
[17/7/2016 17:2:22] /m homem de ouro
[17/7/2016 17:2:22] /m homem de ouro
[17/7/2016 17:2:22] /m homem de ouro
[17/7/2016 17:2:22] /m homem de ouro
[17/7/2016 17:2:22] /m homem de ouro
[17/7/2016 17:2:22] /a 3
[17/7/2016 17:2:23] /bc green NINJAS DE OURO ( KONOHA )
[17/7/2016 17:2:23] /m homem de ouro
[17/7/2016 17:2:23] /a 3
[17/7/2016 17:2:23] /bc green NINJAS DE OURO ( KONOHA )
[17/7/2016 17:2:23] /m homem de ouro
[17/7/2016 17:2:23] /m homem de ouro
[17/7/2016 17:2:24] /m homem de ouro
[17/7/2016 17:2:24] /m homem de ouro
[17/7/2016 17:2:24] /m homem de ouro
[17/7/2016 17:2:24] /m homem de ouro
[17/7/2016 17:2:24] /m homem de ouro
[17/7/2016 17:2:24] /m homem de ouro
[17/7/2016 17:2:24] /m homem de ouro
[17/7/2016 17:2:24] /m homem de ouro
[17/7/2016 17:2:24] /m homem de ouro
[17/7/2016 17:2:24] /m homem de ouro
[17/7/2016 17:2:24] /m homem de ouro
[17/7/2016 17:2:24] /m homem de ouro
[17/7/2016 17:2:24] /m homem de ouro
[17/7/2016 17:2:24] /m homem de ouro
[17/7/2016 17:2:24] /m homem de ouro
[17/7/2016 17:2:24] /m homem de ouro
[17/7/2016 17:2:24] /m homem de ouro
[17/7/2016 17:2:24] /m homem de ouro
[17/7/2016 17:2:24] /m homem de ouro
[17/7/2016 17:2:24] /m homem de ouro
[17/7/2016 17:2:24] /m homem de ouro
[17/7/2016 17:2:24] /m homem de ouro
[17/7/2016 17:2:24] /m homem de ouro
[17/7/2016 17:2:24] /m homem de ouro
[17/7/2016 17:2:24] /m homem de ouro
[17/7/2016 17:2:24] /m homem de ouro
[17/7/2016 17:2:24] /m homem de ouro
[17/7/2016 17:2:24] /m homem de ouro
[17/7/2016 17:2:24] /m homem de ouro
[17/7/2016 17:2:25] /m homem de ouro
[17/7/2016 17:2:25] /m homem de ouro
[17/7/2016 17:2:25] /m homem de ouro
[17/7/2016 17:2:25] /m homem de ouro
[17/7/2016 17:2:25] /m homem de ouro
[17/7/2016 17:2:25] /m homem de ouro
[17/7/2016 17:2:25] /m homem de ouro
[17/7/2016 17:2:25] /m homem de ouro
[17/7/2016 17:2:25] /m homem de ouro
[17/7/2016 17:2:25] /m homem de ouro
[17/7/2016 17:2:25] /m homem de ouro
[17/7/2016 17:2:25] /m homem de ouro
[17/7/2016 17:2:25] /a 3
[17/7/2016 17:2:25] /bc green NINJAS DE OURO ( KONOHA )
[17/7/2016 17:2:25] /m homem de ouro
[17/7/2016 17:2:25] /a 3
[17/7/2016 17:2:26] /m homem de ouro
[17/7/2016 17:2:26] /m homem de ouro
[17/7/2016 17:2:26] /m homem de ouro
[17/7/2016 17:2:27] /m homem de ouro
[17/7/2016 17:2:27] /m homem de ouro
[17/7/2016 17:2:27] /m homem de ouro
[17/7/2016 17:2:27] /m homem de ouro
[17/7/2016 17:2:27] /m homem de ouro
[17/7/2016 17:2:27] /m homem de ouro
[17/7/2016 17:2:27] /m homem de ouro
[17/7/2016 17:2:27] /m homem de ouro
[17/7/2016 17:2:27] /m homem de ouro
[17/7/2016 17:2:27] /m homem de ouro
[17/7/2016 17:2:27] /m homem de ouro
[17/7/2016 17:2:27] /m homem de ouro
[17/7/2016 17:2:27] /m homem de ouro
[17/7/2016 17:2:27] /m homem de ouro
[17/7/2016 17:2:27] /m homem de ouro
[17/7/2016 17:2:27] /m homem de ouro
[17/7/2016 17:2:27] /m homem de ouro
[17/7/2016 17:2:27] /m homem de ouro
[17/7/2016 17:2:27] /m homem de ouro
[17/7/2016 17:2:27] /m homem de ouro
[17/7/2016 17:2:27] /m homem de ouro
[17/7/2016 17:2:27] /m homem de ouro
[17/7/2016 17:2:27] /m homem de ouro
[17/7/2016 17:2:27] /m homem de ouro
[17/7/2016 17:2:27] /m homem de ouro
[17/7/2016 17:2:27] /m homem de ouro
[17/7/2016 17:2:27] /m homem de ouro
[17/7/2016 17:2:27] /m homem de ouro
[17/7/2016 17:2:28] /m homem de ouro
[17/7/2016 17:2:28] /m homem de ouro
[17/7/2016 17:2:28] /m homem de ouro
[17/7/2016 17:2:28] /m homem de ouro
[17/7/2016 17:2:28] /m homem de ouro
[17/7/2016 17:2:28] /m homem de ouro
[17/7/2016 17:2:28] /m homem de ouro
[17/7/2016 17:2:28] /m homem de ouro
[17/7/2016 17:2:28] /m homem de ouro
[17/7/2016 17:2:28] /m homem de ouro
[17/7/2016 17:2:28] /m homem de ouro
[17/7/2016 17:2:28] /m homem de ouro
[17/7/2016 17:2:28] /m homem de ouro
[17/7/2016 17:2:28] /m homem de ouro
[17/7/2016 17:2:28] /m homem de ouro
[17/7/2016 17:2:28] /m homem de ouro
[17/7/2016 17:2:28] /a 3
[17/7/2016 17:2:28] /bc green NINJAS DE OURO ( KONOHA )
[17/7/2016 17:2:28] /m homem de ouro
[17/7/2016 17:2:30] /a 3
[17/7/2016 17:2:30] /bc green NINJAS DE OURO ( KONOHA )
[17/7/2016 17:2:30] /m homem de ouro
[17/7/2016 17:2:30] /a 3
[17/7/2016 17:2:30] /bc green NINJAS DE OURO ( KONOHA )
[17/7/2016 17:2:30] /m homem de ouro
[17/7/2016 17:2:31] /m homem de ouro
[17/7/2016 17:2:31] /m homem de ouro
[17/7/2016 17:2:31] /m homem de ouro
[17/7/2016 17:2:31] /m homem de ouro
[17/7/2016 17:2:31] /m homem de ouro
[17/7/2016 17:2:31] /m homem de ouro
[17/7/2016 17:2:31] /m homem de ouro
[17/7/2016 17:2:31] /m homem de ouro
[17/7/2016 17:2:31] /m homem de ouro
[17/7/2016 17:2:31] /m homem de ouro
[17/7/2016 17:2:31] /m homem de ouro
[17/7/2016 17:2:31] /m homem de ouro
[17/7/2016 17:2:31] /m homem de ouro
[17/7/2016 17:2:31] /m homem de ouro
[17/7/2016 17:2:31] /m homem de ouro
[17/7/2016 17:2:31] /m homem de ouro
[17/7/2016 17:2:31] /m homem de ouro
[17/7/2016 17:2:32] /m homem de ouro
[17/7/2016 17:2:32] /m homem de ouro
[17/7/2016 17:2:32] /m homem de ouro
[17/7/2016 17:2:32] /m homem de ouro
[17/7/2016 17:2:32] /m homem de ouro
[17/7/2016 17:2:32] /m homem de ouro
[17/7/2016 17:2:32] /m homem de ouro
[17/7/2016 17:2:32] /m homem de ouro
[17/7/2016 17:2:32] /m homem de ouro
[17/7/2016 17:2:32] /m homem de ouro
[17/7/2016 17:2:32] /m homem de ouro
[17/7/2016 17:2:32] /m homem de ouro
[17/7/2016 17:2:32] /m homem de ouro
[17/7/2016 17:2:32] /m homem de ouro
[17/7/2016 17:2:32] /m homem de ouro
[17/7/2016 17:2:32] /m homem de ouro
[17/7/2016 17:2:32] /m homem de ouro
[17/7/2016 17:2:32] /m homem de ouro
[17/7/2016 17:2:32] /m homem de ouro
[17/7/2016 17:2:32] /m homem de ouro
[17/7/2016 17:2:32] /a 3
[17/7/2016 17:2:32] /bc green NINJAS DE OURO ( KONOHA )
[17/7/2016 17:2:32] /m homem de ouro
[17/7/2016 17:2:33] /m homem de ouro
[17/7/2016 17:2:33] /m homem de ouro
[17/7/2016 17:2:33] /m homem de ouro
[17/7/2016 17:2:33] /m homem de ouro
[17/7/2016 17:2:33] /m homem de ouro
[17/7/2016 17:2:33] /m homem de ouro
[17/7/2016 17:2:33] /m homem de ouro
[17/7/2016 17:2:33] /m homem de ouro
[17/7/2016 17:2:33] /m homem de ouro
[17/7/2016 17:2:33] /m homem de ouro
[17/7/2016 17:2:33] /m homem de ouro
[17/7/2016 17:2:33] /m homem de ouro
[17/7/2016 17:2:33] /m homem de ouro
[17/7/2016 17:2:33] /m homem de ouro
[17/7/2016 17:2:33] /m homem de ouro
[17/7/2016 17:2:33] /m homem de ouro
[17/7/2016 17:2:33] /m homem de ouro
[17/7/2016 17:2:34] /m homem de ouro
[17/7/2016 17:2:34] /m homem de ouro
[17/7/2016 17:2:34] /m homem de ouro
[17/7/2016 17:2:34] /m homem de ouro
[17/7/2016 17:2:34] /m homem de ouro
[17/7/2016 17:2:34] /m homem de ouro
[17/7/2016 17:2:34] /m homem de ouro
[17/7/2016 17:2:34] /a 3
[17/7/2016 17:2:34] /bc green NINJAS DE OURO ( KONOHA )
[17/7/2016 17:2:34] /m homem de ouro
[17/7/2016 17:2:34] /a 3
[17/7/2016 17:2:34] /m homem de ouro
[17/7/2016 17:2:35] /m homem de ouro
[17/7/2016 17:2:35] /m homem de ouro
[17/7/2016 17:2:35] /m homem de ouro
[17/7/2016 17:2:35] /m homem de ouro
[17/7/2016 17:2:35] /m homem de ouro
[17/7/2016 17:2:35] /m homem de ouro
[17/7/2016 17:2:45] /a 3
[17/7/2016 17:2:45] /a 3
[17/7/2016 17:2:46] /a 3
[17/7/2016 17:2:46] /a 3
[17/7/2016 17:2:46] /a 3
[17/7/2016 17:2:46] /a 3
[17/7/2016 17:2:47] /a 3
[17/7/2016 17:2:47] /a 3
[17/7/2016 17:2:47] /a 3
[17/7/2016 17:2:47] /a 3
[17/7/2016 17:2:47] /m homem de ouro
[17/7/2016 17:2:48] /a 3
[17/7/2016 17:2:48] /m homem de ouro
[17/7/2016 17:2:48] /a 3
[17/7/2016 17:2:48] /m homem de ouro
[17/7/2016 17:2:48] /m homem de ouro
[17/7/2016 17:2:48] /m homem de ouro
[17/7/2016 17:2:48] /m homem de ouro
[17/7/2016 17:2:48] /m homem de ouro
[17/7/2016 17:2:49] /m homem de ouro
[17/7/2016 17:2:49] /m homem de ouro
[17/7/2016 17:2:49] /m homem de ouro
[17/7/2016 17:2:49] /m homem de ouro
[17/7/2016 17:2:49] /m homem de ouro
[17/7/2016 17:2:49] /m homem de ouro
[17/7/2016 17:2:49] /m homem de ouro
[17/7/2016 17:2:49] /m homem de ouro
[17/7/2016 17:2:49] /m homem de ouro
[17/7/2016 17:2:49] /m homem de ouro
[17/7/2016 17:2:49] /m homem de ouro
[17/7/2016 17:2:49] /m homem de ouro
[17/7/2016 17:2:49] /m homem de ouro
[17/7/2016 17:2:49] /m homem de ouro
[17/7/2016 17:2:49] /m homem de ouro
[17/7/2016 17:2:49] /a 3
[17/7/2016 17:2:49] /bc green NINJAS DE OURO ( KONOHA )
[17/7/2016 17:2:49] /m homem de ouro
[17/7/2016 17:2:49] /a 3
[17/7/2016 17:2:50] /bc green NINJAS DE OURO ( KONOHA )
[17/7/2016 17:2:50] /m homem de ouro
[17/7/2016 17:2:50] /m homem de ouro
[17/7/2016 17:2:50] /m homem de ouro
[17/7/2016 17:2:50] /m homem de ouro
[17/7/2016 17:2:50] /m homem de ouro
[17/7/2016 17:2:50] /m homem de ouro
[17/7/2016 17:2:50] /m homem de ouro
[17/7/2016 17:2:50] /m homem de ouro
[17/7/2016 17:2:50] /m homem de ouro
[17/7/2016 17:2:50] /m homem de ouro
[17/7/2016 17:2:50] /m homem de ouro
[17/7/2016 17:2:50] /m homem de ouro
[17/7/2016 17:2:50] /m homem de ouro
[17/7/2016 17:2:50] /m homem de ouro
[17/7/2016 17:2:51] /m homem de ouro
[17/7/2016 17:2:51] /m homem de ouro
[17/7/2016 17:2:51] /m homem de ouro
[17/7/2016 17:2:51] /m homem de ouro
[17/7/2016 17:2:51] /m homem de ouro
[17/7/2016 17:2:51] /m homem de ouro
[17/7/2016 17:2:51] /m homem de ouro
[17/7/2016 17:2:51] /m homem de ouro
[17/7/2016 17:2:51] /m homem de ouro
[17/7/2016 17:2:51] /m homem de ouro
[17/7/2016 17:2:51] /m homem de ouro
[17/7/2016 17:2:51] /m homem de ouro
[17/7/2016 17:2:51] /m homem de ouro
[17/7/2016 17:2:51] /m homem de ouro
[17/7/2016 17:2:51] /m homem de ouro
[17/7/2016 17:2:51] /m homem de ouro
[17/7/2016 17:2:51] /m homem de ouro
[17/7/2016 17:2:51] /m homem de ouro
[17/7/2016 17:2:51] /a 3
[17/7/2016 17:2:52] /bc green NINJAS DE OURO ( KONOHA )
[17/7/2016 17:2:52] /m homem de ouro
[17/7/2016 17:2:52] /a 3
[17/7/2016 17:2:52] /m homem de ouro
[17/7/2016 17:2:52] /m homem de ouro
[17/7/2016 17:2:52] /m homem de ouro
[17/7/2016 17:2:52] /m homem de ouro
[17/7/2016 17:2:52] /m homem de ouro
[17/7/2016 17:2:52] /m homem de ouro
[17/7/2016 17:2:52] /m homem de ouro
[17/7/2016 17:2:53] /m homem de ouro
[17/7/2016 17:2:53] /m homem de ouro
[17/7/2016 17:2:53] /m homem de ouro
[17/7/2016 17:2:53] /m homem de ouro
[17/7/2016 17:2:53] /m homem de ouro
[17/7/2016 17:2:53] /m homem de ouro
[17/7/2016 17:2:53] /m homem de ouro
[17/7/2016 17:2:53] /m homem de ouro
[17/7/2016 17:2:53] /m homem de ouro
[17/7/2016 17:2:53] /m homem de ouro
[17/7/2016 17:2:53] /m homem de ouro
[17/7/2016 17:2:53] /m homem de ouro
[17/7/2016 17:2:53] /m homem de ouro
[17/7/2016 17:2:53] /m homem de ouro
[17/7/2016 17:2:53] /m homem de ouro
[17/7/2016 17:2:53] /m homem de ouro
[17/7/2016 17:2:53] /m homem de ouro
[17/7/2016 17:2:53] /m homem de ouro
[17/7/2016 17:2:53] /m homem de ouro
[17/7/2016 17:2:53] /m homem de ouro
[17/7/2016 17:2:53] /m homem de ouro
[17/7/2016 17:2:53] /m homem de ouro
[17/7/2016 17:2:53] /m homem de ouro
[17/7/2016 17:2:53] /m homem de ouro
[17/7/2016 17:2:53] /m homem de ouro
[17/7/2016 17:2:53] /m homem de ouro
[17/7/2016 17:2:53] /m homem de ouro
[17/7/2016 17:2:53] /m homem de ouro
[17/7/2016 17:2:54] /m homem de ouro
[17/7/2016 17:2:54] /m homem de ouro
[17/7/2016 17:2:54] /m homem de ouro
[17/7/2016 17:2:54] /m homem de ouro
[17/7/2016 17:2:54] /m homem de ouro
[17/7/2016 17:2:54] /a 3
[17/7/2016 17:2:54] /bc green NINJAS DE OURO ( KONOHA )
[17/7/2016 17:2:54] /m homem de ouro
[17/7/2016 17:2:54] /m homem de ouro
[17/7/2016 17:2:55] /m homem de ouro
[17/7/2016 17:2:55] /m homem de ouro
[17/7/2016 17:2:55] /m homem de ouro
[17/7/2016 17:2:55] /m homem de ouro
[17/7/2016 17:2:55] /m homem de ouro
[17/7/2016 17:2:55] /m homem de ouro
[17/7/2016 17:2:55] /m homem de ouro
[17/7/2016 17:2:55] /m homem de ouro
[17/7/2016 17:2:55] /m homem de ouro
[17/7/2016 17:2:55] /m homem de ouro
[17/7/2016 17:2:55] /m homem de ouro
[17/7/2016 17:2:55] /m homem de ouro
[17/7/2016 17:2:55] /m homem de ouro
[17/7/2016 17:2:55] /m homem de ouro
[17/7/2016 17:2:55] /m homem de ouro
[17/7/2016 17:2:55] /m homem de ouro
[17/7/2016 17:2:55] /m homem de ouro
[17/7/2016 17:2:55] /m homem de ouro
[17/7/2016 17:2:55] /m homem de ouro
[17/7/2016 17:2:55] /m homem de ouro
[17/7/2016 17:2:55] /m homem de ouro
[17/7/2016 17:2:55] /m homem de ouro
[17/7/2016 17:2:55] /m homem de ouro
[17/7/2016 17:2:55] /m homem de ouro
[17/7/2016 17:2:55] /m homem de ouro
[17/7/2016 17:2:55] /m homem de ouro
[17/7/2016 17:2:55] /m homem de ouro
[17/7/2016 17:2:59] /a 3
[17/7/2016 17:2:59] /m homem de ouro
[17/7/2016 17:2:59] /a 3
[17/7/2016 17:2:59] /m homem de ouro
[17/7/2016 17:2:59] /m homem de ouro
[17/7/2016 17:3:0] /m homem de ouro
[17/7/2016 17:3:0] /m homem de ouro
[17/7/2016 17:3:0] /m homem de ouro
[17/7/2016 17:3:0] /m homem de ouro
[17/7/2016 17:3:0] /m homem de ouro
[17/7/2016 17:3:0] /m homem de ouro
[17/7/2016 17:3:0] /m homem de ouro
[17/7/2016 17:3:0] /m homem de ouro
[17/7/2016 17:3:0] /m homem de ouro
[17/7/2016 17:3:0] /m homem de ouro
[17/7/2016 17:3:0] /m homem de ouro
[17/7/2016 17:3:0] /m homem de ouro
[17/7/2016 17:3:0] /m homem de ouro
[17/7/2016 17:3:0] /m homem de ouro
[17/7/2016 17:3:0] /m homem de ouro
[17/7/2016 17:3:0] /m homem de ouro
[17/7/2016 17:3:0] /m homem de ouro
[17/7/2016 17:3:0] /m homem de ouro
[17/7/2016 17:3:0] /m homem de ouro
[17/7/2016 17:3:0] /m homem de ouro
[17/7/2016 17:3:0] /m homem de ouro
[17/7/2016 17:3:0] /m homem de ouro
[17/7/2016 17:3:0] /m homem de ouro
[17/7/2016 17:3:0] /m homem de ouro
[17/7/2016 17:3:0] /m homem de ouro
[17/7/2016 17:3:1] /m homem de ouro
[17/7/2016 17:3:1] /m homem de ouro
[17/7/2016 17:3:1] /m homem de ouro
[17/7/2016 17:3:1] /m homem de ouro
[17/7/2016 17:3:1] /m homem de ouro
[17/7/2016 17:3:1] /m homem de ouro
[17/7/2016 17:3:1] /m homem de ouro
[17/7/2016 17:3:1] /m homem de ouro
[17/7/2016 17:3:1] /m homem de ouro
[17/7/2016 17:3:1] /m homem de ouro
[17/7/2016 17:3:1] /m homem de ouro
[17/7/2016 17:3:1] /a 3
[17/7/2016 17:3:1] /bc green NINJAS DE OURO ( KONOHA )
[17/7/2016 17:3:1] /m homem de ouro
[17/7/2016 17:3:1] /a 3
[17/7/2016 17:3:1] /m homem de ouro
[17/7/2016 17:3:2] /m homem de ouro
[17/7/2016 17:3:2] /m homem de ouro
[17/7/2016 17:3:2] /m homem de ouro
[17/7/2016 17:3:2] /m homem de ouro
[17/7/2016 17:3:2] /m homem de ouro
[17/7/2016 17:3:2] /m homem de ouro
[17/7/2016 17:3:2] /m homem de ouro
[17/7/2016 17:3:2] /m homem de ouro
[17/7/2016 17:3:2] /m homem de ouro
[17/7/2016 17:3:2] /m homem de ouro
[17/7/2016 17:3:2] /m homem de ouro
[17/7/2016 17:3:2] /m homem de ouro
[17/7/2016 17:3:2] /m homem de ouro
[17/7/2016 17:3:2] /m homem de ouro
[17/7/2016 17:3:2] /m homem de ouro
[17/7/2016 17:3:2] /m homem de ouro
[17/7/2016 17:3:2] /m homem de ouro
[17/7/2016 17:3:3] /m homem de ouro
[17/7/2016 17:3:3] /m homem de ouro
[17/7/2016 17:3:3] /m homem de ouro
[17/7/2016 17:3:3] /m homem de ouro
[17/7/2016 17:3:3] /m homem de ouro
[17/7/2016 17:3:3] /m homem de ouro
[17/7/2016 17:3:3] /m homem de ouro
[17/7/2016 17:3:3] /m homem de ouro
[17/7/2016 17:3:3] /m homem de ouro
[17/7/2016 17:3:3] /m homem de ouro
[17/7/2016 17:3:3] /m homem de ouro
[17/7/2016 17:3:3] /m homem de ouro
[17/7/2016 17:3:3] /m homem de ouro
[17/7/2016 17:3:3] /m homem de ouro
[17/7/2016 17:3:3] /m homem de ouro
[17/7/2016 17:3:3] /m homem de ouro
[17/7/2016 17:3:3] /m homem de ouro
[17/7/2016 17:3:3] /m homem de ouro
[17/7/2016 17:3:4] /m homem de ouro
[17/7/2016 17:3:4] /m homem de ouro
[17/7/2016 17:3:4] /m homem de ouro
[17/7/2016 17:3:4] /m homem de ouro
[17/7/2016 17:3:4] /m homem de ouro
[17/7/2016 17:3:4] /m homem de ouro
[17/7/2016 17:3:4] /m homem de ouro
[17/7/2016 17:3:4] /m homem de ouro
[17/7/2016 17:3:4] /m homem de ouro
[17/7/2016 17:3:4] /m homem de ouro
[17/7/2016 17:3:4] /a 3
[17/7/2016 17:3:4] /bc green NINJAS DE OURO ( KONOHA )
[17/7/2016 17:3:4] /m homem de ouro
[17/7/2016 17:3:4] /a 3
[17/7/2016 17:3:4] /m homem de ouro
[17/7/2016 17:3:4] /bc green NINJAS DE OURO ( KONOHA )
[17/7/2016 17:3:4] /a 3
[17/7/2016 17:3:4] /m homem de ouro
[17/7/2016 17:3:5] /m homem de ouro
[17/7/2016 17:3:5] /m homem de ouro
[17/7/2016 17:3:5] /m homem de ouro
[17/7/2016 17:3:5] /m homem de ouro
[17/7/2016 17:3:5] /m homem de ouro
[17/7/2016 17:3:5] /m homem de ouro
[17/7/2016 17:3:5] /m homem de ouro
[17/7/2016 17:3:5] /m homem de ouro
[17/7/2016 17:3:5] /m homem de ouro
[17/7/2016 17:3:5] /m homem de ouro
[17/7/2016 17:3:5] /m homem de ouro
[17/7/2016 17:3:5] /m homem de ouro
[17/7/2016 17:3:5] /m homem de ouro
[17/7/2016 17:3:5] /m homem de ouro
[17/7/2016 17:3:5] /m homem de ouro
[17/7/2016 17:3:5] /m homem de ouro
[17/7/2016 17:3:5] /m homem de ouro
[17/7/2016 17:3:6] /m homem de ouro
[17/7/2016 17:3:6] /m homem de ouro
[17/7/2016 17:3:6] /m homem de ouro
[17/7/2016 17:3:6] /m homem de ouro
[17/7/2016 17:3:6] /m homem de ouro
[17/7/2016 17:3:6] /m homem de ouro
[17/7/2016 17:3:6] /m homem de ouro
[17/7/2016 17:3:6] /m homem de ouro
[17/7/2016 17:3:6] /m homem de ouro
[17/7/2016 17:3:6] /m homem de ouro
[17/7/2016 17:3:6] /m homem de ouro
[17/7/2016 17:3:6] /m homem de ouro
[17/7/2016 17:3:6] /a 3
[17/7/2016 17:3:6] /bc green NINJAS DE OURO ( KONOHA )
[17/7/2016 17:3:6] /m homem de ouro
[17/7/2016 17:3:6] /a 3
[17/7/2016 17:3:8] /a 3
[17/7/2016 17:3:8] /m homem de ouro
[17/7/2016 17:3:9] /m homem de ouro
[17/7/2016 17:3:9] /a 3
[17/7/2016 17:3:9] /m homem de ouro
[17/7/2016 17:3:10] /m homem de ouro
[17/7/2016 17:3:10] /a 3
[17/7/2016 17:3:10] /bc green NINJAS DE OURO ( KONOHA )
[17/7/2016 17:3:10] /m homem de ouro
[17/7/2016 17:3:10] /m homem de ouro
[17/7/2016 17:3:11] /m homem de ouro
[17/7/2016 17:3:11] /m homem de ouro
[17/7/2016 17:3:11] /m homem de ouro
[17/7/2016 17:3:11] /m homem de ouro
[17/7/2016 17:3:11] /m homem de ouro
[17/7/2016 17:3:11] /m homem de ouro
[17/7/2016 17:3:11] /m homem de ouro
[17/7/2016 17:3:11] /m homem de ouro
[17/7/2016 17:3:11] /m homem de ouro
[17/7/2016 17:3:11] /m homem de ouro
[17/7/2016 17:3:11] /m homem de ouro
[17/7/2016 17:3:11] /m homem de ouro
[17/7/2016 17:3:11] /m homem de ouro
[17/7/2016 17:3:11] /m homem de ouro
[17/7/2016 17:3:11] /m homem de ouro
[17/7/2016 17:3:11] /m homem de ouro
[17/7/2016 17:3:11] /m homem de ouro
[17/7/2016 17:3:11] /m homem de ouro
[17/7/2016 17:3:11] /m homem de ouro
[17/7/2016 17:3:11] /m homem de ouro
[17/7/2016 17:3:11] /m homem de ouro
[17/7/2016 17:3:11] /m homem de ouro
[17/7/2016 17:3:11] /m homem de ouro
[17/7/2016 17:3:12] /m homem de ouro
[17/7/2016 17:3:12] /m homem de ouro
[17/7/2016 17:3:12] /m homem de ouro
[17/7/2016 17:3:12] /m homem de ouro
[17/7/2016 17:3:12] /a 3
[17/7/2016 17:3:12] /m homem de ouro
[17/7/2016 17:3:12] /m homem de ouro
[17/7/2016 17:3:13] /m homem de ouro
[17/7/2016 17:3:13] /m homem de ouro
[17/7/2016 17:3:13] /m homem de ouro
[17/7/2016 17:3:13] /m homem de ouro
[17/7/2016 17:3:13] /m homem de ouro
[17/7/2016 17:3:13] /m homem de ouro
[17/7/2016 17:3:13] /m homem de ouro
[17/7/2016 17:3:13] /m homem de ouro
[17/7/2016 17:3:13] /m homem de ouro
[17/7/2016 17:3:13] /m homem de ouro
[17/7/2016 17:3:14] /m homem de ouro
[17/7/2016 17:3:14] /m homem de ouro
[17/7/2016 17:3:14] /m homem de ouro
[17/7/2016 17:3:14] /m homem de ouro
[17/7/2016 17:3:14] /m homem de ouro
[17/7/2016 17:3:14] /m homem de ouro
[17/7/2016 17:3:14] /m homem de ouro
[17/7/2016 17:3:14] /m homem de ouro
[17/7/2016 17:3:14] /m homem de ouro
[17/7/2016 17:3:14] /m homem de ouro
[17/7/2016 17:3:14] /m homem de ouro
[17/7/2016 17:3:14] /m homem de ouro
[17/7/2016 17:3:14] /m homem de ouro
[17/7/2016 17:3:14] /m homem de ouro
[17/7/2016 17:3:14] /a 3
[17/7/2016 17:3:14] /m homem de ouro
[17/7/2016 17:3:15] /m homem de ouro
[17/7/2016 17:3:15] /m homem de ouro
[17/7/2016 17:3:15] /a 3
[17/7/2016 17:3:15] /m homem de ouro
[17/7/2016 17:3:16] /m homem de ouro
[17/7/2016 17:3:16] /m homem de ouro
[17/7/2016 17:3:16] /m homem de ouro
[17/7/2016 17:3:16] /m homem de ouro
[17/7/2016 17:3:16] /m homem de ouro
[17/7/2016 17:3:16] /m homem de ouro
[17/7/2016 17:3:16] /m homem de ouro
[17/7/2016 17:3:16] /m homem de ouro
[17/7/2016 17:3:16] /m homem de ouro
[17/7/2016 17:3:16] /m homem de ouro
[17/7/2016 17:3:16] /m homem de ouro
[17/7/2016 17:3:16] /m homem de ouro
[17/7/2016 17:3:16] /m homem de ouro
[17/7/2016 17:3:16] /m homem de ouro
[17/7/2016 17:3:16] /m homem de ouro
[17/7/2016 17:3:16] /m homem de ouro
[17/7/2016 17:3:16] /m homem de ouro
[17/7/2016 17:3:16] /m homem de ouro
[17/7/2016 17:3:16] /m homem de ouro
[17/7/2016 17:3:16] /m homem de ouro
[17/7/2016 17:3:16] /m homem de ouro
[17/7/2016 17:3:17] /m homem de ouro
[17/7/2016 17:3:17] /m homem de ouro
[17/7/2016 17:3:17] /m homem de ouro
[17/7/2016 17:3:17] /m homem de ouro
[17/7/2016 17:3:17] /m homem de ouro
[17/7/2016 17:3:17] /m homem de ouro
[17/7/2016 17:3:17] /m homem de ouro
[17/7/2016 17:3:17] /m homem de ouro
[17/7/2016 17:3:17] /m homem de ouro
[17/7/2016 17:3:17] /m homem de ouro
[17/7/2016 17:3:17] /m homem de ouro
[17/7/2016 17:3:17] /m homem de ouro
[17/7/2016 17:3:17] /m homem de ouro
[17/7/2016 17:3:17] /m homem de ouro
[17/7/2016 17:3:17] /m homem de ouro
[17/7/2016 17:3:17] /m homem de ouro
[17/7/2016 17:3:17] /m homem de ouro
[17/7/2016 17:3:17] /m homem de ouro
[17/7/2016 17:3:17] /m homem de ouro
[17/7/2016 17:3:17] /m homem de ouro
[17/7/2016 17:3:17] /m homem de ouro
[17/7/2016 17:3:17] /m homem de ouro
[17/7/2016 17:3:17] /m homem de ouro
[17/7/2016 17:3:17] /m homem de ouro
[17/7/2016 17:3:17] /m homem de ouro
[17/7/2016 17:3:17] /m homem de ouro
[17/7/2016 17:3:17] /m homem de ouro
[17/7/2016 17:3:17] /m homem de ouro
[17/7/2016 17:3:18] /m homem de ouro
[17/7/2016 17:3:18] /m homem de ouro
[17/7/2016 17:3:18] /m homem de ouro
[17/7/2016 17:3:18] /m homem de ouro
[17/7/2016 17:3:18] /m homem de ouro
[17/7/2016 17:3:18] /m homem de ouro
[17/7/2016 17:3:18] /m homem de ouro
[17/7/2016 17:3:18] /m homem de ouro
[17/7/2016 17:3:18] /m homem de ouro
[17/7/2016 17:3:18] /m homem de ouro
[17/7/2016 17:3:18] /m homem de ouro
[17/7/2016 17:3:18] /m homem de ouro
[17/7/2016 17:3:18] /m homem de ouro
[17/7/2016 17:3:18] /m homem de ouro
[17/7/2016 17:3:18] /m homem de ouro
[17/7/2016 17:3:18] /m homem de ouro
[17/7/2016 17:3:18] /m homem de ouro
[17/7/2016 17:3:18] /m homem de ouro
[17/7/2016 17:3:18] /m homem de ouro
[17/7/2016 17:3:18] /m homem de ouro
[17/7/2016 17:3:18] /m homem de ouro
[17/7/2016 17:3:18] /m homem de ouro
[17/7/2016 17:3:18] /m homem de ouro
[17/7/2016 17:3:18] /m homem de ouro
[17/7/2016 17:3:19] /m homem de ouro
[17/7/2016 17:3:20] /a 3
[17/7/2016 17:3:20] /m homem de ouro
[17/7/2016 17:3:21] /m homem de ouro
[17/7/2016 17:3:21] /m homem de ouro
[17/7/2016 17:3:21] /m homem de ouro
[17/7/2016 17:3:21] /m homem de ouro
[17/7/2016 17:3:21] /m homem de ouro
[17/7/2016 17:3:21] /m homem de ouro
[17/7/2016 17:3:23] /bc green NINJAS DE OURO ( KONOHA )
[17/7/2016 17:3:23] /bc green NINJAS DE OURO ( KONOHA )
[17/7/2016 17:3:24] /bc green NINJAS DE OURO ( KONOHA )
[17/7/2016 17:3:26] /bc green NINJAS DE OURO ( KONOHA )
[17/7/2016 17:3:26] /bc green NINJAS DE OURO ( KONOHA )
[17/7/2016 17:3:26] /bc green NINJAS DE OURO ( KONOHA )
[17/7/2016 17:3:26] /bc green NINJAS DE OURO ( KONOHA )
[17/7/2016 17:3:27] /bc green NINJAS DE OURO ( KONOHA )
[17/7/2016 17:3:27] /bc green NINJAS DE OURO ( KONOHA )
[17/7/2016 17:3:27] /bc green NINJAS DE OURO ( KONOHA )
[17/7/2016 17:3:28] /bc green NINJAS DE OURO ( KONOHA )
[17/7/2016 17:3:28] /bc green NINJAS DE OURO ( KONOHA )
[17/7/2016 17:3:28] /bc green NINJAS DE OURO ( KONOHA )
[17/7/2016 17:5:28] /bc green ligando pvp
[17/7/2016 17:5:32] /mode pvp
[17/7/2016 17:5:34] /ii diamante
[17/7/2016 17:5:58] /bc green DIAMANTE SE VENDE NO NPC COMPRADOR
[17/7/2016 17:6:2] /bc green DIAMANTE SE VENDE NO NPC COMPRADOR EM TROCA DE GOLD
[17/7/2016 17:6:3] /bc green DIAMANTE SE VENDE NO NPC COMPRADOR EM TROCA DE GOLD
[17/7/2016 17:6:6] /a
[17/7/2016 17:14:23] /bc green + 5 nego on = vip
[18/7/2016 0:22:11] /goto Robert
[20/7/2016 21:34:31] /a 3
[20/7/2016 21:34:32] /a 3
[20/7/2016 21:34:32] /a 3
[20/7/2016 21:34:32] /a 3
[20/7/2016 21:34:32] /a 3
[20/7/2016 21:34:33] /a 3
[20/7/2016 21:34:33] /a 3
[20/7/2016 21:34:33] /a 3
[20/7/2016 21:34:33] /a 3
[20/7/2016 21:34:33] /a 3
[20/7/2016 21:34:33] /a 3
[20/7/2016 21:34:34] /a 3
[20/7/2016 21:34:34] /a 3
[20/7/2016 21:34:34] /a 3
[20/7/2016 21:34:34] /a 3
[20/7/2016 21:34:35] /a 3
[20/7/2016 21:34:35] /a 3
[20/7/2016 21:34:35] /a 3
[20/7/2016 21:34:35] /a 3
[20/7/2016 21:37:52] /save
[20/7/2016 21:38:1] /sshutdown
[25/7/2016 15:9:35] /goto robert
