[24/7/2018 3:57:27] /t
[24/7/2018 5:34:36] /goto thanatos
[24/7/2018 5:34:40] /ghost
[24/7/2018 5:35:18] /t Akaar
[24/7/2018 5:35:20] /t thanatos
[24/7/2018 9:21:30] /t
[24/7/2018 9:23:25] /a
[24/7/2018 11:33:16] /aaddskill [ADM] Eros,magic,200
[25/7/2018 2:25:58] /save
[25/7/2018 2:25:59] /sshutdown
[25/7/2018 2:31:22] /up
[25/7/2018 2:31:24] /up
[25/7/2018 2:31:28] /up
[25/7/2018 2:31:34] /down
[25/7/2018 2:31:36] /up
[25/7/2018 2:31:37] /up
[25/7/2018 2:31:39] /down
[25/7/2018 2:39:24] /goto thanatos
[25/7/2018 2:39:26] /t
[26/7/2018 2:24:1] /goto char love
[26/7/2018 2:24:4] /t
[26/7/2018 2:24:6] /down
[26/7/2018 11:47:17] /m treiner
[26/7/2018 12:2:22] /r
[26/7/2018 12:2:24] /ii backpack
[26/7/2018 12:2:39] /ii 11324
[26/7/2018 12:2:51] /ii 11335
[26/7/2018 12:3:3] /ii 11336
[26/7/2018 12:42:0] /a 200
[26/7/2018 12:42:1] /a 200
[26/7/2018 12:42:2] /a 200
[26/7/2018 12:42:3] /a 200
[26/7/2018 12:42:3] /a 200
[26/7/2018 12:42:6] /a 200
[26/7/2018 12:42:9] /a 50
[26/7/2018 12:42:10] /a 50
[26/7/2018 12:42:13] /down
[26/7/2018 12:42:14] /a 5
[26/7/2018 12:42:14] /a 5
[26/7/2018 12:42:15] /a 5
[26/7/2018 12:42:15] /a 5
[26/7/2018 12:42:16] /a 5
[26/7/2018 12:42:16] /a 5
[26/7/2018 12:42:17] /a 5
[26/7/2018 12:42:18] /a 5
[27/7/2018 3:22:28] /t
[27/7/2018 7:40:46] /goto Escanor Sun
[27/7/2018 11:22:23] /goto thanatos
[27/7/2018 11:22:37] /info thanatos
[27/7/2018 11:49:22] /t
[27/7/2018 11:49:23] /up
[27/7/2018 11:49:25] /down
[27/7/2018 11:49:27] /down
[27/7/2018 11:49:43] /m treiner
[27/7/2018 11:49:47] /m small bandit
[27/7/2018 11:50:4] /m small bandit
[27/7/2018 11:50:6] /m small bandit
[27/7/2018 11:50:7] /m small bandit
[27/7/2018 11:50:7] /m small bandit
[27/7/2018 11:50:7] /m small bandit
[27/7/2018 11:50:7] /m small bandit
[27/7/2018 11:50:8] /m small bandit
[27/7/2018 11:50:8] /m small bandit
[27/7/2018 11:50:8] /m small bandit
[27/7/2018 11:50:8] /m small bandit
[27/7/2018 11:50:8] /m small bandit
[27/7/2018 11:50:8] /m small bandit
[27/7/2018 11:50:8] /m small bandit
[27/7/2018 11:50:8] /m small bandit
[27/7/2018 11:50:8] /m small bandit
[27/7/2018 11:50:8] /m small bandit
[27/7/2018 11:50:8] /m small bandit
[27/7/2018 11:50:8] /m small bandit
[27/7/2018 11:50:8] /m small bandit
[27/7/2018 11:50:8] /m small bandit
[27/7/2018 11:50:8] /m small bandit
[27/7/2018 11:50:8] /m small bandit
[27/7/2018 11:50:8] /m small bandit
[27/7/2018 11:50:8] /m small bandit
[27/7/2018 11:50:8] /m small bandit
[27/7/2018 11:50:9] /m small bandit
[27/7/2018 11:50:9] /m small bandit
[27/7/2018 11:50:9] /m small bandit
[27/7/2018 11:50:9] /m small bandit
[27/7/2018 11:50:9] /m small bandit
[27/7/2018 11:50:9] /m small bandit
[27/7/2018 11:50:9] /m small bandit
[27/7/2018 11:50:9] /m small bandit
[27/7/2018 11:50:9] /m small bandit
[27/7/2018 11:50:9] /m small bandit
[27/7/2018 11:50:9] /m small bandit
[27/7/2018 11:50:9] /m small bandit
[27/7/2018 12:14:11] /rreload monsters
[27/7/2018 12:14:14] /m small bandit
[27/7/2018 12:14:15] /m small bandit
[27/7/2018 12:14:15] /m small bandit
[27/7/2018 12:14:15] /m small bandit
[27/7/2018 12:14:15] /m small bandit
[27/7/2018 12:14:16] /m small bandit
[27/7/2018 12:14:16] /m small bandit
[27/7/2018 12:14:16] /m small bandit
[27/7/2018 12:14:16] /m small bandit
[27/7/2018 12:14:16] /m small bandit
[27/7/2018 12:14:33] /m small bandit
[27/7/2018 12:14:34] /m small bandit
[27/7/2018 12:14:34] /m small bandit
[27/7/2018 12:14:34] /m small bandit
[27/7/2018 12:14:34] /m small bandit
[27/7/2018 12:14:34] /m small bandit
[27/7/2018 12:14:34] /m small bandit
[27/7/2018 12:14:34] /m small bandit
[27/7/2018 12:14:34] /m small bandit
[27/7/2018 12:14:34] /m small bandit
[27/7/2018 12:14:34] /m small bandit
[27/7/2018 12:14:34] /m small bandit
[27/7/2018 12:14:34] /m small bandit
[27/7/2018 12:14:34] /m small bandit
[27/7/2018 12:14:34] /m small bandit
[27/7/2018 12:14:34] /m small bandit
[27/7/2018 12:14:35] /m small bandit
[27/7/2018 12:14:35] /m small bandit
[27/7/2018 12:14:35] /m small bandit
[27/7/2018 12:14:35] /m small bandit
[27/7/2018 12:14:35] /m small bandit
[27/7/2018 12:14:35] /m small bandit
[27/7/2018 12:14:35] /m small bandit
[27/7/2018 12:14:35] /m small bandit
[27/7/2018 12:14:35] /m small bandit
[27/7/2018 12:14:35] /m small bandit
[27/7/2018 12:14:35] /m small bandit
[27/7/2018 12:14:35] /m small bandit
[27/7/2018 12:14:35] /m small bandit
[27/7/2018 12:15:2] /rreload monsters
[27/7/2018 12:15:3] /m small bandit
[27/7/2018 12:15:4] /m small bandit
[27/7/2018 12:15:4] /m small bandit
[27/7/2018 12:15:4] /m small bandit
[27/7/2018 12:15:4] /m small bandit
[27/7/2018 12:15:4] /m small bandit
[27/7/2018 12:15:4] /m small bandit
[27/7/2018 12:15:4] /m small bandit
[27/7/2018 12:15:4] /m small bandit
[27/7/2018 12:15:4] /m small bandit
[27/7/2018 12:15:4] /m small bandit
[27/7/2018 12:15:4] /m small bandit
[27/7/2018 12:15:4] /m small bandit
[27/7/2018 12:15:4] /m small bandit
[27/7/2018 12:15:4] /m small bandit
[27/7/2018 12:15:4] /m small bandit
[27/7/2018 12:15:5] /m small bandit
[27/7/2018 12:15:5] /m small bandit
[27/7/2018 12:15:5] /m small bandit
[27/7/2018 12:15:5] /m small bandit
[27/7/2018 12:15:5] /m small bandit
[27/7/2018 12:15:5] /m small bandit
[27/7/2018 12:15:5] /m small bandit
[27/7/2018 12:15:5] /m small bandit
[27/7/2018 12:15:5] /m small bandit
[27/7/2018 12:15:5] /m small bandit
[27/7/2018 12:15:5] /m small bandit
[27/7/2018 12:15:5] /m small bandit
[27/7/2018 12:15:5] /m small bandit
[27/7/2018 12:15:5] /m small bandit
[27/7/2018 12:15:5] /m small bandit
[27/7/2018 12:15:5] /m small bandit
[27/7/2018 12:15:5] /m small bandit
[27/7/2018 12:15:5] /m small bandit
[27/7/2018 12:15:5] /m small bandit
[27/7/2018 12:15:5] /m small bandit
[27/7/2018 12:15:5] /m small bandit
[27/7/2018 12:15:5] /m small bandit
[27/7/2018 12:15:5] /m small bandit
[27/7/2018 12:15:5] /m small bandit
[27/7/2018 12:15:5] /m small bandit
[27/7/2018 12:15:5] /m small bandit
[27/7/2018 12:15:5] /m small bandit
[27/7/2018 12:15:5] /m small bandit
[27/7/2018 12:15:5] /m small bandit
[27/7/2018 12:15:5] /m small bandit
[27/7/2018 12:15:5] /m small bandit
[27/7/2018 12:15:5] /m small bandit
[27/7/2018 12:15:25] /m small bandit
[27/7/2018 12:15:25] /m small bandit
[27/7/2018 12:15:26] /m small bandit
[27/7/2018 12:15:26] /m small bandit
[27/7/2018 12:15:26] /m small bandit
[27/7/2018 12:15:26] /m small bandit
[27/7/2018 12:15:26] /m small bandit
[27/7/2018 12:15:26] /m small bandit
[27/7/2018 12:15:26] /m small bandit
[27/7/2018 12:15:26] /m small bandit
[27/7/2018 12:15:26] /m small bandit
[27/7/2018 12:15:26] /m small bandit
[27/7/2018 12:15:26] /m small bandit
[27/7/2018 12:15:26] /m small bandit
[27/7/2018 12:15:26] /m small bandit
[27/7/2018 12:15:26] /m small bandit
[27/7/2018 12:15:26] /m small bandit
[27/7/2018 12:15:26] /m small bandit
[27/7/2018 12:15:26] /m small bandit
[27/7/2018 12:15:26] /m small bandit
[27/7/2018 12:15:26] /m small bandit
[27/7/2018 12:15:26] /m small bandit
[27/7/2018 12:15:26] /m small bandit
[27/7/2018 12:15:26] /m small bandit
[27/7/2018 12:15:26] /m small bandit
[27/7/2018 12:15:26] /m small bandit
[27/7/2018 12:15:26] /m small bandit
[27/7/2018 12:15:26] /m small bandit
[27/7/2018 12:15:26] /m small bandit
[27/7/2018 12:15:26] /m small bandit
[27/7/2018 12:15:26] /m small bandit
[27/7/2018 12:15:26] /m small bandit
[27/7/2018 12:15:26] /m small bandit
[27/7/2018 12:15:26] /m small bandit
[27/7/2018 12:15:27] /m small bandit
[27/7/2018 12:15:27] /m small bandit
[27/7/2018 12:15:27] /m small bandit
[27/7/2018 12:15:27] /m small bandit
[27/7/2018 12:15:37] /m small bandit
[27/7/2018 12:15:37] /m small bandit
[27/7/2018 12:15:37] /m small bandit
[27/7/2018 12:15:37] /m small bandit
[27/7/2018 12:15:37] /m small bandit
[27/7/2018 12:15:37] /m small bandit
[27/7/2018 12:15:37] /m small bandit
[27/7/2018 12:15:37] /m small bandit
[27/7/2018 12:15:37] /m small bandit
[27/7/2018 12:15:37] /m small bandit
[27/7/2018 12:15:37] /m small bandit
[27/7/2018 12:15:37] /m small bandit
[27/7/2018 12:15:38] /m small bandit
[27/7/2018 12:15:38] /m small bandit
[27/7/2018 12:15:38] /m small bandit
[27/7/2018 12:15:38] /m small bandit
[27/7/2018 12:15:38] /m small bandit
[27/7/2018 12:15:38] /m small bandit
[27/7/2018 12:15:38] /m small bandit
[27/7/2018 12:15:38] /m small bandit
[27/7/2018 12:15:38] /m small bandit
[27/7/2018 12:15:38] /m small bandit
[27/7/2018 12:15:38] /m small bandit
[27/7/2018 12:15:38] /m small bandit
[27/7/2018 12:15:38] /m small bandit
[27/7/2018 12:15:38] /m small bandit
[27/7/2018 12:15:38] /m small bandit
[27/7/2018 12:15:38] /m small bandit
[27/7/2018 12:15:38] /m small bandit
[27/7/2018 12:15:38] /m small bandit
[27/7/2018 12:15:38] /m small bandit
[27/7/2018 12:15:38] /m small bandit
[27/7/2018 12:15:38] /m small bandit
[27/7/2018 12:15:38] /m small bandit
[27/7/2018 12:15:38] /m small bandit
[27/7/2018 12:15:38] /m small bandit
[27/7/2018 12:15:49] /m small bandit
[27/7/2018 12:15:50] /m small bandit
[27/7/2018 12:15:50] /m small bandit
[27/7/2018 12:15:50] /m small bandit
[27/7/2018 12:15:50] /m small bandit
[27/7/2018 12:15:50] /m small bandit
[27/7/2018 12:15:50] /m small bandit
[27/7/2018 12:15:50] /m small bandit
[27/7/2018 12:15:50] /m small bandit
[27/7/2018 12:15:50] /m small bandit
[27/7/2018 12:15:50] /m small bandit
[27/7/2018 12:15:50] /m small bandit
[27/7/2018 12:15:50] /m small bandit
[27/7/2018 12:15:50] /m small bandit
[27/7/2018 12:15:50] /m small bandit
[27/7/2018 12:15:50] /m small bandit
[27/7/2018 12:15:50] /m small bandit
[27/7/2018 12:15:50] /m small bandit
[27/7/2018 12:15:50] /m small bandit
[27/7/2018 12:15:50] /m small bandit
[27/7/2018 12:15:50] /m small bandit
[27/7/2018 12:15:50] /m small bandit
[27/7/2018 12:15:50] /m small bandit
[27/7/2018 12:15:50] /m small bandit
[27/7/2018 12:15:50] /m small bandit
[27/7/2018 12:15:51] /m small bandit
[27/7/2018 12:15:51] /m small bandit
[27/7/2018 12:15:51] /m small bandit
[27/7/2018 12:15:51] /m small bandit
[27/7/2018 12:15:51] /m small bandit
[27/7/2018 12:15:51] /m small bandit
[27/7/2018 12:15:51] /m small bandit
[27/7/2018 12:15:51] /m small bandit
[27/7/2018 12:15:51] /m small bandit
[27/7/2018 12:15:51] /m small bandit
[27/7/2018 12:15:51] /m small bandit
[27/7/2018 12:15:51] /m small bandit
[27/7/2018 12:15:51] /m small bandit
[27/7/2018 12:15:51] /m small bandit
[27/7/2018 12:15:51] /m small bandit
[27/7/2018 12:15:51] /m small bandit
[27/7/2018 12:15:51] /m small bandit
[27/7/2018 12:15:51] /m small bandit
[27/7/2018 12:15:51] /m small bandit
[27/7/2018 12:15:51] /m small bandit
[27/7/2018 12:16:4] /m small bandit
[27/7/2018 12:16:5] /m small bandit
[27/7/2018 12:16:5] /m small bandit
[27/7/2018 12:16:5] /m small bandit
[27/7/2018 12:16:5] /m small bandit
[27/7/2018 12:16:5] /m small bandit
[27/7/2018 12:16:5] /m small bandit
[27/7/2018 12:16:5] /m small bandit
[27/7/2018 12:16:5] /m small bandit
[27/7/2018 12:16:5] /m small bandit
[27/7/2018 12:16:5] /m small bandit
[27/7/2018 12:16:5] /m small bandit
[27/7/2018 12:16:5] /m small bandit
[27/7/2018 12:16:5] /m small bandit
[27/7/2018 12:16:5] /m small bandit
[27/7/2018 12:16:5] /m small bandit
[27/7/2018 12:16:5] /m small bandit
[27/7/2018 12:16:5] /m small bandit
[27/7/2018 12:16:5] /m small bandit
[27/7/2018 12:16:5] /m small bandit
[27/7/2018 12:16:5] /m small bandit
[27/7/2018 12:16:5] /m small bandit
[27/7/2018 12:16:5] /m small bandit
[27/7/2018 12:16:5] /m small bandit
[27/7/2018 12:16:5] /m small bandit
[27/7/2018 12:16:5] /m small bandit
[27/7/2018 12:16:5] /m small bandit
[27/7/2018 12:16:6] /m small bandit
[27/7/2018 12:16:6] /m small bandit
[27/7/2018 12:16:6] /m small bandit
[27/7/2018 12:16:6] /m small bandit
[27/7/2018 12:16:18] /m small bandit
[27/7/2018 12:16:19] /m small bandit
[27/7/2018 12:16:19] /m small bandit
[27/7/2018 12:16:19] /m small bandit
[27/7/2018 12:16:19] /m small bandit
[27/7/2018 12:16:19] /m small bandit
[27/7/2018 12:16:19] /m small bandit
[27/7/2018 12:16:19] /m small bandit
[27/7/2018 12:16:19] /m small bandit
[27/7/2018 12:16:19] /m small bandit
[27/7/2018 12:16:19] /m small bandit
[27/7/2018 12:16:19] /m small bandit
[27/7/2018 12:16:19] /m small bandit
[27/7/2018 12:16:19] /m small bandit
[27/7/2018 12:16:19] /m small bandit
[27/7/2018 12:16:19] /m small bandit
[27/7/2018 12:16:19] /m small bandit
[27/7/2018 12:16:19] /m small bandit
[27/7/2018 12:16:19] /m small bandit
[27/7/2018 12:16:19] /m small bandit
[27/7/2018 12:16:19] /m small bandit
[27/7/2018 12:16:19] /m small bandit
[27/7/2018 12:16:19] /m small bandit
[27/7/2018 12:16:19] /m small bandit
[27/7/2018 12:16:19] /m small bandit
[27/7/2018 12:16:19] /m small bandit
[27/7/2018 12:16:20] /m small bandit
[27/7/2018 12:16:20] /m small bandit
[27/7/2018 12:16:20] /m small bandit
[27/7/2018 12:16:33] /m small bandit
[27/7/2018 12:16:33] /m small bandit
[27/7/2018 12:16:33] /m small bandit
[27/7/2018 12:16:33] /m small bandit
[27/7/2018 12:16:33] /m small bandit
[27/7/2018 12:16:33] /m small bandit
[27/7/2018 12:16:33] /m small bandit
[27/7/2018 12:16:33] /m small bandit
[27/7/2018 12:16:33] /m small bandit
[27/7/2018 12:16:33] /m small bandit
[27/7/2018 12:16:33] /m small bandit
[27/7/2018 12:16:33] /m small bandit
[27/7/2018 12:16:33] /m small bandit
[27/7/2018 12:16:33] /m small bandit
[27/7/2018 12:16:33] /m small bandit
[27/7/2018 12:16:34] /m small bandit
[27/7/2018 12:16:34] /m small bandit
[27/7/2018 12:16:34] /m small bandit
[27/7/2018 12:16:34] /m small bandit
[27/7/2018 12:16:34] /m small bandit
[27/7/2018 12:16:34] /m small bandit
[27/7/2018 12:16:34] /m small bandit
[27/7/2018 12:16:34] /m small bandit
[27/7/2018 12:16:34] /m small bandit
[27/7/2018 12:16:34] /m small bandit
[27/7/2018 12:16:34] /m small bandit
[27/7/2018 12:16:34] /m small bandit
[27/7/2018 12:16:34] /m small bandit
[27/7/2018 12:16:34] /m small bandit
[27/7/2018 12:16:34] /m small bandit
[27/7/2018 12:16:34] /m small bandit
[27/7/2018 12:16:34] /m small bandit
[27/7/2018 12:16:34] /m small bandit
[27/7/2018 12:16:34] /m small bandit
[27/7/2018 12:16:34] /m small bandit
[27/7/2018 12:16:34] /m small bandit
[27/7/2018 12:16:34] /m small bandit
[27/7/2018 12:16:34] /m small bandit
[27/7/2018 12:16:34] /m small bandit
[27/7/2018 12:16:34] /m small bandit
[27/7/2018 12:16:34] /m small bandit
[27/7/2018 12:16:34] /m small bandit
[27/7/2018 12:16:35] /m small bandit
[27/7/2018 12:16:35] /m small bandit
[27/7/2018 12:16:35] /m small bandit
[27/7/2018 12:16:35] /m small bandit
[27/7/2018 12:16:35] /m small bandit
[27/7/2018 12:16:35] /m small bandit
[27/7/2018 12:16:35] /m small bandit
[27/7/2018 12:16:35] /m small bandit
[27/7/2018 12:16:35] /m small bandit
[27/7/2018 12:16:35] /m small bandit
[27/7/2018 12:16:50] /m small bandit
[27/7/2018 12:16:50] /m small bandit
[27/7/2018 12:16:51] /m small bandit
[27/7/2018 12:16:51] /m small bandit
[27/7/2018 12:16:51] /m small bandit
[27/7/2018 12:16:51] /m small bandit
[27/7/2018 12:16:51] /m small bandit
[27/7/2018 12:16:51] /m small bandit
[27/7/2018 12:16:51] /m small bandit
[27/7/2018 12:16:51] /m small bandit
[27/7/2018 12:16:51] /m small bandit
[27/7/2018 12:16:51] /m small bandit
[27/7/2018 12:16:51] /m small bandit
[27/7/2018 12:16:51] /m small bandit
[27/7/2018 12:16:51] /m small bandit
[27/7/2018 12:16:51] /m small bandit
[27/7/2018 12:16:51] /m small bandit
[27/7/2018 12:16:51] /m small bandit
[27/7/2018 12:16:51] /m small bandit
[27/7/2018 12:16:51] /m small bandit
[27/7/2018 12:16:51] /m small bandit
[27/7/2018 12:16:51] /m small bandit
[27/7/2018 12:16:51] /m small bandit
[27/7/2018 12:16:51] /m small bandit
[27/7/2018 12:16:51] /m small bandit
[27/7/2018 12:16:51] /m small bandit
[27/7/2018 12:16:51] /m small bandit
[27/7/2018 12:16:51] /m small bandit
[27/7/2018 12:16:51] /m small bandit
[27/7/2018 12:16:52] /m small bandit
[27/7/2018 12:16:52] /m small bandit
[27/7/2018 12:16:52] /m small bandit
[27/7/2018 12:16:52] /m small bandit
[27/7/2018 12:16:52] /m small bandit
[27/7/2018 12:16:52] /m small bandit
[27/7/2018 12:17:43] /rreload monsters
[27/7/2018 12:17:44] /m small bandit
[27/7/2018 12:17:44] /m small bandit
[27/7/2018 12:17:45] /m small bandit
[27/7/2018 12:17:45] /m small bandit
[27/7/2018 12:17:45] /m small bandit
[27/7/2018 12:17:45] /m small bandit
[27/7/2018 12:17:45] /m small bandit
[27/7/2018 12:17:45] /m small bandit
[27/7/2018 12:17:45] /m small bandit
[27/7/2018 12:17:45] /m small bandit
[27/7/2018 12:17:45] /m small bandit
[27/7/2018 12:17:45] /m small bandit
[27/7/2018 12:17:45] /m small bandit
[27/7/2018 12:17:45] /m small bandit
[27/7/2018 12:17:45] /m small bandit
[27/7/2018 12:17:45] /m small bandit
[27/7/2018 12:17:45] /m small bandit
[27/7/2018 12:17:45] /m small bandit
[27/7/2018 12:17:45] /m small bandit
[27/7/2018 12:17:45] /m small bandit
[27/7/2018 12:17:45] /m small bandit
[27/7/2018 12:17:45] /m small bandit
[27/7/2018 12:17:45] /m small bandit
[27/7/2018 12:17:45] /m small bandit
[27/7/2018 12:17:45] /m small bandit
[27/7/2018 12:17:45] /m small bandit
[27/7/2018 12:17:46] /m small bandit
[27/7/2018 12:17:46] /m small bandit
[27/7/2018 12:17:46] /m small bandit
[27/7/2018 12:17:46] /m small bandit
[27/7/2018 12:17:46] /m small bandit
[27/7/2018 12:17:46] /m small bandit
[27/7/2018 12:17:46] /m small bandit
[27/7/2018 12:17:46] /m small bandit
[27/7/2018 12:17:46] /m small bandit
[27/7/2018 12:17:46] /m small bandit
[27/7/2018 12:17:46] /m small bandit
[27/7/2018 12:17:46] /m small bandit
[27/7/2018 12:17:57] /m small bandit
[27/7/2018 12:17:57] /m small bandit
[27/7/2018 12:17:58] /m small bandit
[27/7/2018 12:17:58] /m small bandit
[27/7/2018 12:17:58] /m small bandit
[27/7/2018 12:17:58] /m small bandit
[27/7/2018 12:17:58] /m small bandit
[27/7/2018 12:17:58] /m small bandit
[27/7/2018 12:17:58] /m small bandit
[27/7/2018 12:17:58] /m small bandit
[27/7/2018 12:17:58] /m small bandit
[27/7/2018 12:17:58] /m small bandit
[27/7/2018 12:17:58] /m small bandit
[27/7/2018 12:17:58] /m small bandit
[27/7/2018 12:17:58] /m small bandit
[27/7/2018 12:17:58] /m small bandit
[27/7/2018 12:17:58] /m small bandit
[27/7/2018 12:17:58] /m small bandit
[27/7/2018 12:17:58] /m small bandit
[27/7/2018 12:17:58] /m small bandit
[27/7/2018 12:17:58] /m small bandit
[27/7/2018 12:17:58] /m small bandit
[27/7/2018 12:17:58] /m small bandit
[27/7/2018 12:17:58] /m small bandit
[27/7/2018 12:17:58] /m small bandit
[27/7/2018 12:17:58] /m small bandit
[27/7/2018 12:17:58] /m small bandit
[27/7/2018 12:17:58] /m small bandit
[27/7/2018 12:17:58] /m small bandit
[27/7/2018 12:17:58] /m small bandit
[27/7/2018 12:17:58] /m small bandit
[27/7/2018 12:17:58] /m small bandit
[27/7/2018 12:17:58] /m small bandit
[27/7/2018 12:18:9] /m small bandit
[27/7/2018 12:18:9] /m small bandit
[27/7/2018 12:18:9] /m small bandit
[27/7/2018 12:18:9] /m small bandit
[27/7/2018 12:18:9] /m small bandit
[27/7/2018 12:18:9] /m small bandit
[27/7/2018 12:18:9] /m small bandit
[27/7/2018 12:18:9] /m small bandit
[27/7/2018 12:18:9] /m small bandit
[27/7/2018 12:18:9] /m small bandit
[27/7/2018 12:18:9] /m small bandit
[27/7/2018 12:18:9] /m small bandit
[27/7/2018 12:18:9] /m small bandit
[27/7/2018 12:18:9] /m small bandit
[27/7/2018 12:18:9] /m small bandit
[27/7/2018 12:18:10] /m small bandit
[27/7/2018 12:18:10] /m small bandit
[27/7/2018 12:18:10] /m small bandit
[27/7/2018 12:18:10] /m small bandit
[27/7/2018 12:18:10] /m small bandit
[27/7/2018 12:18:10] /m small bandit
[27/7/2018 12:18:10] /m small bandit
[27/7/2018 12:18:10] /m small bandit
[27/7/2018 12:18:20] /m small bandit
[27/7/2018 12:18:21] /m small bandit
[27/7/2018 12:18:21] /m small bandit
[27/7/2018 12:18:21] /m small bandit
[27/7/2018 12:18:21] /m small bandit
[27/7/2018 12:18:21] /m small bandit
[27/7/2018 12:18:21] /m small bandit
[27/7/2018 12:18:21] /m small bandit
[27/7/2018 12:18:21] /m small bandit
[27/7/2018 12:18:21] /m small bandit
[27/7/2018 12:18:21] /m small bandit
[27/7/2018 12:18:21] /m small bandit
[27/7/2018 12:18:21] /m small bandit
[27/7/2018 12:18:21] /m small bandit
[27/7/2018 12:18:22] /m small bandit
[27/7/2018 12:18:22] /m small bandit
[27/7/2018 12:18:22] /m small bandit
[27/7/2018 12:18:22] /m small bandit
[27/7/2018 12:18:22] /m small bandit
[27/7/2018 12:18:22] /m small bandit
[27/7/2018 12:18:22] /m small bandit
[27/7/2018 12:18:22] /m small bandit
[27/7/2018 12:18:22] /m small bandit
[27/7/2018 12:18:22] /m small bandit
[27/7/2018 12:18:22] /m small bandit
[27/7/2018 12:18:22] /m small bandit
[27/7/2018 12:18:22] /m small bandit
[27/7/2018 12:18:22] /m small bandit
[27/7/2018 12:18:22] /m small bandit
[27/7/2018 12:18:22] /m small bandit
[27/7/2018 12:18:22] /m small bandit
[27/7/2018 12:18:22] /m small bandit
[27/7/2018 12:18:22] /m small bandit
[27/7/2018 12:18:22] /m small bandit
[27/7/2018 12:18:22] /m small bandit
[27/7/2018 12:18:22] /m small bandit
[27/7/2018 12:18:22] /m small bandit
[27/7/2018 12:18:22] /m small bandit
[27/7/2018 12:18:22] /m small bandit
[27/7/2018 12:18:22] /m small bandit
[27/7/2018 12:18:22] /m small bandit
[27/7/2018 12:18:22] /m small bandit
[27/7/2018 12:18:22] /m small bandit
[27/7/2018 12:18:22] /m small bandit
[27/7/2018 12:18:22] /m small bandit
[27/7/2018 12:22:14] /rreload monsters
[27/7/2018 12:22:17] /m small bandit
[27/7/2018 12:22:17] /m small bandit
[27/7/2018 12:22:17] /m small bandit
[27/7/2018 12:22:17] /m small bandit
[27/7/2018 12:22:17] /m small bandit
[27/7/2018 12:22:17] /m small bandit
[27/7/2018 12:22:17] /m small bandit
[27/7/2018 12:22:17] /m small bandit
[27/7/2018 12:22:17] /m small bandit
[27/7/2018 12:22:17] /m small bandit
[27/7/2018 12:22:17] /m small bandit
[27/7/2018 12:22:17] /m small bandit
[27/7/2018 12:22:17] /m small bandit
[27/7/2018 12:22:17] /m small bandit
[27/7/2018 12:22:17] /m small bandit
[27/7/2018 12:22:17] /m small bandit
[27/7/2018 12:22:17] /m small bandit
[27/7/2018 12:22:17] /m small bandit
[27/7/2018 12:22:17] /m small bandit
[27/7/2018 12:22:17] /m small bandit
[27/7/2018 12:22:17] /m small bandit
[27/7/2018 12:22:17] /m small bandit
[27/7/2018 12:22:17] /m small bandit
[27/7/2018 12:22:18] /m small bandit
[27/7/2018 12:22:18] /m small bandit
[27/7/2018 12:22:18] /m small bandit
[27/7/2018 12:22:18] /m small bandit
[27/7/2018 12:22:18] /m small bandit
[27/7/2018 12:22:18] /m small bandit
[27/7/2018 12:22:18] /m small bandit
[27/7/2018 12:22:18] /m small bandit
[27/7/2018 12:22:18] /m small bandit
[27/7/2018 12:22:27] /m small bandit
[27/7/2018 12:22:28] /m small bandit
[27/7/2018 12:22:28] /m small bandit
[27/7/2018 12:22:28] /m small bandit
[27/7/2018 12:22:28] /m small bandit
[27/7/2018 12:22:28] /m small bandit
[27/7/2018 12:22:28] /m small bandit
[27/7/2018 12:22:28] /m small bandit
[27/7/2018 12:22:28] /m small bandit
[27/7/2018 12:22:28] /m small bandit
[27/7/2018 12:22:28] /m small bandit
[27/7/2018 12:22:28] /m small bandit
[27/7/2018 12:22:28] /m small bandit
[27/7/2018 12:22:28] /m small bandit
[27/7/2018 12:22:28] /m small bandit
[27/7/2018 12:22:28] /m small bandit
[27/7/2018 12:22:28] /m small bandit
[27/7/2018 12:22:28] /m small bandit
[27/7/2018 12:22:28] /m small bandit
[27/7/2018 12:22:28] /m small bandit
[27/7/2018 12:22:29] /m small bandit
[27/7/2018 12:22:29] /m small bandit
[27/7/2018 12:22:29] /m small bandit
[27/7/2018 12:22:29] /m small bandit
[27/7/2018 12:22:29] /m small bandit
[27/7/2018 12:22:29] /m small bandit
[27/7/2018 12:22:29] /m small bandit
[27/7/2018 12:22:29] /m small bandit
[27/7/2018 12:22:39] /m small bandit
[27/7/2018 12:22:39] /m small bandit
[27/7/2018 12:22:40] /m small bandit
[27/7/2018 12:22:40] /m small bandit
[27/7/2018 12:22:40] /m small bandit
[27/7/2018 12:22:40] /m small bandit
[27/7/2018 12:22:40] /m small bandit
[27/7/2018 12:22:40] /m small bandit
[27/7/2018 12:22:40] /m small bandit
[27/7/2018 12:22:40] /m small bandit
[27/7/2018 12:22:40] /m small bandit
[27/7/2018 12:22:40] /m small bandit
[27/7/2018 12:22:40] /m small bandit
[27/7/2018 12:22:40] /m small bandit
[27/7/2018 12:22:40] /m small bandit
[27/7/2018 12:22:40] /m small bandit
[27/7/2018 12:22:40] /m small bandit
[27/7/2018 12:22:40] /m small bandit
[27/7/2018 12:22:40] /m small bandit
[27/7/2018 12:22:40] /m small bandit
[27/7/2018 12:22:40] /m small bandit
[27/7/2018 12:22:40] /m small bandit
[27/7/2018 12:22:40] /m small bandit
[27/7/2018 12:22:40] /m small bandit
[27/7/2018 12:22:40] /m small bandit
[27/7/2018 12:22:40] /m small bandit
[27/7/2018 12:22:40] /m small bandit
[27/7/2018 12:22:40] /m small bandit
[27/7/2018 12:22:50] /m small bandit
[27/7/2018 12:22:50] /m small bandit
[27/7/2018 12:22:50] /m small bandit
[27/7/2018 12:22:50] /m small bandit
[27/7/2018 12:22:50] /m small bandit
[27/7/2018 12:22:50] /m small bandit
[27/7/2018 12:22:50] /m small bandit
[27/7/2018 12:22:50] /m small bandit
[27/7/2018 12:22:50] /m small bandit
[27/7/2018 12:22:50] /m small bandit
[27/7/2018 12:22:51] /m small bandit
[27/7/2018 12:22:51] /m small bandit
[27/7/2018 12:22:51] /m small bandit
[27/7/2018 12:22:51] /m small bandit
[27/7/2018 12:22:51] /m small bandit
[27/7/2018 12:22:51] /m small bandit
[27/7/2018 12:22:51] /m small bandit
[27/7/2018 12:22:51] /m small bandit
[27/7/2018 12:22:51] /m small bandit
[27/7/2018 12:22:51] /m small bandit
[27/7/2018 12:22:51] /m small bandit
[27/7/2018 12:22:51] /m small bandit
[27/7/2018 12:22:51] /m small bandit
[27/7/2018 12:22:51] /m small bandit
[27/7/2018 12:39:49] /goto thanatos
[27/7/2018 12:39:57] /goto thanatos
[27/7/2018 12:40:2] /goto celestas
[27/7/2018 12:40:37] /goto celestas
[27/7/2018 12:40:39] /goto celestas
[27/7/2018 12:48:31] /goto thanatos
[27/7/2018 12:52:47] /goto thanatos
[27/7/2018 13:12:53] /goto thanatos
[27/7/2018 13:13:22] /goto thanatos
[27/7/2018 13:58:54] /t
[28/7/2018 8:27:26] /goto thanatos
[28/7/2018 8:48:28] /t
[28/7/2018 12:52:47] /save
[28/7/2018 12:52:50] /sshutdown
[28/7/2018 12:59:11] /ii 10555
[28/7/2018 12:59:24] /ii 10556
[28/7/2018 12:59:30] /ii 10557
[28/7/2018 12:59:37] /ii 145
[28/7/2018 13:7:58] /goto celestas
[28/7/2018 13:8:0] /goto celestas
[28/7/2018 13:8:2] /goto celestas
[28/7/2018 13:8:6] /goto celestas
[28/7/2018 13:8:20] /up
[28/7/2018 13:8:28] /r
[28/7/2018 13:8:29] /r
[28/7/2018 13:25:25] /ii 2448
[28/7/2018 13:25:35] /ii 2448
[28/7/2018 13:26:49] /ii 2448
[28/7/2018 13:26:50] /ii 2448
[28/7/2018 13:26:52] /ii 2448
[28/7/2018 13:26:53] /ii 2448
[28/7/2018 13:26:53] /ii 2448
[28/7/2018 13:26:54] /ii 2448
[28/7/2018 13:26:56] /ii 2448
[28/7/2018 13:26:56] /ii 2448
[28/7/2018 13:26:57] /ii 2448
[28/7/2018 13:26:57] /ii 2448
[28/7/2018 13:26:58] /ii 2448
[28/7/2018 13:26:59] /ii 2448
[28/7/2018 13:27:59] /ii cetre rikkudo
[28/7/2018 13:29:17] /rreload monsters
[28/7/2018 13:29:19] /save
[28/7/2018 13:29:20] /sshutdown
[28/7/2018 13:30:1] /ii 10558
[28/7/2018 13:30:4] /ii 10559
[28/7/2018 13:36:19] /m treiner
[28/7/2018 13:36:25] /ii critical refino
[28/7/2018 13:36:27] /ii critical refino
[28/7/2018 13:36:27] /ii critical refino
[28/7/2018 13:36:29] /ii critical refino
[28/7/2018 13:36:29] /ii critical refino
[28/7/2018 13:36:30] /ii critical refino
[28/7/2018 13:36:30] /ii critical refino
[28/7/2018 13:36:31] /ii critical refino
[28/7/2018 13:36:31] /ii critical refino
[28/7/2018 13:36:32] /ii critical refino
[28/7/2018 13:36:37] /ii critical refino
[28/7/2018 13:36:37] /ii critical refino
[28/7/2018 13:36:38] /ii critical refino
[28/7/2018 13:36:38] /ii critical refino
[28/7/2018 13:36:50] /ii critical refino
[28/7/2018 13:36:50] /ii critical refino
[28/7/2018 13:36:51] /ii critical refino
[28/7/2018 13:36:52] /ii critical refino
[28/7/2018 13:36:52] /ii critical refino
[28/7/2018 13:36:56] /ii critical refino
[28/7/2018 13:36:57] /ii critical refino
[28/7/2018 13:36:57] /ii critical refino
[28/7/2018 13:36:57] /ii critical refino
[28/7/2018 13:36:58] /ii critical refino
[28/7/2018 13:36:58] /ii critical refino
[28/7/2018 13:36:59] /ii critical refino
[28/7/2018 13:36:59] /ii critical refino
[28/7/2018 13:36:59] /ii critical refino
[28/7/2018 13:37:0] /ii critical refino
[28/7/2018 13:37:0] /ii critical refino
[28/7/2018 13:46:0] /goto thanatos
[28/7/2018 13:46:4] /goto thanatos
[28/7/2018 13:46:11] /goto celestas
[28/7/2018 13:47:0] /goto thanatos
[28/7/2018 13:48:24] /t
[28/7/2018 13:51:33] /a 5
[28/7/2018 13:51:33] /a 5
[28/7/2018 13:51:34] /a 5
[28/7/2018 13:51:34] /a 5
[28/7/2018 13:51:35] /a 5
[28/7/2018 13:51:35] /a 5
[28/7/2018 13:51:37] /m small bandit
[28/7/2018 13:51:37] /m small bandit
[28/7/2018 13:51:39] /a 5
[28/7/2018 13:51:39] /a 5
[28/7/2018 13:51:39] /a 5
[28/7/2018 13:51:40] /a 5
[28/7/2018 13:51:40] /a 5
[28/7/2018 13:51:44] /m rygamata
[28/7/2018 13:51:45] /m rygamata
[28/7/2018 13:51:45] /m rygamata
[28/7/2018 13:51:45] /m rygamata
[28/7/2018 13:51:46] /m rygamata
[28/7/2018 13:51:46] /m rygamata
[28/7/2018 13:51:47] /m rygamata
[28/7/2018 13:51:47] /m rygamata
[28/7/2018 13:51:47] /m rygamata
[28/7/2018 13:51:50] /m small bandit
[28/7/2018 13:51:50] /m small bandit
[28/7/2018 13:51:51] /m small bandit
[28/7/2018 13:51:51] /m small bandit
[29/7/2018 4:14:57] /r
[29/7/2018 4:15:9] /m treiner
[29/7/2018 4:18:52] /cliport
[29/7/2018 4:40:23] /goto Painn
[29/7/2018 4:41:6] /aaddskill [ADM] Eros,magic,100
[29/7/2018 4:41:9] /aaddskill [ADM] Eros,magic,100
[29/7/2018 4:42:3] /m small bandit
[29/7/2018 4:42:4] /goto Painn
[29/7/2018 4:42:10] /goto Painn
[29/7/2018 4:44:19] /goto Painn
[29/7/2018 4:45:10] /goto Painn
[29/7/2018 4:45:11] /goto Painn
[29/7/2018 4:45:15] /goto Painn
[29/7/2018 4:45:59] /goto Painn
[29/7/2018 4:46:2] /goto Painn
[29/7/2018 4:47:8] /goto Painn
[29/7/2018 4:47:18] /goto Painn
[29/7/2018 4:47:20] /goto Painn
[29/7/2018 4:47:21] /goto Painn
[29/7/2018 4:47:50] /goto Painn
[29/7/2018 4:47:53] /goto Painn
[29/7/2018 4:48:23] /goto Painn
[29/7/2018 4:48:25] /goto Painn
[29/7/2018 4:48:27] /goto Painn
[29/7/2018 4:48:27] /goto Painn
[29/7/2018 4:48:36] /m small bandit
[29/7/2018 4:48:37] /m small bandit
[29/7/2018 4:48:40] /goto Painn
[29/7/2018 4:48:57] /goto Painn
[29/7/2018 4:49:29] /goto Painn
[29/7/2018 4:49:32] /goto Painn
[29/7/2018 4:49:36] /goto Painn
[29/7/2018 4:49:39] /goto Painn
[29/7/2018 4:49:41] /goto Painn
[29/7/2018 4:49:43] /goto Painn
[29/7/2018 4:49:45] /goto Painn
[29/7/2018 4:49:47] /goto Painn
[29/7/2018 4:49:49] /goto Painn
[29/7/2018 4:49:50] /goto Painn
[29/7/2018 4:49:54] /goto Painn
[29/7/2018 4:49:57] /goto Painn
[29/7/2018 4:49:59] /goto Painn
[29/7/2018 4:50:0] /goto Painn
[29/7/2018 4:50:21] /goto Painn
[29/7/2018 4:50:26] /goto Painn
[29/7/2018 4:50:29] /goto Painn
[29/7/2018 4:50:32] /goto Painn
[29/7/2018 4:50:35] /goto Painn
[29/7/2018 4:50:37] /goto Painn
[29/7/2018 4:50:39] /goto Painn
[29/7/2018 4:51:20] /goto Painn
[29/7/2018 4:51:37] /goto Painn
[29/7/2018 4:54:11] /goto Painn
[29/7/2018 4:54:21] /goto Painn
[29/7/2018 4:57:18] /goto Painn
[29/7/2018 4:57:22] /goto Painn
[29/7/2018 4:57:27] /goto Painn
[29/7/2018 4:58:6] /goto Painn
[29/7/2018 4:58:8] /goto Painn
[29/7/2018 5:4:24] /goto Painn
[29/7/2018 5:4:25] /m small bandit
[29/7/2018 5:6:34] /goto yokai
[29/7/2018 5:6:56] /goto yokai
[29/7/2018 5:7:1] /goto yokai
[29/7/2018 5:7:18] /goto yokai
[29/7/2018 5:7:20] /goto yokai
[29/7/2018 5:7:23] /goto yokai
[29/7/2018 5:7:28] /goto yokai
[29/7/2018 5:8:11] /goto yokai
[29/7/2018 5:8:27] /goto yokai
[29/7/2018 5:8:58] /goto yokai
[29/7/2018 5:8:59] /goto yokai
[29/7/2018 5:9:3] /goto yokai
[29/7/2018 5:9:22] /goto yokai
[29/7/2018 5:9:35] /goto yokai
[29/7/2018 5:9:36] /goto yokai
[29/7/2018 5:19:20] /c kushala
[29/7/2018 5:19:23] /c kushala
[29/7/2018 5:19:24] /c kushala
[29/7/2018 5:19:46] /goto Kushala
[29/7/2018 5:19:50] /goto Kushala
[29/7/2018 5:19:52] /goto Kushala
[29/7/2018 5:19:56] /goto Kushala
[29/7/2018 5:19:58] /goto Kushala
[29/7/2018 5:20:3] /goto Kushala
[29/7/2018 5:20:4] /goto Kushala
[29/7/2018 5:20:9] /goto Kushala
[29/7/2018 5:20:22] /goto Kushala
[29/7/2018 5:20:24] /goto Kushala
[29/7/2018 5:20:26] /goto Kushala
[29/7/2018 5:20:28] /goto Kushala
[29/7/2018 5:20:32] /goto Kushala
[29/7/2018 5:20:33] /goto Kushala
[29/7/2018 5:20:35] /goto Kushala
[29/7/2018 5:20:36] /goto Kushala
[29/7/2018 5:20:39] /goto Kushala
[29/7/2018 5:20:45] /goto Kushala
[29/7/2018 5:21:17] /goto Kushala
[29/7/2018 5:21:18] /goto Kushala
[29/7/2018 5:21:18] /goto Kushala
[29/7/2018 5:21:18] /goto Kushala
[29/7/2018 5:21:18] /goto Kushala
[29/7/2018 5:21:18] /goto Kushala
[29/7/2018 5:21:27] /goto Kushala
[29/7/2018 5:21:29] /goto Kushala
[29/7/2018 5:21:53] /goto Kushala
[29/7/2018 5:22:0] /goto Kushala
[29/7/2018 5:22:2] /goto Kushala
[29/7/2018 5:22:3] /goto Kushala
[29/7/2018 5:22:4] /goto Kushala
[29/7/2018 5:22:5] /goto Kushala
[29/7/2018 5:22:7] /goto Kushala
[29/7/2018 5:22:8] /goto Kushala
[29/7/2018 5:22:56] /goto Kushala
[29/7/2018 5:22:57] /goto Kushala
[29/7/2018 5:26:42] /goto Kushala
[29/7/2018 5:30:15] /goto Kushala
[29/7/2018 5:30:20] /goto Kushala
[29/7/2018 5:30:42] /goto Kushala
[29/7/2018 5:33:35] /a
[29/7/2018 5:44:23] /goto kushala
[29/7/2018 5:44:27] /goto kushala
[29/7/2018 5:44:30] /goto kushala
[29/7/2018 5:44:32] /goto kushala
[29/7/2018 5:46:56] /a 5
[29/7/2018 5:46:57] /down
[29/7/2018 5:47:0] /c kushala
[29/7/2018 5:47:24] /down
[29/7/2018 5:47:26] /c kushala
[29/7/2018 5:47:27] /c kushala
[29/7/2018 5:47:30] /c kushala
[29/7/2018 5:47:35] /down
[29/7/2018 5:47:37] /a 5
[29/7/2018 5:47:39] /c kushala
[29/7/2018 5:48:21] /c kushala
[29/7/2018 5:48:27] /c kushala
[29/7/2018 5:48:29] /c kushala
[29/7/2018 5:52:50] /t
[29/7/2018 5:52:58] /t kushala
[29/7/2018 9:26:14] /goto Thanatos
[29/7/2018 9:32:42] /t
[29/7/2018 10:0:47] /cliport
[29/7/2018 10:58:8] /ii 10581
[29/7/2018 11:32:16] /rreload actions
[29/7/2018 11:32:42] /rreload actions
[29/7/2018 11:34:12] /rreload actions
[29/7/2018 11:35:3] /rreload actions
[29/7/2018 11:38:20] /rreload actions
[29/7/2018 11:43:12] /rreload actions
[29/7/2018 11:44:50] /rreload actions
[29/7/2018 11:45:35] /rreload actions
[29/7/2018 11:47:41] /rreload actions
[29/7/2018 11:49:36] /rreload actions
[29/7/2018 11:56:10] /rreload actions
[29/7/2018 11:56:14] /r
[29/7/2018 11:56:27] /ii 10581
[29/7/2018 11:56:30] /ii backpack
[29/7/2018 11:57:31] /rreload actions
[29/7/2018 11:58:11] /goto handoken
[29/7/2018 11:58:21] /ii 10581
[29/7/2018 12:10:52] /rreload actions
[29/7/2018 12:11:46] /rreload actions
[29/7/2018 12:12:4] /ii 10581
[29/7/2018 12:12:4] /ii 10581
[29/7/2018 12:12:5] /ii 10581
[29/7/2018 12:12:5] /ii 10581
[29/7/2018 12:12:33] /rreload actions
[29/7/2018 12:14:0] /rreload actions
[29/7/2018 12:15:32] /rreload actions
[29/7/2018 12:16:27] /rreload actions
[29/7/2018 12:20:23] /rreload actions
[29/7/2018 12:20:28] /ii 10581
[29/7/2018 12:22:45] /rreload actions
[29/7/2018 12:23:21] /rreload actions
[29/7/2018 12:24:18] /rreload actions
[29/7/2018 12:25:1] /rreload actions
[29/7/2018 12:26:40] /rreload actions
[29/7/2018 12:26:46] /ii 10581
[29/7/2018 12:26:47] /ii 10581
[29/7/2018 12:26:47] /ii 10581
[29/7/2018 12:26:47] /ii 10581
[29/7/2018 12:27:42] /aattr group 3
[29/7/2018 12:27:46] /r
[29/7/2018 12:28:11] /r
[29/7/2018 12:28:11] /r
[29/7/2018 12:28:12] /r
[29/7/2018 12:28:22] /ii backpack
[29/7/2018 12:30:33] /rreload actions
[30/7/2018 5:23:3] /ii 10581
[30/7/2018 5:23:4] /ii 10581
[30/7/2018 5:23:36] /rreload actions
[30/7/2018 5:28:11] /rreload actions
[30/7/2018 5:29:3] /rreload spells
[30/7/2018 5:29:16] /rreload spells
[30/7/2018 5:30:1] /rreload spells
[30/7/2018 5:30:4] /rreload actions
[30/7/2018 5:30:59] /rreload actions
[30/7/2018 5:33:48] /rreload actions
[30/7/2018 5:34:28] /goto sasorih
[30/7/2018 5:34:31] /goto sasorih
[30/7/2018 5:36:38] /rreload actions
[30/7/2018 5:37:11] /rreload actions
[30/7/2018 5:38:55] /rreload actions
[30/7/2018 5:39:50] /rreload actions
[30/7/2018 5:43:18] /ii moeda vip
[30/7/2018 5:58:9] /rreload actions
[30/7/2018 5:58:47] /rreload actions
[30/7/2018 6:1:44] /rreload actions
[30/7/2018 9:37:19] /save
[30/7/2018 9:37:21] /sshutdown
[30/7/2018 9:39:22] /ii 10551
[30/7/2018 9:39:36] /ii 10552
[30/7/2018 9:39:48] /ii 10553
[30/7/2018 9:41:17] /rreload actions
[30/7/2018 9:49:11] /rreload actions
[30/7/2018 9:55:43] /ii recompensa jounnin
[30/7/2018 9:57:45] /aaddskill Handoken,level,100
[30/7/2018 9:57:49] /aaddskill Handoken,level,50
[30/7/2018 9:59:35] /r
[30/7/2018 9:59:55] /r
[30/7/2018 9:59:56] /r
[30/7/2018 10:0:5] /ii backpack
[30/7/2018 10:5:45] /cliport
[30/7/2018 10:7:48] /a
[30/7/2018 10:13:42] /rreload actions
[30/7/2018 10:13:45] /ii recompensa jounnin
[30/7/2018 10:18:33] /info ivana de sasori
[30/7/2018 10:20:12] /ii 2448
[30/7/2018 10:20:14] /ii 2448
[30/7/2018 10:20:15] /ii 2448
[30/7/2018 10:20:15] /ii 2448
[30/7/2018 10:20:16] /ii 2448
[30/7/2018 10:20:16] /ii 2448
[30/7/2018 10:20:18] /ii 2448
[30/7/2018 10:20:19] /ii 2448
[30/7/2018 10:20:19] /ii 2448
[30/7/2018 10:20:19] /ii 2448
[30/7/2018 10:20:20] /ii 2448
[30/7/2018 10:20:20] /ii 2448
[30/7/2018 10:20:21] /ii 2448
[30/7/2018 10:20:21] /ii 2448
[30/7/2018 10:20:21] /ii 2448
[30/7/2018 10:20:22] /ii 2448
[30/7/2018 10:20:22] /ii 2448
[30/7/2018 10:20:23] /ii 2448
[30/7/2018 10:20:23] /ii 2448
[30/7/2018 10:20:23] /ii 2448
[30/7/2018 10:20:24] /ii 2448
[30/7/2018 10:20:24] /ii 2448
[30/7/2018 10:20:25] /ii 2448
[30/7/2018 10:20:25] /ii 2448
[30/7/2018 10:20:26] /ii 2448
[30/7/2018 10:20:26] /ii 2448
[30/7/2018 10:20:26] /ii 2448
[30/7/2018 10:20:27] /ii 2448
[30/7/2018 10:20:27] /ii 2448
[30/7/2018 10:20:27] /ii 2448
[30/7/2018 10:20:28] /ii 2448
[30/7/2018 10:20:28] /ii 2448
[30/7/2018 10:20:30] /ii backpack
[30/7/2018 10:20:53] /info Skt Tsunade
[30/7/2018 10:22:19] /m treiner
[30/7/2018 10:23:33] /ii izanagi glove
[30/7/2018 10:23:38] /ii izanagi punho
[30/7/2018 10:23:43] /ii izanagi punho
[30/7/2018 10:23:47] /ii punho izanagi
[30/7/2018 10:23:50] /ii izanagi punho
[30/7/2018 10:24:22] /ii 11330
[30/7/2018 10:24:35] /ii 2448
[30/7/2018 10:24:35] /ii 2448
[30/7/2018 10:24:35] /ii 2448
[30/7/2018 10:24:36] /ii 2448
[30/7/2018 10:24:36] /ii 2448
[30/7/2018 10:24:36] /ii 2448
[30/7/2018 10:24:40] /ii 2448
[30/7/2018 10:24:40] /ii 2448
[30/7/2018 10:24:40] /ii 2448
[30/7/2018 10:24:40] /ii 2448
[30/7/2018 10:24:40] /ii 2448
[30/7/2018 10:24:40] /ii 2448
[30/7/2018 10:24:40] /ii 2448
[30/7/2018 10:24:40] /ii 2448
[30/7/2018 10:24:49] /ii 2448
[30/7/2018 10:24:49] /ii 2448
[30/7/2018 10:24:50] /ii 2448
[30/7/2018 10:24:50] /ii 2448
[30/7/2018 10:24:50] /ii 2448
[30/7/2018 10:24:50] /ii 2448
[30/7/2018 10:24:52] /ii 2448
[30/7/2018 10:24:53] /ii 2448
[30/7/2018 10:24:53] /ii 2448
[30/7/2018 10:24:53] /ii 2448
[30/7/2018 10:24:53] /ii 2448
[30/7/2018 10:24:53] /ii 2448
[30/7/2018 10:24:54] /ii 2448
[30/7/2018 10:24:55] /ii 2448
[30/7/2018 10:24:55] /ii 2448
[30/7/2018 10:24:55] /ii 2448
[30/7/2018 10:24:55] /ii 2448
[30/7/2018 10:24:56] /ii 2448
[30/7/2018 10:24:56] /ii 2448
[30/7/2018 10:24:56] /ii 2448
[30/7/2018 10:24:57] /ii 2448
[30/7/2018 10:24:57] /ii 2448
[30/7/2018 10:24:57] /ii 2448
[30/7/2018 10:24:58] /ii 2448
[30/7/2018 10:24:58] /ii 2448
[30/7/2018 10:24:58] /ii 2448
[30/7/2018 10:24:59] /ii 2448
[30/7/2018 10:24:59] /ii 2448
[30/7/2018 10:24:59] /ii 2448
[30/7/2018 10:25:2] /ii 2448
[30/7/2018 10:25:2] /ii 2448
[30/7/2018 10:25:3] /ii 2448
[30/7/2018 10:25:3] /ii 2448
[30/7/2018 10:25:3] /ii 2448
[30/7/2018 10:25:3] /ii 2448
[30/7/2018 10:25:4] /ii 2448
[30/7/2018 10:25:4] /ii 2448
[30/7/2018 10:25:5] /ii 2448
[30/7/2018 10:25:5] /ii 2448
[30/7/2018 10:25:6] /ii 2448
[30/7/2018 10:25:6] /ii 2448
[30/7/2018 10:25:6] /ii 2448
[30/7/2018 10:25:6] /ii 2448
[30/7/2018 10:25:6] /ii 2448
[30/7/2018 10:25:7] /ii 2448
[30/7/2018 10:25:7] /ii 2448
[30/7/2018 10:25:7] /ii 2448
[30/7/2018 10:25:8] /ii 2448
[30/7/2018 10:25:8] /ii 2448
[30/7/2018 10:25:8] /ii 2448
[30/7/2018 10:25:8] /ii 2448
[30/7/2018 10:25:9] /ii 2448
[30/7/2018 10:25:9] /ii 2448
[30/7/2018 10:25:9] /ii 2448
[30/7/2018 10:25:10] /ii 2448
[30/7/2018 10:25:10] /ii 2448
[30/7/2018 10:25:10] /ii 2448
[30/7/2018 10:25:10] /ii 2448
[30/7/2018 10:27:9] /ii kaguya shield
[30/7/2018 10:27:16] /ii 2448
[30/7/2018 10:27:16] /ii 2448
[30/7/2018 10:27:17] /ii 2448
[30/7/2018 10:27:19] /ii 2448
[30/7/2018 10:27:19] /ii 2448
[30/7/2018 10:27:19] /ii 2448
[30/7/2018 10:27:19] /ii 2448
[30/7/2018 10:27:20] /ii 2448
[30/7/2018 10:27:20] /ii 2448
[30/7/2018 10:27:20] /ii 2448
[30/7/2018 10:27:21] /ii 2448
[30/7/2018 10:27:21] /ii 2448
[30/7/2018 10:27:21] /ii 2448
[30/7/2018 10:27:21] /ii 2448
[30/7/2018 10:27:22] /ii 2448
[30/7/2018 10:27:22] /ii 2448
[30/7/2018 10:27:23] /ii 2448
[30/7/2018 10:27:23] /ii 2448
[30/7/2018 10:27:24] /ii 2448
[30/7/2018 10:27:25] /ii 2448
[30/7/2018 10:27:25] /ii 2448
[30/7/2018 10:27:25] /ii 2448
[30/7/2018 10:27:25] /ii 2448
[30/7/2018 10:27:26] /ii 2448
[30/7/2018 10:27:27] /ii 2448
[30/7/2018 10:27:28] /ii 2448
[30/7/2018 10:27:28] /ii 2448
[30/7/2018 10:27:28] /ii 2448
[30/7/2018 10:27:29] /ii 2448
[30/7/2018 10:27:29] /ii 2448
[30/7/2018 10:27:29] /ii 2448
[30/7/2018 10:27:29] /ii 2448
[30/7/2018 10:27:29] /ii 2448
[30/7/2018 10:27:30] /ii 2448
[30/7/2018 10:27:30] /ii 2448
[30/7/2018 10:27:30] /ii 2448
[30/7/2018 10:27:31] /ii 2448
[30/7/2018 10:27:31] /ii 2448
[30/7/2018 10:27:32] /ii 2448
[30/7/2018 10:27:32] /ii 2448
[30/7/2018 10:27:32] /ii 2448
[30/7/2018 10:27:32] /ii 2448
[30/7/2018 10:27:33] /ii 2448
[30/7/2018 10:27:33] /ii 2448
[30/7/2018 10:27:33] /ii 2448
[30/7/2018 10:27:33] /ii 2448
[30/7/2018 10:27:34] /ii 2448
[30/7/2018 10:27:34] /ii 2448
[30/7/2018 10:27:34] /ii 2448
[30/7/2018 10:27:35] /ii 2448
[30/7/2018 10:27:35] /ii 2448
[30/7/2018 10:27:35] /ii 2448
[30/7/2018 10:27:35] /ii 2448
[30/7/2018 10:27:35] /ii 2448
[30/7/2018 10:27:36] /ii 2448
[30/7/2018 10:27:36] /ii 2448
[30/7/2018 10:27:36] /ii 2448
[30/7/2018 10:27:37] /ii 2448
[30/7/2018 10:27:37] /ii 2448
[30/7/2018 10:27:39] /ii 2448
[30/7/2018 10:28:49] /mode pvp
[30/7/2018 10:29:34] /r
[30/7/2018 10:37:0] /info ivana de sasori
[30/7/2018 10:59:44] /ii 2169
[30/7/2018 11:1:40] /mc
[30/7/2018 11:8:0] /rreload npc
[30/7/2018 11:8:4] /nn Iruka Sensei
[30/7/2018 11:8:49] /rreload npc
[30/7/2018 11:8:50] /nn Iruka Sensei
[30/7/2018 11:9:17] /rreload npc
[30/7/2018 11:9:21] /nn Iruka Sensei
[30/7/2018 11:20:44] /rreload npcs
[30/7/2018 11:20:45] /rreload npc
[30/7/2018 11:20:48] /nn Iruka Sensei
[30/7/2018 11:21:16] /rreload spells
[30/7/2018 11:21:22] /rreload npc
[30/7/2018 11:22:4] /rreload npc
[30/7/2018 11:22:12] /ii certificado gennin
[30/7/2018 11:22:35] /r
[30/7/2018 11:23:48] /m rygamata
[30/7/2018 11:36:26] /cliport
[30/7/2018 11:46:42] /save
[30/7/2018 11:46:44] /sshutdown
[30/7/2018 15:38:1] /ii senju armor
[30/7/2018 15:38:4] /ii senju legs
[30/7/2018 15:38:6] /ii senju boots
[30/7/2018 15:38:44] /r
[30/7/2018 15:38:46] /m dragon
[30/7/2018 15:38:57] /aaddskill Handoken,distance,100
[30/7/2018 15:39:34] /m dragon
[30/7/2018 15:40:17] /m dragon
[30/7/2018 15:40:17] /m dragon
[31/7/2018 3:40:43] /goto thanatos
[31/7/2018 3:41:33] /info Thanatos
[31/7/2018 3:43:52] /ii vale vocation minato
[31/7/2018 3:43:54] /ii vocation minato
[31/7/2018 3:44:0] /ghost
[31/7/2018 3:54:32] /t
[31/7/2018 3:55:39] /ghost
[31/7/2018 4:0:4] /c thanatos
[31/7/2018 4:0:7] /c thanatos
[31/7/2018 4:0:17] /ii recompensa jounnin
[31/7/2018 4:0:22] /ii recompensa chunnin
[31/7/2018 10:48:49] /ii 9788
[31/7/2018 13:8:6] /ii spell book
[31/7/2018 13:30:6] /rreload actions
[31/7/2018 13:34:29] /rreload actions
[31/7/2018 13:35:30] /rreload actions
[31/7/2018 13:37:26] /rreload actions
[31/7/2018 13:37:43] /ii hoshigaki ring
[31/7/2018 13:40:0] /ii hoshigaki ring
[31/7/2018 13:40:1] /rreload actions
[31/7/2018 13:40:56] /rreload actions
[31/7/2018 14:29:33] /r
[31/7/2018 14:32:12] /rreload actions
[31/7/2018 23:41:16] /rreload actions
[31/7/2018 23:44:23] /rreload actions
[31/7/2018 23:44:56] /rreload actions
[31/7/2018 23:45:23] /rreload spells
[31/7/2018 23:45:31] /rreload actions
[31/7/2018 23:45:43] /rreload actions
[3/8/2018 6:23:14] /save
[3/8/2018 6:23:15] /sshutdown
[3/8/2018 6:23:43] /a 150
[3/8/2018 6:23:46] /a 50
[3/8/2018 6:23:48] /a 5
[3/8/2018 6:23:49] /a 5
[3/8/2018 6:24:17] /t
[5/8/2018 8:5:9] /clean 
[5/8/2018 8:5:34] /ii moeda vip
[5/8/2018 8:10:59] /goto kushala
[5/8/2018 8:11:5] /goto kushala
[5/8/2018 8:11:13] /goto painn
[5/8/2018 8:11:36] /goto akaar
[5/8/2018 8:12:2] /goto don diablo
[5/8/2018 8:12:48] /info kushala
[5/8/2018 8:13:23] /t
[5/8/2018 11:53:18] /ii kurama armor
[5/8/2018 11:53:20] /ii kurama tunic
[5/8/2018 11:53:22] /ii kurama legs
[5/8/2018 11:53:26] /ii kurama boots
[5/8/2018 11:53:28] /ii kurama helmet
[5/8/2018 11:53:33] /a 5
[5/8/2018 11:53:37] /ghost
[5/8/2018 11:54:0] /ii akatsuki backpack
[5/8/2018 11:55:11] /goto Thanatos
[5/8/2018 11:55:44] /t
[6/8/2018 22:12:38] /save
[6/8/2018 23:3:48] /goto thanatos
[6/8/2018 23:6:24] /c Thanatos[
[6/8/2018 23:6:29] /goto Thanatos
[6/8/2018 23:6:32] /ghost
[6/8/2018 23:7:12] /c Thanatos
[6/8/2018 23:7:18] /c Thanatos
[6/8/2018 23:7:21] /a
[6/8/2018 23:7:52] /clean 1
[6/8/2018 23:8:27] /save 1
[6/8/2018 23:8:31] /save 2
[6/8/2018 23:9:31] /clean 1
[6/8/2018 23:11:52] /ii clock
[6/8/2018 23:12:16] /ii 1877
[6/8/2018 23:12:36] /ii 2036
[6/8/2018 23:14:20] /ii 11334
[6/8/2018 23:15:49] /ii rinnegan eye
[6/8/2018 23:17:29] /c thanatos
[6/8/2018 23:19:35] /m kisame
[6/8/2018 23:19:52] /r
[6/8/2018 23:20:2] /r
[6/8/2018 23:22:31] /save
[6/8/2018 23:22:35] /save
[6/8/2018 23:22:54] /goto thanatos
[6/8/2018 23:23:9] /save
[6/8/2018 23:23:28] /save
[6/8/2018 23:23:35] /save
[6/8/2018 23:23:36] /sshutdown
[6/8/2018 23:25:11] /c thanatos
[6/8/2018 23:25:58] /m damage
[6/8/2018 23:27:30] /rreload monsters
[6/8/2018 23:28:59] /ii susano arch
[6/8/2018 23:34:17] /rreload movements
[6/8/2018 23:34:23] /save
[6/8/2018 23:34:24] /sshutdown
[6/8/2018 23:36:27] /ii 2160
[6/8/2018 23:36:55] /save
[6/8/2018 23:36:59] /sshutdown
[6/8/2018 23:37:38] /save
[6/8/2018 23:37:42] /sshutdown
[6/8/2018 23:42:55] /save
[6/8/2018 23:42:57] /sshutdown
[6/8/2018 23:44:24] /down
[6/8/2018 23:44:51] /up
[6/8/2018 23:44:55] /down
[6/8/2018 23:44:58] /up
[6/8/2018 23:48:25] /a
[6/8/2018 23:49:51] /a
[7/8/2018 0:34:42] /info kushala
[8/8/2018 22:49:51] /goto jared padalecki
[8/8/2018 22:50:4] /t
[10/8/2018 20:31:16] /ii vocation menma
[10/8/2018 20:31:21] /goto ivana~
[10/8/2018 20:31:42] /goto ivana~
[10/8/2018 20:32:41] /m emperium
[10/8/2018 21:9:40] /ii speed ring
[10/8/2018 21:9:45] /ii speed ring
[10/8/2018 21:10:2] /goto Senketsu
[10/8/2018 21:10:25] /goto saintk
[10/8/2018 21:10:27] /goto senketsu
[10/8/2018 21:10:32] /goto senketsu
[10/8/2018 21:10:37] /goto saintk
[10/8/2018 21:53:29] /goto saintk
[10/8/2018 21:54:58] /aattr group 5
[10/8/2018 21:56:49] /ii 2160
[10/8/2018 21:57:30] /aaddskill Saintk,level,500
[10/8/2018 22:0:26] /a 25 
[10/8/2018 22:0:34] /a 25 
[10/8/2018 22:0:41] /a 5
[10/8/2018 22:1:33] /a 5
[10/8/2018 22:2:16] /goto Saintk
[10/8/2018 22:2:28] /goto Saintk
[10/8/2018 22:2:36] /goto Saintk
[10/8/2018 22:2:56] /goto Saintk
[10/8/2018 22:3:6] /goto Saintk
[10/8/2018 22:3:18] /goto Saintk
[10/8/2018 22:3:20] /goto Saintk
[10/8/2018 22:3:24] /goto Saintk
[10/8/2018 22:3:35] /goto Saintk
[10/8/2018 22:3:47] /goto Saintk
[10/8/2018 22:3:50] /goto Saintk
[10/8/2018 22:3:56] /goto Saintk
[10/8/2018 22:5:21] /r
[11/8/2018 0:56:9] /goto don diablo
[11/8/2018 0:56:14] /goto don diablo
[11/8/2018 0:56:24] /goto don diablo
[11/8/2018 0:56:28] /goto don diablo
[11/8/2018 0:56:29] /goto don diablo
[11/8/2018 0:56:30] /goto don diablo
[11/8/2018 0:56:32] /goto don diablo
[11/8/2018 0:56:34] /goto don diablo
[11/8/2018 0:56:36] /goto don diablo
[11/8/2018 0:56:38] /goto don diablo
[11/8/2018 0:56:40] /goto don diablo
[11/8/2018 0:56:42] /goto don diablo
[11/8/2018 0:56:44] /goto don diablo
[11/8/2018 0:56:45] /goto don diablo
[11/8/2018 0:56:53] /goto don diablo
[11/8/2018 0:56:56] /goto don diablo
[11/8/2018 0:56:58] /goto don diablo
[11/8/2018 0:57:1] /goto don diablo
[11/8/2018 0:57:1] /goto don diablo
[11/8/2018 0:57:3] /goto don diablo
[11/8/2018 0:57:4] /goto don diablo
[11/8/2018 0:57:6] /goto don diablo
[11/8/2018 0:57:34] /t
[15/8/2018 1:30:7] /down
[15/8/2018 1:41:55] /m emperium
[15/8/2018 2:5:15] /m emperium
[15/8/2018 2:11:5] /ii 2700
[15/8/2018 2:11:6] /ii 2700
[15/8/2018 2:11:7] /ii 2700
[15/8/2018 2:11:8] /ii 2700
[15/8/2018 2:11:15] /ii 2700
[15/8/2018 2:11:15] /ii 2700
[15/8/2018 2:11:17] /ii 2700
[15/8/2018 2:11:18] /ii 2700
[15/8/2018 2:11:23] /ii 2700
[15/8/2018 2:11:24] /ii 2700
[15/8/2018 2:11:25] /ii 2700
[15/8/2018 2:11:26] /ii 2700
[15/8/2018 2:11:30] /ii 2700
[15/8/2018 2:11:41] /m gamaken
[15/8/2018 2:12:12] /m gamahiro
[15/8/2018 2:12:25] /r
[15/8/2018 2:14:9] /r
[15/8/2018 2:14:10] /r
[15/8/2018 2:14:11] /r
[15/8/2018 2:14:12] /r
[15/8/2018 2:14:22] /r
[15/8/2018 2:14:23] /r
[15/8/2018 2:14:24] /r
[15/8/2018 2:14:27] /r
[15/8/2018 2:14:33] /r
[15/8/2018 2:14:34] /r
[15/8/2018 3:2:31] /ghost
[19/8/2018 5:0:52] /goto [STAFF] KillSwitch
[19/8/2018 5:0:54] /ghost
[19/8/2018 5:0:56] /down
[19/8/2018 5:14:4] /m bat
[23/8/2018 3:48:58] /ghost
[23/8/2018 3:49:5] /newtype 1379
[23/8/2018 3:51:37] /newtype 1376
[23/8/2018 3:54:2] /newtype 1380
[23/8/2018 6:21:19] /newtype 1379
[24/8/2018 2:25:33] /newtype 1357
[24/8/2018 2:27:9] /a 100
[24/8/2018 2:27:10] /a 100
[24/8/2018 2:27:11] /a 100
[27/8/2018 12:38:13] /newtype 1412
[27/8/2018 12:51:52] /newtype 1408
[27/8/2018 12:51:59] /t
[27/8/2018 12:52:11] /down
[27/8/2018 13:2:6] /a
[27/8/2018 13:2:8] /a
[27/8/2018 13:2:10] /a
[29/8/2018 5:57:24] /ghost
[29/8/2018 5:57:32] /newtype 555
[29/8/2018 6:22:41] /ii 2160
[29/8/2018 6:38:32] /rreload npoc
[29/8/2018 6:38:34] /rreload npc
[29/8/2018 6:39:4] /rreload npc
[29/8/2018 23:35:12] /goto igor
[29/8/2018 23:39:8] /ghost
[31/8/2018 14:13:29] /goto Thanatos
[31/8/2018 14:15:14] /t
[31/8/2018 14:27:46] /rreload actions
[31/8/2018 14:27:50] /ii 6500
[31/8/2018 14:28:48] /sshutdown
[31/8/2018 14:32:56] /rreload actions
[31/8/2018 14:33:53] /rreload actions
[31/8/2018 14:34:47] /rreload actions
[31/8/2018 14:35:59] /rreload actions
[31/8/2018 14:38:23] /rreload actions
[31/8/2018 14:47:7] /rreload actions
[31/8/2018 14:47:56] /rreload actions
[31/8/2018 14:48:48] /rreload actions
[31/8/2018 14:56:58] /rreload actions
[31/8/2018 14:58:17] /rreload actions
[31/8/2018 15:10:41] /rreload actions
[31/8/2018 15:10:44] /ii 6500
[31/8/2018 18:31:27] /rreload actions
[31/8/2018 18:31:30] /ii 6505
[31/8/2018 18:31:55] /rreload actions
[31/8/2018 18:32:26] /rreload actions
[31/8/2018 18:34:48] /rreload actions
[31/8/2018 18:35:38] /rreload actions
[31/8/2018 18:37:6] /rreload actions
[31/8/2018 18:38:45] /rreload actions
[31/8/2018 18:40:10] /rreload actions
[31/8/2018 18:40:15] /ii 6505
[31/8/2018 18:42:12] /rreload actions
[31/8/2018 18:42:57] /rreload actions
[31/8/2018 18:43:28] /rreload actions
[31/8/2018 18:46:6] /rreload actions
[31/8/2018 18:48:25] /rreload actions
[31/8/2018 18:49:24] /rreload actions
[31/8/2018 18:50:4] /rreload actions
[31/8/2018 18:50:15] /rreload actions
[31/8/2018 18:51:35] /rreload actions
[31/8/2018 18:51:43] /rreload actions
[31/8/2018 18:53:51] /rreload actions
[31/8/2018 19:6:22] /rreload actions
[31/8/2018 19:6:24] /ii 6505
[31/8/2018 19:8:52] /rreload actions
[31/8/2018 19:9:56] /rreload actions
[31/8/2018 19:10:18] /rreload actions
[31/8/2018 19:10:43] /rreload actions
[31/8/2018 19:11:7] /rreload actions
[31/8/2018 19:11:51] /rreload actions
[31/8/2018 19:11:54] /rreload actions
[31/8/2018 19:13:38] /rreload actions
[31/8/2018 19:13:50] /rreload actions
[31/8/2018 19:14:18] /rreload actions
[31/8/2018 19:15:4] /rreload actions
[31/8/2018 19:15:9] /rreload actions
[31/8/2018 19:16:47] /rreload actions
[31/8/2018 19:17:34] /rreload actions
[31/8/2018 19:17:39] /rreload actions
[31/8/2018 19:22:8] /rreload actions
[31/8/2018 19:25:34] /rreload actions
[31/8/2018 19:26:15] /rreload actions
[31/8/2018 19:27:47] /rreload actions
[31/8/2018 19:28:21] /rreload actions
[31/8/2018 19:30:26] /rreload actions
[31/8/2018 19:31:11] /rreload actions
[31/8/2018 19:31:37] /rreload actions
[31/8/2018 19:32:15] /rreload actions
[31/8/2018 19:32:34] /rreload actions
[31/8/2018 19:39:56] /rreload actions
[31/8/2018 19:40:12] /rreload actions
[31/8/2018 19:41:32] /rreload actions
[31/8/2018 19:43:20] /rreload actions
[31/8/2018 19:43:55] /rreload actions
[31/8/2018 19:48:56] /rreload actions
[31/8/2018 19:49:34] /rreload actions
[31/8/2018 19:52:3] /rreload actions
[31/8/2018 19:52:13] /rreload actions
[31/8/2018 19:53:2] /rreload actions
[31/8/2018 19:53:59] /rreload actions
[31/8/2018 22:22:7] /rreload actions
[31/8/2018 22:24:4] /rreload actions
[31/8/2018 22:24:30] /rreload actions
[31/8/2018 22:25:20] /rreload actions
[31/8/2018 22:25:54] /rreload actions
[31/8/2018 22:26:6] /rreload actions
[31/8/2018 22:26:28] /rreload actions
[31/8/2018 22:27:51] /rreload actions
[31/8/2018 22:28:37] /rreload actions
[31/8/2018 22:29:21] /rreload actions
[31/8/2018 22:33:25] /rreload actions
[1/9/2018 17:20:54] /rreload actions
[1/9/2018 17:23:6] /rreload actions
[1/9/2018 17:24:28] /aaddskill Tantodu,level,400
[1/9/2018 17:25:49] /rreload actions
[1/9/2018 17:28:5] /rreload actions
[1/9/2018 17:29:55] /rreload actions
[1/9/2018 17:30:12] /rreload actions
[1/9/2018 17:30:56] /rreload actions
[1/9/2018 17:31:21] /rreload actions
[1/9/2018 17:31:38] /rreload actions
[1/9/2018 17:31:53] /rreload actions
[1/9/2018 17:34:53] /aaddskill [ADM] Eros,fist,1
