[21/6/2017 15:31:0] /goto miopia
[21/6/2017 18:33:46] /b Boa noite
[21/6/2017 18:33:51] /t
[21/6/2017 18:33:55] /a 52
[21/6/2017 18:34:3] /newtype 1247
[21/6/2017 18:34:9] /ghost
[21/6/2017 19:10:6] /ghost
[21/6/2017 20:58:43] /newtype 1247
[21/6/2017 20:58:47] /newtype 890
[21/6/2017 20:58:53] /newtype 880
[21/6/2017 20:58:56] /newtype 87
[21/6/2017 20:58:58] /newtype 870
[21/6/2017 20:59:5] /ghost
[21/6/2017 20:59:8] /newtype 871
[21/6/2017 20:59:10] /newtype 872
[21/6/2017 20:59:11] /newtype 873
[21/6/2017 20:59:12] /newtype 874
[21/6/2017 20:59:14] /newtype 875
[21/6/2017 20:59:17] /newtype 876
[21/6/2017 20:59:19] /newtype 877
[21/6/2017 20:59:22] /newtype 876
[21/6/2017 20:59:35] /newtype 878
[21/6/2017 20:59:43] /newtype 879
[21/6/2017 21:0:0] /newtype 880
[21/6/2017 21:0:2] /newtype 881
[21/6/2017 21:0:2] /newtype 882
[21/6/2017 21:0:4] /newtype 883
[21/6/2017 21:0:5] /newtype 884
[21/6/2017 21:0:10] /newtype 885
[21/6/2017 21:0:18] /newtype 886
[21/6/2017 21:0:22] /newtype 887
[21/6/2017 21:0:24] /newtype 888
[21/6/2017 21:0:27] /newtype 889
[21/6/2017 21:0:30] /newtype 890
[21/6/2017 21:0:34] /newtype 891
[21/6/2017 21:0:40] /newtype 892
[21/6/2017 21:0:42] /newtype 893
[21/6/2017 21:0:51] /newtype 893
[21/6/2017 21:0:53] /newtype 894
[21/6/2017 21:0:56] /newtype 895
[21/6/2017 21:0:57] /newtype 896
[21/6/2017 21:1:3] /newtype 897
[21/6/2017 21:1:10] /newtype 898
[21/6/2017 21:1:12] /newtype 899
[21/6/2017 21:1:20] /newtype 900
[21/6/2017 21:1:21] /newtype 901
[21/6/2017 21:1:23] /newtype 902
[21/6/2017 21:1:25] /newtype 903
[21/6/2017 21:1:42] /newtype 904
[21/6/2017 21:1:44] /newtype 905
[21/6/2017 21:2:11] /newtype 906
[21/6/2017 21:2:13] /newtype 907
[21/6/2017 21:2:26] /newtype 908
[21/6/2017 21:2:27] /newtype 909
[21/6/2017 21:2:40] /newtype 910
[21/6/2017 21:2:42] /newtype 911
[21/6/2017 21:2:43] /newtype 912
[21/6/2017 21:2:43] /newtype 913
[21/6/2017 21:2:46] /newtype 914
[21/6/2017 21:2:49] /newtype 915
[21/6/2017 21:2:53] /newtype 916
[21/6/2017 21:3:1] /newtype 917
[21/6/2017 21:3:10] /newtype 918
[21/6/2017 21:3:25] /ghost
[21/6/2017 21:3:35] /newtype 919
[21/6/2017 21:3:47] /ghost
[21/6/2017 21:3:57] /newtype 921
[21/6/2017 21:3:58] /newtype 922
[21/6/2017 21:4:3] /newtype 923
[21/6/2017 21:4:5] /newtype 919
[21/6/2017 21:4:9] /newtype 918
[21/6/2017 21:4:14] /newtype 923
[21/6/2017 21:4:15] /newtype 924
[21/6/2017 21:4:17] /newtype 925
[21/6/2017 21:4:18] /newtype 926
[21/6/2017 21:4:20] /newtype 927
[21/6/2017 21:4:22] /newtype 928
[21/6/2017 21:4:23] /newtype 929
[21/6/2017 21:4:25] /newtype 930
[21/6/2017 21:4:26] /newtype 931
[21/6/2017 21:4:27] /newtype 932
[21/6/2017 21:4:37] /newtype 933
[21/6/2017 21:4:40] /newtype 934
[21/6/2017 21:4:41] /newtype 935
[21/6/2017 21:4:48] /newtype 936
[21/6/2017 21:4:51] /newtype 937
[21/6/2017 21:4:52] /newtype 938
[21/6/2017 21:4:53] /newtype 939
[21/6/2017 21:4:56] /newtype 940
[21/6/2017 21:4:56] /newtype 941
[21/6/2017 21:4:57] /newtype 942
[21/6/2017 21:4:58] /newtype 943
[21/6/2017 21:5:0] /newtype 944
[21/6/2017 21:5:3] /newtype 945
[21/6/2017 21:5:4] /newtype 946
[21/6/2017 21:5:6] /newtype 947
[21/6/2017 21:5:7] /newtype 948
[21/6/2017 21:5:9] /newtype 949
[21/6/2017 21:5:10] /newtype 950
[21/6/2017 21:5:12] /newtype 951
[21/6/2017 21:5:12] /newtype 952
[21/6/2017 21:5:13] /newtype 953
[21/6/2017 21:5:14] /newtype 954
[21/6/2017 21:5:16] /newtype 955
[21/6/2017 21:5:18] /newtype 956
[21/6/2017 21:5:19] /newtype 957
[21/6/2017 21:5:21] /newtype 958
[21/6/2017 21:5:22] /newtype 959
[21/6/2017 21:5:24] /newtype 960
[21/6/2017 21:5:30] /newtype 961
[21/6/2017 21:5:31] /newtype 962
[21/6/2017 21:5:32] /newtype 963
[21/6/2017 21:5:33] /newtype 964
[21/6/2017 21:5:35] /newtype 965
[21/6/2017 21:5:38] /newtype 966
[21/6/2017 21:5:39] /newtype 967
[21/6/2017 21:5:40] /newtype 968
[21/6/2017 21:5:41] /newtype 969
[21/6/2017 21:5:45] /newtype 970
[21/6/2017 21:5:46] /newtype 971
[21/6/2017 21:5:47] /newtype 972
[21/6/2017 21:5:48] /newtype 973
[21/6/2017 21:5:49] /newtype 974
[21/6/2017 21:5:51] /newtype 975
[21/6/2017 21:5:54] /newtype 976
[21/6/2017 21:5:55] /newtype 977
[21/6/2017 21:5:58] /newtype 978
[21/6/2017 21:5:58] /newtype 979
[21/6/2017 21:6:1] /newtype 980
[21/6/2017 21:6:2] /newtype 981
[21/6/2017 21:6:2] /newtype 982
[21/6/2017 21:6:3] /newtype 983
[21/6/2017 21:6:5] /newtype 984
[21/6/2017 21:6:6] /newtype 985
[21/6/2017 21:6:8] /newtype 986
[21/6/2017 21:6:10] /newtype 987
[21/6/2017 21:6:11] /newtype 988
[21/6/2017 21:6:15] /newtype 989
[21/6/2017 21:6:21] /newtype 990
[21/6/2017 21:6:22] /newtype 991
[21/6/2017 21:6:22] /newtype 992
[21/6/2017 21:6:23] /newtype 993
[21/6/2017 21:6:25] /newtype 994
[21/6/2017 21:6:26] /newtype 995
[21/6/2017 21:6:27] /newtype 996
[21/6/2017 21:6:29] /newtype 997
[21/6/2017 21:6:31] /newtype 998
[21/6/2017 21:6:32] /newtype 999
[21/6/2017 21:6:35] /newtype 1000
[21/6/2017 21:6:36] /newtype 1001
[21/6/2017 21:6:36] /newtype 1002
[21/6/2017 21:6:37] /newtype 1003
[21/6/2017 21:6:40] /newtype 1004
[21/6/2017 21:6:41] /newtype 1005
[21/6/2017 21:6:42] /newtype 1006
[21/6/2017 21:6:44] /newtype 1007
[21/6/2017 21:6:45] /newtype 1008
[21/6/2017 21:6:46] /newtype 1009
[21/6/2017 21:6:48] /newtype 1010
[21/6/2017 21:6:48] /newtype 1011
[21/6/2017 21:6:49] /newtype 1012
[21/6/2017 21:6:50] /newtype 1013
[21/6/2017 21:6:52] /newtype 1014
[21/6/2017 21:6:53] /newtype 1015
[21/6/2017 21:6:54] /newtype 1016
[21/6/2017 21:6:55] /newtype 1017
[21/6/2017 21:7:1] /newtype 1247
[21/6/2017 21:7:13] /a
[21/6/2017 21:7:17] /a
[21/6/2017 21:7:22] /a
[21/6/2017 21:7:23] /a
[22/6/2017 23:55:49] /b Boa noite
[22/6/2017 23:55:55] /newtype 1247
[25/6/2017 15:6:19] /newtype 1247
[25/6/2017 15:6:26] /t
[25/6/2017 15:6:51] /a 4
[25/6/2017 15:7:28] /a 10
[25/6/2017 15:7:29] /a 10
[25/6/2017 15:7:31] /a 10
[27/6/2017 11:1:17] /r
[27/6/2017 11:1:22] /a 52
[27/6/2017 11:3:6] /up
[27/6/2017 11:5:38] /down
[27/6/2017 11:5:43] /down
[27/6/2017 11:5:46] /a
[27/6/2017 11:7:10] /t
[27/6/2017 11:7:17] /a 52
[27/6/2017 13:48:5] /ghost
[27/6/2017 13:48:8] /goto cannabis
[27/6/2017 13:48:16] /goto cannabis
[27/6/2017 13:49:32] /r
[27/6/2017 13:49:33] /r
[27/6/2017 13:49:34] /r
[27/6/2017 13:49:35] /r
[27/6/2017 13:49:35] /r
[27/6/2017 13:49:36] /r
[27/6/2017 13:49:37] /r
[27/6/2017 13:49:40] /r
[27/6/2017 13:49:42] /r
[27/6/2017 13:49:42] /r
[27/6/2017 13:49:44] /r
[27/6/2017 13:49:45] /r
[27/6/2017 13:49:51] /r
[27/6/2017 13:51:46] /t cannabis
[27/6/2017 13:54:31] /t
[27/6/2017 13:54:44] /a 52
[27/6/2017 13:58:24] /newtype 1251
[27/6/2017 13:58:26] /newtype 1251
[27/6/2017 13:58:28] /newtype 1252
[27/6/2017 13:58:30] /newtype 1253
[27/6/2017 13:58:33] /newtype 1254
[27/6/2017 13:58:36] /newtype 1255
[27/6/2017 13:58:40] /newtype 1254
[27/6/2017 13:58:46] /newtype 1256
[27/6/2017 13:58:49] /newtype 1257
[27/6/2017 13:58:50] /newtype 1258
[27/6/2017 13:58:53] /newtype 1259
[27/6/2017 13:58:55] /newtype 1260
[27/6/2017 13:58:59] /newtype 1261
[27/6/2017 13:59:0] /newtype 1262
[27/6/2017 13:59:1] /newtype 1264
[27/6/2017 13:59:3] /newtype 1265
[27/6/2017 13:59:5] /newtype 1266
[27/6/2017 13:59:9] /newtype 1267
[27/6/2017 13:59:11] /newtype 1268
[27/6/2017 13:59:13] /newtype 1269
[27/6/2017 13:59:15] /newtype 1270
[27/6/2017 13:59:16] /newtype 1271
[27/6/2017 13:59:17] /newtype 1272
[27/6/2017 13:59:18] /newtype 1273
[27/6/2017 13:59:20] /newtype 1274
[27/6/2017 13:59:21] /newtype 1275
[27/6/2017 13:59:23] /newtype 1276
[27/6/2017 13:59:24] /newtype 1277
[27/6/2017 13:59:31] /newtype 1278/newtype 1270
[27/6/2017 13:59:32] /newtype 1270
[27/6/2017 13:59:34] /newtype 1278
[27/6/2017 13:59:36] /newtype 1279
[27/6/2017 13:59:38] /newtype 1280
[27/6/2017 13:59:39] /newtype 1281
[27/6/2017 13:59:41] /newtype 1282
[27/6/2017 13:59:43] /newtype 1283
[27/6/2017 13:59:44] /newtype 1284
[27/6/2017 13:59:46] /newtype 1285
[27/6/2017 13:59:48] /newtype 1286
[27/6/2017 13:59:49] /newtype 1288
[27/6/2017 13:59:50] /newtype 1287
[27/6/2017 13:59:55] /newtype 1288
[27/6/2017 13:59:57] /newtype 1289
[27/6/2017 14:0:0] /newtype 1290
[27/6/2017 14:0:1] /newtype 1291
[27/6/2017 14:0:2] /newtype 1292
[27/6/2017 14:0:3] /newtype 1293
[27/6/2017 14:0:4] /newtype 1294
[27/6/2017 14:0:11] /newtype 1295
[27/6/2017 14:0:13] /newtype 1296
[27/6/2017 14:0:14] /newtype 1297
[27/6/2017 14:0:15] /newtype 1298
[27/6/2017 14:0:17] /newtype 1299
[27/6/2017 15:13:37] /goto King Luisse
[27/6/2017 15:31:25] /t
[27/6/2017 15:31:32] /a 52
[27/6/2017 15:31:45] /b Bugs no help !
[27/6/2017 18:44:14] /goto Sr Hollow
[27/6/2017 18:45:9] /t
[27/6/2017 18:45:15] /a 52
[27/6/2017 18:47:44] /goto Dark hollow
[27/6/2017 18:47:45] /goto Dark hollow
[27/6/2017 18:48:30] /b Pessoal algumas vocações bugaram, então não abusem do bug, estou avisando
[27/6/2017 18:48:33] /b Pessoal algumas vocações bugaram, então não abusem do bug, estou avisando
[27/6/2017 18:48:34] /b Pessoal algumas vocações bugaram, então não abusem do bug, estou avisando
[27/6/2017 18:48:34] /b Pessoal algumas vocações bugaram, então não abusem do bug, estou avisando
[27/6/2017 18:48:34] /b Pessoal algumas vocações bugaram, então não abusem do bug, estou avisando
[27/6/2017 18:48:34] /b Pessoal algumas vocações bugaram, então não abusem do bug, estou avisando
[27/6/2017 18:48:52] /b Tem que esperar roberto chegar da faculdade, não mecho com isso
[27/6/2017 18:48:52] /b Tem que esperar roberto chegar da faculdade, não mecho com isso
[27/6/2017 18:48:53] /b Tem que esperar roberto chegar da faculdade, não mecho com isso
[27/6/2017 18:48:53] /b Tem que esperar roberto chegar da faculdade, não mecho com isso
[27/6/2017 18:48:53] /b Tem que esperar roberto chegar da faculdade, não mecho com isso
[27/6/2017 18:49:10] /b Para de mandar pm .
[27/6/2017 18:50:4] /ghost
[27/6/2017 18:50:15] /newtype 1247
[27/6/2017 18:52:13] /b mais algum bug ?, tirando os das vocações 
[27/6/2017 18:52:14] /b mais algum bug ?, tirando os das vocações 
[27/6/2017 18:52:14] /b mais algum bug ?, tirando os das vocações 
[27/6/2017 18:52:14] /b mais algum bug ?, tirando os das vocações 
[27/6/2017 18:52:15] /b mais algum bug ?, tirando os das vocações 
[27/6/2017 18:52:45] /b mais algum bug ?, tirando os das vocações > Falem no help
[27/6/2017 18:52:45] /b mais algum bug ?, tirando os das vocações > Falem no help
[27/6/2017 18:52:45] /b mais algum bug ?, tirando os das vocações > Falem no help
[27/6/2017 18:52:46] /b mais algum bug ?, tirando os das vocações > Falem no help
[27/6/2017 18:52:46] /b mais algum bug ?, tirando os das vocações > Falem no help
[27/6/2017 18:52:46] /b mais algum bug ?, tirando os das vocações > Falem no help
[27/6/2017 18:52:46] /b mais algum bug ?, tirando os das vocações > Falem no help
[27/6/2017 18:52:47] /b mais algum bug ?, tirando os das vocações > Falem no help
[27/6/2017 18:52:47] /b mais algum bug ?, tirando os das vocações > Falem no help
[27/6/2017 18:52:48] /b mais algum bug ?, tirando os das vocações > Falem no help
[27/6/2017 18:52:48] /b mais algum bug ?, tirando os das vocações > Falem no help
[27/6/2017 18:52:48] /b mais algum bug ?, tirando os das vocações > Falem no help
[27/6/2017 18:52:48] /b mais algum bug ?, tirando os das vocações > Falem no help
[27/6/2017 18:55:54] /b parem de mandar pm, fala no help, e não sei se vai dar rollback
[27/6/2017 18:55:54] /b parem de mandar pm, fala no help, e não sei se vai dar rollback
[27/6/2017 18:55:54] /b parem de mandar pm, fala no help, e não sei se vai dar rollback
[27/6/2017 18:55:55] /b parem de mandar pm, fala no help, e não sei se vai dar rollback
[27/6/2017 18:55:55] /b parem de mandar pm, fala no help, e não sei se vai dar rollback
[27/6/2017 18:55:55] /b parem de mandar pm, fala no help, e não sei se vai dar rollback
[27/6/2017 18:55:55] /b parem de mandar pm, fala no help, e não sei se vai dar rollback
[27/6/2017 18:55:56] /b parem de mandar pm, fala no help, e não sei se vai dar rollback
[27/6/2017 18:56:28] /a 
[27/6/2017 18:58:23] /b afek .
[27/6/2017 18:58:26] /b afk .
[27/6/2017 19:49:31] /b parem de mandar pm, fala no help, e não sei se vai dar rollback
[27/6/2017 19:49:36] /b
[27/6/2017 19:57:17] /b Vo deixar o server off, quando roberto chegar ele resolve isso, até a noite !
[27/6/2017 19:57:18] /b Vo deixar o server off, quando roberto chegar ele resolve isso, até a noite !
[27/6/2017 19:57:18] /b Vo deixar o server off, quando roberto chegar ele resolve isso, até a noite !
[27/6/2017 19:57:18] /b Vo deixar o server off, quando roberto chegar ele resolve isso, até a noite !
[27/6/2017 19:57:18] /b Vo deixar o server off, quando roberto chegar ele resolve isso, até a noite !
[27/6/2017 19:57:19] /b Vo deixar o server off, quando roberto chegar ele resolve isso, até a noite !
[27/6/2017 19:57:19] /b Vo deixar o server off, quando roberto chegar ele resolve isso, até a noite !
[27/6/2017 19:57:22] /b Vo deixar o server off, quando roberto chegar ele resolve isso, até a noite !
[27/6/2017 19:57:22] /b Vo deixar o server off, quando roberto chegar ele resolve isso, até a noite !
[27/6/2017 19:57:23] /b Vo deixar o server off, quando roberto chegar ele resolve isso, até a noite !
[27/6/2017 19:57:23] /b Vo deixar o server off, quando roberto chegar ele resolve isso, até a noite !
[27/6/2017 19:57:23] /b Vo deixar o server off, quando roberto chegar ele resolve isso, até a noite !
[27/6/2017 19:57:23] /b Vo deixar o server off, quando roberto chegar ele resolve isso, até a noite !
[27/6/2017 19:58:18] /a
[27/6/2017 19:58:22] /b Vo deixar o server off, quando roberto chegar ele resolve isso, até a noite !
[27/6/2017 19:58:23] /b Vo deixar o server off, quando roberto chegar ele resolve isso, até a noite !
[27/6/2017 19:58:23] /b Vo deixar o server off, quando roberto chegar ele resolve isso, até a noite !
[27/6/2017 19:58:23] /b Vo deixar o server off, quando roberto chegar ele resolve isso, até a noite !
[27/6/2017 19:58:24] /b Vo deixar o server off, quando roberto chegar ele resolve isso, até a noite !
[27/6/2017 19:58:24] /b Vo deixar o server off, quando roberto chegar ele resolve isso, até a noite !
[27/6/2017 19:58:24] /b Vo deixar o server off, quando roberto chegar ele resolve isso, até a noite !
[27/6/2017 19:58:25] /b Vo deixar o server off, quando roberto chegar ele resolve isso, até a noite !
[27/6/2017 20:0:3] /b vo desligar .
[28/6/2017 10:56:11] /b esperem.
[28/6/2017 16:54:27] /newtype 1247
[28/6/2017 16:54:59] /t
[28/6/2017 16:55:4] /goto [ADM] IndraMazuk
[28/6/2017 16:55:10] /r
[28/6/2017 16:56:27] /ghost
[28/6/2017 17:9:9] /b Se alguem meteu o louco sobre essas paradas de voc bugada, pra pegar vocação vip, vai levar delete Fica esperto !
[29/6/2017 10:22:2] /b Boa tarde !
[29/6/2017 10:24:28] /a
[29/6/2017 10:24:29] /a
[29/6/2017 10:24:31] /up
[29/6/2017 10:25:53] /goto kyuubi
[29/6/2017 10:25:58] /t
[29/6/2017 10:26:25] /a 52
[29/6/2017 10:27:22] /goto trainer
[29/6/2017 10:29:50] /t
[29/6/2017 10:29:55] /a 52
[29/6/2017 10:30:32] /ghost
[29/6/2017 10:30:36] /newtype 1247
[29/6/2017 10:31:27] /goto giant spider
[29/6/2017 10:31:36] /goto flash back
[29/6/2017 10:38:30] /a
[29/6/2017 10:51:25] /b Mais tarde eu logo ae !
[29/6/2017 10:51:25] /b Mais tarde eu logo ae !
[29/6/2017 10:51:26] /b Mais tarde eu logo ae !
[29/6/2017 10:51:26] /b Mais tarde eu logo ae !
[8/7/2017 20:32:15] /b Boa noite
