[14/3/2017 19:18:48] /t
[14/3/2017 19:18:52] /t
[14/3/2017 19:19:33] /t
[14/3/2017 19:19:36] /ghost
[14/3/2017 19:21:21] /t
[14/3/2017 19:21:32] /goto [ADM] Aragogs
[14/3/2017 19:21:39] /goto [ADM] Aragogs
[14/3/2017 19:21:40] /goto [ADM] Aragogs
[14/3/2017 19:21:40] /goto [ADM] Aragogs
[14/3/2017 19:21:40] /goto [ADM] Aragogs
[14/3/2017 19:21:41] /goto [ADM] Aragogs
[14/3/2017 19:21:41] /goto [ADM] Aragogs
[14/3/2017 19:21:51] /a 5
[14/3/2017 19:22:12] /a 4
[14/3/2017 19:22:13] /a
[14/3/2017 19:22:14] /a
[14/3/2017 19:22:17] /a 4
[14/3/2017 19:22:30] /a 4
[14/3/2017 19:22:37] /a 4
[14/3/2017 19:22:41] /a 50
[14/3/2017 19:23:3] /a 4
[14/3/2017 19:23:19] /a 4
[14/3/2017 19:23:39] /cliport
[14/3/2017 19:26:12] /t
[14/3/2017 19:26:37] /a 4
[14/3/2017 19:26:48] /a 10
[14/3/2017 19:27:13] /a 50
[14/3/2017 19:30:32] /a 3
[14/3/2017 19:30:34] /a 2
[14/3/2017 19:31:54] /a 3
[14/3/2017 19:35:17] /a 2
[14/3/2017 19:40:35] /goto Explosion Art
[14/3/2017 19:41:4] /a 3
[14/3/2017 19:41:20] /goto Explosion Art
[14/3/2017 19:41:24] /a 3
[14/3/2017 19:42:12] /goto Explosion Art
[14/3/2017 19:42:22] /a 3
[14/3/2017 19:42:29] /goto Explosion Art
[14/3/2017 19:42:34] /a 3
[14/3/2017 19:42:36] /goto Explosion Art
[14/3/2017 19:42:46] /a 3
[14/3/2017 19:42:55] /goto Explosion Art
[14/3/2017 19:45:33] /goto [ADM] Aragog
[14/3/2017 19:47:27] /cliport
[14/3/2017 19:52:40] /newtype
[14/3/2017 19:52:44] /newtype 205
[14/3/2017 19:55:59] /a 3
[14/3/2017 19:56:9] /a 3
[14/3/2017 19:56:14] /cliport
[14/3/2017 19:56:28] /a 10
[14/3/2017 19:56:29] /a 10
[14/3/2017 19:56:32] /a 10
[14/3/2017 19:56:34] /a 10
[14/3/2017 19:56:35] /a 10
[14/3/2017 19:56:36] /a 10
[14/3/2017 19:56:39] /a 1
[14/3/2017 19:56:40] /a 1
[14/3/2017 19:56:46] /a 1
[14/3/2017 19:56:47] /a 1
[14/3/2017 20:4:40] /b Para quem não ta entendendo, Tem TUTOR novo, e GM Novo !!
[14/3/2017 20:4:47] /goto Explosion Art
[14/3/2017 20:5:1] /goto Explosion Art
[14/3/2017 20:5:3] /goto Explosion Art
[14/3/2017 20:5:6] /goto Explosion Art
[14/3/2017 20:5:8] /goto Explosion Art
[14/3/2017 20:5:10] /goto Explosion Art
[14/3/2017 20:5:52] /goto Explosion Art
[14/3/2017 20:5:53] /goto Explosion Art
[14/3/2017 20:5:54] /goto Explosion Art
[14/3/2017 20:5:55] /goto Explosion Art
[14/3/2017 20:5:56] /goto Explosion Art
[14/3/2017 20:5:57] /goto Explosion Art
[14/3/2017 20:5:58] /goto Explosion Art
[14/3/2017 20:5:59] /goto Explosion Art
[14/3/2017 20:5:59] /goto Explosion Art
[14/3/2017 20:6:0] /goto Explosion Art
[14/3/2017 20:6:1] /goto Explosion Art
[14/3/2017 20:6:2] /goto Explosion Art
[14/3/2017 20:6:28] /goto Explosion Art
[14/3/2017 20:7:52] /goto hagoromo
[14/3/2017 20:8:2] /goto Explosion Art
[14/3/2017 20:8:6] /goto Explosion Art
[14/3/2017 20:8:39] /cliport
[14/3/2017 20:8:51] /a 1
[14/3/2017 20:9:2] /a 1
[14/3/2017 20:10:48] /goto Explosion Art
[14/3/2017 20:11:38] /goto [ADM] Aragog
[14/3/2017 20:15:29] /goto emperium
[14/3/2017 20:20:30] /b Bora rapaziada vai ter evento ! SAIDA DE SUL DE KONOHA 
[14/3/2017 20:22:54] /ghost
[14/3/2017 20:23:33] /ghost
[14/3/2017 20:23:39] /goto ginkaku
[14/3/2017 20:23:44] /cliport
[14/3/2017 20:23:51] /a 7
[14/3/2017 20:24:43] /a 5
[14/3/2017 20:27:6] /a 5
[14/3/2017 20:27:7] /a 5
[14/3/2017 20:27:14] /a 5
[14/3/2017 20:27:28] /a 5
[14/3/2017 20:27:30] /a 5
[14/3/2017 20:27:53] /a 5
[14/3/2017 20:27:53] /a 5
[14/3/2017 20:27:53] /a 5
[14/3/2017 20:28:27] /a 5
[14/3/2017 20:29:54] /goto nooway
[14/3/2017 20:54:33] /goto juubi
[14/3/2017 20:54:44] /goto juubi
[14/3/2017 20:55:19] /goto nooway
[14/3/2017 20:57:2] /goto nooway
[14/3/2017 20:57:5] /goto nooway
[14/3/2017 20:58:21] /t
[14/3/2017 20:58:46] /b Reporte qualquer bug no Cntrl + R, Duvidas no help !!
[14/3/2017 20:59:20] /newtype 1
[14/3/2017 21:11:2] /goto Element 
[14/3/2017 21:11:14] /goto Explosion Art
[14/3/2017 21:11:16] /goto Explosion Art
[14/3/2017 21:11:16] /goto Explosion Art
[14/3/2017 21:11:17] /goto Explosion Art
[14/3/2017 21:11:18] /goto Explosion Art
[14/3/2017 21:11:19] /goto Explosion Art
[14/3/2017 21:11:20] /goto Explosion Art
[14/3/2017 21:11:21] /goto Explosion Art
[14/3/2017 21:11:21] /goto Explosion Art
[14/3/2017 21:11:22] /goto Explosion Art
[14/3/2017 21:11:23] /goto Explosion Art
[14/3/2017 21:11:24] /goto Explosion Art
[14/3/2017 21:11:25] /goto Explosion Art
[14/3/2017 21:11:26] /goto Explosion Art
[14/3/2017 21:13:41] /t
[14/3/2017 21:17:36] /a 5
[14/3/2017 21:20:30] /goto ginkaku
[14/3/2017 21:21:58] /a 5
[14/3/2017 21:22:47] /a 5
[14/3/2017 21:23:11] /goto mater tick
[14/3/2017 21:23:54] /goto ginkaku
[14/3/2017 21:24:5] /a 3
[14/3/2017 21:24:7] /a 3
[14/3/2017 21:24:10] /a 3
[14/3/2017 21:24:13] /a 6
[14/3/2017 21:25:40] /a 6
[14/3/2017 21:26:12] /a 6
[14/3/2017 21:26:20] /a 6
[14/3/2017 21:26:39] /a 6
[14/3/2017 21:26:42] /a 6
[14/3/2017 21:28:27] /t
[15/3/2017 20:18:28] /ghost
[15/3/2017 20:19:7] /b Boa tarde !! , qualquer duvida no help ou bug no cntrl + R 
[15/3/2017 20:20:20] /cliport
[15/3/2017 20:21:8] /t nooway
[15/3/2017 20:22:12] /ghost
[15/3/2017 20:25:24] /b Evento emperium as 14:25, corram !
[15/3/2017 20:36:31] /t nooway
[15/3/2017 20:38:45] /t
[15/3/2017 20:39:44] /t
[15/3/2017 20:40:2] /goto wataru kagaki
[15/3/2017 20:40:53] /goto nooway
[15/3/2017 20:41:19] /goto Wataru Takagi
[15/3/2017 20:41:43] /ghost
[15/3/2017 20:42:58] /newtype 1000
[15/3/2017 20:43:0] /newtype 1001
[15/3/2017 20:43:1] /newtype 1002
[15/3/2017 20:43:2] /newtype 1003
[15/3/2017 20:43:4] /newtype 1004
[15/3/2017 20:43:6] /newtype 1005
[15/3/2017 20:43:9] /newtype 1006
[15/3/2017 20:43:11] /newtype 1007
[15/3/2017 20:43:13] /newtype 1008
[15/3/2017 20:43:15] /newtype 1009
[15/3/2017 20:43:18] /newtype 1010
[15/3/2017 20:43:24] /newtype 1011
[15/3/2017 20:43:26] /newtype 1012
[15/3/2017 20:43:28] /newtype 1013
[15/3/2017 20:43:30] /newtype 1014
[15/3/2017 20:43:31] /newtype 1014
[15/3/2017 20:43:33] /newtype 1015
[15/3/2017 20:43:35] /newtype 1016
[15/3/2017 20:43:37] /newtype 1016
[15/3/2017 20:43:39] /newtype 1017
[15/3/2017 20:43:40] /newtype 1018
[15/3/2017 20:43:42] /newtype 1019
[15/3/2017 20:43:44] /newtype 1020
[15/3/2017 20:43:47] /newtype 1021
[15/3/2017 20:43:49] /newtype 1022
[15/3/2017 20:43:50] /newtype 1022
[15/3/2017 20:43:51] /newtype 1023
[15/3/2017 20:43:53] /newtype 1024
[15/3/2017 20:43:55] /newtype 1025
[15/3/2017 20:43:56] /newtype 1026
[15/3/2017 20:43:59] /newtype 1026
[15/3/2017 20:44:7] /newtype 1027
[15/3/2017 20:44:9] /newtype 1028
[15/3/2017 20:44:11] /newtype 1029
[15/3/2017 20:44:13] /newtype 1030
[15/3/2017 20:44:14] /newtype 1021
[15/3/2017 20:44:18] /newtype 1031
[15/3/2017 20:44:22] /newtype 1032
[15/3/2017 20:44:24] /newtype 1033
[15/3/2017 20:44:26] /newtype 1034
[15/3/2017 20:44:27] /newtype 1033
[15/3/2017 20:44:29] /newtype 1035
[15/3/2017 20:44:33] /newtype 1035
[15/3/2017 20:44:34] /newtype 1036
[15/3/2017 20:44:40] /newtype 1036
[15/3/2017 20:44:44] /newtype 1037
[15/3/2017 20:44:45] /newtype 1038
[15/3/2017 20:44:47] /newtype 1039
[15/3/2017 20:44:50] /newtype 1040
[15/3/2017 20:44:52] /newtype 1041
[15/3/2017 20:44:54] /newtype 1042
[15/3/2017 20:44:55] /newtype 1043
[15/3/2017 20:44:57] /newtype 1045
[15/3/2017 20:44:58] /newtype 1046
[15/3/2017 20:45:0] /newtype 1047
[15/3/2017 20:45:2] /newtype 1049
[15/3/2017 20:45:6] /newtype 1051
[15/3/2017 20:45:8] /newtype 1052
[15/3/2017 20:45:9] /newtype 1053
[15/3/2017 20:45:11] /newtype 1054
[15/3/2017 20:45:13] /newtype 1055
[15/3/2017 20:45:14] /newtype 1056
[15/3/2017 20:45:16] /newtype 1057
[15/3/2017 20:45:17] /newtype 1058
[15/3/2017 20:45:19] /newtype 1059
[15/3/2017 20:45:23] /newtype 1060
[15/3/2017 20:45:24] /newtype 1061
[15/3/2017 20:45:25] /newtype 1062
[15/3/2017 20:45:26] /newtype 1063
[15/3/2017 20:45:28] /newtype 1064
[15/3/2017 20:45:32] /newtype 1065
[15/3/2017 20:45:34] /newtype 1066
[15/3/2017 20:45:36] /newtype 1067
[15/3/2017 20:45:38] /newtype 1068
[15/3/2017 20:45:39] /newtype 1069
[15/3/2017 20:45:42] /newtype 1068
[15/3/2017 20:45:47] /newtype 1070
[15/3/2017 20:45:50] /newtype 1071
[15/3/2017 20:45:51] /newtype 1072
[15/3/2017 20:45:52] /newtype 1073
[15/3/2017 20:45:54] /newtype 1074
[15/3/2017 20:45:55] /newtype 1075
[15/3/2017 20:46:3] /newtype 1076
[15/3/2017 20:46:7] /newtype 1077
[15/3/2017 20:46:10] /newtype 1078
[15/3/2017 20:46:13] /newtype 1079
[15/3/2017 20:46:17] /newtype 1080
[15/3/2017 20:46:20] /newtype 1081
[15/3/2017 20:46:22] /newtype 1082
[15/3/2017 20:46:24] /newtype 1083
[15/3/2017 20:46:27] /newtype 1084
[15/3/2017 20:46:29] /newtype 1085
[15/3/2017 20:46:30] /newtype 1086
[15/3/2017 20:46:32] /newtype 1088
[15/3/2017 20:46:38] /newtype 1088
[15/3/2017 22:36:34] /goto Itachi Boss
[15/3/2017 22:39:6] /ghost
[15/3/2017 22:46:6] /t
[15/3/2017 22:46:19] /a 55
[15/3/2017 22:46:22] /a 55
[15/3/2017 22:46:27] /a 20
[15/3/2017 22:46:32] /a 10
[15/3/2017 22:46:34] /a 10
[15/3/2017 22:46:35] /a 10]
[15/3/2017 22:46:36] /a 10]
[15/3/2017 22:46:38] /a 10
[15/3/2017 22:49:32] /newtype 1026
[15/3/2017 22:49:34] /newtype 1088
[15/3/2017 22:49:39] /ghost
[15/3/2017 22:49:49] /a
[15/3/2017 22:49:53] /a 4
[15/3/2017 22:49:55] /a 1
[15/3/2017 22:53:9] /newtype 1026
[15/3/2017 22:58:47] /newtype 1088
[15/3/2017 22:58:52] /a
[15/3/2017 22:58:53] /a
[15/3/2017 22:58:54] /a
[15/3/2017 22:58:57] /a
[15/3/2017 23:33:58] /a
[15/3/2017 23:34:33] /a
[15/3/2017 23:39:9] /a 4
[15/3/2017 23:39:26] /a 2
[15/3/2017 23:39:40] /a 50
[15/3/2017 23:39:47] /a
[15/3/2017 23:43:28] /a 20
[15/3/2017 23:43:38] /a 20
[15/3/2017 23:44:13] /a 2
[15/3/2017 23:44:14] /a 2
[15/3/2017 23:44:15] /a 2
[15/3/2017 23:44:16] /a 2
[15/3/2017 23:44:17] /a 2
[15/3/2017 23:44:18] /a 2
[15/3/2017 23:54:47] /newtype 1090
[15/3/2017 23:54:55] /newtype 1091
[15/3/2017 23:54:56] /newtype 1092
[15/3/2017 23:54:58] /newtype 1093
[15/3/2017 23:55:0] /newtype 1094
[15/3/2017 23:55:2] /newtype 1095
[15/3/2017 23:55:5] /newtype 1096
[15/3/2017 23:55:8] /newtype 1097
[15/3/2017 23:55:12] /newtype 1098
[15/3/2017 23:55:14] /newtype 1099
[15/3/2017 23:55:18] /newtype 1100
[15/3/2017 23:55:20] /newtype 1101
[15/3/2017 23:55:21] /newtype 1102
[15/3/2017 23:55:22] /newtype 1103
[15/3/2017 23:55:23] /newtype 1104
[15/3/2017 23:55:25] /newtype 1105
[15/3/2017 23:55:27] /newtype 1106
[15/3/2017 23:55:29] /newtype 1107
[15/3/2017 23:55:32] /newtype 1108
[15/3/2017 23:55:34] /newtype 1109
[15/3/2017 23:55:37] /newtype 1110
[15/3/2017 23:55:38] /newtype 1111
[15/3/2017 23:55:40] /newtype 1112
[15/3/2017 23:55:41] /newtype 1113
[15/3/2017 23:55:43] /newtype 1114
[15/3/2017 23:55:45] /newtype 1115
[15/3/2017 23:55:48] /newtype 1116
[15/3/2017 23:55:53] /newtype 1117
[15/3/2017 23:55:55] /newtype 1118
[15/3/2017 23:56:7] /newtype 1119
[15/3/2017 23:56:11] /newtype 1120
[15/3/2017 23:56:14] /newtype 1121
[15/3/2017 23:56:15] /newtype 1122
[15/3/2017 23:56:19] /newtype 1123
[15/3/2017 23:56:25] /newtype 1124
[15/3/2017 23:56:26] /newtype 1125
[15/3/2017 23:56:29] /newtype 1126
[15/3/2017 23:56:33] /newtype 117
[15/3/2017 23:56:35] /newtype 1128
[15/3/2017 23:56:36] /newtype 1129
[15/3/2017 23:56:38] /newtype 1130
[15/3/2017 23:56:41] /newtype 1131
[15/3/2017 23:56:42] /newtype 1132
[15/3/2017 23:56:43] /newtype 1133
[15/3/2017 23:56:44] /newtype 1134
[15/3/2017 23:56:46] /newtype 1135
[15/3/2017 23:56:48] /newtype 1136
[15/3/2017 23:56:49] /newtype 1137
[15/3/2017 23:56:51] /newtype 1138
[15/3/2017 23:56:52] /newtype 1139
[15/3/2017 23:56:54] /newtype 1140
[15/3/2017 23:56:55] /newtype 1141
[15/3/2017 23:56:56] /newtype 1142
[15/3/2017 23:56:58] /newtype 1143
[15/3/2017 23:56:59] /newtype 1144
[15/3/2017 23:57:7] /newtype 1145
[15/3/2017 23:57:10] /newtype 1146
[15/3/2017 23:57:12] /newtype 1147
[15/3/2017 23:57:13] /newtype 1148
[15/3/2017 23:57:14] /newtype 1149
[15/3/2017 23:57:19] /newtype 1150
[15/3/2017 23:57:21] /newtype 1151
[15/3/2017 23:57:24] /newtype 1152
[15/3/2017 23:57:26] /newtype 1150
[15/3/2017 23:57:28] /newtype 1151
[15/3/2017 23:58:10] /newtype 1152
[15/3/2017 23:58:12] /newtype 1153
[15/3/2017 23:58:18] /newtype 1154
[15/3/2017 23:58:20] /newtype 1153
[15/3/2017 23:58:36] /newtype 1155
[15/3/2017 23:58:40] /newtype 1156
[15/3/2017 23:58:42] /newtype 1157
[15/3/2017 23:58:43] /newtype 1158
[15/3/2017 23:58:45] /newtype 1159
[15/3/2017 23:58:48] /newtype 1160
[15/3/2017 23:58:49] /newtype 1161
[15/3/2017 23:58:50] /newtype 1162
[15/3/2017 23:58:51] /newtype 1163
[15/3/2017 23:58:52] /newtype 1164
[15/3/2017 23:58:53] /newtype 1165
[15/3/2017 23:58:54] /newtype 1166
[15/3/2017 23:58:56] /newtype 1167
[15/3/2017 23:58:57] /newtype 1168
[15/3/2017 23:58:58] /newtype 1169
[15/3/2017 23:59:7] /newtype 1170
[15/3/2017 23:59:14] /newtype 1171
[15/3/2017 23:59:22] /newtype 1173
[15/3/2017 23:59:24] /newtype 1174
[15/3/2017 23:59:25] /newtype 1175
[15/3/2017 23:59:31] /newtype 1176
[15/3/2017 23:59:33] /newtype 1177
[15/3/2017 23:59:40] /newtype 1179
[15/3/2017 23:59:45] /newtype 1180
[15/3/2017 23:59:46] /newtype 1181
[15/3/2017 23:59:47] /newtype 1182
[15/3/2017 23:59:48] /newtype 1183
[15/3/2017 23:59:49] /newtype 1184
[15/3/2017 23:59:51] /newtype 1185
[15/3/2017 23:59:54] /newtype 1186
[15/3/2017 23:59:56] /newtype 1187
[15/3/2017 23:59:59] /newtype 1188
[16/3/2017 0:0:1] /newtype 1189
[16/3/2017 0:2:5] /newtype 999
[16/3/2017 0:2:9] /newtype 998
[16/3/2017 0:2:11] /newtype 997
[16/3/2017 0:2:14] /newtype 996
[16/3/2017 0:2:16] /newtype 995
[16/3/2017 0:2:20] /newtype 994
[16/3/2017 0:2:22] /newtype 993
[16/3/2017 0:2:23] /newtype 992
[16/3/2017 0:2:24] /newtype 991
[16/3/2017 0:2:35] /newtype 990
[16/3/2017 0:2:37] /newtype 991
[16/3/2017 0:2:38] /newtype 992
[16/3/2017 0:2:38] /newtype 993
[16/3/2017 0:2:40] /newtype 994
[16/3/2017 0:2:42] /newtype 995
[16/3/2017 0:2:49] /newtype 989
[16/3/2017 0:2:55] /newtype 988
[16/3/2017 0:2:57] /newtype 987
[16/3/2017 0:2:59] /newtype 986
[16/3/2017 0:3:1] /newtype 985
[16/3/2017 0:3:2] /newtype 984
[16/3/2017 0:3:4] /newtype 983
[16/3/2017 0:3:7] /newtype 982
[16/3/2017 0:3:8] /newtype 981
[16/3/2017 0:3:10] /newtype 980
[16/3/2017 0:3:16] /newtype 979
[16/3/2017 0:3:18] /newtype 978
[16/3/2017 0:3:20] /newtype 977
[16/3/2017 0:3:21] /newtype 976
[16/3/2017 0:3:23] /newtype 975
[16/3/2017 0:3:24] /newtype 974
[16/3/2017 0:3:26] /newtype 973
[16/3/2017 0:3:27] /newtype 972
[16/3/2017 0:3:28] /newtype 971
[16/3/2017 0:3:30] /newtype 970
[16/3/2017 0:3:34] /newtype 969
[16/3/2017 0:3:36] /newtype 968
[16/3/2017 0:3:38] /newtype 967
[16/3/2017 0:3:55] /newtype 966
[16/3/2017 0:3:58] /newtype 965
[16/3/2017 0:4:1] /newtype 964
[16/3/2017 0:4:5] /newtype 963
[16/3/2017 0:4:11] /newtype 965
[16/3/2017 0:4:13] /newtype 964
[16/3/2017 0:4:14] /newtype 963
[16/3/2017 0:4:15] /newtype 962
[16/3/2017 0:4:16] /newtype 961
[16/3/2017 0:4:24] /newtype 960
[16/3/2017 0:4:28] /newtype 959
[16/3/2017 0:4:31] /newtype 958
[16/3/2017 0:4:38] /newtype 958
[16/3/2017 0:4:40] /newtype 957
[16/3/2017 0:4:47] /newtype 956
[16/3/2017 0:5:11] /newtype 955
[16/3/2017 0:5:15] /newtype 955
[16/3/2017 0:5:17] /newtype 954
[16/3/2017 0:5:19] /newtype 953
[16/3/2017 0:5:20] /newtype 952
[16/3/2017 0:5:22] /newtype 951
[16/3/2017 0:5:24] /newtype 950
[16/3/2017 0:5:27] /newtype 949
[16/3/2017 0:5:34] /newtype 948
[16/3/2017 0:5:40] /newtype 947
[16/3/2017 0:5:50] /newtype 946
[16/3/2017 0:5:52] /newtype 945
[16/3/2017 0:5:54] /newtype 944
[16/3/2017 0:5:56] /newtype 943
[16/3/2017 0:5:58] /newtype 942
[16/3/2017 0:5:59] /newtype 941
[16/3/2017 0:6:1] /newtype 940
[16/3/2017 0:6:5] /newtype 939
[16/3/2017 0:6:8] /newtype 938
[16/3/2017 0:6:9] /newtype 937
[16/3/2017 0:6:11] /newtype 937
[16/3/2017 0:6:15] /newtype 936
[16/3/2017 0:6:17] /newtype 935
[16/3/2017 0:6:18] /newtype 934
[16/3/2017 0:6:20] /newtype 933
[16/3/2017 0:6:21] /newtype 932
[16/3/2017 0:6:22] /newtype 931
[16/3/2017 0:6:24] /newtype 930
[16/3/2017 0:6:27] /newtype 929
[16/3/2017 0:6:29] /newtype 928
[16/3/2017 0:6:31] /newtype 928
[16/3/2017 0:6:33] /newtype 927
[16/3/2017 0:6:38] /newtype 926
[16/3/2017 0:6:42] /newtype 925
[16/3/2017 0:6:45] /newtype 924
[16/3/2017 0:6:46] /newtype 923
[16/3/2017 0:6:47] /newtype 922
[16/3/2017 0:6:49] /newtype 921
[16/3/2017 0:6:50] /newtype 920
[16/3/2017 0:6:52] /newtype 919
[16/3/2017 0:6:55] /newtype 918
[16/3/2017 0:6:58] /newtype 917
[16/3/2017 0:6:59] /newtype 918
[16/3/2017 0:7:6] /newtype 917
[16/3/2017 0:7:7] /newtype 916
[16/3/2017 0:7:9] /newtype 915
[16/3/2017 0:7:10] /newtype 914
[16/3/2017 0:7:12] /newtype 913
[16/3/2017 0:7:13] /newtype 912
[16/3/2017 0:7:14] /newtype 911
[16/3/2017 0:7:15] /newtype 910
[16/3/2017 0:7:22] /newtype 909
[16/3/2017 0:7:25] /newtype 908
[16/3/2017 0:7:26] /newtype 907
[16/3/2017 0:7:28] /newtype 906
[16/3/2017 0:7:29] /newtype 905
[16/3/2017 0:7:30] /newtype 904
[16/3/2017 0:7:31] /newtype 903
[16/3/2017 0:7:32] /newtype 902
[16/3/2017 0:7:33] /newtype 901
[16/3/2017 0:7:35] /newtype 900
[16/3/2017 0:7:38] /newtype 899
[16/3/2017 0:7:40] /newtype 898
[16/3/2017 0:7:41] /newtype 897
[16/3/2017 0:8:5] /newtype 896
[16/3/2017 0:8:23] /newtype 895
[16/3/2017 0:8:24] /newtype 895
[16/3/2017 0:8:25] /newtype 894
[16/3/2017 0:8:28] /newtype 893
[16/3/2017 0:8:29] /newtype 892
[16/3/2017 0:8:32] /newtype 892
[16/3/2017 0:8:32] /newtype 891
[16/3/2017 0:8:34] /newtype 890
[16/3/2017 0:8:36] /newtype 889
[16/3/2017 0:8:38] /newtype 888
[16/3/2017 0:8:41] /newtype 887
[16/3/2017 0:8:43] /newtype 886
[16/3/2017 0:8:44] /newtype 885
[16/3/2017 0:8:47] /newtype 884
[16/3/2017 0:8:49] /newtype 883
[16/3/2017 0:8:57] /newtype 882
[16/3/2017 0:8:58] /newtype 881
[16/3/2017 0:9:0] /newtype 880
[16/3/2017 0:9:15] /newtype 879
[16/3/2017 0:9:16] /newtype 878
[16/3/2017 0:9:18] /newtype 877
[16/3/2017 0:9:21] /newtype 876
[16/3/2017 0:9:24] /newtype 875
[16/3/2017 0:9:29] /newtype 874
[16/3/2017 0:9:33] /newtype 873
[16/3/2017 0:9:34] /newtype 872
[16/3/2017 0:9:35] /newtype 871
[16/3/2017 0:9:37] /newtype 870
[16/3/2017 0:9:39] /newtype 860
[16/3/2017 0:9:43] /newtype 859
[16/3/2017 0:9:46] /newtype 860
[16/3/2017 0:9:51] /newtype 858
[16/3/2017 0:9:53] /newtype 857
[16/3/2017 0:9:55] /newtype 856
[16/3/2017 0:9:56] /newtype 855
[16/3/2017 0:9:57] /newtype 854
[16/3/2017 0:9:59] /newtype 853
[16/3/2017 0:9:59] /newtype 852
[16/3/2017 0:10:1] /newtype 851
[16/3/2017 0:10:3] /newtype 850
[16/3/2017 0:10:7] /newtype 849
[16/3/2017 0:10:8] /newtype 848
[16/3/2017 0:10:11] /newtype 847
[16/3/2017 0:10:13] /newtype 846
[16/3/2017 0:10:15] /newtype 845
[16/3/2017 0:10:16] /newtype 844
[16/3/2017 0:10:18] /newtype 843
[16/3/2017 0:10:19] /newtype 842
[16/3/2017 0:10:20] /newtype 841
[16/3/2017 0:10:21] /newtype 840
[16/3/2017 0:10:23] /newtype 839
[16/3/2017 0:10:27] /newtype 838
[16/3/2017 0:10:30] /newtype 837
[16/3/2017 0:10:32] /newtype 836
[16/3/2017 0:10:33] /newtype 835
[16/3/2017 0:10:37] /newtype 835
[16/3/2017 0:10:56] /newtype 834
[16/3/2017 0:11:0] /newtype 833
[16/3/2017 0:11:1] /newtype 832
[16/3/2017 0:11:2] /newtype 831
[16/3/2017 0:11:9] /newtype 830
[16/3/2017 0:11:12] /newtype 829
[16/3/2017 0:11:16] /newtype 828
[16/3/2017 0:11:19] /newtype 827
[16/3/2017 0:11:21] /newtype 826
[16/3/2017 0:11:24] /newtype 825
[16/3/2017 0:11:25] /newtype 824
[16/3/2017 0:11:26] /newtype 823
[16/3/2017 0:11:27] /newtype 822
[16/3/2017 0:11:28] /newtype 821
[16/3/2017 0:11:31] /newtype 820
[16/3/2017 0:11:34] /newtype 819
[16/3/2017 0:11:55] /newtype 818
[16/3/2017 0:11:58] /newtype 817
[16/3/2017 0:12:0] /newtype 816
[16/3/2017 0:12:4] /newtype 815
[16/3/2017 0:12:5] /newtype 814
[16/3/2017 0:12:13] /newtype 816
[16/3/2017 0:12:15] /newtype 815
[16/3/2017 0:12:17] /newtype 814
[16/3/2017 0:12:18] /newtype 813
[16/3/2017 0:12:20] /newtype 812
[16/3/2017 0:12:21] /newtype 811
[16/3/2017 0:12:26] /newtype 811
[16/3/2017 0:12:28] /newtype 810
[16/3/2017 0:12:36] /newtype 809
[16/3/2017 0:12:39] /newtype 808
[16/3/2017 0:12:41] /newtype 807
[16/3/2017 0:12:44] /newtype 806
[16/3/2017 0:12:47] /newtype 805
[16/3/2017 0:12:48] /newtype 804
[16/3/2017 0:12:49] /newtype 803
[16/3/2017 0:12:50] /newtype 802
[16/3/2017 0:12:51] /newtype 801
[16/3/2017 0:12:53] /newtype 800
[16/3/2017 0:12:56] /newtype 700
[16/3/2017 0:13:0] /newtype 600
[16/3/2017 0:13:3] /newtype 500
[16/3/2017 0:13:9] /newtype 500
[16/3/2017 0:13:43] /goto [ADM] Aragog
[16/3/2017 0:16:36] /a
[16/3/2017 0:16:41] /a
[16/3/2017 0:16:43] /a
[16/3/2017 0:16:45] /a
[16/3/2017 0:16:49] /a
[16/3/2017 0:21:55] /t nooway
[16/3/2017 0:24:33] /a
[16/3/2017 0:31:16] /a
[16/3/2017 0:31:19] /a 3
[16/3/2017 0:41:59] /ghost
[16/3/2017 0:47:52] /a
[16/3/2017 0:49:36] /a
[16/3/2017 0:49:58] /a
[16/3/2017 0:52:0] /a
[16/3/2017 1:58:25] /a
[16/3/2017 2:2:38] /a
[16/3/2017 2:13:35] /b Vou falar só uma vez!, Help eh pra duvidas, assuntos aleatorios e trades, mandem por pm ou se acustumem a usar o chat de "conversa" !
[16/3/2017 2:13:45] /b Vou falar só uma vez!, Help eh pra duvidas, assuntos aleatorios e trades, mandem por pm ou se acustumem a usar o chat de "conversa" !
[16/3/2017 2:13:46] /b Vou falar só uma vez!, Help eh pra duvidas, assuntos aleatorios e trades, mandem por pm ou se acustumem a usar o chat de "conversa" !
[16/3/2017 2:13:46] /b Vou falar só uma vez!, Help eh pra duvidas, assuntos aleatorios e trades, mandem por pm ou se acustumem a usar o chat de "conversa" !
[16/3/2017 2:13:47] /b Vou falar só uma vez!, Help eh pra duvidas, assuntos aleatorios e trades, mandem por pm ou se acustumem a usar o chat de "conversa" !
[16/3/2017 2:13:47] /b Vou falar só uma vez!, Help eh pra duvidas, assuntos aleatorios e trades, mandem por pm ou se acustumem a usar o chat de "conversa" !
[16/3/2017 2:17:25] /b Ja ta avisado, help é pra duvidas !
[16/3/2017 2:25:48] /t nooway
[16/3/2017 2:28:55] /goto Dragon
[16/3/2017 2:29:1] /cliport
[16/3/2017 2:30:36] /a 10
[16/3/2017 2:30:37] /a 10
[16/3/2017 2:30:39] /a 1
[16/3/2017 2:30:43] /a 10
[16/3/2017 2:30:44] /a 10
[16/3/2017 2:30:45] /a 10
[16/3/2017 2:31:9] /a 10
[16/3/2017 2:31:10] /a 10
[16/3/2017 2:31:50] /a 10
[16/3/2017 2:32:1] /a 3
[16/3/2017 2:32:49] /a 3
[16/3/2017 2:33:51] /a 3
[16/3/2017 2:34:25] /a 3
[16/3/2017 2:34:25] /a 3
[16/3/2017 2:34:26] /a 3
[16/3/2017 2:35:2] /a 3
[16/3/2017 2:35:2] /a 3
[16/3/2017 2:35:2] /a 3
[16/3/2017 2:35:3] /a 3
[16/3/2017 2:35:3] /a 3
[16/3/2017 2:35:9] /a 3/a 3
[16/3/2017 2:35:9] /a 3
[16/3/2017 2:35:9] /a 3
[16/3/2017 2:35:11] /a 3
[16/3/2017 2:35:34] /a 3
[16/3/2017 2:35:34] /a 3
[16/3/2017 2:35:34] /a 3
[16/3/2017 2:35:35] /a 3
[16/3/2017 2:35:35] /a 3
[16/3/2017 2:35:36] /a 3
[16/3/2017 2:35:36] /a 3
[16/3/2017 2:35:59] /a 3
[16/3/2017 2:36:0] /a 3
[16/3/2017 2:36:0] /a 3
[16/3/2017 2:36:0] /a 3
[16/3/2017 2:36:1] /a 3
[16/3/2017 2:36:2] /a 3
[16/3/2017 2:36:6] /a 3
[16/3/2017 2:36:7] /a 3
[16/3/2017 2:36:28] /a 3
[16/3/2017 2:36:29] /a 3
[16/3/2017 2:36:29] /a 3
[16/3/2017 2:36:29] /a 3
[16/3/2017 2:36:29] /a 3
[16/3/2017 2:36:30] /a 3
[16/3/2017 2:36:30] /a 3
[16/3/2017 2:36:32] /a 10
[16/3/2017 2:36:32] /a 10
[16/3/2017 2:36:33] /a 10
[16/3/2017 2:36:33] /a 10
[16/3/2017 2:36:35] /a 10
[16/3/2017 2:36:35] /a 10
[16/3/2017 2:36:36] /a 10
[16/3/2017 2:36:37] /a 10
[16/3/2017 2:36:38] /a 10
[16/3/2017 2:36:38] /a 10
[16/3/2017 2:36:38] /a 10
[16/3/2017 2:36:39] /a 10
[16/3/2017 2:36:39] /a 10
[16/3/2017 2:36:44] /a 10
[16/3/2017 2:36:44] /a 10
[16/3/2017 2:36:45] /a 10
[16/3/2017 2:36:45] /a 10
[16/3/2017 2:36:46] /a 10
[16/3/2017 2:36:47] /a 10
[16/3/2017 2:36:47] /a 10
[16/3/2017 2:36:47] /a 10
[16/3/2017 2:36:48] /a 10
[16/3/2017 2:36:59] /t
[16/3/2017 2:41:52] /a 50
[16/3/2017 2:41:55] /a 30
[16/3/2017 2:41:57] /a 50
[16/3/2017 2:42:0] /a 10
[16/3/2017 2:42:0] /a 10
[16/3/2017 2:42:1] /a 10
[16/3/2017 2:42:6] /a 10
[16/3/2017 2:42:9] /a 10
[16/3/2017 2:42:11] /a 2
[16/3/2017 3:25:43] /a
[16/3/2017 3:27:56] /newtype 500
[16/3/2017 6:34:0] /t nooway
[16/3/2017 18:46:2] /t nooway~
[16/3/2017 18:47:1] /t nooway
[16/3/2017 18:50:15] /b Boa tarde rapeizy!!
[16/3/2017 18:50:23] /newtype 500
[16/3/2017 18:50:34] /cliport
[16/3/2017 19:0:46] /a
[16/3/2017 19:1:3] /b Duvidas no help/ bugs no cntrl + r 
[16/3/2017 19:5:47] /goto Heal Master
[16/3/2017 19:7:31] /goto Heal Master
[16/3/2017 19:7:33] /goto Heal Master
[16/3/2017 19:7:33] /goto Heal Master
[16/3/2017 19:7:34] /goto Heal Master
[16/3/2017 19:7:34] /goto Heal Master
[16/3/2017 19:7:35] /goto Heal Master
[16/3/2017 19:7:35] /goto Heal Master
[16/3/2017 19:7:36] /goto Heal Master
[16/3/2017 19:7:40] /goto Heal Master
[16/3/2017 19:7:42] /goto Heal Master]
[16/3/2017 19:7:44] /goto Heal Master
[16/3/2017 19:7:47] /goto Heal Master
[16/3/2017 19:7:48] /goto Heal Master
[16/3/2017 19:7:48] /goto Heal Master
[16/3/2017 19:7:49] /goto Heal Master
[16/3/2017 19:7:50] /goto Heal Master
[16/3/2017 19:8:42] /goto Heal Master
[16/3/2017 19:8:43] /goto Heal Master
[16/3/2017 19:8:44] /goto Heal Master
[16/3/2017 19:8:44] /goto Heal Master
[16/3/2017 19:8:45] /goto Heal Master
[16/3/2017 19:8:46] /goto Heal Master
[16/3/2017 19:9:38] /a 30
[16/3/2017 19:9:39] /a 30
[16/3/2017 19:9:41] /a 30
[16/3/2017 19:9:43] /a 30
[16/3/2017 19:9:46] /a 25
[16/3/2017 19:10:8] /goto Heal Master
[16/3/2017 19:11:0] /goto Heal Master
[16/3/2017 19:12:7] /t
[16/3/2017 19:12:13] /a 60
[16/3/2017 19:12:17] /a 50
[16/3/2017 19:12:20] /a 50
[16/3/2017 19:12:23] /a 30
[16/3/2017 19:12:26] /a 10
[16/3/2017 19:13:31] /a
[16/3/2017 21:36:14] /newtype 500
[16/3/2017 21:47:52] /t nooway
[16/3/2017 21:51:54] /t nooway
[16/3/2017 22:1:4] /goto Lost Raikage
[16/3/2017 22:1:16] /t
[16/3/2017 22:1:23] /a 50
[16/3/2017 22:1:26] /a 50
[16/3/2017 22:1:27] /a 50
[16/3/2017 22:1:31] /a 40
[16/3/2017 22:1:33] /a 40
[16/3/2017 22:1:35] /a 40
[16/3/2017 22:7:51] /goto Senju Nobre
[16/3/2017 22:7:52] /goto Senju Nobre
[16/3/2017 22:7:53] /goto Senju Nobre
[16/3/2017 22:7:55] /goto Senju Nobre
[16/3/2017 22:7:56] /goto Senju Nobre
[16/3/2017 22:7:57] /goto Senju Nobre
[16/3/2017 22:7:58] /goto Senju Nobre
[16/3/2017 22:7:59] /goto Senju Nobre
[16/3/2017 22:8:0] /goto Senju Nobre
[16/3/2017 22:8:2] /goto Senju Nobre
[16/3/2017 22:8:4] /goto Senju Nobre
[16/3/2017 22:8:6] /goto Senju Nobre
[16/3/2017 22:8:10] /goto Senju Nobre
[16/3/2017 22:8:11] /goto Senju Nobre
[16/3/2017 22:8:12] /goto Senju Nobre
[16/3/2017 22:8:13] /goto Senju Nobre
[16/3/2017 22:8:15] /goto Senju Nobre
[16/3/2017 22:8:16] /goto Senju Nobre
[16/3/2017 22:8:31] /goto kevin
[16/3/2017 22:8:35] /goto Senju Nobre
[16/3/2017 22:8:54] /t nooway
[16/3/2017 22:10:13] /t nooway
[16/3/2017 22:12:4] /goto lost raikage
[16/3/2017 22:12:6] /goto lost raikage
[16/3/2017 22:12:54] /goto senju nobre
[16/3/2017 22:12:58] /t
[16/3/2017 22:13:2] /a 50
[16/3/2017 22:13:7] /a 46
[16/3/2017 22:13:10] /a 30
[16/3/2017 22:13:14] /a 3
[16/3/2017 22:16:23] /t nooway
[16/3/2017 22:18:14] /a 10
[16/3/2017 22:18:20] /ghost
[16/3/2017 22:20:9] /newtype 1088
[16/3/2017 22:20:31] /newtype 1089
[16/3/2017 22:20:40] /newtype 1090
[16/3/2017 22:20:59] /newtype 1091
[16/3/2017 22:21:5] /newtype 1026
[16/3/2017 22:23:22] /a
[16/3/2017 22:23:24] /a
[16/3/2017 22:27:48] /ghost
[16/3/2017 22:39:36] /goto nooway
[16/3/2017 22:43:43] /t nooway
[16/3/2017 23:10:39] /goto [ADM] Aragog
[16/3/2017 23:19:29] /t nooway
[16/3/2017 23:21:31] /goto shisui boss
[16/3/2017 23:21:43] /t nooway
[16/3/2017 23:22:46] /t
[16/3/2017 23:22:50] /a 50
[16/3/2017 23:22:55] /a 30
[16/3/2017 23:22:58] /a 30
[16/3/2017 23:23:38] /t nooway
[16/3/2017 23:24:53] /t  nooway
[16/3/2017 23:34:3] /goto [ADM] Aragog
[16/3/2017 23:34:46] /goto Combos
[16/3/2017 23:35:0] /ghost
[16/3/2017 23:37:40] /aattr 100011
[16/3/2017 23:38:22] /aattr 100011
[16/3/2017 23:38:23] /aattr 100011
[16/3/2017 23:38:41] /aattr 100011
[16/3/2017 23:38:53] /aattr vocation 100011
[16/3/2017 23:38:54] /aattr vocation 100011
[16/3/2017 23:39:38] /aattr vocation 10001
[16/3/2017 23:41:37] /aattr vocation 100011
[16/3/2017 23:44:21] /aattr vocation 100061
[16/3/2017 23:49:20] /aattr vocation 100021
[16/3/2017 23:49:23] /aattr vocation 100021
[16/3/2017 23:53:3] /aattr vocation 1000151
[16/3/2017 23:55:28] /aattr vocation 100071
[16/3/2017 23:58:8] /aattr vocation 100091
[17/3/2017 0:3:7] /aattr vocation 1000111
[17/3/2017 0:4:22] /aattr vocation 1000121
[17/3/2017 0:8:44] /aattr vocation 100081
[17/3/2017 0:11:4] /aattr vocation 1000281
[17/3/2017 0:13:50] /aattr vocation 100041
[17/3/2017 0:15:59] /aattr vocation 1000331
[17/3/2017 0:19:57] /aattr vocation 1000341
[17/3/2017 0:25:49] /aattr vocation 1000341
[17/3/2017 0:25:55] /aattr vocation 1000361
[17/3/2017 0:28:49] /aattr vocation 1000241
[17/3/2017 0:31:53] /aattr vocation 1000131
[17/3/2017 0:36:25] /aattr vocation 1000271
[17/3/2017 0:40:42] /aattr vocation 1000191
[17/3/2017 0:43:59] /aattr vocation 1000201
[17/3/2017 0:48:53] /aattr vocation 1000161
[17/3/2017 0:49:22] /aattr vocation 1000261
[17/3/2017 0:50:15] /t combos
[17/3/2017 0:50:20] /t cp,bps
[17/3/2017 0:50:23] /t combos
[17/3/2017 1:16:36] /aattr vocation 1000171
[17/3/2017 1:16:58] /aattr vocation 1000371
[17/3/2017 1:19:35] /aattr vocation 1000181
[17/3/2017 1:24:28] /aattr vocation 1000311
[17/3/2017 1:26:25] /aattr vocation 1000291
[17/3/2017 1:29:59] /aattr vocation 1000391
[17/3/2017 1:33:36] /aattr vocation 1000151
[17/3/2017 1:35:8] /aattr vocation 100081
[17/3/2017 1:35:11] /aattr vocation 100081
[17/3/2017 1:36:45] /aattr vocation 1000311
[17/3/2017 1:38:8] /aattr vocation 1000291
[17/3/2017 1:38:33] /aattr vocation 1000181
[17/3/2017 1:43:27] /t
[17/3/2017 1:43:33] /a 50
[17/3/2017 1:43:37] /a 30
[17/3/2017 1:43:41] /a 30
[17/3/2017 1:47:23] /newtype 500
[17/3/2017 1:48:18] /a 90
[17/3/2017 1:48:30] /a 90
[17/3/2017 1:50:0] /a 90
[17/3/2017 1:50:2] /a 90
[17/3/2017 1:50:9] /a 80
[17/3/2017 1:50:17] /a 10
[17/3/2017 2:2:15] /a 50
[17/3/2017 2:2:17] /a 50
[17/3/2017 2:2:20] /a 20
[17/3/2017 2:2:34] /goto juubi
[17/3/2017 2:3:7] /goto nooway
[17/3/2017 2:4:30] /t
[17/3/2017 2:4:34] /a 90
[17/3/2017 2:5:12] /goto hellhound
[17/3/2017 2:5:40] /goto halk
[17/3/2017 2:5:42] /goto hawk
[17/3/2017 2:20:20] /newtype 1088
[17/3/2017 2:24:41] /t lost raikage
[17/3/2017 2:24:44] /t
[17/3/2017 2:24:50] /goto lost raikage
[17/3/2017 2:24:53] /goto lost raikage
[17/3/2017 2:25:16] /ghost
[17/3/2017 19:1:37] /newtype 500
[17/3/2017 19:2:3] /b Boa tarde rapaziada !!
[17/3/2017 19:3:43] /goto shisui boss
[17/3/2017 19:4:20] /t
[17/3/2017 19:4:24] /a 90
[17/3/2017 19:4:26] /a 30
[17/3/2017 19:21:55] /goto the coll
[17/3/2017 19:21:58] /goto the cool
[17/3/2017 19:22:21] /goto the cool
[17/3/2017 19:23:14] /goto [ADM] Aragog
[17/3/2017 19:26:19] /a
[17/3/2017 19:28:20] /a 5
[17/3/2017 19:41:28] /goto [ADM] Aragog
[17/3/2017 21:48:54] /ghost
[17/3/2017 21:48:57] /newtype 500
[17/3/2017 21:55:0] /newtype 1150
[17/3/2017 21:55:3] /newtype 1160
[17/3/2017 21:55:8] /newtype 1170
[17/3/2017 21:55:11] /newtype 1180
[17/3/2017 21:55:17] /newtype 1179
[17/3/2017 21:55:19] /newtype 1178
[17/3/2017 21:55:21] /newtype 1177
[17/3/2017 21:55:25] /newtype 1176
[17/3/2017 21:55:27] /newtype 1175
[17/3/2017 21:55:29] /newtype 1174
[17/3/2017 21:55:29] /newtype 1173
[17/3/2017 21:55:30] /newtype 1172
[17/3/2017 21:55:31] /newtype 1171
[17/3/2017 21:55:35] /newtype 1169
[17/3/2017 21:55:36] /newtype 1161
[17/3/2017 21:55:41] /newtype 1159
[17/3/2017 21:55:44] /newtype 1149
[17/3/2017 21:55:49] /newtype 1110
[17/3/2017 21:55:52] /newtype 1111
[17/3/2017 21:55:53] /newtype 1112
[17/3/2017 21:55:54] /newtype 1112
[17/3/2017 21:55:55] /newtype 1113
[17/3/2017 21:55:55] /newtype 1113
[17/3/2017 21:55:56] /newtype 1114
[17/3/2017 21:55:58] /newtype 1115
[17/3/2017 21:56:0] /newtype 1116
[17/3/2017 21:56:1] /newtype 1117
[17/3/2017 21:56:2] /newtype 1118
[17/3/2017 21:56:5] /newtype 1119
[17/3/2017 21:56:8] /newtype 1120
[17/3/2017 21:56:9] /newtype 1121
[17/3/2017 21:56:10] /newtype 1122
[17/3/2017 21:56:10] /newtype 1123
[17/3/2017 21:56:11] /newtype 1124
[17/3/2017 21:56:13] /newtype 1125
[17/3/2017 21:56:14] /newtype 1126
[17/3/2017 21:56:16] /newtype 1127
[17/3/2017 21:56:17] /newtype 1128
[17/3/2017 21:56:19] /newtype 1129
[17/3/2017 21:56:21] /newtype 1130
[17/3/2017 21:56:22] /newtype 1131
[17/3/2017 21:56:22] /newtype 1132
[17/3/2017 21:56:23] /newtype 1133
[17/3/2017 21:56:25] /newtype 1133
[17/3/2017 21:56:26] /newtype 1134
[17/3/2017 21:56:27] /newtype 1135
[17/3/2017 21:56:28] /newtype 11356
[17/3/2017 21:58:13] /newtype 900
[17/3/2017 21:58:22] /newtype 999
[17/3/2017 21:58:25] /newtype 888
[17/3/2017 21:58:28] /newtype 77
[17/3/2017 21:58:40] /newtype 666
[17/3/2017 21:58:45] /newtype 667
[17/3/2017 21:58:46] /newtype 668
[17/3/2017 21:58:47] /newtype 669
[17/3/2017 21:58:52] /newtype 670
[17/3/2017 21:58:56] /newtype 671
[17/3/2017 21:58:59] /newtype 672
[17/3/2017 21:59:0] /newtype 673
[17/3/2017 21:59:2] /newtype 674
[17/3/2017 21:59:5] /newtype 674
[17/3/2017 21:59:6] /newtype 675
[17/3/2017 21:59:8] /newtype 676
[17/3/2017 21:59:11] /newtype 677
[17/3/2017 21:59:13] /newtype 678
[17/3/2017 21:59:21] /newtype 55
[17/3/2017 21:59:24] /newtype 555
[17/3/2017 21:59:27] /newtype 444
[17/3/2017 21:59:30] /newtype 333
[17/3/2017 21:59:33] /newtype 222
[17/3/2017 21:59:37] /newtype 111
[17/3/2017 21:59:43] /newtype 112
[17/3/2017 21:59:48] /newtype 113
[17/3/2017 21:59:51] /newtype 114
[17/3/2017 21:59:54] /newtype 115
[17/3/2017 21:59:55] /newtype 116
[17/3/2017 21:59:58] /newtype 117
[17/3/2017 21:59:59] /newtype 118
[17/3/2017 22:0:1] /newtype 119
[17/3/2017 22:0:3] /newtype 120
[17/3/2017 22:0:8] /newtype 2
[17/3/2017 22:0:13] /newtype 3
[17/3/2017 22:0:14] /newtype 4
[17/3/2017 22:0:15] /newtype 4
[17/3/2017 22:0:16] /newtype 5
[17/3/2017 22:0:18] /newtype 6
[17/3/2017 22:0:22] /newtype 7
[17/3/2017 22:0:29] /newtype 8
[17/3/2017 22:0:31] /newtype 9
[17/3/2017 22:0:32] /newtype 10
[17/3/2017 22:0:36] /newtype 11
[17/3/2017 22:0:37] /newtype 12
[17/3/2017 22:0:41] /newtype 12
[17/3/2017 22:0:43] /newtype 13
[17/3/2017 22:0:45] /newtype 14
[17/3/2017 22:0:47] /newtype 15
[17/3/2017 22:0:57] /newtype 16
[17/3/2017 22:1:0] /newtype 17
[17/3/2017 22:1:1] /newtype 18
[17/3/2017 22:1:5] /newtype 20
[17/3/2017 22:1:8] /newtype 21
[17/3/2017 22:1:9] /newtype 22
[17/3/2017 22:1:11] /newtype 23
[17/3/2017 22:1:27] /a
[17/3/2017 22:1:31] /a 2
[17/3/2017 22:1:43] /a 3
[17/3/2017 22:1:49] /up
[17/3/2017 22:1:56] /a 10
[17/3/2017 22:2:20] /goto worm
[17/3/2017 22:2:28] /t
[17/3/2017 22:2:30] /a 90
[17/3/2017 22:2:34] /a 20
[17/3/2017 22:2:41] /a 23
[17/3/2017 22:2:45] /a 23
[17/3/2017 22:2:53] /newtype 24
[17/3/2017 22:2:54] /newtype 25
[17/3/2017 22:2:55] /newtype 26
[17/3/2017 22:2:57] /newtype 27
[17/3/2017 22:2:58] /newtype 28
[17/3/2017 22:2:59] /newtype 29
[17/3/2017 22:3:0] /newtype 30
[17/3/2017 22:3:3] /newtype 31
[17/3/2017 22:3:7] /newtype 31
[17/3/2017 22:3:9] /newtype 32
[17/3/2017 22:3:10] /newtype 33
[17/3/2017 22:3:11] /newtype 34
[17/3/2017 22:3:13] /newtype 35
[17/3/2017 22:3:17] /newtype 36
[17/3/2017 22:3:19] /newtype 37
[17/3/2017 22:3:28] /newtype 38
[17/3/2017 22:3:29] /newtype 39
[17/3/2017 22:3:32] /newtype 40
[17/3/2017 22:3:33] /newtype 41
[17/3/2017 22:3:34] /newtype 42
[17/3/2017 22:3:36] /newtype 433
[17/3/2017 22:3:37] /newtype 43
[17/3/2017 22:3:38] /newtype 44
[17/3/2017 22:3:40] /newtype 45
[17/3/2017 22:3:41] /newtype 46
[17/3/2017 22:3:42] /newtype 47
[17/3/2017 22:3:44] /newtype 48
[17/3/2017 22:3:47] /newtype 49
[17/3/2017 22:3:49] /newtype 50
[17/3/2017 22:3:50] /newtype 51
[17/3/2017 22:3:51] /newtype 52
[17/3/2017 22:3:52] /newtype 53
[17/3/2017 22:3:54] /newtype 54
[17/3/2017 22:3:57] /newtype 55
[17/3/2017 22:4:0] /newtype 56
[17/3/2017 22:4:2] /newtype 57
[17/3/2017 22:4:6] /newtype 58
[17/3/2017 22:4:7] /newtype 59
[17/3/2017 22:4:10] /newtype 60
[17/3/2017 22:4:11] /newtype 61
[17/3/2017 22:4:12] /newtype 62
[17/3/2017 22:4:13] /newtype 63
[17/3/2017 22:4:13] /newtype 64
[17/3/2017 22:4:14] /newtype 65
[17/3/2017 22:4:15] /newtype 66
[17/3/2017 22:4:17] /newtype 67
[17/3/2017 22:4:18] /newtype 608
[17/3/2017 22:4:31] /newtype 68
[17/3/2017 22:4:32] /newtype 69
[17/3/2017 22:4:35] /newtype 70
[17/3/2017 22:4:36] /newtype 71
[17/3/2017 22:4:36] /newtype 72
[17/3/2017 22:4:37] /newtype 73
[17/3/2017 22:4:38] /newtype 74
[17/3/2017 22:4:39] /newtype 75
[17/3/2017 22:4:40] /newtype 76
[17/3/2017 22:4:43] /newtype 77
[17/3/2017 22:4:44] /newtype 78
[17/3/2017 22:4:45] /newtype 79
[17/3/2017 22:4:47] /newtype 80
[17/3/2017 22:4:48] /newtype 81
[17/3/2017 22:4:49] /newtype 82
[17/3/2017 22:4:50] /newtype 83
[17/3/2017 22:4:51] /newtype 85
[17/3/2017 22:4:53] /newtype 84
[17/3/2017 22:4:57] /newtype 86
[17/3/2017 22:4:58] /newtype 87
[17/3/2017 22:4:59] /newtype 89
[17/3/2017 22:5:1] /newtype 88
[17/3/2017 22:5:4] /newtype 90
[17/3/2017 22:5:5] /newtype 91
[17/3/2017 22:5:6] /newtype 92
[17/3/2017 22:5:6] /newtype 93
[17/3/2017 22:5:10] /newtype 94
[17/3/2017 22:5:11] /newtype 95
[17/3/2017 22:5:13] /newtype 96
[17/3/2017 22:5:14] /newtype 97
[17/3/2017 22:5:16] /newtype 98
[17/3/2017 22:5:17] /newtype 99
[17/3/2017 22:5:19] /newtype 100
[17/3/2017 22:5:20] /newtype 101
[17/3/2017 22:5:21] /newtype 102
[17/3/2017 22:5:22] /newtype 103
[17/3/2017 22:5:23] /newtype 104
[17/3/2017 22:5:24] /newtype 105
[17/3/2017 22:5:25] /newtype 106
[17/3/2017 22:5:26] /newtype 107
[17/3/2017 22:5:28] /newtype 108
[17/3/2017 22:5:29] /newtype 109
[17/3/2017 22:5:30] /newtype 110
[17/3/2017 22:5:31] /newtype 112
[17/3/2017 22:5:32] /newtype 113
[17/3/2017 22:5:34] /newtype 114
[17/3/2017 22:5:35] /newtype 115
[17/3/2017 22:5:36] /newtype 116
[17/3/2017 22:5:40] /newtype 117
[17/3/2017 22:5:41] /newtype 118
[17/3/2017 22:5:43] /newtype 119
[17/3/2017 22:5:44] /newtype 120
[17/3/2017 22:5:45] /newtype 121
[17/3/2017 22:5:46] /newtype 122
[17/3/2017 22:5:47] /newtype 123
[17/3/2017 22:5:47] /newtype 124
[17/3/2017 22:5:48] /newtype 125
[17/3/2017 22:5:50] /newtype 126
[17/3/2017 22:5:51] /newtype 128
[17/3/2017 22:5:52] /newtype 127
[17/3/2017 22:5:54] /newtype 129
[17/3/2017 22:5:56] /newtype 130
[17/3/2017 22:5:56] /newtype 131
[17/3/2017 22:5:57] /newtype 132
[17/3/2017 22:5:58] /newtype 133
[17/3/2017 22:6:0] /newtype 134
[17/3/2017 22:6:1] /newtype 135
[17/3/2017 22:6:2] /newtype 136
[17/3/2017 22:6:4] /newtype 137
[17/3/2017 22:6:5] /newtype 138
[17/3/2017 22:6:6] /newtype 139
[17/3/2017 22:6:8] /newtype 140
[17/3/2017 22:6:9] /newtype 141
[17/3/2017 22:6:10] /newtype 142
[17/3/2017 22:6:11] /newtype 143
[17/3/2017 22:6:12] /newtype 144
[17/3/2017 22:6:13] /newtype 145
[17/3/2017 22:6:14] /newtype 146
[17/3/2017 22:6:15] /newtype 147
[17/3/2017 22:6:16] /newtype 148
[17/3/2017 22:6:17] /newtype 149
[17/3/2017 22:6:19] /newtype 150
[17/3/2017 22:6:20] /newtype 151
[17/3/2017 22:6:21] /newtype 152
[17/3/2017 22:6:22] /newtype 153
[17/3/2017 22:6:23] /newtype 154
[17/3/2017 22:6:24] /newtype 155
[17/3/2017 22:6:25] /newtype 156
[17/3/2017 22:6:26] /newtype 157
[17/3/2017 22:7:42] /newtype 37
[17/3/2017 22:7:48] /a
[18/3/2017 0:6:9] /a
[18/3/2017 0:6:9] /a
[18/3/2017 0:24:56] /a
[18/3/2017 0:34:9] /ghost
[18/3/2017 0:50:38] /a 10
[18/3/2017 2:30:42] /b /c Eae rapaziada, bora divulgar esse novo update ? !!!
[18/3/2017 2:30:50] /b Eae rapaziada, bora divulgar esse novo update ? !!!
[18/3/2017 2:30:51] /b Eae rapaziada, bora divulgar esse novo update ? !!!
[18/3/2017 2:30:51] /b Eae rapaziada, bora divulgar esse novo update ? !!!
[18/3/2017 2:30:51] /b Eae rapaziada, bora divulgar esse novo update ? !!!
[18/3/2017 2:30:52] /b Eae rapaziada, bora divulgar esse novo update ? !!!
[18/3/2017 2:30:57] /b Eae rapaziada, bora divulgar esse novo update ? !!!
[18/3/2017 3:39:32] /a
[18/3/2017 3:39:49] /b Eae rapaziada, bora divulgar esse novo update ? !!!
[18/3/2017 3:39:49] /b Eae rapaziada, bora divulgar esse novo update ? !!!
[18/3/2017 3:39:50] /b Eae rapaziada, bora divulgar esse novo update ? !!!
[18/3/2017 3:39:50] /b Eae rapaziada, bora divulgar esse novo update ? !!!
[18/3/2017 3:39:50] /b Eae rapaziada, bora divulgar esse novo update ? !!!
[18/3/2017 3:39:53] /b Eae rapaziada, bora divulgar esse novo update ? !!!
[18/3/2017 3:39:53] /b Eae rapaziada, bora divulgar esse novo update ? !!!
[18/3/2017 3:39:54] /b Eae rapaziada, bora divulgar esse novo update ? !!!
[18/3/2017 3:41:5] /a
[18/3/2017 17:35:25] /a
[18/3/2017 17:35:27] /a
[18/3/2017 17:35:30] /newtype 500
[18/3/2017 17:35:37] /b Bom dia ^
[18/3/2017 17:35:42] /b Bom dia ^^
[18/3/2017 17:35:42] /b Bom dia ^^
[18/3/2017 17:35:42] /b Bom dia ^^
[18/3/2017 23:2:33] /a
[19/3/2017 0:56:35] /goto lost raikage
[19/3/2017 0:58:16] /goto lost raikage
[19/3/2017 0:58:17] /goto lost raikage
[19/3/2017 0:58:19] /ghost
[19/3/2017 0:58:23] /newtype 37
[19/3/2017 0:58:25] /goto lost raikage
[19/3/2017 0:58:25] /goto lost raikage
[19/3/2017 0:58:26] /goto lost raikage
[19/3/2017 0:58:27] /goto lost raikage
[19/3/2017 0:58:28] /goto lost raikage
[19/3/2017 0:58:28] /goto lost raikage
[19/3/2017 0:58:29] /goto lost raikage
[19/3/2017 0:58:30] /goto lost raikage
[19/3/2017 0:58:31] /goto lost raikage
[19/3/2017 0:58:31] /goto lost raikage
[19/3/2017 0:58:32] /goto lost raikage
[19/3/2017 0:58:33] /goto lost raikage
[19/3/2017 0:58:33] /goto lost raikage
[19/3/2017 0:58:34] /goto lost raikage
[19/3/2017 0:58:35] /goto lost raikage
[19/3/2017 0:58:36] /goto lost raikage
[19/3/2017 0:58:39] /a 10
[19/3/2017 0:58:41] /a 10
[19/3/2017 0:58:44] /a 5
[19/3/2017 0:58:56] /a 10
[19/3/2017 0:58:59] /goto lost raikage
[19/3/2017 0:59:0] /goto lost raikage
[19/3/2017 0:59:0] /goto lost raikage
[19/3/2017 0:59:1] /goto lost raikage
[19/3/2017 0:59:3] /goto lost raikage
[19/3/2017 0:59:58] /goto lost raikage
[19/3/2017 0:59:59] /goto lost raikage
[19/3/2017 1:0:0] /goto lost raikage
[19/3/2017 1:0:16] /goto lost raikage
[19/3/2017 1:0:55] /t lost raikage
[19/3/2017 1:0:58] /goto lost raikage
[19/3/2017 1:0:59] /goto lost raikage
[19/3/2017 1:1:0] /goto lost raikage
[19/3/2017 1:1:1] /goto lost raikage
[19/3/2017 1:1:1] /goto lost raikage
[19/3/2017 1:1:2] /goto lost raikage
[19/3/2017 1:1:5] /goto lost raikage
[19/3/2017 1:1:5] /goto lost raikage
[19/3/2017 1:1:5] /goto lost raikage
[19/3/2017 1:1:8] /goto lost raikage
[19/3/2017 1:1:8] /goto lost raikage
[19/3/2017 1:1:8] /goto lost raikage
[19/3/2017 1:1:8] /goto lost raikage
[19/3/2017 1:1:8] /goto lost raikage
[19/3/2017 1:1:8] /goto lost raikage
[19/3/2017 1:1:17] /goto lost raikage
[19/3/2017 1:1:18] /goto lost raikage
[19/3/2017 1:1:19] /goto lost raikage
[19/3/2017 1:1:19] /goto lost raikage
[19/3/2017 1:1:31] /a 6
[19/3/2017 1:1:37] /up
[19/3/2017 1:1:40] /a 3
[19/3/2017 1:3:15] /down
[19/3/2017 1:3:15] /down
[19/3/2017 1:3:18] /a 20
[19/3/2017 1:3:48] /t lost raikage
[19/3/2017 1:8:41] /a 50
[19/3/2017 1:8:56] /a 2
[19/3/2017 1:9:55] /up
[19/3/2017 1:9:55] /up
[19/3/2017 1:9:55] /up
[19/3/2017 1:9:55] /up
[19/3/2017 1:9:56] /up
[19/3/2017 1:10:1] /down
[19/3/2017 1:10:6] /a 10
[19/3/2017 1:14:59] /goto lost raikage
[19/3/2017 1:19:27] /t
[19/3/2017 18:4:34] /b Bom dia rapaziada, HOJE TEM GGN AS 15 HRS !!
[19/3/2017 18:4:40] /b Bom dia rapaziada, HOJE TEM GGN AS 15 HRS !!
[19/3/2017 18:4:40] /b Bom dia rapaziada, HOJE TEM GGN AS 15 HRS !!
[19/3/2017 18:4:41] /b Bom dia rapaziada, HOJE TEM GGN AS 15 HRS !!
[19/3/2017 18:4:41] /b Bom dia rapaziada, HOJE TEM GGN AS 15 HRS !!
[19/3/2017 18:4:41] /b Bom dia rapaziada, HOJE TEM GGN AS 15 HRS !!
[19/3/2017 18:4:41] /b Bom dia rapaziada, HOJE TEM GGN AS 15 HRS !!
[19/3/2017 18:4:42] /b Bom dia rapaziada, HOJE TEM GGN AS 15 HRS !!
[19/3/2017 18:4:42] /b Bom dia rapaziada, HOJE TEM GGN AS 15 HRS !!
[19/3/2017 18:5:14] /b Bom dia rapaziada, HOJE TEM GGN AS 15 HRS !!
[19/3/2017 18:5:22] /goto lost raikage
[19/3/2017 18:5:59] /newtype 37
[19/3/2017 18:10:46] /a 4
[19/3/2017 18:20:39] /ghost
[19/3/2017 18:21:1] /t
[19/3/2017 18:21:3] /a 90
[19/3/2017 18:21:6] /a 30
[19/3/2017 20:24:55] /goto combos
[19/3/2017 21:11:58] /goto [ADM] Aragog
[19/3/2017 21:14:38] /ghost
[19/3/2017 21:14:42] /newtype 37
[19/3/2017 21:15:29] /a 10
[19/3/2017 21:15:29] /a 10
[19/3/2017 21:15:30] /a 10
[19/3/2017 21:15:31] /a 10
[19/3/2017 21:15:32] /a 10
[19/3/2017 21:15:43] /a 10
[19/3/2017 21:15:44] /a 10
[19/3/2017 21:15:48] /a 10
[19/3/2017 21:15:48] /a 10
[19/3/2017 21:15:49] /a 10
[19/3/2017 21:15:49] /a 10
[19/3/2017 21:15:49] /a 10
[19/3/2017 21:15:50] /a 10
[19/3/2017 21:15:52] /a 10/a 10
[19/3/2017 21:15:52] /a 10
[19/3/2017 21:15:53] /a 10
[19/3/2017 21:15:54] /a 10
[19/3/2017 21:15:55] /a 10
[19/3/2017 21:15:58] /a 3
[19/3/2017 21:16:1] /a 3
[19/3/2017 21:16:24] /a 3
[19/3/2017 21:16:48] /goto [ADM] Aragog
[19/3/2017 21:17:20] /newtype 1185
[19/3/2017 21:17:24] /newtype 1184
[19/3/2017 21:17:26] /newtype 1186
[19/3/2017 21:17:28] /newtype 1183
[19/3/2017 21:17:30] /newtype 1184
[19/3/2017 21:17:30] /newtype 1182
[19/3/2017 21:17:31] /newtype 1181
[19/3/2017 21:17:34] /newtype 1180
[19/3/2017 21:17:38] /newtype 1179
[19/3/2017 21:17:39] /newtype 1178
[19/3/2017 21:17:41] /newtype 1177
[19/3/2017 21:20:55] /a 50
[19/3/2017 21:20:57] /a 50
[19/3/2017 21:20:59] /a 30
[19/3/2017 21:21:0] /a 50
[19/3/2017 21:21:1] /a 50
[19/3/2017 21:21:3] /a 50
[19/3/2017 21:21:7] /a
[19/3/2017 21:21:16] /a 10
[19/3/2017 21:21:17] /a 10
[19/3/2017 21:21:18] /a 10
[19/3/2017 21:21:23] /a
[19/3/2017 21:21:24] /a
[19/3/2017 21:21:25] /a
[19/3/2017 21:21:26] /a
[19/3/2017 21:21:28] /a
[19/3/2017 21:21:30] /a
[19/3/2017 21:21:32] /a
[19/3/2017 21:21:41] /a
[19/3/2017 21:21:42] /a
[19/3/2017 21:21:42] /a
[19/3/2017 21:21:43] /a
[19/3/2017 21:21:44] /a
[19/3/2017 21:21:44] /a
[19/3/2017 21:21:49] /a
[19/3/2017 21:21:52] /a
[19/3/2017 21:22:8] /ghost
[19/3/2017 21:27:13] /a
[19/3/2017 21:37:52] /down
[19/3/2017 21:37:55] /up
[19/3/2017 21:38:4] /a
[19/3/2017 21:38:5] /a
[19/3/2017 21:38:7] /a
[19/3/2017 21:38:8] /a
[19/3/2017 21:38:8] /a
[19/3/2017 21:38:10] /a
[19/3/2017 21:38:21] /a
[19/3/2017 21:39:18] /a 5
[19/3/2017 21:40:23] /a
[19/3/2017 21:40:24] /a
[19/3/2017 21:40:25] /a
[19/3/2017 21:59:22] /t combos
[19/3/2017 22:1:39] /t combos
[19/3/2017 22:1:41] /t duff
[19/3/2017 22:7:55] /goto explosion art
[19/3/2017 22:8:4] /a
[19/3/2017 22:8:18] /up
[19/3/2017 22:8:19] /up
[19/3/2017 22:8:23] /down
[19/3/2017 22:8:26] /a 5
[19/3/2017 22:9:37] /a 3
[19/3/2017 22:13:10] /a
[19/3/2017 22:13:12] /a
[19/3/2017 22:13:22] /a
[19/3/2017 22:15:27] /a
[19/3/2017 22:16:54] /a 20
[19/3/2017 22:16:57] /a 10
[19/3/2017 22:21:6] /b Renegade Wins !!
[19/3/2017 22:21:26] /a
[19/3/2017 22:21:27] /a
[19/3/2017 22:21:50] /ghost
[19/3/2017 22:22:10] /a
[19/3/2017 22:22:13] /a
[19/3/2017 22:22:24] /ghost
[19/3/2017 22:23:16] /goto [adm] aragog
[19/3/2017 22:23:22] /ghost
[19/3/2017 22:23:50] /t strenk-san
[19/3/2017 22:36:0] /down
[19/3/2017 22:36:2] /t
[19/3/2017 22:36:13] /a 90
[19/3/2017 22:36:16] /a 30
[19/3/2017 22:36:52] /ghost
[19/3/2017 22:43:18] /a 3
[19/3/2017 22:43:23] /up
[19/3/2017 22:43:25] /a 3
[19/3/2017 22:43:28] /a 5
[19/3/2017 22:43:29] /a 7
[19/3/2017 22:43:31] /down
[19/3/2017 22:46:56] /ghost
[19/3/2017 22:54:31] /t mxtsunade
[19/3/2017 23:14:53] /goto [adm] aragog
[19/3/2017 23:20:54] /b 50 onlines sem mc = moeda vip pra geral
[19/3/2017 23:23:34] /newtype 1177
[19/3/2017 23:35:50] /b Quem for youtuber grande, ou conhecer alguem grande me manda pm !
[19/3/2017 23:35:50] /b Quem for youtuber grande, ou conhecer alguem grande me manda pm !
[19/3/2017 23:35:51] /b Quem for youtuber grande, ou conhecer alguem grande me manda pm !
[19/3/2017 23:35:51] /b Quem for youtuber grande, ou conhecer alguem grande me manda pm !
[19/3/2017 23:35:52] /b Quem for youtuber grande, ou conhecer alguem grande me manda pm !
[19/3/2017 23:35:52] /b Quem for youtuber grande, ou conhecer alguem grande me manda pm !
[19/3/2017 23:35:52] /b Quem for youtuber grande, ou conhecer alguem grande me manda pm !
[19/3/2017 23:35:52] /b Quem for youtuber grande, ou conhecer alguem grande me manda pm !
[19/3/2017 23:35:52] /b Quem for youtuber grande, ou conhecer alguem grande me manda pm !
[19/3/2017 23:39:29] /goto [ADM] Aragog
[19/3/2017 23:40:11] /goto [ADM] Aragog
[19/3/2017 23:40:11] /goto [ADM] Aragog
[19/3/2017 23:40:12] /goto [ADM] Aragog
[19/3/2017 23:40:12] /goto [ADM] Aragog
[19/3/2017 23:40:15] /goto [ADM] Aragog
[19/3/2017 23:40:15] /goto [ADM] Aragog
[19/3/2017 23:40:17] /goto [ADM] Aragog
[19/3/2017 23:40:17] /goto [ADM] Aragog
[19/3/2017 23:40:17] /goto [ADM] Aragog
[19/3/2017 23:40:18] /goto [ADM] Aragog
[19/3/2017 23:40:18] /goto [ADM] Aragog
[19/3/2017 23:40:19] /goto [ADM] Aragog
[19/3/2017 23:40:19] /goto [ADM] Aragog
[19/3/2017 23:40:19] /goto [ADM] Aragog
[19/3/2017 23:40:19] /goto [ADM] Aragog
[19/3/2017 23:40:20] /goto [ADM] Aragog
[19/3/2017 23:40:21] /goto [ADM] Aragog
[19/3/2017 23:40:22] /goto [ADM] Aragog
[19/3/2017 23:40:35] /goto [ADM] Aragog
[19/3/2017 23:40:41] /goto [ADM] Aragog
[19/3/2017 23:43:10] /goto [ADM] Aragog
[19/3/2017 23:43:11] /goto [ADM] Aragog
[19/3/2017 23:43:16] /up
[20/3/2017 0:0:44] /t
[20/3/2017 0:0:46] /a 90
[20/3/2017 0:0:49] /a 30
[20/3/2017 0:0:52] /a 3
[20/3/2017 0:23:55] /newtype 1087
[20/3/2017 0:23:57] /newtype 1088
[20/3/2017 0:24:0] /newtype 1090
[20/3/2017 0:24:37] /a
[20/3/2017 0:33:54] /a 3
[20/3/2017 0:34:54] /a 4
[20/3/2017 0:35:33] /t
[20/3/2017 0:35:35] /a 90
[20/3/2017 0:35:39] /a 30 
[20/3/2017 0:42:18] /b Se chover na inglaterra, vira inglabarro ? R E F L I T A M !!!
[20/3/2017 0:42:19] /b Se chover na inglaterra, vira inglabarro ? R E F L I T A M !!!
[20/3/2017 0:42:19] /b Se chover na inglaterra, vira inglabarro ? R E F L I T A M !!!
[20/3/2017 0:42:19] /b Se chover na inglaterra, vira inglabarro ? R E F L I T A M !!!
[20/3/2017 0:42:20] /b Se chover na inglaterra, vira inglabarro ? R E F L I T A M !!!
[20/3/2017 1:6:36] /b Se chover na inglaterra, vira inglabarro ? R E F L I T A M !!!
[20/3/2017 1:6:37] /b Se chover na inglaterra, vira inglabarro ? R E F L I T A M !!!
[20/3/2017 1:6:37] /b Se chover na inglaterra, vira inglabarro ? R E F L I T A M !!!
[20/3/2017 1:6:37] /b Se chover na inglaterra, vira inglabarro ? R E F L I T A M !!!
[20/3/2017 1:6:38] /b Se chover na inglaterra, vira inglabarro ? R E F L I T A M !!!
[20/3/2017 1:6:38] /b Se chover na inglaterra, vira inglabarro ? R E F L I T A M !!!
[20/3/2017 1:6:38] /b Se chover na inglaterra, vira inglabarro ? R E F L I T A M !!!
[20/3/2017 1:33:40] /ghost
[20/3/2017 1:52:20] /goto fatality was
[20/3/2017 1:52:31] /t
[20/3/2017 1:52:33] /a  90
[20/3/2017 1:52:37] /a 25
[20/3/2017 1:52:42] /a 3~
[20/3/2017 1:52:50] /a 2
[20/3/2017 2:6:7] /goto turn
[20/3/2017 2:6:32] /ghost
[20/3/2017 2:7:43] /a
[20/3/2017 2:27:28] /ghost
[20/3/2017 2:46:22] /b Ja postei uma publicação no grupo quem quiser participar do sorteio só comentar la !
[20/3/2017 2:50:41] /b Ja postei uma publicação no grupo quem quiser participar do sorteio só comentar la !
[20/3/2017 2:50:41] /b Ja postei uma publicação no grupo quem quiser participar do sorteio só comentar la !
[20/3/2017 2:50:42] /b Ja postei uma publicação no grupo quem quiser participar do sorteio só comentar la !
[20/3/2017 2:50:42] /b Ja postei uma publicação no grupo quem quiser participar do sorteio só comentar la !
[20/3/2017 2:50:42] /b Ja postei uma publicação no grupo quem quiser participar do sorteio só comentar la !
[20/3/2017 2:50:42] /b Ja postei uma publicação no grupo quem quiser participar do sorteio só comentar la !
[20/3/2017 2:50:43] /b Ja postei uma publicação no grupo quem quiser participar do sorteio só comentar la !
[20/3/2017 2:50:43] /b Ja postei uma publicação no grupo quem quiser participar do sorteio só comentar la !
[20/3/2017 2:50:43] /b Ja postei uma publicação no grupo quem quiser participar do sorteio só comentar la !
[20/3/2017 2:50:43] /b Ja postei uma publicação no grupo quem quiser participar do sorteio só comentar la !
[20/3/2017 2:56:30] /a
[20/3/2017 2:57:37] /b facebook,com/groups/261592504252840/?fref=nf (Tirem a virgula) 
[20/3/2017 2:57:37] /b facebook,com/groups/261592504252840/?fref=nf (Tirem a virgula) 
[20/3/2017 2:57:38] /b facebook,com/groups/261592504252840/?fref=nf (Tirem a virgula) 
[20/3/2017 2:57:38] /b facebook,com/groups/261592504252840/?fref=nf (Tirem a virgula) 
[20/3/2017 2:57:38] /b facebook,com/groups/261592504252840/?fref=nf (Tirem a virgula) 
[20/3/2017 2:57:39] /b facebook,com/groups/261592504252840/?fref=nf (Tirem a virgula) 
[20/3/2017 2:57:39] /b facebook,com/groups/261592504252840/?fref=nf (Tirem a virgula) 
[20/3/2017 2:57:39] /b facebook,com/groups/261592504252840/?fref=nf (Tirem a virgula) 
[20/3/2017 2:57:39] /b facebook,com/groups/261592504252840/?fref=nf (Tirem a virgula) 
[20/3/2017 2:57:40] /b facebook,com/groups/261592504252840/?fref=nf (Tirem a virgula) 
[20/3/2017 2:57:40] /b facebook,com/groups/261592504252840/?fref=nf (Tirem a virgula) 
[20/3/2017 2:57:40] /b facebook,com/groups/261592504252840/?fref=nf (Tirem a virgula) 
[20/3/2017 3:13:0] /b Ja postei uma publicação no grupo quem quiser participar do sorteio só comentar la !
[20/3/2017 3:13:0] /b Ja postei uma publicação no grupo quem quiser participar do sorteio só comentar la !
[20/3/2017 3:13:0] /b Ja postei uma publicação no grupo quem quiser participar do sorteio só comentar la !
[20/3/2017 3:13:1] /b Ja postei uma publicação no grupo quem quiser participar do sorteio só comentar la !
[20/3/2017 3:13:1] /b Ja postei uma publicação no grupo quem quiser participar do sorteio só comentar la !
[20/3/2017 3:13:1] /b Ja postei uma publicação no grupo quem quiser participar do sorteio só comentar la !
[20/3/2017 3:13:2] /b Ja postei uma publicação no grupo quem quiser participar do sorteio só comentar la !
[20/3/2017 3:13:2] /b Ja postei uma publicação no grupo quem quiser participar do sorteio só comentar la !
[20/3/2017 4:27:54] /a
[20/3/2017 4:27:55] /a
[20/3/2017 4:39:36] /a
[20/3/2017 5:15:17] /a
[20/3/2017 5:27:26] /goto uchiha vinicius
[20/3/2017 5:27:30] /goto uchiha vinicius
[20/3/2017 5:27:31] /goto uchiha vinicius
[20/3/2017 5:27:32] /goto uchiha vinicius
[20/3/2017 5:27:33] /goto uchiha vinicius
[20/3/2017 5:27:35] /goto uchiha vinicius
[20/3/2017 5:27:36] /goto uchiha vinicius
[20/3/2017 5:27:37] /goto uchiha vinicius
[20/3/2017 5:27:37] /goto uchiha vinicius
[20/3/2017 5:27:38] /goto uchiha vinicius
[20/3/2017 5:27:39] /goto uchiha vinicius
[20/3/2017 5:27:40] /goto uchiha vinicius
[20/3/2017 5:27:41] /goto uchiha vinicius
[20/3/2017 5:27:42] /goto uchiha vinicius
[20/3/2017 5:27:43] /goto uchiha vinicius
[20/3/2017 5:27:44] /goto uchiha vinicius
[20/3/2017 5:27:45] /goto uchiha vinicius
[20/3/2017 5:27:47] /goto uchiha vinicius
[20/3/2017 5:55:59] /b Ja postei uma publicação no grupo quem quiser participar do sorteio só comentar la !
[20/3/2017 5:55:59] /b Ja postei uma publicação no grupo quem quiser participar do sorteio só comentar la !
[20/3/2017 5:55:59] /b Ja postei uma publicação no grupo quem quiser participar do sorteio só comentar la !
[20/3/2017 5:56:0] /b Ja postei uma publicação no grupo quem quiser participar do sorteio só comentar la !
[20/3/2017 5:56:0] /b Ja postei uma publicação no grupo quem quiser participar do sorteio só comentar la !
[20/3/2017 5:56:0] /b Ja postei uma publicação no grupo quem quiser participar do sorteio só comentar la !
[20/3/2017 5:56:0] /b Ja postei uma publicação no grupo quem quiser participar do sorteio só comentar la !
[20/3/2017 5:56:1] /b Ja postei uma publicação no grupo quem quiser participar do sorteio só comentar la !
[20/3/2017 5:56:1] /b Ja postei uma publicação no grupo quem quiser participar do sorteio só comentar la !
[20/3/2017 5:56:1] /b Ja postei uma publicação no grupo quem quiser participar do sorteio só comentar la !
[20/3/2017 5:56:19] /b facebook,com/groups/261592504252840/?fref=nf
[20/3/2017 5:56:40] /b facebook,com/groups/261592504252840/?fref=nf  < PAGIINA DO NTO (TIREM A VIRGULA)
[20/3/2017 5:56:41] /b facebook,com/groups/261592504252840/?fref=nf  < PAGIINA DO NTO (TIREM A VIRGULA)
[20/3/2017 5:56:41] /b facebook,com/groups/261592504252840/?fref=nf  < PAGIINA DO NTO (TIREM A VIRGULA)
[20/3/2017 5:56:41] /b facebook,com/groups/261592504252840/?fref=nf  < PAGIINA DO NTO (TIREM A VIRGULA)
[20/3/2017 5:56:42] /b facebook,com/groups/261592504252840/?fref=nf  < PAGIINA DO NTO (TIREM A VIRGULA)
[20/3/2017 5:56:42] /b facebook,com/groups/261592504252840/?fref=nf  < PAGIINA DO NTO (TIREM A VIRGULA)
[20/3/2017 5:56:42] /b facebook,com/groups/261592504252840/?fref=nf  < PAGIINA DO NTO (TIREM A VIRGULA)
[20/3/2017 5:56:43] /b facebook,com/groups/261592504252840/?fref=nf  < PAGIINA DO NTO (TIREM A VIRGULA)
[20/3/2017 5:56:43] /b facebook,com/groups/261592504252840/?fref=nf  < PAGIINA DO NTO (TIREM A VIRGULA)
[20/3/2017 5:56:43] /b facebook,com/groups/261592504252840/?fref=nf  < PAGIINA DO NTO (TIREM A VIRGULA)
[20/3/2017 5:56:43] /b facebook,com/groups/261592504252840/?fref=nf  < PAGIINA DO NTO (TIREM A VIRGULA)
[20/3/2017 6:37:28] /b Saindo aqui, boa noite pra geral !
[20/3/2017 20:11:1] /goto [adm] aragog
[20/3/2017 20:11:5] /a
[20/3/2017 20:18:13] /t
[20/3/2017 20:18:16] /a 90
[20/3/2017 20:18:19] /a 30
[20/3/2017 20:25:18] /newtype 37
[20/3/2017 20:25:30] /a 1088
[20/3/2017 20:25:35] /a
[20/3/2017 20:25:42] /newtype 1088
[20/3/2017 20:25:47] /newtype 1089
[20/3/2017 20:26:0] /newtype 37
[20/3/2017 20:26:2] /newtype 38
[20/3/2017 20:26:6] /newtype 39
[20/3/2017 20:26:11] /newtype 1090
[20/3/2017 20:26:17] /newtype 1091
[20/3/2017 20:26:21] /newtype 1092
[20/3/2017 20:26:24] /newtype 1093
[20/3/2017 20:26:26] /newtype 1094
[20/3/2017 20:26:27] /newtype 1095
[20/3/2017 20:26:36] /goto [ADM] Aragog
[20/3/2017 20:26:40] /t
[20/3/2017 20:26:42] /a 90
[20/3/2017 20:26:46] /a 30
[21/3/2017 4:26:31] /cliport
[21/3/2017 19:3:42] /a
[21/3/2017 19:3:46] /newtype 37
[21/3/2017 19:3:52] /b Boa tarde !
[21/3/2017 19:58:17] /a
[21/3/2017 21:36:4] /a
[21/3/2017 23:19:51] /mode pvp
[21/3/2017 23:19:53] /mode pvp
[21/3/2017 23:36:33] /goto [ADM] Aragog
[21/3/2017 23:37:54] /goto Lost Raikage
[21/3/2017 23:45:20] /goto Lost Raikage
[21/3/2017 23:46:21] /goto [adm] aragog
[21/3/2017 23:50:17] /t
[21/3/2017 23:50:34] /a 90
[21/3/2017 23:50:36] /a 30
[21/3/2017 23:51:55] /b Só eu que amo café ?
[21/3/2017 23:57:22] /newtype 37
[21/3/2017 23:57:24] /ghost
[22/3/2017 0:3:59] /cliport
[22/3/2017 0:18:6] /ghost
[22/3/2017 0:26:16] /up
[22/3/2017 0:26:22] /down
[22/3/2017 0:26:22] /down
[22/3/2017 2:33:17] /goto [ADM] Aragog
[22/3/2017 2:33:25] /t
[22/3/2017 2:33:26] /a 90
[22/3/2017 2:33:29] /a 30
[22/3/2017 3:47:5] /b Oi :3
[22/3/2017 3:55:21] /a
[22/3/2017 19:14:23] /b Boa tarde  !!
[22/3/2017 23:1:39] /b Eu vo manda o grave bate !, e quero ve o bumbum meche !
[22/3/2017 23:2:18] /ghost
[22/3/2017 23:36:26] /goto octopus
[22/3/2017 23:37:4] /t
[22/3/2017 23:37:7] /a 90
[22/3/2017 23:37:12] /a 20
[22/3/2017 23:37:49] /ghost
[23/3/2017 0:0:4] /up
[23/3/2017 0:0:10] /up
[23/3/2017 0:0:28] /a 3
[23/3/2017 0:0:30] /up
[23/3/2017 0:0:34] /a 3
[23/3/2017 0:0:35] /up
[23/3/2017 1:57:14] /a
[23/3/2017 1:57:17] /t
[23/3/2017 1:57:22] /a 90
[23/3/2017 1:57:25] /a 20
[23/3/2017 1:57:27] /a
[23/3/2017 1:57:28] /a
[23/3/2017 1:57:28] /a
[23/3/2017 1:57:29] /a
[23/3/2017 1:57:29] /a
[23/3/2017 1:57:29] /a
[23/3/2017 1:57:30] /a
[23/3/2017 1:57:30] /a
[23/3/2017 1:58:37] /a
[23/3/2017 1:58:39] /a
[23/3/2017 1:58:44] /newtype 37
[23/3/2017 1:58:46] /ghost
[23/3/2017 2:5:55] /b AE RAPAZIADA TO VENDO BASTANTE RETORNO DE VOCÊS (20:03 58 player(s) online:), SEI QUE MAIS DA METADE EH MC PORÉM NTO TA CRESCENDO CONTINUEM ASSIM, NOVAS UPDATES, NOVAS PARADAS, ESTÃO POR VIR E EU GARANTO O NTO VAI FICA PICA MLK !
[23/3/2017 2:5:56] /b AE RAPAZIADA TO VENDO BASTANTE RETORNO DE VOCÊS (20:03 58 player(s) online:), SEI QUE MAIS DA METADE EH MC PORÉM NTO TA CRESCENDO CONTINUEM ASSIM, NOVAS UPDATES, NOVAS PARADAS, ESTÃO POR VIR E EU GARANTO O NTO VAI FICA PICA MLK !
[23/3/2017 2:5:56] /b AE RAPAZIADA TO VENDO BASTANTE RETORNO DE VOCÊS (20:03 58 player(s) online:), SEI QUE MAIS DA METADE EH MC PORÉM NTO TA CRESCENDO CONTINUEM ASSIM, NOVAS UPDATES, NOVAS PARADAS, ESTÃO POR VIR E EU GARANTO O NTO VAI FICA PICA MLK !
[23/3/2017 2:5:57] /b AE RAPAZIADA TO VENDO BASTANTE RETORNO DE VOCÊS (20:03 58 player(s) online:), SEI QUE MAIS DA METADE EH MC PORÉM NTO TA CRESCENDO CONTINUEM ASSIM, NOVAS UPDATES, NOVAS PARADAS, ESTÃO POR VIR E EU GARANTO O NTO VAI FICA PICA MLK !
[23/3/2017 2:5:57] /b AE RAPAZIADA TO VENDO BASTANTE RETORNO DE VOCÊS (20:03 58 player(s) online:), SEI QUE MAIS DA METADE EH MC PORÉM NTO TA CRESCENDO CONTINUEM ASSIM, NOVAS UPDATES, NOVAS PARADAS, ESTÃO POR VIR E EU GARANTO O NTO VAI FICA PICA MLK !
[23/3/2017 2:5:57] /b AE RAPAZIADA TO VENDO BASTANTE RETORNO DE VOCÊS (20:03 58 player(s) online:), SEI QUE MAIS DA METADE EH MC PORÉM NTO TA CRESCENDO CONTINUEM ASSIM, NOVAS UPDATES, NOVAS PARADAS, ESTÃO POR VIR E EU GARANTO O NTO VAI FICA PICA MLK !
[23/3/2017 2:6:51] /goto deidara boss
[23/3/2017 2:16:38] /b alguma konan me mande pm !
[23/3/2017 2:17:7] /t
[23/3/2017 2:17:14] /a 90
[23/3/2017 2:17:17] /a 20
[23/3/2017 2:20:26] /goto Konan Ubr
[23/3/2017 2:23:28] /a 
[23/3/2017 2:24:27] /goto operator totten
[23/3/2017 2:24:39] /t
[23/3/2017 2:24:43] /a 90
[23/3/2017 2:24:45] /a 20
[23/3/2017 2:34:46] /goto deitnbs
[23/3/2017 2:35:3] /goto kevin
[23/3/2017 2:35:32] /t deitnbs
[23/3/2017 2:36:30] /b AFK!
[23/3/2017 2:36:33] /ghost
[23/3/2017 2:49:5] /goto lost raikage
[23/3/2017 2:52:20] /t
[23/3/2017 2:52:25] /a 90
[23/3/2017 2:52:29] /a 20
[23/3/2017 4:15:34] /goto hellhound
[23/3/2017 4:15:57] /goto loki
[23/3/2017 4:16:2] /ghost
[23/3/2017 21:12:22] /b salve quebrada
[23/3/2017 21:13:9] /a
[23/3/2017 23:2:18] /goto SERVER STATUS Servidor: XGame  Status: Online Uptime: 1h 51m  Players: 45/500 K 
[23/3/2017 23:2:22] /goto kibaum
[23/3/2017 23:2:37] /goto dragon
[23/3/2017 23:2:42] /goto kibaum
[23/3/2017 23:9:22] /goto kibaum
[23/3/2017 23:11:38] /ghost
[23/3/2017 23:18:43] /mc kibaum
[23/3/2017 23:19:23] /goto kibaum
[23/3/2017 23:20:18] /mc Kibaum
[23/3/2017 23:20:34] /t
[23/3/2017 23:20:37] /a 90
[23/3/2017 23:20:39] /a 30
[23/3/2017 23:20:57] /a
[24/3/2017 0:19:0] /b Acho que vo morrer
[24/3/2017 22:41:20] /b Boa tarde !
[24/3/2017 22:46:57] /ghost
[24/3/2017 22:47:7] /newtype 37
[24/3/2017 22:49:18] /ghost
[25/3/2017 1:28:53] /ghost
[25/3/2017 1:28:58] /newtype 387
[25/3/2017 1:29:2] /newtype 37
[25/3/2017 1:33:46] /ghost
[25/3/2017 1:38:27] /goto nooway
[25/3/2017 1:40:42] /goto sarutoba
[25/3/2017 1:41:7] /goto nooway
[25/3/2017 1:42:39] /goto sarutoba
[25/3/2017 1:47:2] /t
[25/3/2017 1:47:5] /a 90
[25/3/2017 1:47:9] /a 30
[25/3/2017 1:47:13] /a 25
[25/3/2017 1:47:16] /a
[25/3/2017 6:0:10] /b Rapaziada Tem algum bug alguma coisa no jogo que ta resultando nesses crashs, debugs  seila !, se souberem algo avisem, porque se não vai ficar assim ..
[25/3/2017 6:0:13] /b Rapaziada Tem algum bug alguma coisa no jogo que ta resultando nesses crashs, debugs  seila !, se souberem algo avisem, porque se não vai ficar assim ..
[25/3/2017 6:0:13] /b Rapaziada Tem algum bug alguma coisa no jogo que ta resultando nesses crashs, debugs  seila !, se souberem algo avisem, porque se não vai ficar assim ..
[25/3/2017 6:0:14] /b Rapaziada Tem algum bug alguma coisa no jogo que ta resultando nesses crashs, debugs  seila !, se souberem algo avisem, porque se não vai ficar assim ..
[25/3/2017 17:34:5] /goto ancient creature
[25/3/2017 17:36:34] /t
[25/3/2017 17:36:39] /a 90
[25/3/2017 17:36:42] /a 30
[25/3/2017 17:36:47] /a 3
[25/3/2017 19:36:6] /goto dark snake
[25/3/2017 19:37:1] /a 6
[25/3/2017 19:37:13] /a 6
[25/3/2017 19:37:13] /a 6
[25/3/2017 19:37:15] /a 6
[25/3/2017 19:37:19] /a 6
[25/3/2017 19:37:40] /t
[25/3/2017 19:38:46] /a 100
[25/3/2017 19:38:49] /a 100
[25/3/2017 19:38:51] /a 100
[25/3/2017 19:38:53] /a 100
[25/3/2017 19:38:55] /a 100
[25/3/2017 19:38:56] /a 100
[25/3/2017 19:38:58] /a 100
[25/3/2017 19:39:4] /a 20
[25/3/2017 19:39:7] /a 20
[25/3/2017 19:39:9] /a 20
[25/3/2017 19:39:11] /a 20
[25/3/2017 19:39:13] /a 20
[25/3/2017 19:39:19] /a 10
[25/3/2017 19:39:29] /a 10
[25/3/2017 23:10:41] /t
[25/3/2017 23:10:42] /a 90
[25/3/2017 23:10:47] /a 30
[26/3/2017 3:50:55] /goto itachi boss
[26/3/2017 3:50:58] /goto itachi boss
[26/3/2017 3:51:7] /goto itachi boss
[26/3/2017 3:51:7] /goto itachi boss
[26/3/2017 3:51:7] /goto itachi boss
[26/3/2017 5:52:26] /goto itachi boss
[26/3/2017 17:40:33] /t
[26/3/2017 17:40:34] /a 90
[26/3/2017 17:40:36] /a 30
[26/3/2017 17:42:0] /goto deitnbs
[26/3/2017 17:42:8] /a
[26/3/2017 17:42:15] /mc deitnbs
[26/3/2017 17:42:35] /t
[26/3/2017 17:42:38] /a 93
[26/3/2017 17:42:40] /a 30
[26/3/2017 17:52:39] /a 3
[26/3/2017 22:37:26] /goto lost raikage
[26/3/2017 22:37:44] /goto [adm] ararog
[26/3/2017 22:37:59] /goto senju nobre
[26/3/2017 22:38:2] /goto senju nobre
[26/3/2017 22:38:8] /t
[26/3/2017 22:38:10] /goto senju nobre
[26/3/2017 22:38:11] /goto senju nobre
[26/3/2017 22:38:12] /goto senju nobre
[26/3/2017 22:38:12] /goto senju nobre
[26/3/2017 22:38:17] /t senju nobre
[26/3/2017 22:38:29] /a 83
[26/3/2017 22:38:42] /a 30
[26/3/2017 22:39:37] /goto [ADM] Aragog
[26/3/2017 22:39:41] /goto [ADM] Aragog
[26/3/2017 22:39:42] /goto [ADM] Aragog
[26/3/2017 22:39:43] /goto [ADM] Aragog
[26/3/2017 22:39:43] /goto [ADM] Aragog
[26/3/2017 22:39:44] /goto [ADM] Aragog
[26/3/2017 22:39:44] /goto [ADM] Aragog
[26/3/2017 22:40:36] /goto [ADM] Aragog
[26/3/2017 22:40:38] /goto [ADM] Aragog
[26/3/2017 22:40:38] /goto [ADM] Aragog
[26/3/2017 22:40:38] /goto [ADM] Aragog
[26/3/2017 22:40:39] /goto [ADM] Aragog
[26/3/2017 22:40:39] /goto [ADM] Aragog
[26/3/2017 22:40:40] /goto [ADM] Aragog
[26/3/2017 22:40:40] /goto [ADM] Aragog
[26/3/2017 22:40:41] /goto [ADM] Aragog
[26/3/2017 22:40:45] /goto [ADM] Aragog
[26/3/2017 22:40:47] /goto [ADM] Aragog
[26/3/2017 22:41:9] /a 3
[26/3/2017 22:41:12] /a 2
[26/3/2017 22:41:20] /goto [ADM] Aragog
[26/3/2017 22:42:53] /goto lost raikage
[26/3/2017 22:42:56] /a 3
[26/3/2017 22:42:59] /a 5
[26/3/2017 22:43:47] /goto [ADM] Aragog
[26/3/2017 22:43:56] /ghost
[26/3/2017 22:44:2] /newtype 1177
[26/3/2017 22:46:9] /goto [ADM] Aragog
[26/3/2017 22:47:24] /goto [ADM] Aragog
[26/3/2017 22:47:32] /goto [ADM] Aragog
[26/3/2017 22:47:34] /goto [ADM] Aragog
[26/3/2017 22:47:36] /goto [ADM] Aragog
[26/3/2017 22:47:36] /goto [ADM] Aragog
[26/3/2017 22:47:36] /goto [ADM] Aragog
[26/3/2017 22:47:37] /goto [ADM] Aragog
[26/3/2017 22:47:37] /goto [ADM] Aragog
[26/3/2017 22:47:37] /goto [ADM] Aragog
[26/3/2017 22:47:38] /goto [ADM] Aragog
[26/3/2017 22:47:38] /goto [ADM] Aragog
[26/3/2017 22:47:38] /goto [ADM] Aragog
[26/3/2017 22:47:39] /goto [ADM] Aragog
[26/3/2017 22:47:39] /goto [ADM] Aragog
[26/3/2017 22:47:39] /goto [ADM] Aragog
[26/3/2017 22:47:39] /goto [ADM] Aragog
[26/3/2017 22:47:40] /goto [ADM] Aragog
[26/3/2017 22:47:40] /goto [ADM] Aragog
[26/3/2017 22:47:40] /goto [ADM] Aragog
[26/3/2017 22:47:41] /goto [ADM] Aragog
[26/3/2017 22:47:41] /goto [ADM] Aragog
[26/3/2017 22:47:41] /goto [ADM] Aragog
[26/3/2017 22:47:41] /goto [ADM] Aragog
[26/3/2017 22:47:42] /goto [ADM] Aragog
[26/3/2017 22:47:42] /goto [ADM] Aragog
[26/3/2017 22:47:42] /goto [ADM] Aragog
[26/3/2017 22:47:43] /goto [ADM] Aragog
[26/3/2017 22:47:43] /goto [ADM] Aragog
[26/3/2017 22:47:43] /goto [ADM] Aragog
[26/3/2017 22:47:44] /goto [ADM] Aragog
[26/3/2017 22:47:44] /goto [ADM] Aragog
[26/3/2017 22:47:44] /goto [ADM] Aragog
[26/3/2017 22:47:45] /goto [ADM] Aragog
[26/3/2017 22:47:45] /goto [ADM] Aragog
[26/3/2017 22:47:45] /goto [ADM] Aragog
[26/3/2017 22:47:46] /goto [ADM] Aragog
[26/3/2017 22:47:46] /goto [ADM] Aragog
[26/3/2017 22:47:46] /goto [ADM] Aragog
[26/3/2017 22:47:47] /goto [ADM] Aragog
[26/3/2017 22:47:47] /goto [ADM] Aragog
[26/3/2017 22:47:47] /goto [ADM] Aragog
[26/3/2017 22:47:48] /goto [ADM] Aragog
[26/3/2017 22:47:48] /goto [ADM] Aragog
[26/3/2017 22:47:48] /goto [ADM] Aragog
[26/3/2017 22:47:49] /goto [ADM] Aragog
[26/3/2017 22:47:49] /goto [ADM] Aragog
[26/3/2017 22:47:49] /goto [ADM] Aragog
[26/3/2017 22:47:49] /goto [ADM] Aragog
[26/3/2017 22:47:50] /goto [ADM] Aragog
[26/3/2017 22:47:50] /goto [ADM] Aragog
[26/3/2017 22:47:51] /goto [ADM] Aragog
[26/3/2017 22:47:51] /goto [ADM] Aragog
[26/3/2017 22:47:51] /goto [ADM] Aragog
[26/3/2017 22:51:21] /ghost
[26/3/2017 23:26:4] /mc
[26/3/2017 23:37:13] /goto [ADM] Aragog
[31/3/2017 3:16:55] /b '-'
[2/4/2017 1:18:57] /a
[2/4/2017 1:19:9] /b Fon
[2/4/2017 1:20:42] /a
[2/4/2017 1:20:43] /a
[2/4/2017 1:20:44] /a
[2/4/2017 1:20:45] /a
[2/4/2017 1:20:45] /a
[2/4/2017 1:20:45] /a
[2/4/2017 1:20:45] /a
[2/4/2017 1:20:51] /a
[2/4/2017 1:20:54] /a
[2/4/2017 1:20:54] /a
[2/4/2017 1:25:24] /a
[2/4/2017 1:25:25] /a
[2/4/2017 1:25:25] /a
[2/4/2017 1:25:32] /a 3
[2/4/2017 1:25:53] /t
[2/4/2017 1:25:56] /a 93
[2/4/2017 1:25:58] /a 30
[2/4/2017 22:46:20] /t 
[2/4/2017 22:46:22] /t Senju nobre
[2/4/2017 22:46:24] /a 92
[2/4/2017 22:46:26] /a 30
[9/4/2017 22:54:23] /t
[9/4/2017 22:54:24] /t Ero Senuca
[9/4/2017 22:54:30] /a 92
[9/4/2017 22:54:34] /a 30
