[1/5/2016 18:38:36] /goto tyron
[1/5/2016 18:38:41] /c tyron
[1/5/2016 18:39:6] /newtype 111
[1/5/2016 18:39:19] /goto tyron
[1/5/2016 18:39:29] /a 5
[1/5/2016 18:39:29] /a 5
[1/5/2016 18:39:29] /a 5
[1/5/2016 18:39:29] /a 5
[1/5/2016 18:39:30] /a 5
[1/5/2016 18:39:30] /a 5
[1/5/2016 18:39:31] /a 5
[1/5/2016 18:39:31] /a 5
[1/5/2016 18:40:3] /a 5
[1/5/2016 18:40:4] /a 5
[1/5/2016 18:40:4] /a 5
[1/5/2016 18:40:4] /a 5
[1/5/2016 18:40:4] /a 5
[1/5/2016 18:40:4] /a 5
[1/5/2016 18:40:5] /newtype 1147
[1/5/2016 18:40:9] /newtype 1149
[1/5/2016 18:40:13] /newtype 1150
[1/5/2016 18:40:15] /newtype 1151
[1/5/2016 18:40:16] /a 5
[1/5/2016 18:40:17] /a 5
[1/5/2016 18:40:17] /a 5
[1/5/2016 18:40:17] /a 5
[1/5/2016 18:40:17] /a 5
[1/5/2016 18:40:17] /a 5
[1/5/2016 18:40:19] /a 5
[1/5/2016 18:40:19] /a 5
[1/5/2016 18:40:19] /a 5
[1/5/2016 18:40:19] /a 5
[1/5/2016 18:40:19] /a 5
[1/5/2016 18:40:20] /a 5
[1/5/2016 18:40:20] /a 5
[1/5/2016 18:40:20] /a 5
[1/5/2016 18:40:21] /a 5
[1/5/2016 18:40:25] /a 5
[1/5/2016 18:40:25] /a 5
[1/5/2016 18:40:26] /a 5
[1/5/2016 18:40:26] /a 5
[1/5/2016 18:40:26] /a 5
[1/5/2016 18:40:26] /a 5
[1/5/2016 18:40:26] /a 5
[1/5/2016 18:40:27] /a 5
[1/5/2016 18:40:27] /a 5
[1/5/2016 18:40:27] /a 5
[1/5/2016 18:40:27] /a 5
[1/5/2016 18:40:31] /goto tyron
[1/5/2016 18:40:33] /a 5
[1/5/2016 18:40:33] /a 5
[1/5/2016 18:40:35] /a 5
[1/5/2016 18:40:48] /a 5
[1/5/2016 18:40:48] /a 5
[1/5/2016 18:40:48] /a 5
[1/5/2016 18:40:49] /a 5
[1/5/2016 18:40:49] /a 5
[1/5/2016 18:40:49] /a 5
[1/5/2016 18:40:50] /a 5
[1/5/2016 18:40:50] /a 5
[1/5/2016 18:40:50] /a 5
[1/5/2016 18:40:50] /a 5
[1/5/2016 18:40:50] /a 5
[1/5/2016 18:40:51] /a 5
[1/5/2016 18:40:51] /a 5
[1/5/2016 18:40:51] /a 5
[1/5/2016 18:40:52] /a 5
[1/5/2016 18:40:52] /a 5
[1/5/2016 18:40:53] /a 5
[1/5/2016 18:40:53] /a 5
[1/5/2016 18:40:53] /a 5
[1/5/2016 18:40:53] /a 5
[1/5/2016 18:40:54] /a 5
[1/5/2016 18:40:54] /a 5
[1/5/2016 18:40:54] /a 5
[1/5/2016 18:40:54] /a 5
[1/5/2016 18:40:55] /a 5
[1/5/2016 18:40:55] /a 5
[1/5/2016 18:40:55] /a 5
[1/5/2016 18:40:55] /a 5
[1/5/2016 18:40:56] /a 5
[1/5/2016 18:40:57] /a 5
[1/5/2016 18:40:57] /a 5
[1/5/2016 18:40:57] /a 5
[1/5/2016 18:40:58] /a 5
[1/5/2016 18:40:58] /a 5
[1/5/2016 18:40:59] /a 5
[1/5/2016 18:41:0] /a 5
[1/5/2016 18:41:5] /a 5
[1/5/2016 18:41:5] /a 5
[1/5/2016 18:41:6] /a 5
[1/5/2016 18:41:7] /a 5
[1/5/2016 18:41:7] /a 5
[1/5/2016 18:41:7] /a 5
[1/5/2016 18:41:8] /a 5
[1/5/2016 18:41:10] /a 5
[1/5/2016 18:41:11] /a 5
[1/5/2016 18:41:13] /a 5
[1/5/2016 18:41:15] /t
[1/5/2016 18:41:19] /a 5
[1/5/2016 18:41:19] /a 5
[1/5/2016 18:41:19] /a 5
[1/5/2016 18:41:19] /a 5
[1/5/2016 18:41:20] /a 5
[1/5/2016 18:41:20] /a 5
[1/5/2016 18:41:20] /a 5
[1/5/2016 18:41:21] /a 5
[1/5/2016 18:41:22] /a 5
[1/5/2016 18:41:23] /a 5
[1/5/2016 18:41:23] /a 5
[1/5/2016 18:41:23] /a 5
[1/5/2016 18:41:23] /a 5
[1/5/2016 18:41:24] /a 5
[1/5/2016 18:41:25] /a 5
[1/5/2016 18:41:26] /a 5
[1/5/2016 18:41:26] /a 5
[1/5/2016 18:41:27] /a 5
[1/5/2016 18:41:28] /a 5
[1/5/2016 18:41:29] /a 5
[1/5/2016 18:41:32] /a 5
[1/5/2016 18:41:32] /a 5
[1/5/2016 18:41:33] /a 5
[1/5/2016 18:41:33] /a 5
[1/5/2016 18:41:40] /a 5
[1/5/2016 18:41:40] /a 5
[1/5/2016 18:41:40] /a 5
[1/5/2016 18:41:40] /a 5
[1/5/2016 18:41:41] /a 5
[1/5/2016 18:41:42] /a 5
[1/5/2016 18:41:46] /a 5
[1/5/2016 18:41:47] /a 5
[1/5/2016 18:41:49] /a 5
[1/5/2016 18:41:49] /a 5
[1/5/2016 18:41:49] /a 5
[1/5/2016 18:41:51] /a 5
[1/5/2016 18:41:51] /a 5
[1/5/2016 18:41:52] /a 5
[1/5/2016 18:41:52] /a 5
[1/5/2016 18:42:55] /a 5
[1/5/2016 18:43:0] /a 5
[1/5/2016 18:43:18] /a 5
[1/5/2016 18:43:18] /a 5
[1/5/2016 18:43:18] /a 5
[1/5/2016 18:43:19] /a 5
[1/5/2016 18:43:19] /a 5
[1/5/2016 18:43:19] /a 5
[1/5/2016 18:43:21] /a 5
[1/5/2016 18:43:21] /a 5
[1/5/2016 18:43:22] /a 5
[1/5/2016 18:43:23] /a 5
[1/5/2016 18:43:26] /a 5
[1/5/2016 18:43:26] /a 5
[1/5/2016 18:43:26] /a 5
[1/5/2016 18:43:27] /a 5
[1/5/2016 18:43:28] /a 5
[1/5/2016 18:43:29] /a 5
[1/5/2016 18:43:29] /a 5
[1/5/2016 18:43:30] /a 5
[1/5/2016 18:43:32] /a 5
[1/5/2016 18:43:32] /a 5
[1/5/2016 18:43:33] /a 5
[1/5/2016 18:43:34] /a 5
[1/5/2016 18:43:34] /a 5
[1/5/2016 18:43:35] /a 5
[1/5/2016 18:43:35] /a 5
[1/5/2016 18:43:36] /a 5
[1/5/2016 18:43:37] /a 5
[1/5/2016 18:43:38] /a 5
[1/5/2016 18:43:38] /a 5
[1/5/2016 18:43:39] /a 5
[1/5/2016 18:43:40] /a 5
[1/5/2016 18:43:41] /a 5
[1/5/2016 18:43:42] /a 5
[1/5/2016 18:43:42] /a 5
[1/5/2016 18:43:44] /a 5
[1/5/2016 18:43:48] /a 5
[1/5/2016 18:43:49] /a 5
[1/5/2016 18:43:50] /a 5
[1/5/2016 18:43:51] /a 5
[1/5/2016 18:43:52] /a 5
[1/5/2016 18:43:53] /a 5
[1/5/2016 18:43:53] /a 5
[1/5/2016 18:43:54] /a 5
[1/5/2016 18:43:56] /a 5
[1/5/2016 18:43:57] /a 5
[1/5/2016 18:43:58] /a 5
[1/5/2016 18:43:58] /a 5
[1/5/2016 18:43:59] /a 5
[1/5/2016 18:43:59] /a 5
[1/5/2016 18:43:59] /a 5
[1/5/2016 18:44:0] /a 5
[1/5/2016 18:44:1] /a 5
[1/5/2016 18:44:3] /a 5
[1/5/2016 18:45:47] /a 5
[1/5/2016 18:45:48] /a 5
[1/5/2016 18:45:48] /a 5
[1/5/2016 18:45:48] /a 5
[1/5/2016 18:45:48] /a 5
[1/5/2016 18:45:48] /a 5
[1/5/2016 18:45:49] /a 5
[1/5/2016 18:45:50] /a 5
[1/5/2016 18:45:50] /a 5
[1/5/2016 18:45:50] /a 5
[1/5/2016 18:45:51] /a 5
[1/5/2016 18:45:52] /a 5
[1/5/2016 18:45:52] /a 5
[1/5/2016 18:45:52] /a 5
[1/5/2016 18:45:52] /a 5
[1/5/2016 18:45:53] /a 5
[1/5/2016 18:45:53] /a 5
[1/5/2016 18:45:53] /a 5
[1/5/2016 18:45:54] /a 5
[1/5/2016 18:45:55] /a 5
[1/5/2016 18:45:55] /a 5
[1/5/2016 18:45:56] /a 5
[1/5/2016 18:45:56] /a 5
[1/5/2016 18:46:2] /a 5
[1/5/2016 18:46:2] /a 5
[1/5/2016 18:46:4] /a 5
[1/5/2016 18:46:6] /a 5
[1/5/2016 18:46:7] /a 5
[1/5/2016 18:48:35] /goto tyron
[1/5/2016 18:48:44] /t
[1/5/2016 18:48:46] /a 5
[1/5/2016 18:48:46] /a 5
[1/5/2016 18:48:52] /a 5
[1/5/2016 18:48:52] /a 5
[1/5/2016 18:48:52] /a 5
[1/5/2016 18:48:53] /a 5
[1/5/2016 18:48:54] /a 5
[1/5/2016 18:48:54] /a 5
[1/5/2016 18:48:55] /a 5
[1/5/2016 18:48:56] /a 5
[1/5/2016 18:48:57] /a 5
[1/5/2016 18:48:58] /a 5
[1/5/2016 18:48:58] /a 5
[1/5/2016 18:48:58] /a 5
[1/5/2016 18:48:59] /a 5
[1/5/2016 18:48:59] /a 5
[1/5/2016 18:48:59] /a 5
[1/5/2016 18:49:0] /a 5
[1/5/2016 18:49:0] /a 5
[1/5/2016 18:49:0] /a 5
[1/5/2016 18:49:1] /a 5
[1/5/2016 18:49:2] /a 5
[1/5/2016 18:49:2] /a 5
[1/5/2016 18:49:14] /a 5
[1/5/2016 18:49:15] /a 5
[1/5/2016 18:49:16] /a 5
[1/5/2016 18:49:16] /a 5
[1/5/2016 18:49:21] /a 5
[1/5/2016 18:49:22] /a 5
[1/5/2016 18:49:22] /a 5
[1/5/2016 18:49:22] /a 5
[1/5/2016 18:49:22] /a 5
[1/5/2016 18:49:22] /a 5
[1/5/2016 18:49:22] /a 5
[1/5/2016 18:49:22] /a 5
[1/5/2016 18:49:23] /a 5
[1/5/2016 18:49:23] /a 5
[1/5/2016 18:49:25] /a 5
[1/5/2016 18:49:25] /a 5
[1/5/2016 18:49:25] /a 5
[1/5/2016 19:0:49] /a 5
[1/5/2016 19:0:49] /a 5
[1/5/2016 19:0:49] /a 5
[1/5/2016 19:0:50] /a 5
[1/5/2016 19:0:50] /a 5
[1/5/2016 19:0:50] /a 5
[1/5/2016 19:0:50] /a 5
[1/5/2016 19:0:50] /a 5
[1/5/2016 19:2:33] /a 5
[1/5/2016 19:2:33] /a 5
[1/5/2016 19:2:35] /a 5
[1/5/2016 19:2:38] /a 5
[1/5/2016 19:2:39] /a 5
[1/5/2016 19:2:42] /a 5
[1/5/2016 19:5:10] /a 5
[1/5/2016 19:5:11] /a 5
[1/5/2016 19:5:11] /a 5
[1/5/2016 19:5:11] /a 5
[1/5/2016 19:5:12] /a 5
[1/5/2016 19:5:13] /a 5
[1/5/2016 19:5:14] /a 5
[1/5/2016 19:5:15] /a 5
[1/5/2016 19:5:16] /a 5
[1/5/2016 19:5:16] /a 5
[1/5/2016 19:5:17] /a 5
[1/5/2016 19:5:17] /a 5
[1/5/2016 19:5:17] /a 5
[1/5/2016 19:5:17] /a 5
[1/5/2016 19:5:18] /a 5
[1/5/2016 19:5:18] /a 5
[1/5/2016 19:5:18] /a 5
[1/5/2016 19:5:19] /a 5
[1/5/2016 19:5:19] /a 5
[1/5/2016 19:5:19] /a 5
[1/5/2016 19:5:19] /a 5
[1/5/2016 19:5:19] /a 5
[1/5/2016 19:5:20] /a 5
[1/5/2016 19:5:20] /a 5
[1/5/2016 19:5:20] /a 5
[1/5/2016 19:5:20] /a 5
[1/5/2016 19:5:20] /a 5
[1/5/2016 19:5:21] /a 5
[1/5/2016 19:5:22] /a 5
[1/5/2016 19:5:23] /a 5
[1/5/2016 19:5:24] /a 5
[1/5/2016 19:5:24] /a 5
[1/5/2016 19:5:24] /a 5
[1/5/2016 19:5:24] /a 5
[1/5/2016 19:9:23] /a 5
[1/5/2016 19:9:23] /a 5
[1/5/2016 19:9:23] /a 5
[1/5/2016 19:9:24] /t
[1/5/2016 19:9:25] /a 5
[1/5/2016 19:9:26] /a 5
[1/5/2016 19:19:53] /a 5
[1/5/2016 19:19:53] /a 5
[1/5/2016 19:19:53] /a 5
[1/5/2016 19:19:54] /a 5
[1/5/2016 19:19:54] /a 5
[1/5/2016 19:19:54] /a 5
[1/5/2016 19:19:54] /a 5
[1/5/2016 19:20:27] /a 5
[1/5/2016 19:20:28] /a 5
[1/5/2016 19:20:28] /a 5
[1/5/2016 19:20:29] /a 5
[1/5/2016 19:20:29] /a 5
[1/5/2016 19:20:29] /a 5
[1/5/2016 19:20:29] /a 5
[1/5/2016 19:20:31] /a 5
[1/5/2016 19:20:32] /a 5
[1/5/2016 19:20:32] /a 5
[1/5/2016 19:20:32] /a 5
[1/5/2016 19:20:32] /a 5
[1/5/2016 19:20:32] /a 5
[1/5/2016 19:20:34] /a 5
[1/5/2016 19:20:34] /a 5
[1/5/2016 19:20:35] /a 5
[1/5/2016 19:20:35] /a 5
[1/5/2016 19:20:35] /a 5
[1/5/2016 19:20:35] /a 5
[1/5/2016 19:20:36] /a 5
[1/5/2016 19:20:37] /a 5
[1/5/2016 19:20:37] /a 5
[1/5/2016 19:20:37] /a 5
[1/5/2016 19:20:37] /a 5
[1/5/2016 19:20:37] /a 5
[1/5/2016 19:20:38] /a 5
[1/5/2016 19:20:38] /a 5
[1/5/2016 19:20:38] /a 5
[1/5/2016 19:20:38] /a 5
[1/5/2016 19:20:38] /a 5
[1/5/2016 19:20:38] /a 5
[1/5/2016 19:20:39] /a 5
[1/5/2016 19:20:39] /a 5
[1/5/2016 19:20:41] /a 5
[1/5/2016 19:20:41] /a 5
[1/5/2016 19:20:42] /a 5
[1/5/2016 19:20:47] /a 5
[1/5/2016 19:20:48] /a 5
[1/5/2016 19:20:48] /a 5
[1/5/2016 19:20:48] /a 5
[1/5/2016 19:20:48] /a 5
[1/5/2016 19:20:48] /a 5
[1/5/2016 19:20:49] /a 5
[1/5/2016 19:20:49] /a 5
[1/5/2016 19:20:51] /a 5
[1/5/2016 19:20:51] /a 5
[1/5/2016 19:20:52] /a 5
[1/5/2016 19:20:52] /a 5
[1/5/2016 19:20:52] /a 5
[1/5/2016 19:20:52] /a 5
[1/5/2016 19:20:52] /a 5
[1/5/2016 19:20:53] /a 5
[1/5/2016 19:20:53] /a 5
[1/5/2016 19:20:54] /a 5
[1/5/2016 19:20:55] /a 5
[1/5/2016 19:20:55] /a 5
[1/5/2016 19:20:55] /a 5
[1/5/2016 19:20:56] /a 5
[1/5/2016 19:20:56] /a 5
[1/5/2016 19:20:59] /a 5
[1/5/2016 19:21:3] /a 5
[1/5/2016 19:21:4] /a 5
[1/5/2016 19:21:6] /a 5
[1/5/2016 19:21:6] /a 5
[1/5/2016 19:21:6] /a 5
[1/5/2016 19:21:7] /a 5
[1/5/2016 19:21:8] /a 5
[1/5/2016 19:21:8] /a 5
[1/5/2016 19:21:8] /a 5
[1/5/2016 19:21:8] /a 5
[1/5/2016 19:21:9] /a 5
[1/5/2016 19:21:9] /a 5
[1/5/2016 19:21:9] /a 5
[1/5/2016 19:21:9] /a 5
[1/5/2016 19:21:9] /a 5
[1/5/2016 19:21:10] /a 5
[1/5/2016 19:22:56] /a 5
[1/5/2016 20:5:33] /a 5
[1/5/2016 20:7:24] /bc white
[1/5/2016 20:7:51] /bc white .
[1/5/2016 20:7:59] /bc white   oii
[1/5/2016 20:9:5] /ghost
[1/5/2016 20:9:8] /a 5
[1/5/2016 20:9:8] /a 5
[1/5/2016 20:9:8] /a 5
[1/5/2016 20:9:9] /a 5
[1/5/2016 20:9:12] /a 5
[1/5/2016 20:9:13] /a 5
[1/5/2016 20:9:14] /a 5
[1/5/2016 20:9:14] /a 5
[1/5/2016 20:9:15] /a 5
[1/5/2016 20:9:16] /a 5
[1/5/2016 20:9:16] /a 5
[1/5/2016 20:9:16] /a 5
[1/5/2016 20:9:17] /a 5
[1/5/2016 20:9:18] /a 5
[1/5/2016 20:9:18] /a 5
[1/5/2016 20:9:21] /a 5
[1/5/2016 20:9:21] /a 5
[1/5/2016 20:9:22] /a 5
[1/5/2016 20:9:23] /a 5
[1/5/2016 20:9:23] /a 5
[1/5/2016 20:9:24] /a 5
[1/5/2016 20:9:24] /a 5
[1/5/2016 20:9:25] /a 5
[1/5/2016 20:9:26] /a 5
[1/5/2016 20:9:27] /a 5
[1/5/2016 20:9:29] /a 5
[1/5/2016 20:9:30] /a 5
[1/5/2016 20:9:31] /a 5
[1/5/2016 20:10:10] /a 5
[1/5/2016 20:10:15] /m rikkudo
[1/5/2016 20:11:1] /a 5
[1/5/2016 20:11:1] /a 5
[1/5/2016 20:11:1] /a 5
[1/5/2016 20:11:1] /a 5
[1/5/2016 20:11:2] /a 5
[1/5/2016 20:11:2] /a 5
[1/5/2016 20:11:2] /a 5
[1/5/2016 20:11:3] /a 5
[1/5/2016 20:11:3] /a 5
[1/5/2016 20:11:4] /a 5
[1/5/2016 20:11:4] /a 5
[1/5/2016 20:11:5] /a 5
[1/5/2016 20:11:6] /a 5
[1/5/2016 20:11:7] /a 5
[1/5/2016 20:11:7] /a 5
[1/5/2016 20:11:7] /a 5
[1/5/2016 20:11:8] /a 5
[1/5/2016 20:11:22] /r
[1/5/2016 20:11:32] /a 5
[1/5/2016 20:11:32] /a 5
[1/5/2016 20:11:32] /a 5
[1/5/2016 20:11:32] /a 5
[1/5/2016 20:11:33] /a 5
[1/5/2016 20:11:33] /a 5
[1/5/2016 20:11:33] /a 5
[1/5/2016 20:11:35] /a 5
[1/5/2016 20:11:36] /a 5
[1/5/2016 20:11:36] /a 5
[1/5/2016 20:11:36] /a 5
[1/5/2016 20:11:36] /a 5
[1/5/2016 20:11:36] /a 5
[1/5/2016 20:11:37] /a 5
[1/5/2016 20:11:37] /a 5
[1/5/2016 20:11:37] /a 5
[1/5/2016 20:11:38] /a 5
[1/5/2016 20:11:39] /a 5
[1/5/2016 20:11:39] /a 5
[1/5/2016 20:11:41] /a 5
[1/5/2016 20:11:42] /a 5
[1/5/2016 20:11:43] /a 5
[1/5/2016 20:11:43] /a 5
[1/5/2016 20:11:43] /a 5
[1/5/2016 20:11:48] /a 5
[1/5/2016 20:11:52] /m rikkudo
[1/5/2016 20:11:59] /r
[1/5/2016 20:12:5] /goto rikkudo
[1/5/2016 20:12:8] /t
[1/5/2016 20:12:9] /a 5
[1/5/2016 20:12:9] /a 5
[1/5/2016 20:12:10] /a 5
[1/5/2016 20:12:10] /a 5
[1/5/2016 20:12:11] /a 5
[1/5/2016 20:12:12] /a 5
[1/5/2016 20:12:13] /a 5
[1/5/2016 20:12:13] /a 5
[1/5/2016 20:12:13] /a 5
[1/5/2016 20:12:13] /a 5
[1/5/2016 20:12:14] /a 5
[1/5/2016 20:12:15] /a 5
[1/5/2016 20:12:16] /a 5
[1/5/2016 20:12:17] /a 5
[1/5/2016 20:12:17] /a 5
[1/5/2016 20:12:18] /a 5
[1/5/2016 20:12:18] /a 5
[1/5/2016 20:12:18] /a 5
[1/5/2016 20:12:19] /a 5
[1/5/2016 20:12:21] /goto kyuubi
[1/5/2016 20:12:35] /t
[1/5/2016 20:12:36] /a 5
[1/5/2016 20:12:37] /a 5
[1/5/2016 20:12:37] /a 5
[1/5/2016 20:12:37] /a 5
[1/5/2016 20:12:38] /a 5
[1/5/2016 20:12:38] /a 5
[1/5/2016 20:12:38] /a 5
[1/5/2016 20:12:38] /a 5
[1/5/2016 20:12:38] /a 5
[1/5/2016 20:12:39] /a 5
[1/5/2016 20:12:39] /a 5
[1/5/2016 20:12:40] /a 5
[1/5/2016 20:12:41] /a 5
[1/5/2016 20:12:41] /a 5
[1/5/2016 20:12:42] /a 5
[1/5/2016 20:12:47] /a 5
[1/5/2016 20:12:47] /a 5
[1/5/2016 20:12:47] /a 5
[1/5/2016 20:12:50] /a 5
[1/5/2016 20:12:50] /a 5
[1/5/2016 20:12:50] /a 5
[1/5/2016 20:12:51] /a 5
[1/5/2016 20:12:51] /a 5
[1/5/2016 20:12:51] /a 5
[1/5/2016 20:12:51] /a 5
[1/5/2016 20:12:51] /a 5
[1/5/2016 20:12:51] /a 5
[1/5/2016 20:12:52] /a 5
[1/5/2016 20:12:53] /a 5
[1/5/2016 20:12:53] /a 5
[1/5/2016 20:12:53] /a 5
[1/5/2016 20:13:2] /goto araton
[1/5/2016 20:13:8] /goto rikkudo
[1/5/2016 20:13:13] /goto shukaku
[1/5/2016 20:13:20] /goto matatabi
[1/5/2016 20:13:28] /t
[1/5/2016 20:14:21] /a 5
[1/5/2016 20:14:25] /a 5
[1/5/2016 20:14:26] /a 5
[1/5/2016 20:14:26] /a 5
[1/5/2016 20:14:27] /a 5
[1/5/2016 20:14:27] /a 5
[1/5/2016 20:14:27] /a 5
[1/5/2016 20:14:27] /a 5
[1/5/2016 20:14:28] /a 5
[1/5/2016 20:14:29] /a 5
[1/5/2016 20:14:29] /a 5
[1/5/2016 20:14:29] /a 5
[1/5/2016 20:14:29] /a 5
[1/5/2016 20:14:30] /a 5
[1/5/2016 20:14:31] /a 5
[1/5/2016 20:14:32] /a 5
[1/5/2016 20:14:32] /a 5
[1/5/2016 20:14:32] /a 5
[1/5/2016 20:14:33] /a 5
[1/5/2016 20:14:33] /a 5
[1/5/2016 20:14:33] /a 5
[1/5/2016 20:14:34] /a 5
[1/5/2016 20:14:35] /a 5
[1/5/2016 20:14:35] /a 5
[1/5/2016 20:14:35] /a 5
[1/5/2016 20:14:37] /a 5
[1/5/2016 20:14:38] /a 5
[1/5/2016 20:14:40] /a 5
[1/5/2016 20:14:40] /a 5
[1/5/2016 20:14:41] /a 5
[1/5/2016 20:14:41] /a 5
[1/5/2016 20:14:42] /a 5
[1/5/2016 20:14:43] /a 5
[1/5/2016 20:14:43] /a 5
[1/5/2016 20:14:43] /a 5
[1/5/2016 20:14:43] /a 5
[1/5/2016 20:14:43] /a 5
[1/5/2016 20:14:44] /a 5
[1/5/2016 20:15:18] /a 5
[1/5/2016 20:15:19] /a 5
[1/5/2016 20:15:19] /a 5
[1/5/2016 20:15:19] /a 5
[1/5/2016 20:15:20] /a 5
[1/5/2016 20:15:25] /a 5
[1/5/2016 20:15:25] /a 5
[1/5/2016 20:15:25] /a 5
[1/5/2016 20:15:26] /a 5
[1/5/2016 20:15:26] /a 5
[1/5/2016 20:15:26] /a 5
[1/5/2016 20:15:26] /a 5
[1/5/2016 20:15:30] /t
[1/5/2016 20:15:31] /a 5
[1/5/2016 20:15:32] /a 5
[1/5/2016 20:15:33] /a 5
[1/5/2016 20:15:33] /a 5
[1/5/2016 20:15:33] /a 5
[1/5/2016 20:15:33] /a 5
[1/5/2016 20:15:33] /a 5
[1/5/2016 20:15:33] /a 5
[1/5/2016 20:15:34] /a 5
[1/5/2016 20:15:34] /a 5
[1/5/2016 20:15:34] /a 5
[1/5/2016 20:15:34] /a 5
[1/5/2016 20:15:35] /a 5
[1/5/2016 20:15:35] /a 5
[1/5/2016 20:15:36] /a 5
[1/5/2016 20:15:37] /a 5
[1/5/2016 20:15:37] /a 5
[1/5/2016 20:15:38] /a 5
[1/5/2016 20:15:44] /m ninja de ouro
[1/5/2016 20:15:53] /m ninja de ouro
[1/5/2016 20:15:59] /a 5
[2/5/2016 9:22:29] /a 5
[2/5/2016 9:33:13] /a 5
[2/5/2016 9:33:14] /a 5
[2/5/2016 9:33:14] /a 5
[2/5/2016 9:33:14] /a 5
[2/5/2016 9:33:14] /a 5
[2/5/2016 9:33:15] /a 5
[2/5/2016 9:33:15] /a 5
[2/5/2016 9:33:17] /a 5
[2/5/2016 9:33:19] /a 5
[2/5/2016 9:33:19] /a 5
[2/5/2016 9:33:19] /a 5
[2/5/2016 9:33:20] /a 5
[2/5/2016 9:33:21] /a 5
[2/5/2016 9:33:22] /a 5
[2/5/2016 9:33:23] /a 5
[2/5/2016 9:33:24] /a 5
[2/5/2016 9:33:25] /a 5
[2/5/2016 9:33:26] /a 5
[2/5/2016 9:33:28] /a 5
[2/5/2016 9:33:30] /a 5
[2/5/2016 9:33:33] /a 5
[2/5/2016 9:33:34] /a 5
[2/5/2016 9:33:35] /a 5
[2/5/2016 9:33:36] /a 5
[2/5/2016 9:33:37] /a 5
[2/5/2016 9:33:38] /a 5
[2/5/2016 9:33:38] /a 5
[2/5/2016 9:33:38] /a 5
[2/5/2016 9:33:49] /a 5
[2/5/2016 9:33:50] /a 5
[2/5/2016 9:33:50] /a 5
[2/5/2016 9:33:50] /a 5
[2/5/2016 9:33:51] /a 5
[2/5/2016 9:33:52] /a 5
[2/5/2016 9:33:52] /a 5
[2/5/2016 9:33:53] /a 5
[2/5/2016 9:33:53] /a 5
[2/5/2016 9:33:54] /a 5
[2/5/2016 9:33:54] /a 5
[2/5/2016 9:33:55] /a 5
[2/5/2016 9:33:55] /a 5
[2/5/2016 9:33:56] /a 5
[2/5/2016 9:33:58] /a 5
[2/5/2016 9:33:59] /a 5
[2/5/2016 9:33:59] /a 5
[2/5/2016 9:34:0] /a 5
[2/5/2016 9:34:1] /a 5
[2/5/2016 9:34:1] /a 5
[2/5/2016 9:34:3] /a 5
[2/5/2016 9:34:3] /a 5
[2/5/2016 9:34:5] /a 5
[2/5/2016 9:34:5] /a 5
[2/5/2016 9:34:6] /a 5
[2/5/2016 9:34:7] /a 5
[2/5/2016 9:34:9] /a 5
[2/5/2016 9:34:10] /a 5
[2/5/2016 9:34:11] /a 5
[2/5/2016 9:48:57] /a 5
[2/5/2016 9:48:57] /a 5
[2/5/2016 9:48:57] /a 5
[2/5/2016 9:48:57] /a 5
[2/5/2016 9:48:58] /a 5
[2/5/2016 9:48:58] /a 5
[2/5/2016 9:48:58] /a 5
[2/5/2016 9:48:59] /a 5
[2/5/2016 9:49:2] /ghost
[2/5/2016 9:49:3] /a 5
[2/5/2016 9:49:3] /a 5
[2/5/2016 9:49:5] /a 5
[2/5/2016 9:49:6] /a 5
[2/5/2016 9:49:8] /a 5
[2/5/2016 9:49:9] /a 5
[2/5/2016 9:49:10] /a 5
[2/5/2016 9:49:11] /a 5
[2/5/2016 9:49:14] /a 3
[2/5/2016 10:9:31] /a 5
[2/5/2016 10:9:31] /a 5
[2/5/2016 10:9:31] /a 5
[2/5/2016 10:9:32] /a 5
[2/5/2016 10:9:32] /a 5
[2/5/2016 10:9:32] /a 5
[2/5/2016 10:9:32] /a 5
[2/5/2016 10:9:33] /a 5
[2/5/2016 10:9:34] /a 5
[2/5/2016 10:9:34] /a 5
[2/5/2016 10:9:34] /a 5
[2/5/2016 10:9:35] /a 5
[2/5/2016 10:9:35] /a 5
[2/5/2016 10:9:35] /a 5
[2/5/2016 10:9:35] /a 5
[2/5/2016 10:9:36] /a 5
[2/5/2016 10:9:36] /a 5
[2/5/2016 10:9:36] /a 5
[2/5/2016 10:9:36] /a 5
[2/5/2016 10:9:42] /a 5
[2/5/2016 10:9:43] /a 5
[2/5/2016 10:9:43] /a 5
[2/5/2016 10:9:43] /a 5
[2/5/2016 10:9:43] /a 5
[2/5/2016 10:9:43] /a 5
[2/5/2016 10:9:44] /a 5
[2/5/2016 10:9:44] /a 5
[2/5/2016 10:9:44] /a 5
[2/5/2016 10:9:45] /a 5
[2/5/2016 10:9:45] /a 5
[2/5/2016 10:9:46] /a 5
[2/5/2016 10:9:46] /a 5
[2/5/2016 10:9:46] /a 5
[2/5/2016 10:9:46] /a 5
[2/5/2016 10:9:47] /a 5
[2/5/2016 10:9:47] /a 5
[2/5/2016 10:9:47] /a 5
[2/5/2016 10:9:47] /a 5
[2/5/2016 10:9:47] /a 5
[2/5/2016 10:9:49] /a 5
[2/5/2016 10:9:49] /a 5
[2/5/2016 10:9:49] /a 5
[2/5/2016 10:9:49] /a 5
[2/5/2016 10:9:52] /a 5
[2/5/2016 10:9:53] /a 5
[2/5/2016 10:9:54] /a 5
[2/5/2016 10:9:55] /a 5
[2/5/2016 10:9:55] /a 5
[2/5/2016 10:9:57] /a 5
[2/5/2016 10:9:58] /a 5
[2/5/2016 10:9:58] /a 5
[2/5/2016 10:9:59] /a 5
[2/5/2016 10:9:59] /a 5
[2/5/2016 10:10:0] /a 5
[2/5/2016 10:10:0] /a 5
[2/5/2016 10:10:1] /a 5
[2/5/2016 10:10:2] /a 5
[2/5/2016 10:10:2] /a 5
[2/5/2016 10:10:2] /a 5
[2/5/2016 10:10:3] /a 5
[2/5/2016 10:10:3] /a 5
[2/5/2016 10:10:5] /a 5
[2/5/2016 10:10:7] /a 5
[2/5/2016 10:10:7] /a 5
[2/5/2016 10:10:7] /a 5
[2/5/2016 11:5:32] /a 5
[2/5/2016 11:5:33] /a 5
[2/5/2016 11:5:50] /m trainer
[2/5/2016 11:6:37] /a 5
[2/5/2016 11:6:37] /a 5
[2/5/2016 11:6:38] /a 5
[2/5/2016 11:6:39] /a 5
[2/5/2016 11:6:39] /a 5
[2/5/2016 11:6:39] /a 5
[2/5/2016 11:8:49] /a 5
[2/5/2016 11:8:50] /a 5
[2/5/2016 11:8:50] /a 5
[2/5/2016 11:8:51] /a 5
[2/5/2016 11:8:57] /a 5
[2/5/2016 11:8:57] /a 5
[2/5/2016 11:8:58] /a 5
[2/5/2016 11:8:59] /a 5
[2/5/2016 11:9:0] /a 5
[2/5/2016 11:9:59] /a 5
[2/5/2016 11:10:0] /a 5
[2/5/2016 11:10:0] /a 5
[2/5/2016 11:10:2] /a 5
[2/5/2016 11:10:10] /a 5
[2/5/2016 11:10:11] /a 5
[2/5/2016 11:10:12] /a 5
[2/5/2016 11:10:13] /a 5
[2/5/2016 11:10:14] /a 5
[2/5/2016 11:10:14] /a 5
[2/5/2016 11:10:15] /a 5
[2/5/2016 11:10:17] /a 5
[2/5/2016 11:10:17] /a 5
[2/5/2016 11:10:17] /a 5
[2/5/2016 11:10:21] /m rikkudo
[2/5/2016 11:10:24] /r
[2/5/2016 11:10:25] /a 5
[2/5/2016 11:10:25] /a 5
[2/5/2016 11:10:26] /a 5
[2/5/2016 11:10:26] /a 5
[2/5/2016 11:10:29] /c
[2/5/2016 11:10:32] /c tyron
[2/5/2016 19:36:44] /a 5
[2/5/2016 19:36:44] /a 5
[2/5/2016 19:36:45] /a 5
[2/5/2016 19:36:45] /a 5
[2/5/2016 19:36:46] /a 5
[2/5/2016 19:36:46] /a 5
[2/5/2016 19:36:47] /a 5
[2/5/2016 19:36:47] /a 5
[2/5/2016 19:36:47] /a 5
[3/5/2016 9:50:6] /a 5
[3/5/2016 9:50:7] /a 5
[3/5/2016 9:50:8] /a 5
[3/5/2016 9:50:9] /a 5
[3/5/2016 10:8:49] /a 5
[3/5/2016 10:8:50] /a 5
[3/5/2016 10:8:58] /kick Ashura
[3/5/2016 10:8:59] /kick Ashura
[3/5/2016 10:9:0] /kick Ashura
[3/5/2016 10:9:3] /kick
[3/5/2016 10:9:3] /a 5
[3/5/2016 10:9:5] /a 5
[3/5/2016 10:9:7] /m
[3/5/2016 10:9:10] /t
[3/5/2016 10:9:11] /a 5
[3/5/2016 10:9:11] /a 5
[3/5/2016 10:9:11] /a 5
[3/5/2016 10:9:19] /a
[3/5/2016 10:9:22] /b
[3/5/2016 10:9:26] /m
[3/5/2016 10:9:27] /a 5
[3/5/2016 10:9:27] /a 5
[3/5/2016 10:9:28] /a 5
[3/5/2016 10:9:31] /m ashura
[3/5/2016 10:9:32] /a 5
[3/5/2016 10:9:33] /a 5
[3/5/2016 10:9:33] /a 5
[3/5/2016 10:9:33] /a 5
[3/5/2016 10:9:34] /a 5
[3/5/2016 10:9:35] /a 5
[3/5/2016 10:9:35] /a 5
[3/5/2016 10:9:35] /a 5
[3/5/2016 10:9:35] /a 5
[3/5/2016 10:9:35] /a 5
[3/5/2016 10:9:36] /a 5
[3/5/2016 10:9:37] /a 5
[3/5/2016 10:9:37] /a 5
[3/5/2016 10:9:37] /a 5
[3/5/2016 10:9:37] /a 5
[3/5/2016 10:9:38] /a 5
[3/5/2016 10:9:38] /a 5
[3/5/2016 10:9:39] /a 5
[3/5/2016 10:9:39] /a 5
[3/5/2016 10:9:40] /a 5
[3/5/2016 10:9:40] /a 5
[3/5/2016 10:9:41] /a 5
[3/5/2016 10:9:41] /a 5
[3/5/2016 10:9:41] /a 5
[3/5/2016 10:9:41] /a 5
[3/5/2016 10:9:41] /a 5
[3/5/2016 10:9:42] /a 5
[3/5/2016 10:9:42] /a 5
[3/5/2016 10:9:48] /m pequeno uchihha
[3/5/2016 10:9:53] /m pequeno uchiha
[3/5/2016 10:10:1] /m ninja de ouro
[3/5/2016 10:14:45] /a 5
[3/5/2016 10:14:46] /a 5
[3/5/2016 10:14:55] /m mongo
[3/5/2016 10:15:8] /m kakuzu
[3/5/2016 10:15:11] /m kisame
[3/5/2016 10:15:14] /m zabuza
[3/5/2016 10:15:19] /m red naruto boss
[3/5/2016 10:15:31] /newtype 3,red naruto boss
[3/5/2016 10:17:54] /newtype 1145
[3/5/2016 10:29:1] /a 5
[3/5/2016 10:29:2] /a 5
[3/5/2016 10:29:2] /a 5
[3/5/2016 10:29:3] /a 5
[3/5/2016 10:29:3] /a 5
[3/5/2016 10:29:4] /a 5
[3/5/2016 10:29:6] /a 5
[3/5/2016 10:29:7] /a 5
[3/5/2016 10:29:7] /a 5
[3/5/2016 10:29:8] /a 5
[3/5/2016 10:29:9] /a 5
[3/5/2016 10:29:9] /a 5
[3/5/2016 10:29:9] /a 5
[3/5/2016 10:29:10] /a 5
[3/5/2016 10:29:12] /a 5
[3/5/2016 10:29:12] /a 5
[3/5/2016 10:29:13] /a 5
[3/5/2016 10:29:14] /a 5
[3/5/2016 10:29:16] /a 5
[3/5/2016 10:29:16] /a 5
[3/5/2016 10:29:17] /a 5
[3/5/2016 10:29:18] /a 5
[3/5/2016 10:29:18] /a 5
[3/5/2016 10:29:18] /a 5
[3/5/2016 10:29:19] /a 5
[3/5/2016 10:29:19] /a 5
[3/5/2016 10:29:19] /a 5
[3/5/2016 10:29:19] /a 5
[3/5/2016 10:29:19] /a 5
[3/5/2016 10:29:19] /a 5
[3/5/2016 10:29:19] /a 5
[3/5/2016 10:29:20] /a 5
[3/5/2016 10:29:20] /a 5
[3/5/2016 10:29:20] /a 5
[3/5/2016 10:29:20] /a 5
[3/5/2016 10:29:21] /a 5
[3/5/2016 10:29:22] /a 5
[3/5/2016 10:29:22] /a 5
[3/5/2016 10:29:22] /a 5
[3/5/2016 10:29:22] /a 5
[3/5/2016 10:29:22] /a 5
[3/5/2016 10:29:23] /a 5
[3/5/2016 10:29:23] /a 5
[3/5/2016 10:29:23] /a 5
[3/5/2016 10:29:23] /a 5
[3/5/2016 10:29:24] /a 5
[3/5/2016 10:29:24] /a 5
[3/5/2016 10:29:25] /a 5
[3/5/2016 10:29:25] /a 5
[3/5/2016 10:29:26] /a 5
[3/5/2016 10:29:27] /a 5
[3/5/2016 10:29:29] /a 5
[3/5/2016 10:30:44] /t
[3/5/2016 10:30:45] /a 5
[3/5/2016 10:30:45] /a 5
[3/5/2016 10:30:46] /a 5
[3/5/2016 10:30:46] /a 5
[3/5/2016 10:30:46] /a 5
[3/5/2016 10:30:46] /a 5
[3/5/2016 10:30:48] /a 5
[3/5/2016 10:30:49] /a 5
[3/5/2016 10:30:49] /a 5
[3/5/2016 10:30:50] /a 5
[3/5/2016 10:30:50] /a 5
[3/5/2016 10:30:50] /a 5
[3/5/2016 10:30:51] /a 5
[3/5/2016 10:30:51] /a 5
[3/5/2016 10:30:52] /a 5
[3/5/2016 10:30:52] /a 5
[3/5/2016 10:30:53] /a 5
[3/5/2016 10:30:54] /a 5
[3/5/2016 10:30:55] /a 5
[3/5/2016 10:30:57] /a 5
[3/5/2016 10:30:58] /a 5
[3/5/2016 10:30:59] /a 5
[3/5/2016 10:30:59] /a 5
[3/5/2016 10:31:0] /a 5
[3/5/2016 10:31:0] /a 5
[3/5/2016 10:31:1] /a 5
[3/5/2016 10:31:2] /a 5
[3/5/2016 10:31:2] /a 5
[3/5/2016 10:31:3] /a 5
[3/5/2016 10:31:5] /a 5
[3/5/2016 10:31:6] /a 5
[3/5/2016 10:31:7] /a 5
[3/5/2016 10:31:8] /a 5
[3/5/2016 10:31:8] /a 5
[3/5/2016 10:31:10] /a 5
[3/5/2016 10:31:17] /a 5
[3/5/2016 10:31:19] /a 5
[3/5/2016 10:31:19] /a 5
[3/5/2016 10:31:19] /a 5
[3/5/2016 10:31:19] /a 5
[3/5/2016 10:31:19] /a 5
[3/5/2016 10:31:20] /a 5
[3/5/2016 10:31:21] /a 5
[3/5/2016 10:31:21] /a 5
[3/5/2016 10:31:22] /a 5
[3/5/2016 10:31:22] /a 5
[3/5/2016 10:31:22] /a 5
[3/5/2016 10:31:23] /a 5
[3/5/2016 10:31:26] /a 5
[3/5/2016 10:31:26] /a 5
[3/5/2016 10:31:26] /a 5
[3/5/2016 10:31:28] /a 5
[3/5/2016 10:31:48] /a 5
[3/5/2016 10:31:48] /a 5
[3/5/2016 10:31:48] /a 5
[3/5/2016 10:31:51] /a 5
[3/5/2016 10:31:51] /a 5
[3/5/2016 10:31:52] /a 5
[3/5/2016 10:31:53] /a 5
[3/5/2016 10:31:53] /a 5
[3/5/2016 10:31:54] /a 5
[3/5/2016 10:31:55] /a 5
[3/5/2016 10:31:57] /a 5
[3/5/2016 10:31:58] /a 5
[3/5/2016 10:32:5] /a 5
[3/5/2016 10:32:6] /a 5
[3/5/2016 10:32:6] /a 5
[3/5/2016 10:32:7] /a 5
[3/5/2016 10:32:7] /a 5
[3/5/2016 10:32:10] /a 5
[3/5/2016 10:32:10] /a 5
[3/5/2016 10:32:11] /a 5
[3/5/2016 10:32:12] /a 5
[3/5/2016 10:32:13] /a 5
[3/5/2016 10:32:14] /a 5
[3/5/2016 10:32:16] /a 5
[3/5/2016 10:32:17] /a 5
[3/5/2016 10:32:17] /a 5
[3/5/2016 10:32:17] /a 5
[3/5/2016 10:32:17] /a 5
[3/5/2016 10:32:19] /a 5
[3/5/2016 10:32:20] /a 5
[3/5/2016 10:32:24] /t
[3/5/2016 10:56:24] /a 5
[3/5/2016 10:56:24] /a 5
[3/5/2016 10:56:24] /a 5
[3/5/2016 10:56:24] /a 5
[3/5/2016 10:56:25] /a 5
[3/5/2016 10:56:25] /a 5
[3/5/2016 10:56:25] /a 5
[3/5/2016 10:56:25] /a 5
[3/5/2016 10:56:26] /a 5
[3/5/2016 10:56:26] /a 5
[3/5/2016 10:56:26] /a 5
[3/5/2016 10:56:27] /a 5
[3/5/2016 10:56:27] /a 5
[3/5/2016 10:56:28] /a 5
[3/5/2016 10:56:28] /a 5
[3/5/2016 10:56:29] /a 5
[3/5/2016 10:56:30] /a 5
[3/5/2016 10:56:31] /a 5
[3/5/2016 10:56:31] /a 5
[3/5/2016 10:56:32] /a 5
[3/5/2016 10:56:32] /a 5
[3/5/2016 10:56:33] /a 5
[3/5/2016 10:56:34] /a 5
[3/5/2016 10:56:35] /a 5
[3/5/2016 11:16:58] /down
[3/5/2016 11:17:4] /a 5
[3/5/2016 11:17:4] /a 5
[3/5/2016 11:17:4] /a 5
[3/5/2016 14:35:1] /goto informante anbu
[3/5/2016 14:35:14] /a 5
[3/5/2016 14:35:15] /a 5
[3/5/2016 14:35:16] /a 5
[3/5/2016 14:35:16] /a 5
[3/5/2016 14:35:16] /a 5
[3/5/2016 14:35:16] /a 5
[3/5/2016 14:35:17] /a 5
[3/5/2016 14:35:17] /a 5
[3/5/2016 14:35:18] /a 5
[3/5/2016 14:35:18] /a 5
[3/5/2016 14:35:18] /a 5
[3/5/2016 14:35:19] /a 5
[3/5/2016 14:35:20] /a 5
[3/5/2016 14:35:20] /a 5
[3/5/2016 14:35:20] /a 5
[3/5/2016 14:35:20] /a 5
[3/5/2016 14:35:21] /a 5
[3/5/2016 14:35:22] /a 5
[3/5/2016 14:35:22] /a 5
[3/5/2016 14:35:23] /a 5
[3/5/2016 14:35:23] /a 5
[3/5/2016 14:35:24] /a 5
[3/5/2016 14:35:28] /m rikkudo
[3/5/2016 14:35:34] /a
[3/5/2016 14:35:37] /r
[3/5/2016 14:35:53] /t
[3/5/2016 14:35:55] /a 5
[3/5/2016 14:35:55] /a 5
[3/5/2016 14:35:55] /a 5
[3/5/2016 14:35:56] /a 5
[3/5/2016 14:35:56] /a 5
[3/5/2016 14:35:56] /a 5
[3/5/2016 14:35:56] /a 5
[3/5/2016 14:35:56] /a 5
[3/5/2016 14:35:57] /a 5
[3/5/2016 14:35:57] /a 5
[3/5/2016 14:35:58] /a 5
[3/5/2016 14:35:58] /a 5
[3/5/2016 14:35:58] /a 5
[3/5/2016 14:35:58] /a 5
[3/5/2016 14:35:59] /a 5
[3/5/2016 14:35:59] /a 5
[3/5/2016 14:36:0] /a 5
[3/5/2016 14:36:0] /a 5
[3/5/2016 14:36:0] /a 5
[3/5/2016 14:36:0] /a 5
[3/5/2016 14:36:1] /a 5
[3/5/2016 14:36:1] /a 5
[3/5/2016 14:36:1] /a 5
[3/5/2016 14:36:2] /a 5
[3/5/2016 14:36:3] /a 5
[3/5/2016 14:36:9] /a 5
[3/5/2016 14:36:10] /a 5
[3/5/2016 14:36:20] /t
[3/5/2016 14:36:20] /a 5
[3/5/2016 14:36:21] /a 5
[3/5/2016 14:36:21] /a 5
[3/5/2016 14:36:21] /a 5
[3/5/2016 14:36:21] /a 5
[3/5/2016 14:36:22] /a 5
[3/5/2016 14:36:22] /a 5
[3/5/2016 14:36:22] /a 5
[3/5/2016 14:36:23] /a 5
[3/5/2016 14:36:23] /a 5
[3/5/2016 14:36:23] /a 5
[3/5/2016 14:36:24] /a 5
[3/5/2016 14:36:24] /a 5
[3/5/2016 14:36:24] /a 5
[3/5/2016 14:36:25] /a 5
[3/5/2016 14:36:25] /a 5
[3/5/2016 14:36:25] /a 5
[3/5/2016 14:36:26] /a 5
[3/5/2016 14:36:26] /a 5
[3/5/2016 14:36:27] /a 5
[3/5/2016 14:36:29] /a 5
[3/5/2016 14:36:29] /a 5
[3/5/2016 14:36:29] /a 5
[3/5/2016 14:36:29] /a 5
[3/5/2016 14:36:30] /a 5
[3/5/2016 14:36:30] /a 5
[3/5/2016 14:36:30] /a 5
[3/5/2016 14:36:31] /a 5
[3/5/2016 14:36:31] /a 5
[3/5/2016 14:36:32] /a 5
[3/5/2016 14:36:32] /a 5
[3/5/2016 14:36:32] /a 5
[3/5/2016 14:36:33] /a 5
[3/5/2016 14:36:34] /a 5
[3/5/2016 14:36:34] /a 5
[3/5/2016 14:36:34] /a 5
[3/5/2016 14:36:34] /a 5
[3/5/2016 14:36:34] /a 5
[3/5/2016 14:36:35] /a 5
[3/5/2016 14:36:35] /a 5
[3/5/2016 14:36:36] /a 5
[3/5/2016 14:36:36] /a 5
[3/5/2016 14:36:36] /a 5
[3/5/2016 14:36:37] /a 5
[3/5/2016 14:36:37] /a 5
[3/5/2016 14:36:38] /a 5
[3/5/2016 14:36:38] /a 5
[3/5/2016 14:36:38] /a 5
[3/5/2016 14:36:39] /a 5
[3/5/2016 14:36:39] /a 5
[3/5/2016 14:36:39] /a 5
[3/5/2016 14:39:31] /a 5
[3/5/2016 14:39:34] /a 5
[3/5/2016 14:39:35] /a 5
[3/5/2016 14:39:36] /a 5
[3/5/2016 14:39:36] /a 5
[3/5/2016 14:39:37] /a 5
[3/5/2016 14:39:39] /a 5
[3/5/2016 14:39:40] /a 5
[3/5/2016 14:39:41] /a 5
[3/5/2016 14:39:42] /a 5
[3/5/2016 14:39:43] /a 5
[3/5/2016 14:39:44] /a 5
[3/5/2016 14:39:45] /a 5
[3/5/2016 14:39:47] /a 5
[3/5/2016 14:39:49] /a 5
[3/5/2016 14:41:46] /bc white   ..
[3/5/2016 14:41:54] /bc white   .. roberto viado
[3/5/2016 14:46:6] /a 5
[3/5/2016 14:46:6] /a 5
[3/5/2016 14:46:6] /a 5
[3/5/2016 14:46:6] /a 5
[3/5/2016 14:46:8] /a 5
[3/5/2016 14:46:9] /a 5
[3/5/2016 15:1:34] /a 5
[3/5/2016 15:1:34] /a 5
[3/5/2016 15:1:34] /a 5
[3/5/2016 15:1:37] /a 5
[3/5/2016 15:1:38] /a 5
[3/5/2016 15:1:39] /a 5
[3/5/2016 15:1:39] /a 5
[3/5/2016 15:1:39] /a 5
[3/5/2016 15:1:40] /a 5
[3/5/2016 15:1:41] /a 5
[3/5/2016 15:1:41] /a 5
[3/5/2016 15:1:44] /a 5
[3/5/2016 15:1:45] /a 5
[3/5/2016 15:1:46] /a 5
[3/5/2016 15:1:51] /b roberto ta ae ?
[3/5/2016 15:2:14] /bc grenn . manda pm ae.
[3/5/2016 15:2:26] /bc green . manda pm ae.
[4/5/2016 13:3:45] /a 5
[4/5/2016 13:3:46] /a 5
[4/5/2016 13:3:46] /a 5
[4/5/2016 13:3:47] /a 5
[4/5/2016 13:3:48] /a 5
[4/5/2016 13:3:48] /a 5
[4/5/2016 13:3:49] /a 5
[4/5/2016 13:3:50] /a 5
[4/5/2016 13:3:50] /a 5
[4/5/2016 13:3:53] /a 5
[4/5/2016 13:3:54] /a 5
[4/5/2016 13:3:56] /a 5
[4/5/2016 13:3:57] /a 5
[4/5/2016 13:3:59] /a 5
[4/5/2016 13:4:0] /a 5
[4/5/2016 13:4:1] /a 5
[4/5/2016 13:4:1] /a 5
[4/5/2016 13:4:2] /a 5
[4/5/2016 13:4:3] /a 5
[4/5/2016 13:4:3] /a 5
[4/5/2016 13:4:4] /a 5
[4/5/2016 13:4:5] /a 5
[4/5/2016 13:4:5] /a 5
[4/5/2016 13:4:5] /a 5
[4/5/2016 13:4:6] /a 5
[4/5/2016 13:4:8] /a 5
[4/5/2016 13:4:8] /a 5
[4/5/2016 13:4:8] /a 5
[4/5/2016 13:4:10] /t
[4/5/2016 13:4:12] /a 5
[4/5/2016 13:4:12] /a 5
[4/5/2016 13:4:12] /a 5
[4/5/2016 13:4:12] /a 5
[4/5/2016 13:4:13] /a 5
[4/5/2016 13:4:13] /a 5
[4/5/2016 13:4:13] /a 5
[4/5/2016 13:4:13] /a 5
[4/5/2016 13:4:14] /a 5
[4/5/2016 13:4:14] /a 5
[4/5/2016 13:4:14] /a 5
[4/5/2016 13:4:15] /a 5
[4/5/2016 13:4:15] /a 5
[4/5/2016 13:4:15] /a 5
[4/5/2016 13:4:15] /a 5
[4/5/2016 13:4:17] /a 5
[4/5/2016 13:4:17] /a 5
[4/5/2016 13:4:18] /a 5
[4/5/2016 13:4:19] /a 5
[4/5/2016 13:15:13] /a 5
[4/5/2016 13:15:15] /a 5
[4/5/2016 13:37:20] /a 5
[4/5/2016 13:37:22] /a 5
[4/5/2016 13:37:22] /a 5
[4/5/2016 13:37:25] /goto medusa
[4/5/2016 13:37:35] /t
[4/5/2016 13:37:36] /a 5
[4/5/2016 13:37:37] /a 5
[4/5/2016 13:37:37] /a 5
[4/5/2016 13:37:37] /a 5
[4/5/2016 13:37:37] /a 5
[4/5/2016 13:37:37] /a 5
[4/5/2016 13:37:38] /a 5
[4/5/2016 13:37:38] /a 5
[4/5/2016 13:37:38] /a 5
[4/5/2016 13:37:38] /a 5
[4/5/2016 13:37:39] /a 5
[4/5/2016 13:37:39] /a 5
[4/5/2016 13:37:39] /a 5
[4/5/2016 13:37:39] /a 5
[4/5/2016 13:37:39] /a 5
[4/5/2016 13:37:39] /a 5
[4/5/2016 13:37:40] /a 5
[4/5/2016 13:37:40] /a 5
[4/5/2016 13:37:40] /a 5
[4/5/2016 13:37:40] /a 5
[4/5/2016 13:37:40] /a 5
[4/5/2016 13:37:40] /a 5
[4/5/2016 13:37:41] /a 5
[4/5/2016 13:37:41] /a 5
[4/5/2016 13:37:41] /a 5
[4/5/2016 13:37:41] /a 5
[4/5/2016 13:37:42] /a 5
[4/5/2016 13:37:43] /a 5
[4/5/2016 13:37:43] /a 5
[4/5/2016 15:54:56] /b Roberto ta ae ?
[4/5/2016 15:59:19] /newtype 1154
[4/5/2016 15:59:22] /newtype 1155
[4/5/2016 15:59:24] /newtype 1157
[4/5/2016 15:59:26] /newtype 1159
[5/5/2016 17:10:41] /newtype 1157
[5/5/2016 17:10:43] /newtype 1159
[5/5/2016 17:10:45] /newtype 1152
[5/5/2016 17:10:47] /newtype 1151
[5/5/2016 17:10:50] /newtype 1154
[5/5/2016 17:10:51] /newtype 1153
[5/5/2016 17:10:56] /a 5
[5/5/2016 17:10:58] /a 5
[5/5/2016 17:12:53] /t
[5/5/2016 17:12:54] /a 5
[5/5/2016 17:12:55] /a 5
[5/5/2016 17:12:55] /a 5
[5/5/2016 17:12:55] /a 5
[5/5/2016 17:12:55] /a 5
[5/5/2016 17:12:56] /a 5
[5/5/2016 17:12:56] /a 5
[5/5/2016 17:12:56] /a 5
[5/5/2016 17:12:57] /a 5
[5/5/2016 17:12:57] /a 5
[5/5/2016 17:12:57] /a 5
[5/5/2016 17:12:57] /a 5
[5/5/2016 17:12:58] /a 5
[5/5/2016 17:12:58] /a 5
[5/5/2016 17:12:58] /a 5
[5/5/2016 17:12:58] /a 5
[5/5/2016 17:12:59] /a 5
[5/5/2016 17:13:0] /a 5
[5/5/2016 17:13:0] /a 5
[5/5/2016 17:13:1] /a 5
[5/5/2016 17:14:27] /m rikuudo
[5/5/2016 17:14:33] /m rikkudo
[5/5/2016 17:14:37] /r
[5/5/2016 22:44:28] /a 5
[5/5/2016 22:44:28] /a 5
[5/5/2016 22:44:28] /a 5
[5/5/2016 22:44:29] /a 5
[5/5/2016 22:44:55] /a 5
[5/5/2016 22:44:55] /a 5
[5/5/2016 22:44:55] /a 5
[5/5/2016 22:44:57] /a 5
[5/5/2016 22:44:57] /a 5
[5/5/2016 22:44:57] /a 5
[5/5/2016 22:44:59] /a 5
[5/5/2016 22:44:59] /a 5
[5/5/2016 22:44:59] /a 5
[5/5/2016 22:44:59] /a 5
[5/5/2016 22:45:0] /a 5
[5/5/2016 22:45:0] /a 5
[5/5/2016 22:45:1] /a 5
[5/5/2016 22:45:4] /a 5
[5/5/2016 22:45:5] /a 5
[5/5/2016 22:45:5] /a 5
[5/5/2016 22:45:5] /a 5
[5/5/2016 22:45:6] /a 5
[5/5/2016 22:45:8] /a 5
[5/5/2016 22:45:8] /a 5
[5/5/2016 22:45:8] /a 5
[5/5/2016 22:45:8] /a 5
[5/5/2016 22:46:18] /a 5
[5/5/2016 22:46:22] /a 5
[5/5/2016 22:46:25] /a 5
[5/5/2016 22:46:25] /a 5
[5/5/2016 22:46:26] /a 5
[5/5/2016 22:46:26] /a 5
[5/5/2016 22:46:26] /a 5
[5/5/2016 22:46:27] /a 5
[5/5/2016 22:47:8] /a 5
[5/5/2016 22:47:9] /a 5
[5/5/2016 22:47:9] /a 5
[5/5/2016 22:47:10] /a 5
[5/5/2016 22:47:10] /a 5
[5/5/2016 22:47:13] /a 5
[5/5/2016 22:47:13] /a 5
[5/5/2016 22:47:13] /a 5
[5/5/2016 22:47:14] /a 5
[5/5/2016 22:47:15] /a 5
[5/5/2016 22:47:15] /a 5
[5/5/2016 22:53:43] /a 5
[5/5/2016 22:53:43] /a 5
[5/5/2016 22:53:43] /a 5
[5/5/2016 22:53:44] /a 5
[5/5/2016 22:53:46] /a 5
[5/5/2016 22:53:46] /a 5
[5/5/2016 22:53:46] /a 5
[5/5/2016 22:53:46] /a 5
[5/5/2016 22:53:48] /t
[5/5/2016 22:54:0] /a 5
[5/5/2016 22:54:1] /a 5
[5/5/2016 22:54:1] /a 5
[5/5/2016 22:54:1] /a 5
[5/5/2016 22:54:1] /a 5
[5/5/2016 22:54:1] /a 5
[5/5/2016 22:54:1] /a 5
[5/5/2016 22:54:2] /a 5
[5/5/2016 22:54:2] /a 5
[5/5/2016 22:54:2] /a 5
[5/5/2016 22:54:3] /a 5
[5/5/2016 22:54:3] /a 5
[5/5/2016 22:54:4] /a 5
[5/5/2016 22:54:4] /a 5
[5/5/2016 22:54:4] /a 5
[5/5/2016 22:54:4] /a 5
[5/5/2016 22:54:5] /a 5
[5/5/2016 22:59:18] /a 5
[5/5/2016 22:59:19] /a 5
[5/5/2016 22:59:21] /a 5
[5/5/2016 22:59:21] /a 5
[5/5/2016 22:59:21] /a 5
[5/5/2016 22:59:21] /a 5
[5/5/2016 22:59:21] /a 5
[5/5/2016 22:59:26] /a 5
[6/5/2016 10:43:30] /a 5
[6/5/2016 10:43:31] /a 5
[6/5/2016 10:43:32] /a 5
[6/5/2016 10:43:32] /a 5
[6/5/2016 10:43:32] /a 5
[6/5/2016 10:43:34] /a 5
[6/5/2016 10:43:34] /a 5
[6/5/2016 10:43:34] /a 5
[6/5/2016 10:43:37] /a 5
[6/5/2016 10:43:50] /a 5
[6/5/2016 10:43:52] /a 5
[6/5/2016 10:43:53] /a 5
[6/5/2016 10:43:54] /a 5
[6/5/2016 10:43:56] /a 5
[6/5/2016 10:43:57] /a 5
[6/5/2016 10:44:0] /a 5
[6/5/2016 10:44:1] /a 5
[6/5/2016 10:44:2] /a 5
[6/5/2016 10:44:3] /a 5
[6/5/2016 10:44:3] /a 5
[6/5/2016 10:44:4] /a 5
[6/5/2016 10:44:4] /a 5
[6/5/2016 10:44:5] /a 5
[6/5/2016 10:44:6] /a 5
[6/5/2016 10:44:9] /a 5
[6/5/2016 10:44:13] /a 5
[6/5/2016 10:44:16] /a 5
[6/5/2016 10:44:18] /a 5
[6/5/2016 10:44:19] /a 5
[6/5/2016 10:44:25] /a 20
[6/5/2016 10:44:26] /a 5
[6/5/2016 10:44:27] /a 5
[6/5/2016 10:44:28] /a 5
[6/5/2016 10:44:30] /a 5
[6/5/2016 10:44:31] /a 5
[6/5/2016 10:44:42] /up
[6/5/2016 10:44:48] /down
[6/5/2016 13:2:27] /a 5
[6/5/2016 13:2:28] /a 5
[6/5/2016 13:2:31] /a 5
[6/5/2016 13:2:31] /a 5
[6/5/2016 13:2:32] /a 5
[6/5/2016 13:2:32] /a 5
[6/5/2016 13:2:33] /a 5
[6/5/2016 13:2:33] /a 5
[6/5/2016 13:2:34] /a 5
[6/5/2016 13:2:35] /a 5
[6/5/2016 13:2:35] /a 5
[6/5/2016 13:2:35] /a 5
[6/5/2016 13:2:36] /a 5
[6/5/2016 14:43:49] /a 5
[6/5/2016 14:43:50] /a 5
[6/5/2016 17:18:5] /b roberto ?
[6/5/2016 23:15:15] /a 5
[6/5/2016 23:15:16] /a 5
[6/5/2016 23:15:16] /a 5
[6/5/2016 23:15:17] /a 5
[6/5/2016 23:15:17] /a 5
[6/5/2016 23:15:18] /a 5
[6/5/2016 23:15:20] /a 5
[6/5/2016 23:42:11] /t
[6/5/2016 23:42:12] /a 5
[6/5/2016 23:42:12] /a 5
[6/5/2016 23:42:13] /a 5
[6/5/2016 23:42:13] /a 5
[6/5/2016 23:42:13] /a 5
[6/5/2016 23:42:13] /a 5
[6/5/2016 23:42:14] /a 5
[6/5/2016 23:42:14] /a 5
[6/5/2016 23:42:14] /a 5
[6/5/2016 23:42:15] /a 5
[6/5/2016 23:42:15] /a 5
[6/5/2016 23:42:16] /a 5
[6/5/2016 23:42:16] /a 5
[6/5/2016 23:42:16] /a 5
[6/5/2016 23:42:16] /a 5
[6/5/2016 23:42:17] /a 5
[6/5/2016 23:42:17] /a 5
[6/5/2016 23:42:18] /a 5
[6/5/2016 23:42:40] /a 5
[6/5/2016 23:42:47] /a 5
[6/5/2016 23:42:48] /a 5
[6/5/2016 23:42:48] /a 5
[6/5/2016 23:42:50] /a 5
[6/5/2016 23:42:52] /a 5
[6/5/2016 23:42:53] /a 5
[6/5/2016 23:42:53] /a 5
[6/5/2016 23:42:55] /a 5
[6/5/2016 23:42:56] /a 5
[6/5/2016 23:42:57] /a 5
[6/5/2016 23:42:58] /a 5
[6/5/2016 23:42:58] /a 5
[6/5/2016 23:42:59] /a 5
[6/5/2016 23:43:0] /a 5
[6/5/2016 23:43:0] /a 5
[6/5/2016 23:43:7] /a 5
[6/5/2016 23:43:8] /a 5
[6/5/2016 23:43:8] /a 5
[6/5/2016 23:43:8] /a 5
[6/5/2016 23:43:8] /a 5
[6/5/2016 23:43:9] /a 5
[6/5/2016 23:43:9] /a 5
[6/5/2016 23:43:10] /a 5
[6/5/2016 23:43:10] /a 5
[6/5/2016 23:43:10] /a 5
[6/5/2016 23:43:11] /a 5
[7/5/2016 13:39:34] /a 5
[7/5/2016 13:39:37] /goto tyron
[7/5/2016 13:43:46] /newtype 1153
[7/5/2016 13:43:49] /newtype 1152
[7/5/2016 13:43:55] /newtype 1153,TYRON
[7/5/2016 13:44:6] /newtype 1151
[28/5/2016 17:48:5] /goto holda hee
[28/5/2016 17:48:13] /goto holda hee
[28/5/2016 17:48:13] /goto holda hee
[28/5/2016 17:48:14] /goto holda hee
[28/5/2016 17:48:14] /goto holda hee
[28/5/2016 17:48:16] /goto holda hee
[28/5/2016 17:48:18] /goto holda hee
[28/5/2016 17:48:19] /goto holda hee
[28/5/2016 17:48:22] /goto holda hee
[28/5/2016 17:48:23] /goto holda hee
[28/5/2016 17:48:24] /goto holda hee
[28/5/2016 17:48:26] /goto holda hee
[28/5/2016 17:48:27] /goto holda hee
[28/5/2016 17:48:28] /goto holda hee
[28/5/2016 17:48:31] /goto holda hee
[28/5/2016 17:48:33] /goto holda hee
[28/5/2016 17:48:34] /goto holda hee
[28/5/2016 17:48:36] /a
[28/5/2016 17:48:39] /a 4
[28/5/2016 17:49:9] /a 5
[28/5/2016 17:49:11] /a
[28/5/2016 17:49:15] /a 5
[28/5/2016 17:49:18] /goto holda hee
[28/5/2016 17:49:20] /a 5
[28/5/2016 17:49:48] /goto holda hee
[28/5/2016 17:49:50] /goto holda hee
[28/5/2016 17:49:52] /goto holda hee
[28/5/2016 17:49:58] /goto holda hee
[28/5/2016 17:49:59] /goto holda hee
[28/5/2016 17:50:1] /goto holda hee
[28/5/2016 17:50:3] /goto holda hee
[28/5/2016 17:50:5] /goto holda hee
[28/5/2016 17:50:7] /goto holda hee
[28/5/2016 17:50:8] /goto holda hee
[28/5/2016 17:50:10] /goto holda hee
[28/5/2016 17:50:12] /goto holda hee
[28/5/2016 17:50:14] /goto holda hee
[28/5/2016 17:50:15] /goto holda hee
[28/5/2016 17:50:16] /goto holda hee
[28/5/2016 17:50:18] /goto holda hee
[28/5/2016 17:50:20] /goto holda hee
[28/5/2016 17:50:21] /goto holda hee
[28/5/2016 17:50:21] /goto holda hee
[28/5/2016 17:50:22] /goto holda hee
[28/5/2016 17:50:23] /goto holda hee
[28/5/2016 17:50:23] /goto holda hee
[28/5/2016 17:50:24] /goto holda hee
[28/5/2016 17:50:24] /goto holda hee
[28/5/2016 17:50:25] /goto holda hee
[28/5/2016 17:50:26] /goto holda hee
[28/5/2016 17:50:26] /goto holda hee
[28/5/2016 17:50:27] /goto holda hee
[28/5/2016 17:50:27] /goto holda hee
[28/5/2016 17:50:28] /goto holda hee/goto holda hee
[28/5/2016 17:50:29] /goto holda hee
[28/5/2016 17:50:29] /goto holda hee
[28/5/2016 17:50:30] /goto holda hee
[28/5/2016 17:50:30] /goto holda hee
[28/5/2016 17:50:30] /goto holda hee
[28/5/2016 17:50:31] /goto holda hee
[28/5/2016 17:50:31] /goto holda hee
[28/5/2016 17:50:31] /goto holda hee
[28/5/2016 17:50:32] /goto holda hee
[28/5/2016 17:50:32] /goto holda hee
[28/5/2016 17:50:33] /goto holda hee
[28/5/2016 17:50:43] /goto holda hee
[28/5/2016 17:50:44] /goto holda hee
[28/5/2016 17:50:46] /goto holda hee
[28/5/2016 17:50:47] /goto holda hee
[28/5/2016 18:15:32] /newtype 1143
[28/5/2016 18:16:36] /a 5
[28/5/2016 18:16:38] /a 5
[28/5/2016 18:16:42] /a 5
[28/5/2016 18:16:44] /a 5
[28/5/2016 18:16:46] /a 5
[28/5/2016 18:16:48] /a 5
[28/5/2016 18:16:51] /a 5
[28/5/2016 18:16:54] /a 5
[28/5/2016 18:16:55] /a 5
[28/5/2016 18:16:58] /a 5
[28/5/2016 18:17:1] /a 5
[28/5/2016 18:17:3] /a 5
[28/5/2016 18:22:39] /a 5
[28/5/2016 18:22:41] /a 5
[28/5/2016 18:22:43] /a 5
[28/5/2016 18:22:43] /a 5
[28/5/2016 18:22:46] /a 5
[28/5/2016 18:22:46] /a 5
[28/5/2016 18:22:46] /a 5
[28/5/2016 18:22:48] /a 5
[28/5/2016 18:22:48] /a 5
[28/5/2016 18:22:48] /a 5
[28/5/2016 18:22:50] /a 5
[28/5/2016 18:22:51] /a 5
[28/5/2016 18:22:51] /a 5
[28/5/2016 18:22:51] /a 5
[28/5/2016 18:22:52] /a 5
[28/5/2016 18:22:54] /a 5
[28/5/2016 18:22:54] /a 5
[28/5/2016 18:22:55] /a 5
[28/5/2016 18:22:55] /a 5
[28/5/2016 18:22:55] /a 5
[28/5/2016 18:22:57] /a 5
[28/5/2016 18:22:58] /a 5
[28/5/2016 18:22:59] /a 5
[28/5/2016 18:23:0] /a 5
[28/5/2016 18:23:0] /a 5
[28/5/2016 18:23:1] /a 5
[28/5/2016 18:23:1] /a 5
[28/5/2016 18:23:1] /a 5
[28/5/2016 18:23:1] /a 5
[28/5/2016 18:23:2] /a 5
[28/5/2016 18:23:2] /a 5
[28/5/2016 18:23:2] /a 5
[28/5/2016 18:23:3] /a 5
[28/5/2016 18:23:3] /a 5
[28/5/2016 18:23:5] /t
[28/5/2016 18:23:6] /a 5
[28/5/2016 18:23:7] /a 5
[28/5/2016 18:23:15] /a 5
[28/5/2016 18:23:18] /a 5
[28/5/2016 18:23:19] /a 5
[28/5/2016 18:23:20] /t
[28/5/2016 18:23:20] /a 5
[28/5/2016 18:23:58] /t
[28/5/2016 18:23:59] /a 5
[28/5/2016 18:24:2] /a 5
[28/5/2016 18:24:4] /a 5
[28/5/2016 18:24:8] /a 5
[28/5/2016 18:24:8] /a 5
[28/5/2016 18:24:9] /a 5
[28/5/2016 18:24:10] /t
[28/5/2016 18:24:11] /a 5
[28/5/2016 18:24:13] /a 5
[28/5/2016 18:24:16] /a 5
[28/5/2016 18:24:21] /a 5
[28/5/2016 18:24:22] /a 5
[28/5/2016 18:24:22] /a 5
[28/5/2016 18:24:23] /a 5
[28/5/2016 18:24:23] /a 5
[28/5/2016 18:24:23] /a 5
[28/5/2016 18:24:23] /a 5
[28/5/2016 18:24:23] /a 5
[28/5/2016 18:24:24] /a 5
[28/5/2016 18:24:24] /a 5
[28/5/2016 18:24:24] /a 5
[28/5/2016 18:24:25] /a 5
[28/5/2016 18:24:27] /a 5
[28/5/2016 18:24:28] /a 5
[28/5/2016 18:24:29] /a 5
[28/5/2016 18:24:29] /a 5
[28/5/2016 18:24:30] /a 5
[28/5/2016 18:24:30] /a 5
[28/5/2016 18:24:31] /a 5
[28/5/2016 18:24:31] /a 5
[28/5/2016 18:24:32] /a 5
[28/5/2016 18:24:36] /a 5
[28/5/2016 18:24:37] /a 5
[28/5/2016 18:24:38] /a 5
[28/5/2016 18:24:39] /a 5
[28/5/2016 18:24:39] /a 5
[28/5/2016 18:24:40] /a 5
[28/5/2016 18:24:41] /a 5
[28/5/2016 18:24:41] /a 5
[28/5/2016 18:24:42] /a 5
[28/5/2016 18:24:42] /a 5
[28/5/2016 18:24:43] /a 5
[28/5/2016 18:24:44] /a 5
[28/5/2016 18:24:45] /a 5
[28/5/2016 18:24:45] /a 5
[28/5/2016 18:24:45] /a 5
[28/5/2016 18:24:47] /a 5
[28/5/2016 18:24:48] /a 5
[28/5/2016 18:24:49] /a 5
[28/5/2016 18:24:52] /a 5
[28/5/2016 18:24:52] /a 5
[28/5/2016 18:24:53] /a 5
[28/5/2016 18:24:54] /a 5
[28/5/2016 18:24:54] /a 5
[28/5/2016 18:24:55] /a 5
[28/5/2016 18:24:56] /a 5
[28/5/2016 18:24:56] /a 5
[28/5/2016 18:24:57] /a 5
[28/5/2016 18:24:58] /a 5
[28/5/2016 18:24:58] /a 5
[28/5/2016 18:24:59] /a 5
[28/5/2016 18:24:59] /a 5
[28/5/2016 18:31:10] /goto king
[28/5/2016 18:31:11] /goto exo
[28/5/2016 18:31:22] /goto holda hee
[29/5/2016 9:16:24] /a 5
[29/5/2016 9:16:26] /a 5
[29/5/2016 9:16:28] /a 5
[29/5/2016 9:16:28] /a 5
[29/5/2016 9:16:29] /a 5
[29/5/2016 9:16:32] /a 5
[29/5/2016 9:16:34] /a 5
[29/5/2016 9:16:42] /a 5
[29/5/2016 9:16:43] /a 5
[29/5/2016 9:16:44] /a 5
[29/5/2016 9:16:45] /a 5
[29/5/2016 9:16:46] /a 5
[29/5/2016 9:16:47] /a 5
[29/5/2016 9:16:48] /a 5
[29/5/2016 9:16:51] /a 5
[29/5/2016 9:16:51] /a 5
[29/5/2016 9:16:53] /a 5
[29/5/2016 9:16:54] /a 5
[29/5/2016 9:16:56] /a 5
[29/5/2016 9:16:57] /a 5
[29/5/2016 9:16:58] /a 5
[29/5/2016 9:16:59] /a 5
[29/5/2016 9:17:1] /a 5
[29/5/2016 9:17:1] /a 5
[29/5/2016 9:17:2] /a 5
[29/5/2016 9:17:3] /a 5
[29/5/2016 9:17:4] /a 5
[29/5/2016 9:17:5] /a 5
[29/5/2016 9:17:6] /a 5
[29/5/2016 9:17:7] /a 5
[29/5/2016 9:17:9] /a 5
[29/5/2016 9:17:10] /a 5
[29/5/2016 9:17:11] /a 5
[29/5/2016 9:17:12] /a 5
[29/5/2016 9:17:15] /a 5
[29/5/2016 9:17:16] /a 5
[29/5/2016 9:17:17] /a 5
[29/5/2016 9:17:23] /a 5
[29/5/2016 9:17:24] /a 5
[29/5/2016 9:17:27] /a 5
[29/5/2016 9:17:27] /a 5
[29/5/2016 9:17:30] /a 5
[29/5/2016 9:17:30] /a 5
[29/5/2016 9:17:33] /a 5
[29/5/2016 9:17:34] /a 5
[29/5/2016 9:17:35] /a 5
[29/5/2016 9:17:37] /a 5
[29/5/2016 9:17:38] /a 5
[29/5/2016 9:17:42] /a 5
[29/5/2016 9:17:43] /a 5
[29/5/2016 9:17:45] /a 5
[29/5/2016 9:17:49] /a 5
[29/5/2016 9:17:49] /a 5
[29/5/2016 9:17:51] /a 5
[29/5/2016 9:17:52] /a 5
[29/5/2016 9:17:53] /a 5
[29/5/2016 14:28:46] /a 5
[29/5/2016 14:28:49] /a 5
[29/5/2016 14:28:54] /a 5
[29/5/2016 14:28:55] /a 5
[29/5/2016 14:28:59] /a 5
[29/5/2016 14:29:0] /a 5
[29/5/2016 14:29:1] /a 5
[29/5/2016 14:29:2] /a 5
[29/5/2016 14:29:5] /a 5
[29/5/2016 14:29:5] /a 5
[29/5/2016 14:29:8] /a 5
[29/5/2016 14:29:9] /a 5
[29/5/2016 14:29:10] /a 5
[29/5/2016 14:29:12] /a 5
[29/5/2016 14:29:13] /a 5
[29/5/2016 14:29:14] /a 5
[29/5/2016 14:29:18] /a 5
[29/5/2016 14:29:18] /a 5
[29/5/2016 14:29:19] /a 5
[29/5/2016 14:29:20] /a 5
[29/5/2016 14:29:21] /a 5
[29/5/2016 14:29:23] /a 5
[29/5/2016 14:29:24] /a 5
[29/5/2016 14:29:24] /a 5
[29/5/2016 14:29:25] /a 5
[29/5/2016 14:29:26] /a 5
[29/5/2016 14:29:31] /a 5
[29/5/2016 14:29:32] /a 5
[29/5/2016 14:29:33] /a 5
[29/5/2016 14:29:34] /a 5
[29/5/2016 14:29:35] /a 5
[29/5/2016 14:29:35] /a 5
[29/5/2016 14:30:11] /t
[29/5/2016 14:30:13] /a 5
[29/5/2016 14:30:13] /a 5
[29/5/2016 14:30:16] /a 5
[30/5/2016 15:27:7] /a 5
[30/5/2016 15:27:8] /a 5
[30/5/2016 15:27:10] /a 5
[30/5/2016 15:27:11] /a 5
[30/5/2016 15:27:11] /a 5
[30/5/2016 15:27:12] /a 5
[30/5/2016 15:27:15] /a 5
[30/5/2016 15:27:16] /a 5
[30/5/2016 15:27:17] /a 5
[30/5/2016 15:30:57] /a 5
[30/5/2016 15:30:58] /a 5
[30/5/2016 15:30:58] /a 5
[30/5/2016 15:30:59] /a 5
[30/5/2016 15:30:59] /a 5
[30/5/2016 15:30:59] /a 5
[30/5/2016 15:31:3] /a 5
[30/5/2016 15:31:4] /a 5
[30/5/2016 15:31:4] /a 5
[30/5/2016 15:31:4] /a 5
[30/5/2016 15:31:5] /a 5
[30/5/2016 15:31:5] /a 5
[30/5/2016 15:31:5] /a 5
[30/5/2016 15:31:6] /a 5
[30/5/2016 15:31:6] /a 5
[30/5/2016 15:31:6] /a 5
[30/5/2016 15:31:7] /a 5
[30/5/2016 15:31:8] /a 5
[30/5/2016 15:31:9] /a 5
[30/5/2016 15:31:9] /a 5
[30/5/2016 15:31:10] /a 5
[30/5/2016 15:31:11] /a 5
[30/5/2016 15:31:13] /a 5
[30/5/2016 15:31:14] /a 5
[30/5/2016 15:31:14] /a 5
[30/5/2016 15:31:15] /a 5
[30/5/2016 15:31:16] /a 5
[30/5/2016 15:31:16] /a 5
[30/5/2016 15:31:17] /a 5
[30/5/2016 15:31:17] /a 5
[30/5/2016 15:31:18] /a 5
[30/5/2016 15:31:19] /a 5
[30/5/2016 15:31:19] /a 5
[30/5/2016 15:31:21] /a 5
[30/5/2016 15:31:23] /a 5
[30/5/2016 15:31:24] /a 5
[30/5/2016 15:31:24] /a 5
[30/5/2016 15:31:25] /a 5
[31/5/2016 8:1:55] /a 5
[31/5/2016 8:1:55] /a 5
[31/5/2016 8:1:57] /a 5
[31/5/2016 8:1:58] /a 5
[31/5/2016 8:1:59] /a 5
[31/5/2016 8:2:1] /a 5
[31/5/2016 8:2:2] /a 5
[31/5/2016 8:2:3] /a 5
[31/5/2016 8:2:5] /a 5
[31/5/2016 8:2:13] /a 5
[31/5/2016 8:2:13] /a 5
[31/5/2016 8:2:13] /a 5
[31/5/2016 8:2:14] /a 5
[31/5/2016 8:2:15] /a 5
[31/5/2016 8:2:16] /a 5
[31/5/2016 8:2:16] /a 5
[31/5/2016 8:2:16] /a 5
[31/5/2016 8:2:16] /a 5
[31/5/2016 8:2:17] /a 5
[31/5/2016 8:2:17] /a 5
[31/5/2016 8:2:17] /a 5
[31/5/2016 8:2:18] /a 5
[31/5/2016 8:2:18] /a 5
[31/5/2016 8:2:18] /a 5
[31/5/2016 8:2:18] /a 5
[31/5/2016 8:2:19] /a 5
[31/5/2016 8:2:19] /a 5
[31/5/2016 8:2:19] /a 5
[31/5/2016 8:2:20] /a 5
[31/5/2016 8:2:20] /a 5
[31/5/2016 8:2:21] /a 5
[31/5/2016 8:2:23] /a 5
[31/5/2016 8:2:23] /a 5
[31/5/2016 8:2:23] /a 5
[31/5/2016 8:2:23] /a 5
[31/5/2016 8:2:25] /a 5
[31/5/2016 8:2:25] /a 5
[31/5/2016 8:2:25] /a 5
[31/5/2016 8:2:25] /a 5
[31/5/2016 8:2:27] /a 5
[31/5/2016 8:2:27] /a 5
[31/5/2016 8:2:27] /a 5
[31/5/2016 8:2:27] /a 5
[31/5/2016 8:2:27] /a 5
[31/5/2016 8:2:28] /a 5
[31/5/2016 8:2:29] /a 5
[31/5/2016 8:2:30] /a 5
[31/5/2016 8:2:31] /a 5
[31/5/2016 8:2:31] /a 5
[31/5/2016 8:2:32] /a 5
[31/5/2016 8:2:32] /a 5
[31/5/2016 8:2:33] /a 5
[31/5/2016 8:2:33] /a 5
[31/5/2016 8:2:33] /a 5
[31/5/2016 8:2:34] /a 5
[31/5/2016 8:2:34] /a 5
[31/5/2016 8:2:34] /a 5
[31/5/2016 8:2:34] /a 5
[31/5/2016 8:2:35] /a 5
[31/5/2016 8:2:35] /a 5
[31/5/2016 8:2:35] /a 5
[31/5/2016 8:2:35] /a 5
[31/5/2016 8:2:36] /a 5
[31/5/2016 8:2:36] /a 5
[31/5/2016 8:2:37] /a 5
[31/5/2016 8:2:37] /a 5
[31/5/2016 8:2:38] /a 5
[31/5/2016 8:2:38] /a 5
[31/5/2016 8:2:39] /a 5
[31/5/2016 8:2:40] /a 5
[31/5/2016 8:2:41] /a 5
[31/5/2016 8:2:41] /a 5
[31/5/2016 8:2:42] /a 5
[31/5/2016 8:2:42] /a 5
[31/5/2016 8:2:42] /a 5
[31/5/2016 8:2:43] /a 5
[31/5/2016 8:2:44] /a 5
[31/5/2016 8:2:44] /a 5
[31/5/2016 8:2:44] /a 5
[31/5/2016 8:2:45] /a 5
[31/5/2016 8:2:48] /a 5
[31/5/2016 8:2:48] /a 5
[31/5/2016 8:2:48] /a 5
[31/5/2016 8:2:49] /a 5
[31/5/2016 8:2:57] /t
[31/5/2016 8:2:58] /a 5
[31/5/2016 8:2:58] /a 5
[31/5/2016 8:3:0] /a 5
[31/5/2016 8:3:2] /a 5
[31/5/2016 8:3:4] /a 5
[31/5/2016 8:3:6] /a 5
[31/5/2016 8:3:6] /a 5
[31/5/2016 8:3:6] /a 5
[31/5/2016 8:3:6] /a 5
[31/5/2016 8:3:7] /a 5
[31/5/2016 8:3:7] /a 5
[31/5/2016 8:3:7] /a 5
[31/5/2016 8:3:7] /a 5
[31/5/2016 8:3:7] /a 5
[31/5/2016 8:3:8] /a 5
[31/5/2016 8:3:8] /a 5
[31/5/2016 8:3:9] /a 5
[31/5/2016 8:3:9] /a 5
[31/5/2016 8:3:9] /a 5
[31/5/2016 8:3:9] /a 5
[31/5/2016 8:3:9] /a 5
[31/5/2016 8:3:10] /a 5
[31/5/2016 8:3:14] /a 5
[31/5/2016 8:3:14] /a 5
[31/5/2016 8:3:14] /a 5
[31/5/2016 8:3:14] /a 5
[31/5/2016 8:3:16] /a 5
[31/5/2016 8:3:16] /a 5
[31/5/2016 8:3:17] /a 5
[31/5/2016 8:3:17] /a 5
[31/5/2016 8:3:18] /a 5
[31/5/2016 8:3:18] /a 5
[31/5/2016 8:3:19] /a 5
[31/5/2016 8:3:19] /a 5
[31/5/2016 8:3:20] /a 5
[31/5/2016 8:3:20] /a 5
[31/5/2016 8:3:21] /a 5
[31/5/2016 8:3:21] /a 5
[31/5/2016 8:3:22] /a 5
[31/5/2016 8:3:23] /a 5
[31/5/2016 8:3:26] /a 5
[31/5/2016 8:3:31] /a 5
[31/5/2016 8:3:31] /a 5
[31/5/2016 8:3:31] /a 5
[31/5/2016 8:3:33] /a 5
[31/5/2016 8:3:33] /a 5
[31/5/2016 8:3:33] /a 5
[31/5/2016 8:3:34] /a 5
[31/5/2016 8:3:35] /a 5
[31/5/2016 8:3:35] /a 5
[31/5/2016 8:3:36] /a 5
[31/5/2016 8:3:36] /a 5
[31/5/2016 8:3:37] /a 5
[31/5/2016 8:3:38] /a 5
[31/5/2016 8:3:39] /a 5
[31/5/2016 8:3:41] /a 5
[31/5/2016 8:3:42] /a 5
[31/5/2016 8:3:43] /a 5
[31/5/2016 8:3:44] /a 5
[31/5/2016 8:3:44] /a 5
[31/5/2016 8:3:49] /t
[3/6/2016 13:4:49] /a 5
[3/6/2016 13:5:0] /a 5
[3/6/2016 13:5:3] /goto Holda Hee
[3/6/2016 13:7:8] /a 5
[3/6/2016 13:7:8] /a 5
[3/6/2016 14:41:57] /t
[3/6/2016 14:41:59] /a 5
[3/6/2016 14:41:59] /a 5
[3/6/2016 14:42:6] /goto echo
[3/6/2016 14:42:7] /goto echo
[3/6/2016 14:42:9] /goto echo
[3/6/2016 14:42:10] /goto echo
[3/6/2016 14:42:11] /goto echo
[3/6/2016 14:42:19] /a 5
[3/6/2016 14:42:23] /a 5
[3/6/2016 14:42:23] /a 5
[3/6/2016 14:42:23] /a 5
[3/6/2016 14:42:44] /a 5
[3/6/2016 14:42:45] /a 5
[3/6/2016 14:42:45] /a 5
[3/6/2016 14:42:46] /a 5
[3/6/2016 14:42:46] /a 5
[3/6/2016 14:42:47] /a 5
[3/6/2016 14:42:48] /a 5
[3/6/2016 14:42:57] /a 5
[3/6/2016 14:42:57] /a 5
[3/6/2016 14:42:58] /a 5
[3/6/2016 14:42:58] /a 5
[3/6/2016 14:42:58] /a 5
[3/6/2016 14:43:0] /a 5
[3/6/2016 14:43:33] /a 5
[3/6/2016 14:43:33] /a 5
[3/6/2016 14:43:34] /a 5
[3/6/2016 14:43:34] /a 5
[3/6/2016 14:43:34] /a 5
[3/6/2016 14:43:35] /a 5
[3/6/2016 14:43:35] /a 5
[3/6/2016 14:43:37] /a 5
[3/6/2016 14:43:37] /a 5
[3/6/2016 14:43:38] /a 5
[3/6/2016 14:43:38] /a 5
[4/6/2016 12:49:27] /a 5
[4/6/2016 12:49:27] /a 5
[4/6/2016 12:49:27] /a 5
[4/6/2016 12:49:27] /a 5
[4/6/2016 12:49:27] /a 5
[4/6/2016 12:49:28] /a 5
[4/6/2016 12:49:29] /newtype 1153
[4/6/2016 12:49:29] /a 5
[4/6/2016 12:49:30] /a 5
[4/6/2016 12:49:30] /a 5
[4/6/2016 12:49:30] /a 5
[4/6/2016 12:51:19] /a 5
[4/6/2016 12:51:20] /a 5
[4/6/2016 12:51:21] /a 5
[4/6/2016 12:51:21] /a 5
[4/6/2016 12:51:22] /a 5
[4/6/2016 12:51:23] /a 5
[4/6/2016 12:51:23] /a 5
[4/6/2016 12:53:14] /goto king
