[17/6/2018 20:40:24] /newtype 80
[17/6/2018 20:40:44] /newtype 190
[17/6/2018 20:40:49] /newtype 191
[17/6/2018 20:41:42] /t
[17/6/2018 20:41:46] /newtype 1300
[17/6/2018 20:41:47] /newtype 1301
[17/6/2018 20:41:48] /newtype 1302
[17/6/2018 20:41:49] /newtype 1400
[23/6/2018 16:41:33] /b ta ai?
[26/6/2018 21:2:12] /a
[26/6/2018 21:2:13] /a
[26/6/2018 21:2:15] /a 5
[26/6/2018 21:2:16] /t
[26/6/2018 21:2:27] /b boa noite meu povo
[26/6/2018 21:3:7] /b joaoloko
[26/6/2018 21:3:11] /b joaoloko
[26/6/2018 21:3:16] /goto joaoloko
[26/6/2018 21:3:23] /goto deidara master explosive
[28/6/2018 13:35:31] /t
[28/6/2018 20:15:23] /b boa noite
[28/6/2018 20:22:7] /t
[28/6/2018 20:34:1] /goto Ka Mi Ka Ze
[28/6/2018 20:35:47] /t
[29/6/2018 14:37:3] /b boa tarde
[29/6/2018 14:37:15] /r
[29/6/2018 14:37:40] /a w
[29/6/2018 14:37:42] /a 3
[30/6/2018 12:18:12] /b boa tarde
[30/6/2018 12:33:19] /goto Tutor Rocky 
[30/6/2018 12:33:25] /goto Tutor Rocky
[30/6/2018 12:33:28] /goto Tutor Rocky
[30/6/2018 12:35:20] /goto ban imortal
[30/6/2018 12:35:34] /ghost
[30/6/2018 12:35:41] /goto cardeal crimson
[30/6/2018 12:35:48] /goto buzz lightyear
[30/6/2018 12:41:24] /t
[30/6/2018 12:41:31] /newtype 1000
[30/6/2018 12:41:32] /newtype 1001
[30/6/2018 12:41:33] /newtype 1002
[30/6/2018 12:41:35] /newtype 1003
[30/6/2018 12:41:36] /newtype 1004
[30/6/2018 12:41:37] /newtype 1005
[30/6/2018 12:41:46] /newtype 1007
[30/6/2018 12:41:48] /newtype 1008
[30/6/2018 12:41:50] /newtype 1009
[30/6/2018 12:41:51] /newtype 1010
[30/6/2018 12:41:52] /newtype 1011
[30/6/2018 12:41:54] /newtype 1012
[30/6/2018 12:41:55] /newtype 1013
[30/6/2018 12:41:56] /newtype 1014
[30/6/2018 12:41:57] /newtype 1015
[30/6/2018 12:41:58] /newtype 1016
[30/6/2018 12:42:0] /newtype 1017
[30/6/2018 12:42:1] /newtype 1018
[30/6/2018 12:42:3] /newtype 1019
[30/6/2018 12:42:6] /newtype 1020
[30/6/2018 12:42:7] /newtype 1021
[30/6/2018 12:42:8] /newtype 1022
[30/6/2018 12:42:9] /newtype 1023
[30/6/2018 12:42:10] /newtype 1024
[30/6/2018 12:42:11] /newtype 1025
[30/6/2018 12:42:12] /newtype 1026
[30/6/2018 12:42:13] /newtype 1027
[30/6/2018 12:42:14] /newtype 1028
[30/6/2018 12:42:15] /newtype 1029
[30/6/2018 12:42:16] /newtype 1030
[30/6/2018 12:42:17] /newtype 1031
[30/6/2018 12:42:18] /newtype 1032
[30/6/2018 12:42:18] /newtype 1033
[30/6/2018 12:42:19] /newtype 1034
[30/6/2018 12:42:20] /newtype 1035
[30/6/2018 12:42:21] /newtype 1036
[30/6/2018 12:42:22] /newtype 1037
[30/6/2018 12:42:23] /newtype 1038
[30/6/2018 12:42:25] /newtype 1039
[30/6/2018 12:42:26] /newtype 1040
[30/6/2018 12:42:27] /newtype 1041
[30/6/2018 12:42:28] /newtype 1042
[30/6/2018 12:42:29] /newtype 1043
[30/6/2018 12:42:30] /newtype 1044
[30/6/2018 12:42:31] /newtype 1045
[30/6/2018 12:42:32] /newtype 1046
[30/6/2018 12:42:33] /newtype 1047
[30/6/2018 12:42:34] /newtype 1048
[30/6/2018 12:42:37] /newtype 1050
[30/6/2018 12:42:37] /newtype 1051
[30/6/2018 12:42:38] /newtype 1052
[30/6/2018 12:42:39] /newtype 1053
[30/6/2018 12:42:40] /newtype 1054
[30/6/2018 12:42:41] /newtype 1055
[30/6/2018 12:42:42] /newtype 1056
[30/6/2018 12:42:42] /newtype 1057
[30/6/2018 12:42:43] /newtype 1058
[30/6/2018 12:42:44] /newtype 1059
[30/6/2018 12:42:45] /newtype 1060
[30/6/2018 12:42:46] /newtype 1061
[30/6/2018 12:42:46] /newtype 1062
[30/6/2018 12:42:47] /newtype 1063
[30/6/2018 12:42:48] /newtype 1064
[30/6/2018 12:42:50] /newtype 1065
[30/6/2018 12:42:50] /newtype 1066
[30/6/2018 12:42:52] /newtype 1067
[30/6/2018 12:42:53] /newtype 1068
[30/6/2018 12:42:55] /newtype 1069
[30/6/2018 12:42:56] /newtype 1100
[30/6/2018 12:42:58] /newtype 1102
[30/6/2018 12:42:59] /newtype 1103
[30/6/2018 12:42:59] /newtype 1104
[30/6/2018 12:43:0] /newtype 1105
[30/6/2018 12:43:1] /newtype 1106
[30/6/2018 12:43:2] /newtype 1107
[30/6/2018 12:43:2] /newtype 1108
[30/6/2018 12:43:4] /newtype 1109
[30/6/2018 12:43:6] /newtype 1110
[30/6/2018 12:43:8] /newtype 1111
[30/6/2018 12:43:8] /newtype 1112
[30/6/2018 12:43:9] /newtype 1113
[30/6/2018 12:43:10] /newtype 1114
[30/6/2018 12:43:11] /newtype 1115
[30/6/2018 12:43:12] /newtype 1116
[30/6/2018 12:43:13] /newtype 1117
[30/6/2018 12:43:14] /newtype 1118
[30/6/2018 12:43:15] /newtype 1119
[30/6/2018 12:43:22] /newtype 1200
[30/6/2018 12:43:29] /newtype 1201
[30/6/2018 12:43:30] /newtype 1202
[30/6/2018 12:43:33] /newtype 1203
[30/6/2018 12:43:40] /newtype 1300
[30/6/2018 12:43:42] /newtype 1301
[30/6/2018 12:43:48] /newtype 1330
[30/6/2018 12:43:49] /newtype 1331
[30/6/2018 12:43:51] /newtype 1332
[30/6/2018 12:43:52] /newtype 1333
[30/6/2018 12:43:52] /newtype 1334
[30/6/2018 12:43:53] /newtype 1335
[30/6/2018 12:43:54] /newtype 1336
[30/6/2018 12:43:55] /newtype 1337
[30/6/2018 12:43:58] /newtype 1338
[30/6/2018 12:43:59] /newtype 1339
[30/6/2018 12:44:1] /newtype 1340
[30/6/2018 12:44:2] /newtype 1341
[30/6/2018 12:44:3] /newtype 1342
[30/6/2018 12:45:55] /newtype 1343
[30/6/2018 12:45:56] /newtype 1344
[30/6/2018 12:46:2] /newtype 1345
[30/6/2018 12:46:6] /newtype 1346
[30/6/2018 12:46:10] /newtype 1347
[30/6/2018 12:46:29] /newtype 1347
[30/6/2018 12:46:35] /newtype 1348
[30/6/2018 12:46:37] /newtype 1349
[30/6/2018 12:46:48] /newtype 1350
[30/6/2018 12:46:53] /newtype 1351
[30/6/2018 12:46:56] /newtype 1352
[30/6/2018 12:47:0] /newtype 1353
[30/6/2018 12:47:5] /newtype 1354
[30/6/2018 12:47:8] /ghost
[30/6/2018 12:47:13] /newtype 1341
[30/6/2018 12:47:14] /newtype 1342
[30/6/2018 12:48:57] /t
[30/6/2018 12:49:1] /newtype 1355
[30/6/2018 12:49:3] /newtype 1356
[30/6/2018 12:49:8] /newtype 1357
[30/6/2018 12:49:14] /newtype 1358
[30/6/2018 12:49:15] /newtype 1359
[30/6/2018 12:49:19] /newtype 1360
[30/6/2018 12:49:20] /newtype 1361
[30/6/2018 12:49:21] /newtype 1362
[30/6/2018 12:49:22] /newtype 1363
[30/6/2018 12:49:24] /newtype 1362
[30/6/2018 12:49:30] /newtype 1363
[30/6/2018 12:49:32] /newtype 1364
[30/6/2018 12:49:33] /newtype 1365
[30/6/2018 12:49:34] /newtype 1366
[30/6/2018 12:50:10] /newtype 1367
[30/6/2018 12:50:10] /newtype 1368
[30/6/2018 12:50:16] /newtype 1369
[30/6/2018 12:50:18] /newtype 1370
[30/6/2018 12:50:19] /newtype 1371
[30/6/2018 12:50:21] /newtype 1372
[30/6/2018 12:50:25] /newtype 1373
[30/6/2018 12:50:26] /newtype 1374
[30/6/2018 12:50:28] /newtype 1375
[30/6/2018 12:50:29] /newtype 1376
[30/6/2018 12:50:33] /goto asmodeus
[30/6/2018 12:50:37] /goto asmondeus
[30/6/2018 12:51:0] /t
[30/6/2018 12:55:50] /t
[30/6/2018 13:22:20] /goto sasuke the last
[30/6/2018 13:23:20] /t
[30/6/2018 13:27:12] /a
[30/6/2018 13:45:39] /goto itachi izanami
[30/6/2018 13:45:58] /t
[2/7/2018 13:35:58] /t
[12/7/2018 20:25:3] /goto skt itachi
[12/7/2018 20:25:6] /goto skt yamato
[12/7/2018 20:25:10] /goto ragnarb
[12/7/2018 20:25:16] /goto thanatos
[12/7/2018 20:25:22] /goto yokai
[12/7/2018 20:25:27] /t
[14/7/2018 1:47:36] /goto joaoloko
[14/7/2018 1:47:40] /t
[14/7/2018 1:47:45] /goto skt tsunade
[14/7/2018 1:47:50] /t
