[4/2/2017 22:46:59] /newtype 5
[4/2/2017 22:47:5] /newtype 244
[4/2/2017 22:47:56] /newtype 296
[4/2/2017 22:56:1] /goto Junin Perdialegs
[4/2/2017 22:56:25] /a
[4/2/2017 22:57:48] /up
[4/2/2017 22:57:51] /a 2
[4/2/2017 22:57:53] /a 2
[4/2/2017 22:57:55] /a 10
[4/2/2017 23:3:15] /c Junin Perdialegs
[4/2/2017 23:3:56] /up
[4/2/2017 23:4:19] /a
[4/2/2017 23:26:51] /ghost
[4/2/2017 23:26:53] /ghost
[5/2/2017 0:1:11] /down
[5/2/2017 0:6:54] /r
[5/2/2017 0:27:46] /m treiner
[5/2/2017 1:1:4] /a 2
[5/2/2017 1:1:50] /a 2
[5/2/2017 1:2:40] /t
[5/2/2017 1:3:26] /a 10
[5/2/2017 1:3:31] /a 2
[5/2/2017 1:3:48] /a 20
[5/2/2017 1:3:49] /a 20
[5/2/2017 1:4:14] /a 20
[5/2/2017 1:4:15] /a 20
[5/2/2017 1:4:17] /a 20
[5/2/2017 1:4:18] /a 20
[5/2/2017 1:4:19] /a 20
[5/2/2017 1:4:20] /a 20
[5/2/2017 1:5:22] /a 20
[5/2/2017 1:5:23] /a 20
[5/2/2017 1:5:24] /a 20
[5/2/2017 1:5:24] /a 20
[5/2/2017 1:5:25] /a 20
[5/2/2017 1:5:26] /a 20
[5/2/2017 1:5:27] /a 20
[5/2/2017 1:5:28] /a 20
[5/2/2017 1:5:29] /a 20
[5/2/2017 1:5:30] /a 20
[5/2/2017 1:5:31] /a 20
[5/2/2017 1:5:33] /a 20
[5/2/2017 1:6:7] /t
[5/2/2017 1:8:21] /newtype 123
[5/2/2017 1:8:24] /newtype 321
[5/2/2017 1:8:33] /newtype 322
[5/2/2017 1:8:34] /newtype 323
[5/2/2017 1:8:36] /newtype 324
[5/2/2017 1:8:44] /newtype 325
[5/2/2017 1:8:48] /newtype 323
[5/2/2017 1:8:50] /newtype 322
[5/2/2017 1:8:53] /newtype 340
[5/2/2017 1:8:55] /newtype 343
[5/2/2017 1:8:56] /newtype 344
[5/2/2017 1:8:57] /newtype 345
[5/2/2017 1:8:59] /newtype 346
[5/2/2017 1:9:0] /newtype 347
[5/2/2017 1:9:2] /newtype 348
[5/2/2017 1:9:3] /newtype 349
[5/2/2017 1:9:7] /newtype 320
[5/2/2017 1:9:8] /newtype 321
[5/2/2017 1:9:19] /goto junin sem bless
[5/2/2017 1:10:47] /c Junin Sem Bless
[5/2/2017 1:10:54] /up
[5/2/2017 1:10:56] /a 20
[5/2/2017 1:11:4] /c Junin Sem Bless
[5/2/2017 1:12:40] /newtype 400
[5/2/2017 1:12:42] /newtype 401
[5/2/2017 1:12:44] /newtype 402
[5/2/2017 1:12:45] /newtype 403
[5/2/2017 1:12:47] /newtype 404
[5/2/2017 1:12:48] /newtype 405
[5/2/2017 1:12:51] /newtype 406
[5/2/2017 1:12:53] /newtype 407
[5/2/2017 1:13:1] /newtype 500
[5/2/2017 1:13:6] /newtype 501
[5/2/2017 1:13:9] /newtype 502
[5/2/2017 1:13:12] /newtype 510
[5/2/2017 1:13:27] /a 20
[5/2/2017 1:13:34] /c junin sem bless
[5/2/2017 1:14:4] /c junin sem bless
[5/2/2017 1:14:27] /c junin sem bless
[5/2/2017 1:14:39] /m Genin Vila Da Nevoa
[5/2/2017 1:14:44] /m Genin Vila Da Nevoa
[5/2/2017 1:14:46] /m Genin Vila Da Nevoa
[5/2/2017 1:14:59] /c junin sem bless
[5/2/2017 1:15:3] /m Genin Vila Da Nevoa
[5/2/2017 1:15:6] /m Genin Vila Da Nevoa
[5/2/2017 1:15:27] /c junin sem bless
[5/2/2017 1:15:32] /up
[5/2/2017 1:15:34] /up
[5/2/2017 1:15:35] /up
[5/2/2017 1:15:36] /up
[5/2/2017 1:15:39] /up
[5/2/2017 1:15:41] /c junin sem bless
[5/2/2017 1:20:21] /goto ocutopus
[5/2/2017 1:20:26] /goto octopus
[5/2/2017 1:20:41] /t
[5/2/2017 1:20:46] /a 20
[5/2/2017 1:20:47] /a 20
[5/2/2017 1:20:48] /a 20
[5/2/2017 1:20:49] /a 20
[5/2/2017 1:20:55] /m itachi boss
[5/2/2017 1:21:25] /c Junin Perdialegs
[5/2/2017 1:23:26] /c junin sem bless
[5/2/2017 1:23:31] /c junin sem bless
[5/2/2017 1:25:47] /m haku boss
[5/2/2017 1:26:33] /c junin sem bless
[5/2/2017 1:27:4] /m zabuza boss
[5/2/2017 1:27:38] /r
[5/2/2017 1:27:53] /m bug
[5/2/2017 1:27:58] /m beezer
[5/2/2017 1:28:4] /m bezeer
[5/2/2017 1:28:8] /m dog
[5/2/2017 1:28:15] /m fire shinobi
[5/2/2017 1:28:48] /m treiner
[5/2/2017 1:32:10] /kick Junin Sem Bless
[5/2/2017 1:32:19] /kick Junin Sem Bless
[5/2/2017 1:32:23] /r
[5/2/2017 1:33:12] /c Junin Sem Bless
[5/2/2017 1:33:52] /c Junin Perdialegs
[5/2/2017 1:33:55] /kick Junin Perdialegs
[5/2/2017 1:33:59] /kick Junin Perdialegs
[5/2/2017 1:34:2] /kick Junin Perdialegs
[5/2/2017 1:34:5] /kick Junin Perdialegs
[5/2/2017 1:34:6] /c Junin Perdialegs
[5/2/2017 1:34:11] /c Junin Perdialegs
[5/2/2017 1:34:12] /kick Junin Perdialegs
[5/2/2017 1:34:14] /kick Junin Perdialegs
[5/2/2017 1:34:16] /kick Junin Perdialegs
[5/2/2017 1:34:47] /down
[5/2/2017 1:36:42] /a
[5/2/2017 1:36:54] /c junin sem bless
[5/2/2017 1:37:7] /down
[5/2/2017 1:37:8] /down
[5/2/2017 1:37:11] /a 20
[5/2/2017 1:37:12] /a 20
[5/2/2017 1:37:25] /c junin sem bless
[5/2/2017 1:37:31] /m fight
[5/2/2017 1:37:34] /m fight
[5/2/2017 1:37:45] /c junin sem bless
[5/2/2017 1:37:49] /m fighter
[5/2/2017 1:37:53] /m fighter
[5/2/2017 1:37:54] /m fighter
[5/2/2017 1:37:56] /m fighter
[5/2/2017 1:37:57] /m fighter
[5/2/2017 1:39:44] /m fighter
[5/2/2017 1:39:59] /m fighter
[5/2/2017 1:40:7] /goto octopus
[5/2/2017 1:40:16] /c junin perdilegs
[5/2/2017 1:40:31] /c Junin Perdialegs
[5/2/2017 1:40:39] /goto junin sem bless
[5/2/2017 1:41:34] /a 30
[5/2/2017 1:41:35] /a 30
[5/2/2017 1:41:38] /up
[5/2/2017 1:41:39] /up
[5/2/2017 1:41:43] /a 3
[5/2/2017 1:41:53] /c junin sem bless
[5/2/2017 1:42:22] /down
[5/2/2017 1:42:23] /down
[5/2/2017 1:42:26] /a 20
[5/2/2017 1:42:31] /c junin sem bless
[5/2/2017 1:42:39] /m fighter
[5/2/2017 1:42:41] /m fighter
[5/2/2017 1:42:43] /m fighter
[5/2/2017 1:42:47] /r
[5/2/2017 1:42:50] /m fighter
[5/2/2017 1:42:51] /m fighter
[5/2/2017 1:42:52] /m fighter
[5/2/2017 1:42:57] /goto Junin Perdialegs
[5/2/2017 1:43:32] /goto junin sem bless
[5/2/2017 1:43:37] /m fighter
[5/2/2017 1:43:38] /m fighter
[5/2/2017 1:43:38] /m fighter
[5/2/2017 1:43:38] /m fighter
[5/2/2017 1:43:49] /t Junin Perdialegs
[5/2/2017 1:44:19] /a 2
[5/2/2017 1:44:20] /up
[5/2/2017 1:44:21] /up
[5/2/2017 1:44:26] /a 10
[5/2/2017 1:44:34] /c junin sem bless
[5/2/2017 1:46:20] /down
[5/2/2017 1:46:20] /down
[5/2/2017 1:46:21] /down
[5/2/2017 1:46:26] /up
[5/2/2017 1:46:30] /a 20
[5/2/2017 1:46:37] /t
[5/2/2017 14:31:20] /m treiner
[5/2/2017 14:34:59] /m treiner
[5/2/2017 14:42:4] /sshutdown
[5/2/2017 14:42:23] /m treiner
[5/2/2017 15:12:33] /c Samandriei
[5/2/2017 15:16:37] /r
[5/2/2017 16:10:59] /m kyuubi
[5/2/2017 16:19:49] /c Samandriei
[5/2/2017 16:21:12] /c Microsoft
[9/2/2017 21:5:35] /goto Jiraya For Win
[9/2/2017 21:6:2] /newtype 502
[9/2/2017 21:6:4] /newtype 503
[9/2/2017 21:6:6] /newtype 504
[9/2/2017 21:6:8] /newtype 505
[9/2/2017 21:6:10] /newtype 506
[9/2/2017 21:6:20] /newtype 507
[9/2/2017 21:6:22] /newtype 508
[9/2/2017 21:6:24] /newtype 510
[9/2/2017 21:9:27] /a
[9/2/2017 21:9:30] /a
[9/2/2017 21:10:53] /goto Priest
[9/2/2017 21:11:35] /goto Priest
[9/2/2017 21:12:28] /c Jiraya For Win
[9/2/2017 21:12:57] /goto priest
[9/2/2017 21:13:23] /c priest
[9/2/2017 21:15:13] /goto Jiraya For Win
[9/2/2017 21:16:6] /ghost
[9/2/2017 21:16:9] /ghost
[9/2/2017 21:16:30] /goto Jiraya For Win
[9/2/2017 21:17:1] /goto priest
[9/2/2017 21:17:7] /goto Jiraya For Win
[9/2/2017 21:17:25] /a
[9/2/2017 21:21:34] /a 5
[9/2/2017 21:21:44] /a 5
[9/2/2017 21:22:36] /a 2
[9/2/2017 21:22:42] /a 2
[9/2/2017 21:24:3] /a 2
[9/2/2017 21:24:20] /a 2
[9/2/2017 21:25:12] /goto priest
[9/2/2017 21:25:34] /goto Jiraya For Win
[9/2/2017 21:25:59] /r
[9/2/2017 21:26:5] /r
[9/2/2017 21:26:17] /a 20
[9/2/2017 21:26:18] /a 20
[9/2/2017 21:26:20] /a 20
[9/2/2017 21:26:21] /a 20
[9/2/2017 21:26:25] /c  Health: [700 / 700], Mana: [292 / 700].
[9/2/2017 21:26:33] /c Jiraya For Win
[9/2/2017 21:27:19] /goto priest
[9/2/2017 21:27:40] /goto Jiraya For Win
[9/2/2017 21:27:47] /goto dark wolf
[9/2/2017 21:28:25] /c Jiraya For Win
[9/2/2017 21:31:42] /goto priest
[9/2/2017 21:34:5] /goto Jiraya For Win
[9/2/2017 21:35:56] /a 2
[9/2/2017 21:36:22] /goto Jiraya For Win
[9/2/2017 21:39:5] /t
[9/2/2017 21:39:13] /goto Jiraya For Win
[9/2/2017 21:39:20] /goto Jiraya For Win
[9/2/2017 21:39:44] /goto axe men
[9/2/2017 21:40:1] /goto axe man
[9/2/2017 21:40:29] /c Jiraya For Win
[9/2/2017 21:41:48] /c priest
[9/2/2017 21:42:35] /c priest
[9/2/2017 21:45:15] /goto Jiraya For Win
[9/2/2017 21:45:33] /kick Jiraya For Win
[9/2/2017 21:47:34] /goto dark wolf
[9/2/2017 21:47:39] /t
[9/2/2017 21:47:50] /goto dark wolf
[9/2/2017 21:47:59] /r
[9/2/2017 21:48:0] /r
[9/2/2017 21:48:4] /r
[9/2/2017 21:48:6] /r
[9/2/2017 21:48:9] /c priest
[9/2/2017 21:48:18] /c priest
[9/2/2017 21:48:25] /t Priest
[9/2/2017 21:48:49] /t
[9/2/2017 21:49:0] /goto dark wolf
[9/2/2017 21:49:13] /r
[9/2/2017 21:49:16] /c Priest
[9/2/2017 21:49:34] /t Priest
[9/2/2017 21:49:42] /c Priest
[9/2/2017 21:50:12] /c Priest
[9/2/2017 21:50:53] /goto Malandromr
[9/2/2017 21:51:46] /c Malandromr
[9/2/2017 21:55:40] /goto Malandromr
[9/2/2017 21:55:47] /goto Jiraya For Win
[9/2/2017 21:56:0] /kick Jiraya For Win
[9/2/2017 21:56:29] /c [ADM] Aragog
[9/2/2017 21:56:46] /goto tortoise
[9/2/2017 21:56:54] /t
[9/2/2017 21:57:3] /goto [adm] aragog
[9/2/2017 21:57:24] /goto Bjorne Iron Side 
[9/2/2017 21:58:14] /t
[9/2/2017 21:59:7] /goto Malandromr
[9/2/2017 21:59:15] /c Malandromr
[9/2/2017 21:59:28] /t
[9/2/2017 23:25:31] /goto Malandromr
[9/2/2017 23:26:6] /t
[9/2/2017 23:26:21] /goto Jiraya For Win
[9/2/2017 23:27:24] /goto Dark Obito
[9/2/2017 23:28:27] /goto Bjorne Iron Side
[9/2/2017 23:29:14] /t
[9/2/2017 23:30:44] /goto suigetsu
[9/2/2017 23:31:17] /goto suigetsu boss
[9/2/2017 23:31:24] /m treiner
[9/2/2017 23:31:27] /r
[9/2/2017 23:32:20] /b .l.
[9/2/2017 23:36:13] /ghost
[9/2/2017 23:36:17] /goto Albafica
[9/2/2017 23:36:43] /a 2
[9/2/2017 23:36:51] /up
[9/2/2017 23:36:51] /up
[9/2/2017 23:36:53] /up
[9/2/2017 23:37:34] /ghost 
[9/2/2017 23:39:1] /goto Jiraya For Win
[9/2/2017 23:39:11] /t
[9/2/2017 23:39:55] /r
[9/2/2017 23:40:39] /goto Jiraya For Win
[9/2/2017 23:40:55] /m treiner
[9/2/2017 23:42:16] /r
[9/2/2017 23:42:57] /t
[9/2/2017 23:43:6] /ghost
[9/2/2017 23:43:10] /goto Rodrigo
[9/2/2017 23:43:58] /ghost
[9/2/2017 23:44:13] /up
[9/2/2017 23:44:16] /a 30
[9/2/2017 23:44:19] /a 4
[9/2/2017 23:44:21] /c Rodrigo
[9/2/2017 23:44:35] /goto genin perdido
[9/2/2017 23:44:43] /down
[9/2/2017 23:44:46] /a 20
[9/2/2017 23:44:51] /a 20
[9/2/2017 23:44:54] /a 2
[9/2/2017 23:44:55] /a 2
[9/2/2017 23:44:58] /a 5
[9/2/2017 23:45:0] /c Rodrigo
[9/2/2017 23:45:50] /up
[9/2/2017 23:45:53] /a 20
[9/2/2017 23:45:58] /c Rodrigo
[9/2/2017 23:46:55] /t
[9/2/2017 23:48:31] /goto octopus
[9/2/2017 23:48:48] /c Jiraya For Win
[9/2/2017 23:49:24] /t
[9/2/2017 23:49:27] /t Jiraya For Win
[9/2/2017 23:49:35] /c Jiraya For Win
[9/2/2017 23:50:13] /c Bjorne Iron Side
[9/2/2017 23:50:17] /c Bjorne Iron Side
[9/2/2017 23:51:59] /c Bjorne Iron Side
[9/2/2017 23:57:4] /c Bjorne Iron Side
[9/2/2017 23:57:57] /c Bjorne Iron Side
[9/2/2017 23:59:3] /c Jiraya For Win
[9/2/2017 23:59:59] /m octopus
[10/2/2017 0:0:11] /m octopus
[10/2/2017 0:0:15] /r
[10/2/2017 0:3:25] /goto strong snak
[10/2/2017 0:3:27] /goto strong snake
[10/2/2017 0:3:32] /c Jiraya For Win
[10/2/2017 0:3:51] /t Jiraya For Win
[10/2/2017 0:3:52] /t
[10/2/2017 0:4:29] /goto Curadora Que cura
[10/2/2017 0:4:45] /a 20
[10/2/2017 0:4:51] /c Curadora Que cura
[10/2/2017 0:6:4] /goto Fat Butter
[10/2/2017 0:6:11] /c Jiraya For Win
[10/2/2017 0:6:30] /t
[10/2/2017 0:6:49] /b quando fala com npc ve se le mds !
[10/2/2017 0:7:59] /t [ADM] Aragog
[10/2/2017 0:8:9] /goto Jiraya For Win
[10/2/2017 0:10:44] /goto suigetsu boss
[10/2/2017 0:10:50] /c Jiraya For Win
[10/2/2017 0:11:43] /goto haku boss
[10/2/2017 0:11:46] /c Jiraya For Win
[10/2/2017 0:12:2] /goto zabuza boss
[10/2/2017 0:12:5] /c Jiraya For Win
[10/2/2017 0:12:44] /goto itachi boss
[10/2/2017 0:12:50] /c Jiraya For Win
[10/2/2017 0:14:12] /goto shisui boss
[10/2/2017 0:14:14] /c Jiraya For Win
[10/2/2017 0:14:33] /goto Tioh Shisui
[10/2/2017 0:14:51] /goto Jiraya For Win
[10/2/2017 0:14:56] /goto Jiraya For Win
[10/2/2017 0:16:48] /goto Fat Butter
[10/2/2017 0:16:56] /c Jiraya For Win
[10/2/2017 0:16:57] /t
[10/2/2017 0:17:55] /c Tioh Shisui
[10/2/2017 0:20:55] /ghost
[10/2/2017 0:22:3] /c Tioh Shisui
[10/2/2017 0:23:50] /c Curadora Que cura
[10/2/2017 0:23:57] /ghost
[10/2/2017 0:26:32] /c Chuuck Norris
[10/2/2017 0:26:36] /kick Chuuck Norris
[10/2/2017 0:27:10] /c Tioh Shisui
[10/2/2017 0:27:54] /ghost
[10/2/2017 0:28:25] /ghost strong snake
[10/2/2017 0:28:32] /goto strong snake
[10/2/2017 0:28:40] /c Bjorne Iron Side
[10/2/2017 0:28:58] /t
[10/2/2017 0:30:0] /a 30
[10/2/2017 0:30:6] /a 30
[10/2/2017 0:30:9] /a 20
[10/2/2017 0:30:19] /a
[10/2/2017 0:30:49] /t
[10/2/2017 0:30:57] /goto dark wolf
[10/2/2017 0:31:1] /a 20
[10/2/2017 0:31:2] /a 20
[10/2/2017 0:31:3] /a 20
[10/2/2017 0:31:11] /a
[10/2/2017 0:31:15] /c Rodrigo
[10/2/2017 0:32:16] /ghost
[10/2/2017 0:35:31] /c Chuuck Norris
[10/2/2017 0:35:42] /ghost
[10/2/2017 0:36:1] /ghost
[10/2/2017 0:36:13] /a 20
[10/2/2017 0:36:14] /a 20
[10/2/2017 0:36:18] /c Dark Obito
[10/2/2017 0:45:20] /a 40
[10/2/2017 0:45:23] /a 20
[10/2/2017 0:45:30] /ghost
[10/2/2017 0:45:32] /ghost
[10/2/2017 0:46:10] /c Jiraya For Win
[10/2/2017 5:3:21] /goto Jhon Snow 
[10/2/2017 5:3:38] /goto Chuuck Norris
[10/2/2017 5:3:52] /goto Ginkaku
[10/2/2017 5:3:57] /t
[10/2/2017 5:4:50] /a 2
[10/2/2017 5:5:7] /a 2
[10/2/2017 15:4:32] /a 2
[10/2/2017 16:25:11] /ghost jya boss
[10/2/2017 16:25:24] /goto jya boss
[10/2/2017 16:25:40] /goto giant spider
[10/2/2017 16:25:49] /c Jiraya For Win
[10/2/2017 16:25:56] /t
[10/2/2017 16:26:43] /goto kakashi
[10/2/2017 16:26:53] /a 2
[10/2/2017 16:30:7] /ghost
[10/2/2017 16:30:15] /goto Jiraya For Win
[10/2/2017 16:30:32] /goto Jiraya For Win
[10/2/2017 16:30:38] /goto Jiraya For Win
[10/2/2017 16:30:59] /goto [ADM] Aragog
