[10/7/2016 22:6:28] /b galera vamos arrumar o lag , o roberto vai arrumar , porfavor sejam pacientes , vamos da uma melhorada no servidor 
[12/7/2016 5:42:58] /b galera eu sou un tutor , tenho q ajudar vcs , mais nao confundem tutor com player , eu posso matar qm eu kiser , eu tiro duvida de quem tem duvida , entao nao confunda as coisas .... grato 
[12/7/2016 18:17:41] /b uffa kkkkkkkkkkk
[13/7/2016 1:12:23] /b galera estava afk , agr voltei , estou tirando duvidas no help
[13/7/2016 2:5:14] /b galera vamo divulgar o servidor , para termos mais eventos assim , ate segunda vem novidades para voces ... Axo que vcs vao gostar
[13/7/2016 2:35:59] /b galera vamo divulgar o servidor , para termos mais eventos assim , ate segunda vem novidades para voces ... Axo que vcs vao gostar
[13/7/2016 16:55:52] /b Galera vamos divulgar o server , en outro servidor , vamos bate a meta de player para o big event , ate sabado tem novidades para vcs , vamo Divulgar Galera .... Grato :)
[13/7/2016 16:57:32] /b Galera vamos divulgar o server , en outro servidor , vamos bate a meta de player para o big event , ate sabado tem novidades para vcs , vamo Divulgar Galera .... Grato :)
[13/7/2016 17:12:15] /b galera ate segunda ira lançar uma vocaçao nova , vamos divulgar o servidor , vem mtas novidades por ai ....
[14/7/2016 1:31:15] /b galera , ate segunda tem novidades para vcs ... vamos divulgar o servidor ..
[14/7/2016 1:47:40] /b dps vou blokar quest lvl 350 , para os player ... as 23;30 ..
[14/7/2016 1:47:53] /b somente pra 350 +
[14/7/2016 2:5:33] /b galera vo leva all lvl 350 + na quest 350 .... all 350 no tp da quest ....
[14/7/2016 2:8:19] /b vo leva player 350 + na quest 350 .. to no tp esperano vcs ..
[14/7/2016 2:8:34] /b vo leva player 350 + na quest 350 .. to no tp esperano vcs ..
[14/7/2016 2:8:35] /b vo leva player 350 + na quest 350 .. to no tp esperano vcs ..
[14/7/2016 2:8:36] /b vo leva player 350 + na quest 350 .. to no tp esperano vcs ..
[14/7/2016 2:8:37] /b vo leva player 350 + na quest 350 .. to no tp esperano vcs ..
[14/7/2016 2:8:38] /b vo leva player 350 + na quest 350 .. to no tp esperano vcs ..
[14/7/2016 2:10:3] /b vo leva player 350 + na quest 350 .. to no tp esperano vcs ..
[14/7/2016 2:10:4] /b vo leva player 350 + na quest 350 .. to no tp esperano vcs ..
[14/7/2016 2:18:49] /b galera qnd vcs upar 450 eu ajudo na proxima quest
[14/7/2016 17:49:54] /b galera , vou pro trabalho , axo q o robert jaja entra e tira as duvidas de vcs no help .... boa diversao pra vcs ... lembrando q sabado vem novidades ... vamo divulgar o servidor ...
[14/7/2016 17:49:58] /b galera , vou pro trabalho , axo q o robert jaja entra e tira as duvidas de vcs no help .... boa diversao pra vcs ... lembrando q sabado vem novidades ... vamo divulgar o servidor ...
[14/7/2016 17:49:59] /b galera , vou pro trabalho , axo q o robert jaja entra e tira as duvidas de vcs no help .... boa diversao pra vcs ... lembrando q sabado vem novidades ... vamo divulgar o servidor ...
[14/7/2016 17:58:0] /b galera vo pro trabalho ..
[15/7/2016 16:5:33] /b galera vamo divulgar o servidor , amanha tem novidades pra vcs <3 
[15/7/2016 16:5:35] /b galera vamo divulgar o servidor , amanha tem novidades pra vcs <3 
[15/7/2016 16:5:43] /b galera vamo divulgar o servidor , amanha tem novidades pra vcs <3 
[15/7/2016 16:5:45] /b galera vamo divulgar o servidor , amanha tem novidades pra vcs <3 
[15/7/2016 16:5:49] /b galera vamo divulgar o servidor , amanha tem novidades pra vcs <3 
[15/7/2016 16:5:51] /b galera vamo divulgar o servidor , amanha tem novidades pra vcs <3 
[15/7/2016 17:14:40] /b boa galera vo pro trampo , bom jogo pra vcs , vamo anuncia o server , amanha tem novidades pra vcs <3 
[15/7/2016 17:14:45] /b boa galera vo pro trampo , bom jogo pra vcs , vamo anuncia o server , amanha tem novidades pra vcs <3 
[15/7/2016 17:33:52] /b galera vamo anuncia o servidor amanha tem novidades <3 
[15/7/2016 17:33:56] /b galera vamo anuncia o servidor amanha tem novidades <3 
[15/7/2016 17:33:57] /b galera vamo anuncia o servidor amanha tem novidades <3 
[15/7/2016 17:33:57] /b galera vamo anuncia o servidor amanha tem novidades <3 
