[30/4/2016 11:57:37] /sshutdown
[30/4/2016 11:57:50] /a 3
[30/4/2016 11:57:50] /a 3
[30/4/2016 11:57:51] /a 3
[30/4/2016 11:57:51] /a 3
[30/4/2016 11:57:51] /a 3
[30/4/2016 11:57:51] /a 3
[30/4/2016 11:57:51] /a 3
[30/4/2016 11:57:52] /a 3
[30/4/2016 11:57:52] /a 3
[30/4/2016 11:57:52] /a 3
[30/4/2016 11:57:53] /a 3
[30/4/2016 11:57:53] /a 3
[30/4/2016 11:57:54] /a 3
[30/4/2016 11:58:6] /a 3
[30/4/2016 11:58:6] /a 3
[30/4/2016 11:58:6] /a 3
[30/4/2016 11:58:6] /a 3
[30/4/2016 11:58:6] /a 3
[30/4/2016 11:58:16] /a 3
[30/4/2016 11:58:19] /a
[30/4/2016 11:59:27] /a 3
[30/4/2016 11:59:28] /a 3
[30/4/2016 11:59:28] /a 3
[30/4/2016 11:59:28] /a 3
[30/4/2016 11:59:28] /a 3
[30/4/2016 11:59:28] /a 3
[30/4/2016 11:59:29] /a 3
[30/4/2016 11:59:29] /a 3
[30/4/2016 11:59:29] /a 3
[30/4/2016 11:59:29] /a 3
[30/4/2016 11:59:30] /a 3
[30/4/2016 11:59:30] /a 3
[30/4/2016 11:59:30] /a 3
[30/4/2016 11:59:31] /a 3
[30/4/2016 11:59:31] /a 3
[30/4/2016 11:59:31] /a 3
[30/4/2016 11:59:33] /a 3
[30/4/2016 11:59:34] /a 3
[30/4/2016 11:59:34] /a 3
[30/4/2016 11:59:34] /a 3
[30/4/2016 11:59:34] /a 3
[30/4/2016 11:59:35] /a 3
[30/4/2016 11:59:37] /a 3
[30/4/2016 11:59:37] /a 3
[30/4/2016 11:59:40] /up
[30/4/2016 11:59:42] /up
[30/4/2016 11:59:43] /a 3
[30/4/2016 12:0:27] /a 3
[30/4/2016 12:0:27] /a 3
[30/4/2016 12:0:28] /a 3
[30/4/2016 12:0:32] /down
[30/4/2016 12:0:33] /a 3
[30/4/2016 12:0:34] /a 3
[30/4/2016 12:0:37] /a 3
[1/5/2016 18:14:22] /sshutdown
[1/5/2016 18:20:17] /up
[7/5/2016 11:11:10] /t
[7/5/2016 11:11:13] /a 3
[7/5/2016 11:11:13] /a 3
[7/5/2016 11:11:13] /a 3
[7/5/2016 11:11:14] /a 3
[7/5/2016 11:11:14] /a 3
[7/5/2016 11:11:15] /a 3
[7/5/2016 11:11:15] /a 3
[7/5/2016 11:11:15] /a 3
[7/5/2016 11:11:16] /a 3
[7/5/2016 11:11:16] /a 3
[7/5/2016 11:11:16] /a 3
[7/5/2016 11:11:17] /a 3
[7/5/2016 11:11:17] /a 3
[7/5/2016 11:11:17] /a 3
[7/5/2016 11:11:17] /a 3
[7/5/2016 11:11:17] /a 3
[7/5/2016 11:11:18] /a 3
[7/5/2016 11:11:18] /a 3
[7/5/2016 11:11:19] /a 3
[7/5/2016 11:11:19] /a 3
[7/5/2016 11:11:19] /a 3
[7/5/2016 11:11:19] /a 3
[7/5/2016 11:11:19] /a 3
[7/5/2016 11:11:20] /a 3
[7/5/2016 11:11:20] /a 3
[7/5/2016 11:11:20] /a 3
[7/5/2016 11:11:21] /a 3
[7/5/2016 11:11:21] /a 3
[7/5/2016 11:11:21] /a 3
[7/5/2016 11:11:21] /a 3
[7/5/2016 11:11:22] /a 3
[7/5/2016 11:11:22] /a 3
[7/5/2016 11:11:22] /a 3
[7/5/2016 11:11:22] /a 3
[7/5/2016 11:11:22] /a 3
[7/5/2016 11:11:23] /a 3
[7/5/2016 11:11:23] /a 3
[7/5/2016 11:11:24] /a 3
[7/5/2016 11:11:24] /a 3
[7/5/2016 11:11:25] /a 3
[7/5/2016 11:11:25] /a 3
[7/5/2016 11:11:25] /a 3
[7/5/2016 11:11:25] /a 3
[7/5/2016 11:11:27] /a 3
[7/5/2016 11:11:30] /a 3
[7/5/2016 11:11:30] /a 3
[7/5/2016 11:11:32] /t
[7/5/2016 11:11:33] /a 3
[7/5/2016 11:11:33] /a 3
[7/5/2016 11:11:34] /a 3
[7/5/2016 11:11:34] /a 3
[7/5/2016 11:11:35] /a 3
[7/5/2016 11:11:35] /a 3
[7/5/2016 11:11:36] /a 3
[7/5/2016 11:11:36] /a 3
[7/5/2016 11:11:36] /a 3
[7/5/2016 11:11:36] /a 3
[7/5/2016 11:11:36] /a 3
[7/5/2016 11:11:36] /a 3
[7/5/2016 11:11:36] /a 3
[7/5/2016 11:11:36] /a 3
[7/5/2016 11:11:37] /a 3
[7/5/2016 11:11:37] /a 3
[7/5/2016 11:11:37] /a 3
[7/5/2016 11:11:37] /a 3
[7/5/2016 11:11:38] /a 3
[7/5/2016 11:11:38] /a 3
[7/5/2016 11:11:38] /a 3
[7/5/2016 11:11:39] /a 3
[7/5/2016 11:11:39] /a 3
[7/5/2016 11:11:39] /a 3
[7/5/2016 11:11:39] /a 3
[7/5/2016 11:11:39] /a 3
[7/5/2016 11:11:40] /a 3
[7/5/2016 11:11:40] /a 3
[7/5/2016 11:11:41] /a 3
[7/5/2016 11:11:41] /a 3
[7/5/2016 11:11:41] /a 3
[7/5/2016 11:11:43] /a 3
[7/5/2016 11:11:43] /a 3
[7/5/2016 11:11:43] /a 3
[7/5/2016 11:11:43] /a 3
[7/5/2016 11:11:43] /a 3
[7/5/2016 11:11:43] /a 3
[7/5/2016 11:11:43] /a 3
[7/5/2016 11:11:43] /a 3
[7/5/2016 11:11:43] /a 3
[7/5/2016 11:11:43] /a 3
[7/5/2016 11:11:45] /a 3
[7/5/2016 11:11:45] /a 3
[7/5/2016 11:11:47] /a 3
[7/5/2016 11:20:11] /a 3
[7/5/2016 11:20:11] /a 3
[7/5/2016 11:20:11] /a 3
[7/5/2016 11:20:14] /a 3
[7/5/2016 11:20:14] /a 3
[7/5/2016 11:20:14] /a 3
[7/5/2016 11:20:14] /a 3
[7/5/2016 11:20:17] /a 3
[7/5/2016 11:34:36] /a 3
[7/5/2016 11:34:36] /a 3
[7/5/2016 11:34:37] /a 3
[7/5/2016 11:34:37] /a 3
[7/5/2016 11:34:37] /a 3
[7/5/2016 11:34:38] /a 3
[7/5/2016 11:34:40] /a
[7/5/2016 11:34:42] /a 2
[7/5/2016 11:34:43] /a 2
[7/5/2016 11:34:43] /a 2
[7/5/2016 11:34:44] /a 2
[7/5/2016 11:34:44] /a 2
[7/5/2016 11:34:45] /a 3
[7/5/2016 11:34:46] /a 3
[7/5/2016 11:34:46] /a 3
[7/5/2016 11:34:46] /a 3
[7/5/2016 11:34:47] /a 3
[7/5/2016 11:34:47] /a 3
[7/5/2016 11:34:47] /a 3
[7/5/2016 11:34:47] /a 3
[7/5/2016 11:34:48] /a 3
[7/5/2016 11:34:48] /a 3
[7/5/2016 11:34:48] /a 3
[7/5/2016 11:34:49] /a 3
[7/5/2016 11:34:49] /a 3
[7/5/2016 11:34:49] /a 3
[7/5/2016 11:34:49] /a 3
[7/5/2016 11:34:49] /a 3
[7/5/2016 11:34:49] /a 3
[7/5/2016 11:34:51] /a 3
[7/5/2016 11:34:52] /a 3
[7/5/2016 11:34:53] /a 3
[7/5/2016 11:34:53] /a 3
[7/5/2016 11:34:53] /a 3
[7/5/2016 11:34:53] /a 3
[7/5/2016 11:34:54] /a 3
[7/5/2016 11:34:54] /a 3
[7/5/2016 11:34:55] /a 3
[7/5/2016 11:34:55] /a 3
[7/5/2016 11:34:55] /a 3
[7/5/2016 11:34:55] /a 3
[7/5/2016 11:34:55] /a 3
[7/5/2016 11:34:55] /a 3
[7/5/2016 11:34:56] /a 3
[7/5/2016 11:34:56] /a 3
[7/5/2016 11:34:56] /a 3
[7/5/2016 11:34:57] /a 3
[7/5/2016 11:34:57] /a 3
[7/5/2016 11:34:58] /a 3
[7/5/2016 11:48:2] /ii 2259
[7/5/2016 11:59:33] /save
[7/5/2016 11:59:52] /sshutdown
[7/5/2016 12:0:47] /ii 2178
[7/5/2016 12:0:59] /ii 2259
[7/5/2016 12:4:41] /sshutdown
[7/5/2016 12:8:37] /ii dodge refino
[7/5/2016 12:12:9] /ii 2259
[7/5/2016 12:12:11] /ii 2259
[7/5/2016 12:12:11] /ii 2259
[7/5/2016 12:12:11] /ii 2259
[7/5/2016 12:12:32] /m treiner
[7/5/2016 13:41:33] /ghost
