[26/2/2018 2:48:12] /mute Omega Kakuzo
[27/2/2018 17:31:5] /b Boa Tarde
[27/2/2018 17:41:7] /b Vo fica 1 tempo < AFK >
[28/2/2018 18:52:31] /b Boa Tarde povo 
[28/2/2018 20:4:58] /mute ino Sensei
[28/2/2018 20:21:28] /b Adm ON ???
[28/2/2018 20:22:28] /b Adm está ai ?
[28/2/2018 20:32:7] /b Coronel Rushzor Pare de dar Pk se não tera Punições !!
[3/3/2018 10:35:3] /b Para saber onde faze task ou onde está os boss, baixa os mapas em nosso Site 
[3/3/2018 11:7:13] /b caiu só aque ?
[3/3/2018 11:7:46] /b tava resolvendo uns negocio particulares '-'
[3/3/2018 11:53:56] /b gente to fazendo Quest saga 3 quem quiser vim só vem
[3/3/2018 11:54:43] /b estou esperando dentro da saga 
[3/3/2018 11:56:10] /b Gente 3 min vo incia a saga 3 .
[3/3/2018 11:57:30] /b 2 min começo a task
[3/3/2018 11:57:51] /b Saga lvl 3 
[3/3/2018 11:59:11] /b Iniciando saga 3 .
[4/3/2018 8:43:33] /b Ae povo lag que estava acontecendo era devido a ataques ddos.
[4/3/2018 8:45:1] /b o 
[4/3/2018 8:45:27] /b O adm pede desculpa pela as mortes e dores de cabeça que o lag deu em vcs '-'
[6/3/2018 13:42:54] /b Ae boys bom jogo pra vcs , to kitando Flw!!
[6/3/2018 20:8:6] /b Ae boys , estou aqui para de despedir do cargo de Tutor , com Escola de manhã e trabalho a tarde , não  consigo compri minha função :)
[6/3/2018 20:12:34] /b  Flw ae gente....
