[27/5/2016 3:12:38] /ii 2222
[27/5/2016 3:13:29] /ii 2198
[27/5/2016 3:13:47] /aaddskill Holda Hee,level,200
[27/5/2016 3:14:59] /ii 2198
[27/5/2016 3:18:3] /ii 2221
[27/5/2016 3:18:9] /save
[27/5/2016 3:18:10] /sshutdown
[27/5/2016 3:19:51] /ii 222
[27/5/2016 3:19:52] /ii 2222
[27/5/2016 3:21:34] /sshutdown
[27/5/2016 3:21:44] /ii 2222
[27/5/2016 3:22:1] /ii 2201
[27/5/2016 3:23:46] /sshutdown
[27/5/2016 3:24:3] /ii 2222
[27/5/2016 3:24:12] /ii 2198
[27/5/2016 3:26:53] /rreload actions
[27/5/2016 3:27:4] /ii 2198
[27/5/2016 3:29:55] /rreload actions
[27/5/2016 3:29:58] /ii 2221
[27/5/2016 3:30:25] /rreload actions
[27/5/2016 3:30:26] /ii 2221
[27/5/2016 3:30:27] /ii 2221
[27/5/2016 3:30:29] /ii 2222
[27/5/2016 3:30:29] /ii 2222
[28/5/2016 15:43:30] /goto king
[28/5/2016 15:45:29] /aaddskill King,level,25
[28/5/2016 15:47:9] /aattr group 5
[28/5/2016 15:48:49] /a
[28/5/2016 15:51:4] /save
[28/5/2016 15:51:16] /sshutdown
[28/5/2016 15:51:37] /c echo
[28/5/2016 15:51:46] /aattr group 5
[28/5/2016 15:52:5] /c echo
[28/5/2016 15:52:7] /c echo
[28/5/2016 15:52:10] /c echo
[28/5/2016 15:52:19] /c king
[28/5/2016 15:52:35] /a 3
[28/5/2016 15:52:35] /a 3
[28/5/2016 15:52:38] /c king
[28/5/2016 15:52:40] /c echo
[28/5/2016 15:53:9] /r
[28/5/2016 15:54:5] /c echo
[28/5/2016 15:54:11] /goto echo
[28/5/2016 15:54:32] /c king
[28/5/2016 15:55:13] /aaddskill King,level,500
[28/5/2016 15:55:15] /aaddskill King,level,500
[28/5/2016 15:55:23] /aaddskill Echo,level,400
[28/5/2016 15:55:23] /aaddskill Echo,level,400
[28/5/2016 15:55:51] /a 3
[28/5/2016 15:56:32] /a
[28/5/2016 15:56:37] /a 3
[28/5/2016 15:57:22] /rreload moveements
[28/5/2016 15:57:30] /rreload movements
[28/5/2016 15:58:0] /a
[28/5/2016 15:58:3] /ii 407
[28/5/2016 15:58:5] /a
[28/5/2016 15:58:5] /ii 407
[28/5/2016 17:8:25] /ii critical refino
[28/5/2016 17:8:28] /ii dodge reifno
[28/5/2016 17:8:30] /ii dodge refino
[28/5/2016 17:8:59] /ii dodge refino
[28/5/2016 17:9:0] /ii dodge refino
[28/5/2016 17:9:0] /ii dodge refino
[28/5/2016 17:9:0] /ii dodge refino
[28/5/2016 17:9:1] /ii dodge refino
[28/5/2016 17:9:1] /ii dodge refino
[28/5/2016 17:29:47] /save
[28/5/2016 17:36:8] /sshutdown
[28/5/2016 17:45:6] /goto ashura
[28/5/2016 17:45:36] /t
[28/5/2016 17:45:38] /down
[28/5/2016 17:47:4] /c ashura
[28/5/2016 17:47:52] /aattr group 5
[28/5/2016 17:47:59] /a 3
[28/5/2016 17:48:0] /a 3
[28/5/2016 17:48:3] /a 3
[28/5/2016 17:48:3] /a 3
[28/5/2016 17:48:3] /a 3
[28/5/2016 17:48:4] /a 3
[28/5/2016 17:48:8] /a 3
[28/5/2016 17:48:9] /a 3
[28/5/2016 17:48:9] /a 3
[28/5/2016 17:48:10] /a 3
[28/5/2016 17:48:11] /a 3
[28/5/2016 17:48:12] /a 3
[28/5/2016 17:48:13] /a 3
[28/5/2016 17:48:13] /a 3
[28/5/2016 17:48:14] /a 3
[28/5/2016 17:48:20] /a 3
[28/5/2016 17:48:20] /a 3
[28/5/2016 17:48:20] /a 3
[28/5/2016 17:48:21] /a 3
[28/5/2016 17:48:21] /a 3
[28/5/2016 17:48:23] /a 3
[28/5/2016 17:48:24] /a 3
[28/5/2016 17:48:24] /a 3
[28/5/2016 17:48:25] /a 3
[28/5/2016 17:48:25] /a 3
[28/5/2016 17:49:45] /t
[28/5/2016 17:49:47] /c ashura
[28/5/2016 17:49:51] /c ashura
[28/5/2016 17:50:11] /a 3
[28/5/2016 17:50:14] /a 3
[28/5/2016 17:50:15] /a 3
[28/5/2016 17:50:17] /a 3
[28/5/2016 17:50:18] /a 3
[28/5/2016 17:50:18] /a 3
[28/5/2016 17:50:19] /a 3
[28/5/2016 17:50:19] /a 3
[28/5/2016 17:50:20] /a 3
[28/5/2016 17:50:21] /a 3
[28/5/2016 17:50:21] /a 3
[28/5/2016 17:50:22] /a 3
[28/5/2016 17:50:22] /a 3
[28/5/2016 17:50:23] /a 3
[28/5/2016 17:50:23] /a 3
[28/5/2016 17:50:24] /a 3
[28/5/2016 17:50:24] /a 3
[28/5/2016 17:50:24] /a 3
[28/5/2016 17:50:25] /a 3
[28/5/2016 17:50:25] /a 3
[28/5/2016 17:50:26] /a 3
[28/5/2016 17:50:26] /a 3
[28/5/2016 17:50:27] /a 3
[28/5/2016 17:50:28] /a 3
[28/5/2016 17:50:28] /a 3
[28/5/2016 17:50:28] /a 3
[28/5/2016 17:50:29] /a 3
[28/5/2016 17:50:30] /a 3
[28/5/2016 17:50:40] /a 3
[28/5/2016 17:50:40] /a 3
[28/5/2016 17:50:41] /a 3
[28/5/2016 17:50:41] /a 3
[28/5/2016 17:50:42] /a 3
[28/5/2016 17:50:43] /a 3
[28/5/2016 17:50:46] /a
[28/5/2016 17:50:47] /a
[28/5/2016 17:58:21] /a 3
[28/5/2016 17:58:22] /a 3
[28/5/2016 17:58:22] /a 3
[29/5/2016 16:38:50] /goto echo
[3/6/2016 13:0:1] /goto rikkudoi
[3/6/2016 13:0:4] /goto rikkudo
[3/6/2016 13:4:45] /a 3
[3/6/2016 13:4:47] /a 3
[3/6/2016 13:4:48] /a 3
[3/6/2016 13:4:49] /a 3
[3/6/2016 13:4:51] /a 3
[3/6/2016 13:4:51] /a 3
[3/6/2016 13:4:52] /a 3
[3/6/2016 13:4:52] /a 3
[3/6/2016 13:4:53] /a 3
[3/6/2016 13:4:54] /a 3
[3/6/2016 13:4:55] /a 3
[3/6/2016 13:4:55] /a 3
[3/6/2016 13:4:55] /a 3
[3/6/2016 13:4:58] /a 3
[3/6/2016 13:4:59] /a 3
[3/6/2016 13:4:59] /a 3
[3/6/2016 13:5:44] /a 3
[3/6/2016 13:5:45] /a 3
[3/6/2016 13:5:46] /a 3
[3/6/2016 13:5:47] /a 3
[3/6/2016 13:6:54] /a
[3/6/2016 13:7:7] /a 3
[3/6/2016 13:7:7] /a 3
[3/6/2016 13:7:10] /a 3
[3/6/2016 13:9:37] /a
[3/6/2016 13:9:42] /a
[3/6/2016 13:9:50] /a
[3/6/2016 13:10:40] /a
[3/6/2016 13:10:59] /a
[3/6/2016 13:11:19] /a
[3/6/2016 13:12:8] /a
[3/6/2016 13:20:14] /save
[3/6/2016 13:20:40] /a
[3/6/2016 13:20:42] /a 3
[3/6/2016 13:20:45] /c teste
[3/6/2016 13:20:49] /rreload creaturescripts
[3/6/2016 13:20:54] /sshutdown
[3/6/2016 13:22:43] /aaddskill Teste,level,400
[3/6/2016 13:22:46] /r
[3/6/2016 13:23:37] /c tester
[3/6/2016 13:23:45] /aaddskill Tester,level,500
[3/6/2016 13:25:58] /rreload creaturescripts
[3/6/2016 13:26:4] /c testeee
[3/6/2016 13:26:29] /rreload creaturescripts
[3/6/2016 13:26:46] /sshutdown
[3/6/2016 13:28:44] /aaddskill Testeee,level,520
[3/6/2016 13:30:7] /save
[3/6/2016 13:30:9] /sshutdown
[3/6/2016 13:30:28] /aaddskill Teste,level,100
[3/6/2016 13:31:24] /r
[3/6/2016 13:31:25] /r
[3/6/2016 13:31:29] /ccloseserver
[3/6/2016 13:31:31] /oopenserver
[3/6/2016 17:23:11] /ii dodge refino
[3/6/2016 17:23:14] /ii critico refino
[3/6/2016 17:23:19] /ii critical refino
[3/6/2016 17:23:30] /t King
[3/6/2016 17:25:26] /t
[3/6/2016 17:25:30] /up
[4/6/2016 1:41:10] /t
[4/6/2016 1:41:14] /down
[4/6/2016 1:51:9] /ii 11430
[4/6/2016 2:36:52] /goto ashura
[4/6/2016 2:37:3] /a
[4/6/2016 2:54:53] /t
[4/6/2016 2:54:56] /down
[4/6/2016 3:2:31] /sshutdown
[4/6/2016 3:3:6] /a 3
[4/6/2016 3:3:7] /a 3
[4/6/2016 3:3:7] /a 3
[4/6/2016 3:3:7] /a 3
[4/6/2016 3:3:7] /a 3
[4/6/2016 3:3:7] /a 3
[4/6/2016 3:3:8] /a 3
[4/6/2016 3:3:9] /a 3
[4/6/2016 3:3:9] /a 3
[4/6/2016 3:3:9] /a 3
[4/6/2016 3:3:10] /a 3
[4/6/2016 3:3:10] /a 3
[4/6/2016 3:3:10] /a 3
[4/6/2016 3:3:10] /a 3
[4/6/2016 3:3:11] /a 3
[4/6/2016 3:3:11] /a 3
[4/6/2016 3:3:11] /a 3
[4/6/2016 3:3:12] /a 3
[4/6/2016 3:3:12] /a 3
[4/6/2016 3:3:12] /a 3
[4/6/2016 3:3:12] /a 3
[4/6/2016 3:3:13] /a 3
[4/6/2016 3:3:13] /a 3
[4/6/2016 3:3:13] /a 3
[4/6/2016 3:3:14] /a 3
[4/6/2016 3:3:14] /a 3
[4/6/2016 3:3:14] /a 3
[4/6/2016 3:3:15] /a 3
[4/6/2016 3:3:15] /a 3
[4/6/2016 3:3:15] /a 3
[4/6/2016 3:3:15] /a 3
[4/6/2016 3:3:17] /a 3
[4/6/2016 3:3:18] /a 3
[4/6/2016 3:3:18] /a 3
[4/6/2016 3:4:30] /sshutdown
[4/6/2016 3:4:39] /a 3
[4/6/2016 3:4:40] /a 3
[4/6/2016 3:4:41] /a 3
[4/6/2016 3:4:41] /a 3
[4/6/2016 3:4:42] /a 3
[4/6/2016 3:4:43] /a 3
[4/6/2016 3:4:43] /a 3
[4/6/2016 3:4:43] /a 3
[4/6/2016 3:4:44] /a 3
[4/6/2016 3:4:44] /a 3
[4/6/2016 3:4:44] /a 3
[4/6/2016 3:4:44] /a 3
[4/6/2016 3:4:44] /a 3
[4/6/2016 3:4:44] /a 3
[4/6/2016 3:4:45] /a 3
[4/6/2016 3:4:45] /a 3
[4/6/2016 3:4:49] /a 20
[4/6/2016 3:4:50] /a 20
[4/6/2016 3:4:50] /a 20
[4/6/2016 3:4:54] /a 40
[4/6/2016 3:4:55] /a 3
[4/6/2016 3:4:56] /a 3
[4/6/2016 3:4:58] /a 3
[4/6/2016 3:4:58] /a 3
[4/6/2016 3:4:59] /a 3
[4/6/2016 3:4:59] /a 3
[4/6/2016 3:4:59] /a 3
[4/6/2016 3:4:59] /a 3
[4/6/2016 3:5:0] /a 3
[4/6/2016 3:5:0] /a 3
[4/6/2016 3:5:0] /a 3
[4/6/2016 3:5:1] /a 3
[4/6/2016 3:5:1] /a 3
[4/6/2016 3:5:1] /a 3
[4/6/2016 3:5:1] /a 3
[4/6/2016 3:5:1] /a 3
[4/6/2016 3:5:2] /a 3
[4/6/2016 3:5:2] /a 3
[4/6/2016 3:5:2] /a 3
[4/6/2016 3:5:4] /a 3
[4/6/2016 3:5:4] /a 3
[4/6/2016 3:5:4] /a 3
[4/6/2016 3:5:4] /a 3
[4/6/2016 3:5:5] /a 3
[4/6/2016 3:5:5] /a 3
[4/6/2016 3:5:5] /a 3
[4/6/2016 3:5:6] /a 3
[4/6/2016 3:5:6] /a 3
[4/6/2016 3:5:6] /a 3
[4/6/2016 3:5:6] /a 3
[4/6/2016 3:5:6] /a 3
[4/6/2016 3:5:7] /a 3
[4/6/2016 3:5:7] /a 3
[4/6/2016 3:5:7] /a 3
[4/6/2016 3:5:19] /a 3
[4/6/2016 3:5:20] /a 3
[4/6/2016 3:5:23] /m crystal samurai
[4/6/2016 3:5:48] /rreload monsters
[4/6/2016 3:5:49] /m crystal samurai
[4/6/2016 3:5:53] /a 3
[4/6/2016 3:5:53] /a 3
[4/6/2016 3:5:55] /t
[4/6/2016 3:5:57] /a 3
[4/6/2016 3:5:57] /a 3
[4/6/2016 3:7:33] /a 3
[4/6/2016 3:7:33] /a 3
[4/6/2016 3:7:33] /a 3
[4/6/2016 3:7:34] /a 3
[4/6/2016 3:7:34] /a 3
[4/6/2016 3:7:34] /a 3
[4/6/2016 3:7:34] /a 3
[4/6/2016 3:7:34] /a 3
[4/6/2016 3:7:35] /a 3
[4/6/2016 3:7:35] /a 3
[4/6/2016 3:7:35] /a 3
[4/6/2016 3:7:35] /a 3
[4/6/2016 3:7:35] /a 3
[4/6/2016 3:7:36] /a 3
[4/6/2016 3:7:36] /a 3
[4/6/2016 3:7:36] /a 3
[4/6/2016 3:7:36] /a 3
[4/6/2016 3:7:36] /a 3
[4/6/2016 3:7:36] /a 3
[4/6/2016 3:7:37] /a 3
[4/6/2016 3:7:37] /a 3
[4/6/2016 3:7:40] /a 3
[4/6/2016 3:7:40] /a 3
[4/6/2016 3:7:40] /a 3
[4/6/2016 3:7:41] /a 3
[4/6/2016 3:7:42] /a 3
[4/6/2016 3:7:43] /a 3
[4/6/2016 3:7:43] /a 3
[4/6/2016 3:7:43] /a 3
[4/6/2016 3:7:43] /a 3
[4/6/2016 3:7:44] /a 3
[4/6/2016 3:7:45] /a 3
[4/6/2016 3:30:48] /sshutdown
[4/6/2016 3:37:10] /t
[4/6/2016 3:37:34] /a 3
[4/6/2016 3:37:34] /a 3
[4/6/2016 3:37:34] /a 3
[4/6/2016 3:37:35] /a 3
[4/6/2016 3:37:35] /a 3
[4/6/2016 3:37:35] /a 3
[4/6/2016 3:37:35] /a 3
[4/6/2016 3:37:35] /a 3
[4/6/2016 3:37:35] /a 3
[4/6/2016 3:37:35] /a 3
[4/6/2016 3:37:35] /a 3
[4/6/2016 3:37:35] /a 3
[4/6/2016 3:37:35] /a 3
[4/6/2016 3:37:35] /a 3
[4/6/2016 3:37:35] /a 3
[4/6/2016 3:37:35] /a 3
[4/6/2016 3:37:35] /a 3
[4/6/2016 3:37:35] /a 3
[4/6/2016 3:37:35] /a 3
[4/6/2016 3:37:35] /a 3
[4/6/2016 3:37:35] /a 3
[4/6/2016 3:37:35] /a 3
[4/6/2016 3:37:35] /a 3
[4/6/2016 3:37:35] /a 3
[4/6/2016 3:37:35] /a 3
[4/6/2016 3:37:35] /a 3
[4/6/2016 3:37:35] /a 3
[4/6/2016 3:37:35] /a 3
[4/6/2016 3:37:35] /a 3
[4/6/2016 3:37:36] /a 3
[4/6/2016 3:37:36] /a 3
[4/6/2016 3:37:36] /a 3
[4/6/2016 3:37:41] /a 3
[4/6/2016 3:40:19] /goto kyuubi
[4/6/2016 3:40:21] /a
[4/6/2016 3:40:21] /r
[4/6/2016 3:40:22] /a
[4/6/2016 3:40:24] /goto kyuubi
[4/6/2016 3:40:27] /r
[4/6/2016 3:40:28] /goto kyuubi
[4/6/2016 3:40:30] /goto kyuubi
[4/6/2016 3:40:33] /goto gobi
[4/6/2016 4:5:14] /ccloseserver
[4/6/2016 4:11:55] /oopenserver
[4/6/2016 4:12:29] /sshutdown
[4/6/2016 4:13:1] /ccloseserver
[4/6/2016 4:19:4] /a 3
[4/6/2016 4:19:4] /a 3
[4/6/2016 4:19:4] /a 3
[4/6/2016 4:19:4] /a 3
[4/6/2016 4:19:4] /a 3
[4/6/2016 4:19:4] /a 3
[4/6/2016 4:19:5] /a 3
[4/6/2016 4:19:5] /a 3
[4/6/2016 4:19:5] /a 3
[4/6/2016 4:19:5] /a 3
[4/6/2016 4:19:5] /a 3
[4/6/2016 4:19:5] /a 3
[4/6/2016 4:19:6] /a 3
[4/6/2016 4:19:6] /a 3
[4/6/2016 4:19:6] /a 3
[4/6/2016 4:19:6] /a 3
[4/6/2016 4:19:7] /a 3
[4/6/2016 4:19:7] /a 3
[4/6/2016 4:19:7] /a 3
[4/6/2016 4:19:7] /a 3
[4/6/2016 4:19:7] /a 3
[4/6/2016 4:19:8] /a 3
[4/6/2016 4:19:8] /a 3
[4/6/2016 4:19:8] /a 3
[4/6/2016 4:19:9] /a 3
[4/6/2016 4:19:9] /a 3
[4/6/2016 4:19:9] /a 3
[4/6/2016 4:19:9] /a 3
[4/6/2016 4:19:10] /a 3
[4/6/2016 4:19:10] /a 3
[4/6/2016 4:19:48] /a 3
[4/6/2016 4:19:48] /a 3
[4/6/2016 4:19:48] /a 3
[4/6/2016 4:19:48] /a 3
[4/6/2016 4:19:48] /a 3
[4/6/2016 4:19:48] /a 3
[4/6/2016 4:19:48] /a 3
[4/6/2016 4:19:48] /a 3
[4/6/2016 4:19:48] /a 3
[4/6/2016 4:19:48] /a 3
[4/6/2016 4:19:48] /a 3
[4/6/2016 4:19:49] /a 3
[4/6/2016 4:19:49] /a 3
[4/6/2016 4:19:49] /a 3
[4/6/2016 4:19:49] /a 3
[4/6/2016 4:19:49] /a 3
[4/6/2016 4:19:49] /a 3
[4/6/2016 4:19:49] /a 3
[4/6/2016 4:19:49] /a 3
[4/6/2016 4:19:49] /a 3
[4/6/2016 4:19:49] /a 3
[4/6/2016 4:19:49] /a 3
[4/6/2016 4:19:49] /a 3
[4/6/2016 4:19:49] /a 3
[4/6/2016 4:19:49] /a 3
[4/6/2016 4:19:49] /a 3
[4/6/2016 4:19:49] /a 3
[4/6/2016 4:19:49] /a 3
[4/6/2016 4:19:49] /a 3
[4/6/2016 4:19:49] /a 3
[4/6/2016 4:19:49] /a 3
[4/6/2016 4:19:51] /a
[4/6/2016 4:21:49] /rreload actions
[4/6/2016 4:21:53] /a 3
[4/6/2016 4:21:53] /a 3
[4/6/2016 4:21:53] /a 3
[4/6/2016 4:21:54] /a 3
[4/6/2016 4:21:54] /a 3
[4/6/2016 4:21:54] /a 3
[4/6/2016 4:21:54] /a 3
[4/6/2016 4:21:54] /a 3
[4/6/2016 4:21:54] /a 3
[4/6/2016 4:21:55] /a 3
[4/6/2016 4:21:55] /a 3
[4/6/2016 4:21:55] /a 3
[4/6/2016 4:21:55] /a 3
[4/6/2016 4:21:56] /a 3
[4/6/2016 4:21:56] /a 3
[4/6/2016 4:21:57] /a 3
[4/6/2016 4:21:57] /a 3
[4/6/2016 4:21:57] /a 3
[4/6/2016 4:21:57] /a 3
[4/6/2016 4:21:58] /a 3
[4/6/2016 4:21:58] /a 3
[4/6/2016 4:21:58] /a 3
[4/6/2016 4:21:59] /a 3
[4/6/2016 4:21:59] /a 3
[4/6/2016 4:21:59] /a 3
[4/6/2016 4:22:0] /a 3
[4/6/2016 4:22:0] /a 3
[4/6/2016 4:22:0] /a 3
[4/6/2016 4:22:0] /a 3
[4/6/2016 4:22:0] /a 3
[4/6/2016 4:22:0] /a 3
[4/6/2016 4:22:0] /a 3
[4/6/2016 4:22:0] /a 3
[4/6/2016 4:22:0] /a 3
[4/6/2016 4:22:0] /a 3
[4/6/2016 4:22:0] /a 3
[4/6/2016 4:22:1] /a 3
[4/6/2016 4:22:1] /a 3
[4/6/2016 4:22:1] /a 3
[4/6/2016 4:22:1] /a 3
[4/6/2016 4:22:1] /a 3
[4/6/2016 4:22:1] /a 3
[4/6/2016 4:22:1] /a 3
[4/6/2016 4:22:1] /a 3
[4/6/2016 4:22:1] /a 3
[4/6/2016 4:22:1] /a 3
[4/6/2016 4:22:1] /a 3
[4/6/2016 4:22:1] /a 3
[4/6/2016 4:22:1] /a 3
[4/6/2016 4:22:1] /a 3
[4/6/2016 4:22:1] /a 3
[4/6/2016 4:22:1] /a 3
[4/6/2016 4:22:1] /a 3
[4/6/2016 4:22:2] /a 3
[4/6/2016 4:22:2] /a 3
[4/6/2016 4:22:2] /a 3
[4/6/2016 4:22:2] /a 3
[4/6/2016 4:22:3] /a 3
[4/6/2016 4:22:3] /a 3
[4/6/2016 4:22:3] /a 3
[4/6/2016 4:22:3] /a 3
[4/6/2016 4:22:3] /a 3
[4/6/2016 4:22:3] /a 3
[4/6/2016 4:22:3] /a 3
[4/6/2016 4:22:3] /a 3
[4/6/2016 4:22:4] /a 3
[4/6/2016 4:22:4] /a 3
[4/6/2016 4:22:4] /a 3
[4/6/2016 4:22:4] /a 3
[4/6/2016 4:22:4] /a 3
[4/6/2016 4:22:4] /a 3
[4/6/2016 4:22:4] /a 3
[4/6/2016 4:22:4] /a 3
[4/6/2016 4:22:4] /a 3
[4/6/2016 4:22:4] /a 3
[4/6/2016 4:22:5] /a 3
[4/6/2016 4:22:5] /a 3
[4/6/2016 4:22:5] /a 3
[4/6/2016 4:22:5] /a 3
[4/6/2016 4:22:5] /a 3
[4/6/2016 4:22:5] /a 3
[4/6/2016 4:22:6] /a 3
[4/6/2016 4:22:6] /a 3
[4/6/2016 4:22:6] /a 3
[4/6/2016 4:22:6] /a 3
[4/6/2016 4:22:6] /a 3
[4/6/2016 4:22:6] /a 3
[4/6/2016 4:22:6] /a 3
[4/6/2016 4:22:6] /a 3
[4/6/2016 4:22:6] /a 3
[4/6/2016 4:22:6] /a 3
[4/6/2016 4:22:6] /a 3
[4/6/2016 4:22:6] /a 3
[4/6/2016 4:22:6] /a 3
[4/6/2016 4:22:6] /a 3
[4/6/2016 4:22:7] /a 3
[4/6/2016 4:22:7] /a 3
[4/6/2016 4:22:7] /a 3
[4/6/2016 4:22:7] /a 3
[4/6/2016 4:22:7] /a 3
[4/6/2016 4:22:7] /a 3
[4/6/2016 4:22:7] /a 3
[4/6/2016 4:22:7] /a 3
[4/6/2016 4:22:7] /a 3
[4/6/2016 4:22:7] /a 3
[4/6/2016 4:22:7] /a 3
[4/6/2016 4:22:7] /a 3
[4/6/2016 4:22:7] /a 3
[4/6/2016 4:22:7] /a 3
[4/6/2016 4:22:7] /a 3
[4/6/2016 4:22:7] /a 3
[4/6/2016 4:22:7] /a 3
[4/6/2016 4:22:7] /a 3
[4/6/2016 4:22:7] /a 3
[4/6/2016 4:22:8] /a 3
[4/6/2016 4:22:8] /a 3
[4/6/2016 4:22:9] /a 3
[4/6/2016 4:22:9] /a 3
[4/6/2016 4:22:9] /a 3
[4/6/2016 4:22:9] /a 3
[4/6/2016 4:22:10] /a 3
[4/6/2016 4:22:10] /a 3
[4/6/2016 4:22:10] /a 3
[4/6/2016 4:22:10] /a 3
[4/6/2016 4:22:11] /a 3
[4/6/2016 4:22:12] /a 3
[4/6/2016 4:22:14] /a 50
[4/6/2016 4:22:16] /a 30
[4/6/2016 4:22:18] /a 20
[4/6/2016 4:37:38] /sshutdown
[4/6/2016 4:48:24] /a
[4/6/2016 4:48:25] /up
[4/6/2016 4:48:31] /up
[4/6/2016 4:48:33] /a 5
[4/6/2016 4:48:36] /up
[4/6/2016 4:48:38] /a 
[4/6/2016 4:48:39] /a 
[4/6/2016 4:48:40] /up
[4/6/2016 4:48:49] /a 10
[4/6/2016 4:48:50] /up
[4/6/2016 5:2:48] /sshutdown
[4/6/2016 5:2:59] /a 3
[4/6/2016 5:3:0] /a 3
[4/6/2016 5:3:0] /a 3
[4/6/2016 5:3:0] /a 3
[4/6/2016 5:3:0] /a 3
[4/6/2016 5:3:0] /a 3
[4/6/2016 5:3:0] /a 3
[4/6/2016 5:3:1] /a 3
[4/6/2016 5:3:1] /a 3
[4/6/2016 5:3:1] /a 3
[4/6/2016 5:3:1] /a 3
[4/6/2016 5:3:1] /a 3
[4/6/2016 5:3:2] /a 3
[4/6/2016 5:3:2] /a 3
[4/6/2016 5:3:2] /a 3
[4/6/2016 5:3:2] /a 3
[4/6/2016 5:10:33] /sshutdown
[4/6/2016 5:10:43] /ccloseserver
[4/6/2016 12:42:6] /c ashura
[4/6/2016 12:53:7] /r
[4/6/2016 12:53:43] /r
[4/6/2016 12:55:2] /r
