[21/3/2017 23:34:23] /goto Jesus Cristo
[21/3/2017 23:34:31] /goto the cool
[21/3/2017 23:34:45] /goto the cool
[21/3/2017 23:34:46] /goto the cool
[21/3/2017 23:34:47] /goto the cool
[21/3/2017 23:34:47] /goto the cool
[21/3/2017 23:34:48] /goto the cool
[21/3/2017 23:35:8] /ghost
[21/3/2017 23:35:30] /b escutem crianças
[21/3/2017 23:35:38] /b escutem crianças
[21/3/2017 23:35:48] /goto Heal Master
[21/3/2017 23:35:52] /ghost
[21/3/2017 23:36:20] /ghost
[21/3/2017 23:36:35] /ghost
[21/3/2017 23:38:3] /ii vale vocation tobirama
[21/3/2017 23:38:13] /ghost
[21/3/2017 23:38:26] /goto amorizio
[21/3/2017 23:38:32] /ghost
[21/3/2017 23:38:50] /ghost
[21/3/2017 23:39:19] /ghost
[21/3/2017 23:39:55] /ii 1514
[21/3/2017 23:40:1] /ii 1514
[21/3/2017 23:40:41] /b PRAU
[21/3/2017 23:40:41] /b PRAU
[21/3/2017 23:40:42] /b PRAU
[21/3/2017 23:40:42] /b PRAU
[21/3/2017 23:40:49] /goto excurrega
[21/3/2017 23:41:20] /r
[21/3/2017 23:41:32] /ii 9118
[21/3/2017 23:41:48] /r
[21/3/2017 23:41:49] /r
[21/3/2017 23:41:56] /r
[21/3/2017 23:41:58] /r
[21/3/2017 23:41:59] /r
[21/3/2017 23:42:6] /r
[21/3/2017 23:42:7] /r
[21/3/2017 23:42:9] /r
[21/3/2017 23:42:19] /down
[21/3/2017 23:42:22] /a
[21/3/2017 23:42:30] /r
[21/3/2017 23:42:31] /r
[21/3/2017 23:42:33] /r
[21/3/2017 23:42:34] /r
[21/3/2017 23:42:36] /a
[21/3/2017 23:43:19] /a 1
[21/3/2017 23:43:19] /a 1
[21/3/2017 23:43:19] /a 1
[21/3/2017 23:43:19] /a 1
[21/3/2017 23:43:19] /a 1
[21/3/2017 23:43:19] /a 1
[21/3/2017 23:43:19] /a 1
[21/3/2017 23:43:19] /a 1
[21/3/2017 23:43:19] /a 1
[21/3/2017 23:43:20] /a 1
[21/3/2017 23:43:20] /a 1
[21/3/2017 23:43:20] /a 1
[21/3/2017 23:43:20] /a 1
[21/3/2017 23:43:20] /a 1
[21/3/2017 23:43:20] /a 1
[21/3/2017 23:43:20] /a 1
[21/3/2017 23:43:20] /a 1
[21/3/2017 23:43:20] /a 1
[21/3/2017 23:43:20] /a 1
[21/3/2017 23:43:20] /a 1
[21/3/2017 23:43:20] /a 1
[21/3/2017 23:43:20] /a 1
[21/3/2017 23:43:20] /a 1
[21/3/2017 23:43:20] /a 1
[21/3/2017 23:43:20] /a 1
[21/3/2017 23:43:20] /a 1
[21/3/2017 23:43:20] /a 1
[21/3/2017 23:43:20] /a 1
[21/3/2017 23:43:20] /a 1
[21/3/2017 23:43:20] /a 1
[21/3/2017 23:43:20] /a 1
[21/3/2017 23:43:20] /a 1
[21/3/2017 23:43:20] /a 1
[21/3/2017 23:43:20] /a 1
[21/3/2017 23:43:20] /a 1
[21/3/2017 23:43:20] /a 1
[21/3/2017 23:43:21] /a 1
[21/3/2017 23:43:21] /a 1
[21/3/2017 23:43:21] /a 1
[21/3/2017 23:43:21] /a 1
[21/3/2017 23:43:21] /a 1
[21/3/2017 23:43:21] /a 1
[21/3/2017 23:43:21] /a 1
[21/3/2017 23:43:22] /goto amorizio
[21/3/2017 23:43:51] /b eu sou jesus
[21/3/2017 23:43:58] /b eu sou jesus, eu ando sobre as asguas
[21/3/2017 23:44:3] /b alguem duvida ?
[21/3/2017 23:44:19] /goto Killed The Fire
[21/3/2017 23:45:54] /goto Kakashi Owned
[21/3/2017 23:46:35] /goto Amorizio
[21/3/2017 23:46:41] /a
[21/3/2017 23:47:57] /a 2
[21/3/2017 23:48:42] /down
[21/3/2017 23:48:43] /down
[21/3/2017 23:58:28] /goto the cool
[21/3/2017 23:58:33] /goto the cool
[22/3/2017 0:0:5] /a 2
[22/3/2017 0:0:31] /ii 2160
[22/3/2017 0:2:10] /ii aple
[22/3/2017 0:2:17] /ii apple
[22/3/2017 0:2:25] /a 1
[22/3/2017 0:2:26] /a 1
[22/3/2017 0:2:28] /a 1
[22/3/2017 0:2:30] /a 1
[22/3/2017 0:2:33] /a 1
[22/3/2017 0:2:33] /a 1
[22/3/2017 0:2:34] /a 1
[22/3/2017 0:2:34] /a 1
[22/3/2017 0:2:34] /a 1
[22/3/2017 0:2:35] /a 1
[22/3/2017 0:2:35] /a 1
[22/3/2017 0:2:35] /a 1
[22/3/2017 0:2:36] /a 1
[22/3/2017 0:2:40] /goto senju nobre
[27/3/2017 2:46:7] /up
[12/3/2018 3:7:44] /bc red O servidor será reiniciado mais uma vez !
[12/3/2018 3:7:47] /bc green Voltamos Já !
[12/3/2018 3:7:48] /save
[12/3/2018 3:7:51] /sshutdown
[12/3/2018 3:9:32] /sshutdown
[12/3/2018 3:12:33] /goto Naruto da Akatsuki
[12/3/2018 3:12:54] /nn Naruto da Akatsuki
[12/3/2018 3:13:10] /goto Naruto da Akatsuki
[12/3/2018 3:13:19] /goto Naruto da Akatsuki~
[12/3/2018 3:26:24] /t
[12/3/2018 3:26:25] /down
[12/3/2018 3:26:27] /a 5
[12/3/2018 3:26:27] /a 5
[12/3/2018 3:26:29] /a 5
[12/3/2018 3:27:52] /bc green Voce já está aproveitando o Recanto das Bijus ? Nova area de Caça/Quest para level 600 + , Basta viajar pela minora, para acessar a ailha tem um valor de 15 gold.
[12/3/2018 3:27:57] /bc green Voce já está aproveitando o Recanto das Bijus ? Nova area de Caça/Quest para level 600 + , Basta viajar pela minora, para acessar a ailha tem um valor de 15 gold.
[12/3/2018 3:27:59] /bc green Voce já está aproveitando o Recanto das Bijus ? Nova area de Caça/Quest para level 600 + , Basta viajar pela minora, para acessar a ailha tem um valor de 15 gold.
[12/3/2018 3:28:3] /bc blue Voce já está aproveitando o Recanto das Bijus ? Nova area de Caça/Quest para level 600 + , Basta viajar pela minora, para acessar a ailha tem um valor de 15 gold.
[12/3/2018 3:28:24] /ghost
[12/3/2018 3:29:12] /goto well taco kamui
[12/3/2018 3:29:14] /goto well taco kamui
[12/3/2018 3:29:22] /goto well taco kamui
[12/3/2018 3:31:36] /goto well taco kamui
[12/3/2018 3:33:22] /bc green Baixem client 0.7 para evitar Debugs !
[12/3/2018 3:33:25] /bc green Baixem client 0.7 para evitar Debugs !
[12/3/2018 3:34:22] /bc green Baixem client 0.7 para evitar Debugs !
[12/3/2018 3:34:49] /goto well taco kamui
[12/3/2018 3:34:58] /goto shukaku recanto
[12/3/2018 3:41:36] /bc green Baixem client 0.7 Para não tomar Debugs !
[12/3/2018 3:53:21] /t
[12/3/2018 3:55:3] /info kamui
[22/3/2018 1:0:13] /ghost
