[2/5/2018 2:5:25] /newtype 50
[2/5/2018 2:5:29] /newtype 400
[2/5/2018 2:5:32] /newtype 420
[2/5/2018 2:5:38] /newtype 250
[2/5/2018 2:5:41] /newtype 600
[2/5/2018 2:6:5] /newtype 1200
[2/5/2018 2:6:9] /newtype 1201
[2/5/2018 2:6:13] /newtype 1202
[2/5/2018 2:6:17] /newtype 1203
[2/5/2018 2:6:20] /newtype 1204
[2/5/2018 2:6:22] /newtype 1205
[2/5/2018 2:6:33] /newtype 1206
[2/5/2018 2:6:36] /newtype 1207
[2/5/2018 2:6:38] /newtype 1208
[2/5/2018 2:6:51] /newtype 1209
[2/5/2018 2:7:8] /newtype 12010
[2/5/2018 2:8:44] /newtype 1210
[2/5/2018 2:8:46] /newtype 1211
[2/5/2018 2:8:49] /newtype 1212
[2/5/2018 2:8:52] /newtype 1213
[2/5/2018 2:8:56] /newtype 1215
[2/5/2018 2:8:58] /newtype 1216
[2/5/2018 2:9:0] /newtype 1217
[2/5/2018 2:9:2] /newtype 1218
[2/5/2018 2:9:4] /newtype 1219
[2/5/2018 2:9:52] /t
[2/5/2018 2:10:34] /ghost
[2/5/2018 2:10:43] /newtype 1100
[2/5/2018 2:10:48] /newtype 1
[2/5/2018 2:13:53] /newtype 1212
[2/5/2018 2:14:1] /newtype 950
[2/5/2018 2:14:7] /newtype 960
[2/5/2018 2:16:9] /town 2
[2/5/2018 2:16:20] /goto tutor rocky
[2/5/2018 2:16:30] /goto clark kent
[2/5/2018 11:2:36] /t
[2/5/2018 11:2:46] /newtype 800
[2/5/2018 11:2:50] /newtype 801
[2/5/2018 11:2:51] /newtype 802
[2/5/2018 11:2:52] /newtype 803
[2/5/2018 11:2:54] /newtype 804
[2/5/2018 11:2:56] /newtype 805
[2/5/2018 11:2:57] /newtype 806
[2/5/2018 11:2:59] /newtype 807
[2/5/2018 11:3:1] /newtype 808
[2/5/2018 11:3:2] /newtype 809
[2/5/2018 11:3:5] /newtype 810
[2/5/2018 11:3:8] /newtype 811
[2/5/2018 11:3:9] /newtype 811
[2/5/2018 11:3:11] /newtype 812
[2/5/2018 11:3:13] /newtype 813
[2/5/2018 11:3:15] /newtype 814
[2/5/2018 11:3:17] /newtype 815
[2/5/2018 11:3:18] /newtype 816
[2/5/2018 11:3:24] /newtype 817
[2/5/2018 11:3:26] /newtype 818
[2/5/2018 11:3:28] /newtype 819
[2/5/2018 11:3:42] /newtype 830
[2/5/2018 11:3:47] /newtype 829
[2/5/2018 11:3:49] /newtype 828
[2/5/2018 11:3:59] /newtype 840
[2/5/2018 11:4:1] /newtype 841
[2/5/2018 11:4:3] /newtype 842
[2/5/2018 11:4:4] /newtype 843
[2/5/2018 11:6:22] /up
[2/5/2018 11:6:28] /newtype 844
[2/5/2018 11:6:30] /newtype 845
[2/5/2018 11:6:32] /newtype 846
[2/5/2018 11:6:33] /newtype 847
[2/5/2018 15:20:56] /t
[2/5/2018 15:21:3] /ghost
[10/5/2018 8:22:35] /t
[10/5/2018 8:23:49] /newtype 1100
[10/5/2018 8:23:54] /newtype 700
[10/5/2018 8:23:57] /newtype 701
[10/5/2018 8:23:58] /newtype 702
[10/5/2018 8:23:59] /newtype 703
[10/5/2018 8:24:0] /newtype 704
[10/5/2018 8:24:1] /newtype 705
[10/5/2018 8:24:2] /newtype 706
[10/5/2018 8:24:4] /newtype 707
[10/5/2018 8:24:5] /newtype 708
[10/5/2018 8:24:9] /newtype 709
[10/5/2018 8:24:13] /newtype 710
[10/5/2018 8:24:18] /newtype 711
[10/5/2018 8:24:20] /newtype 712
[10/5/2018 8:24:21] /newtype 713
[10/5/2018 8:24:23] /newtype 714
[10/5/2018 8:24:24] /newtype 715
[10/5/2018 8:24:25] /newtype 716
[10/5/2018 8:24:27] /newtype 715
[15/5/2018 13:38:4] /goto Jorge Sete
[15/5/2018 13:38:13] /ghost
[15/5/2018 13:38:17] /ghost
[15/5/2018 13:38:45] /a 4
[15/5/2018 13:38:48] /a 4
[15/5/2018 13:38:59] /t
[15/5/2018 13:39:7] /goto [GM] KillSwitch
[15/5/2018 13:40:19] /goto tutor rocky
[15/5/2018 13:40:54] /a 50
[15/5/2018 13:41:2] /a 50
[15/5/2018 13:41:4] /a 50
[15/5/2018 13:41:8] /a 200
[15/5/2018 13:41:11] /a 150
[15/5/2018 13:41:14] /a 120
[2/6/2018 11:14:50] /newtype 2
[2/6/2018 11:14:52] /newtype 6
[2/6/2018 11:14:56] /newtype 89
[2/6/2018 11:14:59] /newtype 8
[2/6/2018 11:15:2] /newtype 9
[2/6/2018 11:15:5] /newtype 110
[2/6/2018 11:15:8] /newtype 11
[2/6/2018 11:15:12] /newtype 15
[2/6/2018 11:15:16] /newtype 27
[2/6/2018 11:15:25] /newtype 1300
[2/6/2018 11:15:57] /newtype 1234
[2/6/2018 11:16:3] /newtype 123
[2/6/2018 11:16:8] /newtype 127
[2/6/2018 11:16:55] /newtype 126
[2/6/2018 11:17:2] /newtype 128
[2/6/2018 11:17:24] /newtype 1300
[2/6/2018 11:17:28] /newtype 300
[2/6/2018 11:17:33] /newtype 400
[2/6/2018 11:17:58] /newtype 401
[2/6/2018 11:18:4] /newtype 402
[2/6/2018 11:18:6] /newtype 403
[2/6/2018 11:18:9] /newtype 404
[2/6/2018 11:18:11] /newtype 405
[2/6/2018 11:18:13] /newtype 40
[2/6/2018 11:18:17] /newtype 406
[2/6/2018 11:18:20] /newtype 407
[2/6/2018 11:18:24] /newtype 408
[2/6/2018 11:18:27] /newtype 409
[2/6/2018 11:18:31] /newtype 410
[2/6/2018 11:18:33] /newtype 411
[2/6/2018 11:18:35] /newtype 412
[2/6/2018 11:18:37] /newtype 413
[2/6/2018 11:18:40] /newtype 416
[2/6/2018 11:18:43] /newtype 418
[2/6/2018 11:18:46] /newtype 419
[2/6/2018 11:18:49] /newtype 420
[2/6/2018 11:18:53] /newtype 421
[2/6/2018 11:18:55] /newtype 422
[2/6/2018 11:18:57] /newtype 423
[2/6/2018 11:18:59] /newtype 424
[2/6/2018 11:19:1] /newtype 426
[2/6/2018 11:19:4] /newtype 427
[2/6/2018 11:19:7] /newtype 428
[2/6/2018 11:19:10] /newtype 429
[2/6/2018 11:19:15] /newtype 430
[2/6/2018 11:19:20] /newtype 431
[2/6/2018 11:19:22] /newtype 432
[2/6/2018 11:19:23] /newtype 433
[2/6/2018 11:19:25] /newtype 433
[2/6/2018 11:19:35] /newtype 435
[2/6/2018 11:23:12] /newtype 438
[2/6/2018 11:23:15] /newtype 439
[2/6/2018 11:23:20] /newtype 450
[2/6/2018 11:23:24] /newtype 459
[2/6/2018 11:23:29] /newtype 460
[2/6/2018 11:25:8] /newtype 461
[2/6/2018 11:25:14] /newtype 466
[2/6/2018 11:25:20] /newtype 469
[2/6/2018 11:25:26] /newtype 470
[2/6/2018 11:25:32] /newtype 480
[2/6/2018 11:25:38] /newtype 481
[2/6/2018 11:25:40] /newtype 482
[2/6/2018 11:25:42] /newtype 483
[2/6/2018 11:25:45] /newtype 484
[2/6/2018 12:19:6] /goto japa
[2/6/2018 12:19:25] /ghost
[2/6/2018 12:21:30] /goto akachy
[2/6/2018 12:21:43] /goto michael temer
[2/6/2018 12:21:46] /goto michael temer
[2/6/2018 12:22:59] /goto Kurama
[2/6/2018 12:23:12] /goto Hinata Hyuuga
[2/6/2018 12:23:20] /goto Hinata Hyuuga
[2/6/2018 12:23:25] /goto Hinata Hyuuga
[2/6/2018 12:23:27] /goto Hinata Hyuuga
[2/6/2018 12:23:29] /goto Hinata Hyuuga
[2/6/2018 12:23:30] /goto Hinata Hyuuga
[2/6/2018 12:23:31] /goto Hinata Hyuuga
[2/6/2018 12:23:32] /goto Hinata Hyuuga
[2/6/2018 12:23:33] /goto Hinata Hyuuga
[2/6/2018 12:23:34] /goto Hinata Hyuuga
[2/6/2018 12:23:37] /goto Hinata Hyuuga
[2/6/2018 12:23:42] /goto Hinata Hyuuga
[2/6/2018 12:23:44] /goto Hinata Hyuuga
[2/6/2018 12:23:46] /goto Hinata Hyuuga
[2/6/2018 12:23:52] /goto Hinata Hyuuga
[2/6/2018 12:23:57] /goto Hinata Hyuuga
[2/6/2018 12:24:13] /newtype 3
[2/6/2018 12:24:15] /newtype 6
[2/6/2018 12:24:17] /newtype 100
[2/6/2018 12:24:21] /newtype 400
[2/6/2018 12:24:24] /newtype 600
[2/6/2018 12:24:26] /newtype 687
[2/6/2018 12:24:29] /newtype 900
[2/6/2018 12:24:34] /newtype 110
[2/6/2018 12:24:36] /newtype 10
[2/6/2018 12:24:38] /newtype 11
[2/6/2018 12:24:41] /newtype 2
[2/6/2018 12:24:43] /newtype 3
[2/6/2018 12:24:45] /newtype 4
[2/6/2018 12:24:46] /newtype 5
[2/6/2018 12:24:48] /newtype 6
[2/6/2018 12:24:50] /newtype 7
[2/6/2018 12:24:52] /newtype 8
[2/6/2018 12:24:53] /newtype 9
[2/6/2018 12:24:55] /newtype 10
[2/6/2018 12:24:57] /newtype 11
[2/6/2018 12:25:1] /newtype 12
[2/6/2018 12:25:2] /newtype 13
[2/6/2018 12:25:4] /newtype 14
[2/6/2018 12:25:5] /newtype 15
[2/6/2018 12:25:7] /newtype 16
[2/6/2018 12:25:9] /newtype 17
[2/6/2018 12:25:13] /newtype 18
[2/6/2018 12:25:16] /newtype 19
[2/6/2018 12:25:34] /newtype 20
[2/6/2018 12:25:36] /newtype 21
[2/6/2018 12:25:38] /newtype 22
[2/6/2018 12:25:40] /newtype 23
[2/6/2018 12:25:42] /newtype 24
[2/6/2018 12:25:43] /newtype 25
[2/6/2018 12:25:45] /newtype 26
[2/6/2018 12:25:47] /newtype 27
[2/6/2018 12:25:48] /newtype 28
[2/6/2018 12:25:50] /newtype 10
[2/6/2018 12:25:53] /newtype 30
[2/6/2018 12:25:56] /newtype 31
[2/6/2018 12:25:58] /newtype 33
[2/6/2018 12:26:0] /newtype 34
[2/6/2018 12:26:1] /newtype 36
[2/6/2018 12:26:4] /newtype 40
[2/6/2018 12:26:6] /newtype 41
[2/6/2018 12:26:7] /newtype 42
[2/6/2018 12:26:9] /newtype 43
[2/6/2018 12:26:10] /newtype 44
[2/6/2018 12:26:11] /newtype 45
[2/6/2018 12:26:13] /newtype 50
[2/6/2018 12:26:16] /newtype 60
[2/6/2018 12:26:19] /newtype 67
[2/6/2018 12:26:22] /newtype 60
[2/6/2018 12:26:25] /newtype 89
[2/6/2018 12:26:44] /goto Merlin
[2/6/2018 12:26:48] /goto Merlin
[2/6/2018 12:26:56] /goto Tutor Merlin
[2/6/2018 12:27:9] /goto fang
[1/9/2018 19:7:28] /t
[1/9/2018 19:7:56] /goto Fire The Bee
