[10/7/2016 17:1:27] /b Glr Vou Fazer 1 Pergunta e Respondam No Help Qm Acertar Ganhara Uma Kage Shuriken '-'
[10/7/2016 17:2:20] /b Qm e o Pai Do Sasuke e Do Itachi ?
[10/7/2016 17:3:12] /b Ngm Acerto Ainda '-'
[10/7/2016 17:5:2] /b Daki 1 Minuto Faço Outra pergunta, Valendo a Kage Ainda em
[10/7/2016 17:7:5] /b Quais os dois clãs Que Usam Doujutsus ?
[10/7/2016 17:9:48] /b Sannin Lendario Wins
[10/7/2016 17:31:15] /b Glr Vou Fazer Outra Pergunta Preparem para Responder No Help. Valendo Doton Snake Shield.
[10/7/2016 17:33:46] /b Calma ae Glr So Fazer 1 Negocio daki 2 Minutos Faço a Pergunta.
[10/7/2016 17:38:26] /b La Vai a Pergunta Em
[10/7/2016 17:38:42] /b Qm Lutou E Derretou Sasori ?
[10/7/2016 17:41:36] /b Valendo Rikkudou Ring Agr '-'
[10/7/2016 17:45:49] /b La Vai a Pergunta
[10/7/2016 17:46:2] /b Qual a Comida Preferida Do Naruto ?
[10/7/2016 17:46:43] /b Sannin Lendario Wins
[10/7/2016 17:47:19] /b Valendo Set Hashirama Agr Ein '-'
[10/7/2016 17:53:5] /b Valendo Set Hashirama ae glr
[10/7/2016 17:53:37] /b Qm No Anime Fala Essa Frase : Os Ninja Que quebram as regras, são considerados lixo; mas, os que abandonam seus amigos, são piores que lixo.”? 
[10/7/2016 17:55:22] /b AGR O Ultimo Item, Valendo KAGE '-'
[10/7/2016 17:56:35] /b Qual o nome da mãe de Naruto?
[10/7/2016 17:57:45] /b Essa Nao Vllw Pera ae
[10/7/2016 17:59:2] /b Essa Nao Valeu 
[10/7/2016 18:3:38] /b Calma Glr Vou Fazer Outra Valendo a KAGE ..
[10/7/2016 18:7:37] /b La vai a Pergunta e a Ultima Pdc
[10/7/2016 18:7:43] /b Qual o nome da organização de Ninjas Renegados?
[10/7/2016 18:9:34] /b Vou Ver se Arruma Uns Itens VIP, Dai vou Falar Com King pra Nois Fazer 1 Evento PVP '-'
[10/7/2016 18:11:17] /b Glr Vou Fikar AFK Naum Mandem PM PDP
[12/7/2016 18:17:17] /b Opa Glr To De Volta '-'
[12/7/2016 19:49:58] /b Duvidas No Perguntem No Help Glr '-'
[12/7/2016 22:33:20] /b Glr Vou Fikar AFK Dps Chego Aae
[15/7/2016 17:30:9] /b Gogo Glr Ajuda Divulgar .. Que Tera Recompensa '-'
