[10/8/2018 21:57:15] /goto [ADM] Eros
[10/8/2018 22:0:5] /goto [ADM] Eros
[10/8/2018 22:0:33] /goto [ADM] Eros
[10/8/2018 22:0:35] /goto [ADM] Eros
[10/8/2018 22:0:36] /goto [ADM] Eros
[10/8/2018 22:1:38] /a 4
[10/8/2018 22:1:46] /a 4
[10/8/2018 22:1:57] /a 4
[10/8/2018 22:2:2] /a 4
[10/8/2018 22:2:12] /a 2
[10/8/2018 22:2:15] /a 2
[10/8/2018 22:2:29] /a 5
[11/8/2018 15:6:54] /ghost
[11/8/2018 15:7:20] /goto Xdxdxd
[11/8/2018 15:7:34] /goto Devil Asura
[11/8/2018 15:7:43] /goto Teddy
[11/8/2018 15:7:54] /goto Don Diablo
[11/8/2018 15:8:7] /goto Warlord
[11/8/2018 15:8:24] /goto Ivana de Sasori
[11/8/2018 15:8:31] /goto Sasorih
[11/8/2018 15:8:41] /goto Thanatos
[11/8/2018 15:9:6] /goto Skt Sandaime
[11/8/2018 15:9:54] /goto Skt Hashirama
[11/8/2018 15:10:3] /goto Kushala
[11/8/2018 15:10:17] /goto Jared Padalecki
[11/8/2018 15:10:27] /goto Naruto Hokage
[11/8/2018 15:10:48] /goto Senketsu
[11/8/2018 15:11:2] /t
[11/8/2018 15:52:19] /ghost
[11/8/2018 15:56:42] /ghost
[12/8/2018 1:28:38] /goto [ADM] Eros
