[28/1/2017 16:28:5] /sshutdown
[28/1/2017 16:28:32] /a 50
[28/1/2017 16:28:33] /a 50
[28/1/2017 16:28:33] /a 50
[28/1/2017 16:28:35] /a 50
[28/1/2017 16:28:36] /a 50
[28/1/2017 16:28:36] /a 50
[28/1/2017 16:28:38] /a 50
[28/1/2017 16:28:40] /a 50
[28/1/2017 16:28:42] /a 50
[28/1/2017 16:28:42] /a 50
[28/1/2017 16:28:48] /t
[28/1/2017 16:33:3] /goto Zeca
[28/1/2017 16:33:5] /a 30
[28/1/2017 16:33:7] /a 30
[28/1/2017 16:33:8] /a 30
[28/1/2017 16:33:11] /a 5
[28/1/2017 16:33:12] /a 5
[28/1/2017 16:33:12] /a 5
[28/1/2017 16:33:12] /a 5
[28/1/2017 16:33:13] /a 5
[28/1/2017 16:33:13] /a 5
[28/1/2017 16:33:14] /a 5
[28/1/2017 16:33:15] /up
[28/1/2017 16:33:15] /up
[28/1/2017 16:33:16] /up
[28/1/2017 16:33:17] /up
[28/1/2017 16:33:18] /up
[28/1/2017 16:33:21] /a 2
[28/1/2017 16:33:22] /c zeca
[28/1/2017 16:33:35] /goto zeca
[28/1/2017 16:33:42] /goto zeca
[28/1/2017 16:33:50] /m bat
[28/1/2017 16:33:52] /m bat
[28/1/2017 16:33:52] /m bat
[28/1/2017 16:35:12] /a 2
[28/1/2017 16:35:13] /c Zeca
[28/1/2017 16:35:24] /c Zeca
[28/1/2017 16:37:18] /c zeca
[28/1/2017 16:37:25] /save
[28/1/2017 16:37:27] /sshutdown
[28/1/2017 16:37:50] /c zeca
[28/1/2017 16:38:47] /rreload actions
[28/1/2017 16:39:2] /a 2
[28/1/2017 16:39:3] /c Zeca
[28/1/2017 16:39:5] /m bat
[28/1/2017 16:39:7] /c Zeca
[28/1/2017 16:39:9] /m bat
[28/1/2017 16:42:21] /a 2
[28/1/2017 16:42:25] /aattr set action 30021
[28/1/2017 16:42:32] /save
[28/1/2017 16:46:25] /sshutdown
[28/1/2017 16:46:56] /t
[28/1/2017 16:47:1] /goto zeca
[28/1/2017 16:47:13] /town 3 Zeca
[28/1/2017 16:47:15] /town 3
[28/1/2017 16:47:25] /town 1
[28/1/2017 16:47:26] /town 2
[28/1/2017 16:47:29] /town ilha inicial
[28/1/2017 16:47:35] /down
[28/1/2017 16:47:35] /down
[28/1/2017 16:47:36] /down
[28/1/2017 16:48:7] /goto Genin Vila Da Chuva
[28/1/2017 16:48:11] /a 5
[28/1/2017 16:48:13] /a 5
[28/1/2017 16:48:13] /a 5
[28/1/2017 16:48:14] /a 5
[28/1/2017 16:48:15] /a 5
[28/1/2017 16:48:15] /a 5
[28/1/2017 16:48:16] /a 5
[28/1/2017 16:48:16] /a 5
[28/1/2017 16:48:17] /a 5
[28/1/2017 16:48:17] /a 5
[28/1/2017 16:48:18] /a 5
[28/1/2017 16:48:21] /up
[28/1/2017 16:48:22] /up
[28/1/2017 16:48:22] /up
[28/1/2017 16:48:23] /a
[28/1/2017 16:48:24] /a
[28/1/2017 16:48:25] /up
[28/1/2017 16:48:25] /up
[28/1/2017 16:48:26] /up
[28/1/2017 16:48:28] /a
[28/1/2017 16:48:30] /a 2
[28/1/2017 16:48:33] /c zeca
[28/1/2017 16:48:45] /goto zeca
[28/1/2017 16:48:48] /m bat
[28/1/2017 16:48:51] /m bat
[30/1/2017 1:23:1] /t
[30/1/2017 1:23:2] /t 2
[30/1/2017 1:23:4] /t  3
[30/1/2017 1:23:8] /town
[30/1/2017 1:23:13] /town 1
[30/1/2017 1:23:17] /town 2
[30/1/2017 1:23:18] /town  3
[30/1/2017 1:23:19] /town  4
[30/1/2017 1:55:25] /r
[30/1/2017 1:55:30] /r
[30/1/2017 1:55:31] /r
[30/1/2017 1:58:4] /sshutdown
[30/1/2017 1:59:55] /r
[30/1/2017 2:1:3] /sshutdown
[30/1/2017 2:2:20] /sshutdown
[30/1/2017 13:28:28] /goto Genin Vila Da Folha
[30/1/2017 13:28:31] /a 5
[30/1/2017 13:28:31] /a 5
[30/1/2017 13:28:32] /a 5
[30/1/2017 13:28:33] /a 5
[30/1/2017 13:28:33] /a 5
[30/1/2017 13:28:35] /up
[30/1/2017 13:28:38] /a 5
[30/1/2017 13:28:40] /up
[30/1/2017 13:28:40] /up
[30/1/2017 13:28:41] /up
[30/1/2017 13:28:42] /up
[30/1/2017 13:28:48] /ii pergaminho da terra
[30/1/2017 13:28:49] /ii pergaminho da terra
[30/1/2017 13:28:50] /ii pergaminho da terra
[30/1/2017 13:28:50] /ii pergaminho da terra
[30/1/2017 13:28:50] /ii pergaminho da terra
[30/1/2017 13:28:51] /ii pergaminho da terra
[30/1/2017 13:28:52] /ii pergaminho da terra
[30/1/2017 13:54:10] /t
[30/1/2017 13:54:11] /down 
[30/1/2017 13:54:12] /up
[30/1/2017 13:54:16] /a 40
[30/1/2017 13:54:17] /a
[30/1/2017 13:54:20] /a 3
[30/1/2017 13:54:20] /a 3
[30/1/2017 13:54:21] /a 3
[30/1/2017 13:54:21] /a 3
[30/1/2017 13:54:21] /a 3
[30/1/2017 13:54:22] /a 3
[30/1/2017 13:54:23] /a 5
[30/1/2017 13:54:24] /a 5
[30/1/2017 13:54:24] /a 5
[30/1/2017 13:54:25] /a 5
[30/1/2017 13:54:27] /a 5
[30/1/2017 13:54:27] /a 5
[30/1/2017 13:54:28] /a 5
[30/1/2017 13:54:29] /a 5
[30/1/2017 17:16:24] /sshutdown
[30/1/2017 17:17:8] /ii 7588
[30/1/2017 17:19:46] /ii 7590
[30/1/2017 17:20:10] /ii 7591
[30/1/2017 17:20:16] /ii 7589
[30/1/2017 17:20:23] /ii 7620
[30/1/2017 17:20:28] /ii 7618
[30/1/2017 17:29:21] /sshutdown
[30/1/2017 17:30:13] /a 30
[30/1/2017 17:30:14] /a 30
[30/1/2017 17:30:15] /a 30
[30/1/2017 17:32:12] /sshutdown
[30/1/2017 17:32:33] /sshutdown
[30/1/2017 17:39:47] /sshutdown
[30/1/2017 17:44:31] /rreload npcs
[30/1/2017 17:44:32] /rreload npc
[30/1/2017 17:44:35] /nn alquimista
[30/1/2017 17:44:38] /ss alquimista
[30/1/2017 17:44:42] /nn Alquimista
[30/1/2017 17:44:44] /sshutdown
[30/1/2017 17:46:12] /nn Ferreiro
[30/1/2017 17:46:14] /nn Ferreiro
[30/1/2017 17:46:19] /nn Alquimista
[30/1/2017 17:46:20] /nn Alquimista
[30/1/2017 17:47:23] /sshutdown
[30/1/2017 17:48:56] /nn Alquimista
[30/1/2017 17:48:58] /nn Alquimista
[30/1/2017 17:48:59] /nn Alquimista
[30/1/2017 17:48:59] /nn Alquimista
[30/1/2017 17:49:3] /nn Ferreiro
[30/1/2017 17:49:22] /rreload npcs
[30/1/2017 17:49:23] /rreload npc
[30/1/2017 17:49:27] /rreload npcs
[30/1/2017 17:49:27] /rreload npc
[30/1/2017 17:49:28] /rreload npcs
[30/1/2017 17:49:28] /rreload npc
[30/1/2017 17:49:31] /nn Alquimista
[30/1/2017 17:49:35] /sshutdown
[30/1/2017 17:50:43] /nn Alquimista
[30/1/2017 17:51:35] /rreload npcs
[30/1/2017 17:51:36] /nn Alquimista
[30/1/2017 17:51:39] /sshutdown
[30/1/2017 17:51:55] /nn aqluimista
[30/1/2017 17:51:58] /nn Alquimista
[30/1/2017 17:53:43] /sshutdown
[31/1/2017 12:13:40] /a 5
[31/1/2017 12:13:40] /a 5
[31/1/2017 12:13:40] /a 5
[31/1/2017 12:13:41] /a 5
[31/1/2017 12:13:42] /a 5
[31/1/2017 12:13:43] /a 5
[31/1/2017 12:18:8] /sshutdown
[31/1/2017 12:19:37] /a hi
[31/1/2017 12:22:13] /sshutdown
[31/1/2017 12:23:58] /ii gold bar
[31/1/2017 12:24:4] /ii 2160
[31/1/2017 12:28:57] /newtype 993
[31/1/2017 12:29:28] /clean
[31/1/2017 12:29:31] /ii backpack
[31/1/2017 12:29:52] /ii 11432
[31/1/2017 12:30:18] /ii 139
[31/1/2017 12:30:35] /ii 11434
[31/1/2017 12:30:52] /ii 123
[31/1/2017 12:31:1] /ii 124
[31/1/2017 12:31:9] /ii 11475
[31/1/2017 12:31:21] /ii 147
[31/1/2017 12:31:30] /ii gold bar
[31/1/2017 12:31:54] /ii 2138
[31/1/2017 12:32:8] /ii gold bar
[31/1/2017 12:32:11] /ii 2160
[31/1/2017 12:34:9] /ii akatsuki backpack
