[3/6/2018 18:37:21] /ghost
[3/6/2018 18:39:1] /newtype 1319
[3/6/2018 18:39:3] /newtype 1312
[3/6/2018 18:39:6] /newtype 1314
[3/6/2018 18:39:8] /newtype 1313
[3/6/2018 18:49:21] /ghost
[3/6/2018 19:0:44] /ghost
[3/6/2018 21:49:8] /goto [Tutor] Merlin
[3/6/2018 22:53:23] /t Pecado Da Gananciaban
[3/6/2018 22:58:35] /t
[4/6/2018 1:2:29] /newtype 1268
[4/6/2018 1:2:32] /newtype 1269
[4/6/2018 1:2:34] /newtype 1265
[4/6/2018 1:2:36] /newtype 1264
[4/6/2018 1:2:40] /newtype 1263
[4/6/2018 1:2:44] /newtype 1275
[4/6/2018 1:2:46] /newtype 1274
[4/6/2018 1:2:48] /newtype 1273
[4/6/2018 1:9:49] /newtype 1273
[4/6/2018 1:11:48] /newtype 1274
[4/6/2018 1:11:50] /newtype 1273
[4/6/2018 1:11:52] /newtype 1272
[4/6/2018 1:11:53] /newtype 1271
[4/6/2018 1:11:56] /newtype 1273
[4/6/2018 1:13:32] /goto [GM] KillSwitch
[4/6/2018 1:14:10] /goto Harlequin Pecado Do Urso
[4/6/2018 1:14:20] /newtype harlequin pecado do urso, 1273
[4/6/2018 1:14:46] /newtype 1281
[4/6/2018 1:14:48] /newtype 1282
[4/6/2018 1:14:49] /newtype 1283
[4/6/2018 1:14:50] /newtype 1284
[4/6/2018 1:14:52] /newtype 1285
[4/6/2018 1:14:54] /newtype 1286
[4/6/2018 1:14:55] /newtype 1287
[4/6/2018 1:14:57] /newtype 1288
[4/6/2018 1:15:0] /newtype 1289
[4/6/2018 1:15:2] /newtype 1280
[4/6/2018 1:15:5] /newtype 1290
[4/6/2018 1:15:7] /newtype 1291
[4/6/2018 1:15:11] /newtype 1292
[4/6/2018 1:15:13] /newtype 1293
[4/6/2018 1:15:18] /newtype 1294
[4/6/2018 1:15:30] /newtype 1295
[4/6/2018 1:15:32] /newtype 1296
[4/6/2018 1:15:33] /newtype 1297
[4/6/2018 1:15:36] /newtype 1298
[4/6/2018 1:15:38] /newtype 1299
[4/6/2018 1:15:43] /newtype 1300
[4/6/2018 1:15:45] /newtype 1301
[4/6/2018 1:15:49] /newtype 1302
[4/6/2018 1:15:50] /newtype 1303
[4/6/2018 1:15:52] /newtype 1304
[4/6/2018 1:15:54] /newtype 1305
[4/6/2018 1:15:56] /newtype 1306
[4/6/2018 1:15:57] /newtype 1307
[4/6/2018 1:15:59] /newtype 1308
[4/6/2018 1:16:1] /newtype 1309
[4/6/2018 1:16:3] /newtype 1300
[4/6/2018 1:16:6] /newtype 1310
[4/6/2018 1:16:13] /newtype 1250
[4/6/2018 1:16:15] /newtype 1251
[4/6/2018 1:16:17] /newtype 1252
[4/6/2018 1:16:19] /newtype 1254
[4/6/2018 1:16:22] /newtype 1259
[4/6/2018 1:16:28] /newtype 1261
[4/6/2018 1:16:29] /newtype 1262
[4/6/2018 1:16:32] /newtype 1263
[4/6/2018 1:16:34] /newtype 1264
[4/6/2018 1:16:37] /newtype 1265
[4/6/2018 1:16:44] /t
[4/6/2018 1:16:48] /down
[4/6/2018 13:5:24] /newtype 1273
[4/6/2018 13:5:32] /b boa tarde <3 
[4/6/2018 13:5:55] /ghost
[4/6/2018 13:6:7] /goto /goto dove
[4/6/2018 13:6:9] /goto dove
[4/6/2018 13:6:28] /newtype 1312
[4/6/2018 13:9:30] /t
[4/6/2018 13:9:32] /down
[4/6/2018 13:10:53] /ghost
[4/6/2018 13:53:21] /newtype 1274
[4/6/2018 13:53:27] /newtype 1275
[4/6/2018 13:53:30] /newtype 1276
[4/6/2018 13:53:32] /newtype 1277
[4/6/2018 13:53:47] /goto Pecado Da Gananciaban
[4/6/2018 13:53:57] /newtype Pecado Da Gananciaban, 1277
[4/6/2018 13:54:5] /newtype Pecado Da Gananciaban, 1273
[4/6/2018 13:54:6] /newtype Pecado Da Gananciaban, 1274
[4/6/2018 13:54:16] /newtype Pecado Da Gananciaban ,1274
[4/6/2018 13:54:33] /newtype Pecado Da Gananciaban, 1274
[4/6/2018 13:54:39] /newtype Pecado Da Gananciaban,1274
[4/6/2018 13:54:46] /newtype Pecado Da Gananciaban ,1274
[4/6/2018 13:55:18] /ghost
[4/6/2018 13:55:22] /newtype Pecado Da Gananciaban ,1274
[4/6/2018 13:55:25] /newtype Pecado Da Gananciaban ,1274
[4/6/2018 13:55:44] /newtype 1272
[4/6/2018 13:57:15] /t
[4/6/2018 13:57:22] /down
[4/6/2018 13:57:26] /ghost
[4/6/2018 13:57:40] /newtype 1270
[4/6/2018 13:57:44] /newtype 1300
[4/6/2018 13:57:47] /newtype 1310
[4/6/2018 13:57:49] /newtype 1312
[4/6/2018 13:57:50] /newtype 1311
[4/6/2018 13:57:52] /newtype 1314
[4/6/2018 13:57:54] /newtype 1313
[4/6/2018 14:1:12] /t passatempo
[4/6/2018 14:1:33] /goto Pecado Da Gananciaban
[4/6/2018 14:1:36] /t Pecado Da Gananciaban
[4/6/2018 14:1:38] /t
[4/6/2018 14:2:26] /down
[4/6/2018 23:59:54] /newtype 1213
[4/6/2018 23:59:57] /newtype 1215
[5/6/2018 0:0:52] /newtype 1215
[5/6/2018 0:1:3] /t harlequin pecado do urso
[5/6/2018 0:3:22] /goto [tutor] merlin
[5/6/2018 0:3:43] /newtype 1083
[5/6/2018 0:3:48] /newtype 1058
[5/6/2018 0:3:59] /mc
[5/6/2018 0:4:41] /newtype 1215
[5/6/2018 0:4:45] /t
[5/6/2018 0:4:47] /down
[5/6/2018 0:19:24] /clean .2
[5/6/2018 0:29:2] /goto pecado da gananciaban
[5/6/2018 0:29:16] /t pecado da gananciaban
[5/6/2018 0:29:20] /goto pecado da gananciaban
[5/6/2018 0:29:37] /down
[5/6/2018 0:45:26] /goto pecado da gaanciaban
[5/6/2018 0:45:35] /goto pecado da gananciaban
[5/6/2018 0:45:36] /goto pecado da gananciaban
[5/6/2018 0:45:40] /goto pecado da gananciaban
[5/6/2018 0:45:42] /goto pecado da gananciaban
[5/6/2018 0:45:43] /goto pecado da gananciaban
[5/6/2018 0:45:44] /goto pecado da gananciaban
[5/6/2018 0:45:46] /goto pecado da gananciaban
[5/6/2018 0:45:48] /goto pecado da gananciaban
[5/6/2018 0:45:50] /goto pecado da gananciaban
[5/6/2018 0:45:52] /goto pecado da gananciaban
[5/6/2018 0:45:53] /goto pecado da gananciaban
[5/6/2018 0:45:54] /t
[5/6/2018 0:46:0] /down
[5/6/2018 10:45:8] /b bom dia
[5/6/2018 10:45:19] /newtype 1588
[5/6/2018 10:46:30] /newtype 1213
[5/6/2018 10:46:36] /newtype 1215
[5/6/2018 12:27:24] /goto Agua Molhada
[5/6/2018 12:27:41] /goto Son Goku
[5/6/2018 12:27:54] /t
[5/6/2018 12:27:56] /down
[5/6/2018 12:28:32] /goto Midoriya
[5/6/2018 12:29:10] /goto taca vento
[5/6/2018 12:43:29] /t taca vento
[5/6/2018 12:44:1] /t taca vento
[5/6/2018 12:44:38] /goto midoryia
[5/6/2018 12:44:40] /goto midoriya
[5/6/2018 12:44:51] /goto son goku
[5/6/2018 12:45:0] /goto kisame boss
[5/6/2018 12:45:2] /goto kisame boss
[5/6/2018 12:45:4] /a 50
[5/6/2018 12:45:6] /a 50
[5/6/2018 12:45:7] /a 50
[5/6/2018 12:45:9] /a 100
[5/6/2018 12:45:12] /a 107
[5/6/2018 12:45:13] /a 107
[5/6/2018 12:45:18] /a 1200
[5/6/2018 12:45:21] /a 1300
[5/6/2018 12:45:25] /a 50
[5/6/2018 12:45:29] /a 20
[5/6/2018 12:45:32] /a 20
[5/6/2018 12:45:33] /a 20
[5/6/2018 12:45:34] /a 20
[5/6/2018 12:45:35] /a 20
[5/6/2018 12:45:35] /a 20
[5/6/2018 12:45:35] /a 20
[5/6/2018 12:46:0] /a 2
[5/6/2018 12:46:41] /newtype 1215
[5/6/2018 12:46:44] /ghost
[5/6/2018 12:46:52] /r
[5/6/2018 12:57:46] /t
[5/6/2018 13:0:25] /b baixem o novo cliente para nao tomarem debugs .
[5/6/2018 13:0:51] /t passatempo
[5/6/2018 13:5:26] /a 500
[5/6/2018 13:5:29] /a 5300
[5/6/2018 13:5:31] /a 5200
[5/6/2018 13:5:38] /a 200
[5/6/2018 13:5:39] /a 200
[5/6/2018 13:5:41] /a 200
[5/6/2018 13:5:43] /a 200
[5/6/2018 13:5:46] /a 2100
[5/6/2018 13:5:47] /a 2100
[5/6/2018 13:6:34] /a 2
[5/6/2018 13:6:44] /newtype 1200
[5/6/2018 13:6:46] /newtype 1201
[5/6/2018 13:6:49] /newtype 1211
[5/6/2018 13:9:1] /newtype 1359
[5/6/2018 13:10:7] /newtype 1263
[5/6/2018 13:10:10] /newtype 1363
[5/6/2018 13:12:25] /newtype 1
[5/6/2018 13:13:39] /newtype 1212
[5/6/2018 13:13:43] /newtype 121
[5/6/2018 13:13:46] /newtype 123
[5/6/2018 13:13:47] /newtype 124
[5/6/2018 13:13:49] /newtype 125
[5/6/2018 13:13:50] /newtype 126
[5/6/2018 13:13:56] /newtype 127
[5/6/2018 13:13:57] /newtype 128
[5/6/2018 13:14:2] /newtype 131
[5/6/2018 13:14:3] /newtype 132
[5/6/2018 13:14:5] /newtype 133
[5/6/2018 13:14:6] /newtype 134
[5/6/2018 13:14:7] /newtype 135
[5/6/2018 13:14:9] /newtype 136
[5/6/2018 13:14:10] /newtype 137
[5/6/2018 13:14:11] /newtype 138
[5/6/2018 13:14:13] /newtype 139
[5/6/2018 13:14:16] /newtype 141
[5/6/2018 13:14:17] /newtype 142
[5/6/2018 13:37:6] /t
[5/6/2018 13:37:9] /down
[5/6/2018 13:58:46] /goto eletro guard
[5/6/2018 13:58:52] /goto horflow
[5/6/2018 13:58:55] /a 20
[5/6/2018 13:59:18] /a 10
[5/6/2018 13:59:20] /a 10
[5/6/2018 13:59:20] /a 10
[5/6/2018 13:59:21] /a 10
[5/6/2018 13:59:24] /down
[5/6/2018 13:59:25] /down
[5/6/2018 13:59:30] /a 30
[5/6/2018 13:59:35] /a 30
[5/6/2018 13:59:37] /a 20
[5/6/2018 13:59:39] /a 10
[5/6/2018 13:59:44] /a 10
[5/6/2018 13:59:45] /a 10
[5/6/2018 13:59:46] /a 10
[5/6/2018 13:59:48] /up
[5/6/2018 13:59:50] /a 10
[5/6/2018 13:59:51] /a 10
[5/6/2018 13:59:54] /a 10
[6/6/2018 1:14:57] /a 3
[6/6/2018 1:15:31] /newtype 1314
[6/6/2018 1:15:35] /newtype 1315
[6/6/2018 1:15:38] /newtype 1312
[6/6/2018 1:25:36] /t
[6/6/2018 1:25:40] /down
[6/6/2018 1:26:30] /ghost
[6/6/2018 1:41:36] /t harlequin pecado do urso
[6/6/2018 1:58:26] /t Pecado Da Gananciaban
[6/6/2018 10:49:1] /t [tutor]merlin
[6/6/2018 10:49:6] /t [tutor] merlin
[6/6/2018 10:49:37] /t [tutor] merlin
[6/6/2018 10:51:4] /goto [tutor] merlin
[6/6/2018 10:52:11] /ghost
[6/6/2018 10:54:11] /t
[6/6/2018 10:54:14] /down
[6/6/2018 11:23:54] /newtype 155
[6/6/2018 11:23:57] /newtype 152
[6/6/2018 11:24:1] /newtype 112
[6/6/2018 11:24:3] /newtype 111
[6/6/2018 11:24:11] /newtype 1112
[6/6/2018 11:24:14] /newtype 1111
[6/6/2018 11:24:17] /newtype 1115
[6/6/2018 11:24:32] /newtype asura
[6/6/2018 11:24:38] /newtype indra
[6/6/2018 11:31:44] /newtype 1315
[6/6/2018 11:31:46] /newtype 1312
[6/6/2018 11:31:49] /newtype 1311
[6/6/2018 11:32:30] /goto [tutor] merlin
[6/6/2018 11:33:5] /goto harlequin
[6/6/2018 11:53:3] /t
[6/6/2018 11:53:6] /down
[6/6/2018 13:20:23] /goto Pecado Da Gananciaban
[6/6/2018 13:20:32] /goto yamata
[6/6/2018 13:20:34] /t
[6/6/2018 13:20:37] /down
[6/6/2018 16:56:3] /t judite nas alturas
[6/6/2018 17:8:27] /goto harlequin pecado do urso
[6/6/2018 17:9:18] /goto caos
[6/6/2018 17:9:23] /goto caos
[6/6/2018 17:9:25] /t
[6/6/2018 17:9:29] /down
[6/6/2018 17:14:53] /goto riojy
[6/6/2018 17:14:59] /goto riojy
[6/6/2018 17:15:27] /t
[6/6/2018 17:15:29] /down
[6/6/2018 17:25:1] /t lord ragnar
[6/6/2018 17:25:24] /t lord ragnar
[6/6/2018 17:25:28] /t lord ragnar
[6/6/2018 17:28:17] /t lord ragnar
[6/6/2018 17:28:23] /up
[6/6/2018 19:30:42] /goto son goku
[6/6/2018 19:30:45] /ghost
[6/6/2018 19:30:48] /goto dove
[6/6/2018 19:30:56] /goto midoriya
[6/6/2018 19:31:0] /t
[6/6/2018 19:31:2] /down
[7/6/2018 10:38:53] /t judite nas alturas
[7/6/2018 11:52:15] /ghost
[7/6/2018 11:53:14] /ghost
[8/6/2018 0:39:57] /a 2
[8/6/2018 0:40:0] /a 20
[8/6/2018 0:40:1] /a 20
[8/6/2018 0:40:2] /a 20
[8/6/2018 0:40:3] /a 20
[8/6/2018 0:40:13] /a 2
[8/6/2018 0:40:14] /a 2
[8/6/2018 0:40:14] /a 2
[8/6/2018 0:40:15] /a 2
[8/6/2018 0:40:15] /a 2
[8/6/2018 0:40:16] /a 2
[8/6/2018 0:40:22] /a 3
[8/6/2018 0:40:33] /down
[8/6/2018 0:40:35] /a 3
[8/6/2018 0:40:37] /a 3
[8/6/2018 0:40:42] /a 3
[8/6/2018 0:40:45] /a 4
[8/6/2018 0:40:47] /down
[8/6/2018 0:40:51] /a 6
[8/6/2018 0:40:55] /up
[8/6/2018 0:41:6] /t judite nas alturas
[8/6/2018 11:10:10] /down
[8/6/2018 11:12:42] /b Atençao todos os players q querem ganhar 5 pontos na loja vip , entrar na pagina do facebook e responder o comentario do icaro na ultima publicaçao . Premiaçao sera no domingo antes do castle .
[8/6/2018 11:12:48] /b Atençao todos os players q querem ganhar 5 pontos na loja vip , entrar na pagina do facebook e responder o comentario do icaro na ultima publicaçao . Premiaçao sera no domingo antes do castle .
[8/6/2018 11:12:49] /b Atençao todos os players q querem ganhar 5 pontos na loja vip , entrar na pagina do facebook e responder o comentario do icaro na ultima publicaçao . Premiaçao sera no domingo antes do castle .
[8/6/2018 11:12:49] /b Atençao todos os players q querem ganhar 5 pontos na loja vip , entrar na pagina do facebook e responder o comentario do icaro na ultima publicaçao . Premiaçao sera no domingo antes do castle .
[8/6/2018 11:13:2] /b Atençao todos os players q querem ganhar 5 pontos na loja vip , entrar na pagina do facebook e responder o comentario do icaro na ultima publicaçao . Premiaçao sera no domingo antes do castle .
[8/6/2018 11:13:53] /b Atençao todos os players q querem ganhar 5 pontos na loja vip , entrar na pagina do facebook e responder o comentario do icaro na ultima publicaçao . Premiaçao sera no domingo antes do castle .
[8/6/2018 11:38:11] /b Atençao todos os players q querem ganhar 5 pontos na loja vip , entrar na pagina do facebook e responder o comentario do icaro na ultima publicaçao . Premiaçao sera no domingo antes do castle .
[8/6/2018 11:48:16] /b Atençao todos os players q querem ganhar 5 pontos na loja vip , entrar na pagina do facebook e responder o comentario do icaro na ultima publicaçao . Premiaçao sera no domingo antes do castle . PODE POR MAIS DE 1 CHAR .
[8/6/2018 11:50:40] /b Atençao todos os players q querem ganhar 5 pontos na loja vip , entrar na pagina do facebook e responder o comentario do icaro na ultima publicaçao . Premiaçao sera no domingo antes do castle . PODE POR MAIS DE 1 CHAR .
[8/6/2018 11:51:58] /b Atençao todos os players q querem ganhar 5 pontos na loja vip , entrar na pagina do facebook e responder o comentario do icaro na ultima publicaçao . Premiaçao sera no domingo antes do castle . PODE POR MAIS DE 1 CHAR . MAIS SERA SOMENTE 5 PONTOS . 
[8/6/2018 11:54:23] /b Ei Voce ! Jogador que quer receber 5 Pontos na Loja VIP gratuitamente, abra a pagina do nosso servidor no Facebook, procure a ultima publicação da pagina e faça um comentário com o nome do seu CHAR, todos que comentar receberá a premiação no domingo ! 
[8/6/2018 11:58:16] /goto aligazor
[8/6/2018 11:58:19] /down
[8/6/2018 12:0:36] /b Ei Voce ! Jogador que quer receber 5 Pontos na Loja VIP gratuitamente, abra a pagina do nosso servidor no Facebook, procure a ultima publicação da pagina e faça um comentário com o nome do seu CHAR, todos que comentar receberá a premiação no domingo ! 
[8/6/2018 12:1:27] /b Ei Voce ! Jogador que quer receber 5 Pontos na Loja VIP gratuitamente, abra a pagina do nosso servidor no Facebook, procure a ultima publicação da pagina e faça um comentário com o nome do seu CHAR, todos que comentar receberá a premiação no domingo ! 
[8/6/2018 12:14:28] /t
[8/6/2018 12:14:30] /down
[8/6/2018 12:14:38] /b Ei Voce ! Jogador que quer receber 5 Pontos na Loja VIP gratuitamente, abra a pagina do nosso servidor no Facebook, procure a ultima publicação da pagina e faça um comentário com o nome do seu CHAR, todos que comentar receberá a premiação no domingo ! 
[8/6/2018 12:14:48] /a 2
[8/6/2018 12:14:56] /a 20
[8/6/2018 12:14:59] /a 30
[8/6/2018 12:15:1] /a 30
[8/6/2018 12:15:3] /a 10
[8/6/2018 12:15:4] /a 10
[8/6/2018 12:15:6] /a 10
[8/6/2018 12:15:7] /a 10
[8/6/2018 12:15:7] /a 10
[8/6/2018 12:15:8] /a 10
[8/6/2018 12:15:8] /a 10
[8/6/2018 12:15:9] /a 10
[8/6/2018 12:19:26] /t
[8/6/2018 12:19:32] /down
[8/6/2018 12:20:33] /b Ei Voce ! Jogador que quer receber 5 Pontos na Loja VIP gratuitamente, abra a pagina do nosso servidor no Facebook, procure a ultima publicação da pagina e faça um comentário com o nome do seu CHAR, todos que comentar receberá a premiação no domingo ! 
[8/6/2018 12:21:44] /newtype 1212
[8/6/2018 12:24:19] /t
[8/6/2018 12:24:21] /down
[8/6/2018 15:42:24] /b Ei Voce ! Jogador que quer receber 5 Pontos na Loja VIP gratuitamente, abra a pagina do nosso servidor no Facebook, procure a ultima publicação da pagina e faça um comentário com o nome do seu CHAR, todos que comentar receberá a premiação no domingo ! 
[8/6/2018 15:42:26] /b Ei Voce ! Jogador que quer receber 5 Pontos na Loja VIP gratuitamente, abra a pagina do nosso servidor no Facebook, procure a ultima publicação da pagina e faça um comentário com o nome do seu CHAR, todos que comentar receberá a premiação no domingo ! 
[8/6/2018 15:43:25] /b Ei Voce ! Jogador que quer receber 5 Pontos na Loja VIP gratuitamente, abra a pagina do nosso servidor no Facebook, procure a ultima publicação da pagina e faça um comentário com o nome do seu CHAR, todos que comentar receberá a premiação no domingo ! 
[8/6/2018 15:43:27] /b Ei Voce ! Jogador que quer receber 5 Pontos na Loja VIP gratuitamente, abra a pagina do nosso servidor no Facebook, procure a ultima publicação da pagina e faça um comentário com o nome do seu CHAR, todos que comentar receberá a premiação no domingo ! 
[8/6/2018 15:47:53] /b Ei Voce ! Jogador que quer receber 5 Pontos na Loja VIP gratuitamente, abra a pagina do nosso servidor no Facebook, procure a ultima publicação da pagina e faça um comentário com o nome do seu CHAR, todos que comentar receberá a premiação no domingo ! 
[8/6/2018 15:49:18] /b Ei Voce ! Jogador que quer receber 5 Pontos na Loja VIP gratuitamente, abra a pagina do nosso servidor no Facebook, procure a ultima publicação da pagina e faça um comentário com o nome do seu CHAR, todos que comentar receberá a premiação no domingo ! 
[8/6/2018 15:50:58] /a 20
[8/6/2018 15:51:0] /a 20
[8/6/2018 15:51:2] /a 30
[8/6/2018 15:51:8] /a 10
[8/6/2018 15:51:9] /a 10
[8/6/2018 15:51:10] /a 10
[8/6/2018 15:51:13] /a 10
[8/6/2018 15:51:15] /a 10
[8/6/2018 15:51:16] /a 10
[8/6/2018 15:51:18] /a 10
[8/6/2018 15:51:24] /t
[8/6/2018 15:51:27] /down
[8/6/2018 17:45:28] /b Ei Voce ! Jogador que quer receber 5 Pontos na Loja VIP gratuitamente, abra a pagina do nosso servidor no Facebook, procure a ultima publicação da pagina e faça um comentário com o nome do seu CHAR, todos que comentar receberá a premiação no domingo ! 
[8/6/2018 17:45:30] /b Ei Voce ! Jogador que quer receber 5 Pontos na Loja VIP gratuitamente, abra a pagina do nosso servidor no Facebook, procure a ultima publicação da pagina e faça um comentário com o nome do seu CHAR, todos que comentar receberá a premiação no domingo ! 
[8/6/2018 17:45:56] /b Ei Voce ! Jogador que quer receber 5 Pontos na Loja VIP gratuitamente, abra a pagina do nosso servidor no Facebook, procure a ultima publicação da pagina e faça um comentário com o nome do seu CHAR, todos que comentar receberá a premiação no domingo ! 
[8/6/2018 21:42:45] /goto [GM] KillSwitch
[8/6/2018 21:42:47] /goto [GM] KillSwitch
[8/6/2018 21:42:49] /goto [GM] KillSwitch
[8/6/2018 21:43:1] /a 2
[8/6/2018 21:43:4] /a 40
[8/6/2018 21:43:5] /a 40
[8/6/2018 21:43:55] /a 3
[8/6/2018 21:44:4] /a 3
[8/6/2018 21:44:10] /goto [GM] KillSwitch
[8/6/2018 21:44:16] /down
[8/6/2018 21:44:18] /down
[8/6/2018 21:44:20] /down
[8/6/2018 21:44:23] /down
[8/6/2018 21:44:35] /a 5
[8/6/2018 21:44:39] /a 2
[8/6/2018 21:45:20] /down
[8/6/2018 21:45:30] /a 2
[8/6/2018 21:45:40] /a 2
[8/6/2018 21:45:42] /a 2
[8/6/2018 21:46:0] /a 3
[8/6/2018 22:3:50] /newtype 152
[8/6/2018 22:3:55] /newtype 1410
[8/6/2018 22:5:46] /newtype 1112
[8/6/2018 22:5:49] /newtype 1110
[8/6/2018 22:5:52] /newtype 111
[8/6/2018 22:5:56] /newtype 1010
[8/6/2018 22:6:0] /newtype 1011
[8/6/2018 22:6:1] /newtype 1012
[8/6/2018 22:6:3] /newtype 1013
[8/6/2018 22:6:4] /newtype 1014
[8/6/2018 22:6:6] /newtype 1015
[8/6/2018 22:6:7] /newtype 1016
[8/6/2018 22:6:8] /newtype 1017
[8/6/2018 22:6:12] /newtype 1018
[8/6/2018 22:6:14] /newtype 1019
[8/6/2018 22:6:17] /newtype 1020
[8/6/2018 22:6:19] /newtype 1021
[8/6/2018 22:6:20] /newtype 1023
[8/6/2018 22:6:22] /newtype 1022
[8/6/2018 22:6:24] /newtype 1024
[8/6/2018 22:6:26] /newtype 1025
[8/6/2018 22:6:28] /newtype 1026
[8/6/2018 22:6:29] /newtype 1027
[8/6/2018 22:6:31] /newtype 1028
[8/6/2018 22:6:32] /newtype 1029
[8/6/2018 22:6:37] /newtype 1030
[8/6/2018 22:6:39] /newtype 1031
[8/6/2018 22:6:40] /newtype 1032
[8/6/2018 22:6:45] /t
[8/6/2018 22:6:47] /down
[8/6/2018 22:6:50] /ghost
[8/6/2018 22:6:55] /newtype 1033
[8/6/2018 22:6:57] /newtype 1034
[8/6/2018 22:6:59] /newtype 1035
[8/6/2018 22:7:0] /newtype 1036
[8/6/2018 22:7:2] /newtype 1037
[8/6/2018 22:7:4] /newtype 1038
[8/6/2018 22:7:5] /newtype 1039
[8/6/2018 22:7:8] /newtype 1040
[8/6/2018 22:7:10] /newtype 1041
[8/6/2018 22:7:11] /newtype 1042
[8/6/2018 22:7:12] /newtype 1043
[8/6/2018 22:7:14] /newtype 1044
[8/6/2018 22:7:15] /newtype 1045
[8/6/2018 22:7:17] /newtype 1046
[8/6/2018 22:7:20] /newtype 1047
[8/6/2018 22:7:22] /newtype 1048
[8/6/2018 22:7:30] /newtype 1032
[8/6/2018 22:7:45] /newtype 1049
[8/6/2018 22:7:49] /newtype 1050
[8/6/2018 22:7:51] /newtype 1051
[8/6/2018 22:7:53] /newtype 1052
[8/6/2018 22:7:54] /newtype 1053
[8/6/2018 22:7:56] /newtype 1054
[8/6/2018 22:7:58] /newtype 1055
[8/6/2018 22:7:59] /newtype 1056
[8/6/2018 22:8:1] /newtype 1057
[8/6/2018 22:8:3] /newtype 1058
[8/6/2018 22:8:4] /newtype 1059
[8/6/2018 22:8:8] /newtype 1060
[8/6/2018 22:8:10] /newtype 1061
[8/6/2018 22:8:11] /newtype 1062
[8/6/2018 22:8:13] /newtype 1063
[8/6/2018 22:8:15] /newtype 1064
[8/6/2018 22:8:17] /newtype 1065
[8/6/2018 22:8:19] /newtype 1066
[8/6/2018 22:8:21] /newtype 1067
[8/6/2018 22:8:23] /newtype 1068
[8/6/2018 22:8:26] /newtype 1069
[8/6/2018 22:8:29] /newtype 1064
[8/6/2018 22:8:30] /newtype 1065
[8/6/2018 22:8:31] /newtype 1064
[9/6/2018 13:1:27] /newtype 1055
[9/6/2018 13:1:29] /newtype 1054
[9/6/2018 13:1:33] /newtype 106
[9/6/2018 13:1:34] /newtype 1065
[9/6/2018 13:1:37] /newtype 1064
[9/6/2018 13:1:53] /goto [tutor] merlin
[9/6/2018 13:2:8] /a 1
[9/6/2018 13:2:10] /a 1
[9/6/2018 13:2:24] /a 3
[9/6/2018 13:7:16] /a Ei ! Voce jogador quer ganhar 5 Pontos na nossa loja ? Basta ir ate nossa pagina no facebook na ultima publicaçao , ir no 1 comentario da staff e marcar seu char , e Domingo ates da guerra do castelo vc recebera o Premio .
[9/6/2018 13:7:23] /b Ei ! Voce jogador quer ganhar 5 Pontos na nossa loja ? Basta ir ate nossa pagina no facebook na ultima publicaçao , ir no 1 comentario da staff e marcar seu char , e Domingo ates da guerra do castelo vc recebera o Premio
[9/6/2018 13:10:41] /b Ei ! Voce jogador quer ganhar 5 Pontos na nossa loja ? Basta ir ate nossa pagina no facebook na ultima publicaçao , ir no 1 comentario da staff e marcar seu char , e Domingo ates da guerra do castelo vc recebera o Premio
[9/6/2018 13:27:30] /b Ei ! Voce jogador quer ganhar 5 Pontos na nossa loja ? Basta ir ate nossa pagina no facebook na ultima publicaçao , ir no 1 comentario da staff e marcar seu char , e Domingo ates da guerra do castelo vc recebera o Premio
[9/6/2018 15:7:0] /a 20
[9/6/2018 15:7:5] /a 40
[9/6/2018 15:7:44] /t
[9/6/2018 15:7:48] /down
[9/6/2018 15:15:6] /b Ei ! Voce jogador quer ganhar 5 Pontos na nossa loja ? Basta ir ate nossa pagina no facebook na ultima publicaçao , ir no 1 comentario da staff e marcar seu char , e Domingo ates da guerra do castelo vc recebera o Premio
[9/6/2018 15:15:7] /b Ei ! Voce jogador quer ganhar 5 Pontos na nossa loja ? Basta ir ate nossa pagina no facebook na ultima publicaçao , ir no 1 comentario da staff e marcar seu char , e Domingo ates da guerra do castelo vc recebera o Premio
[9/6/2018 15:15:7] /b Ei ! Voce jogador quer ganhar 5 Pontos na nossa loja ? Basta ir ate nossa pagina no facebook na ultima publicaçao , ir no 1 comentario da staff e marcar seu char , e Domingo ates da guerra do castelo vc recebera o Premio
[9/6/2018 15:18:2] /b Ei ! Voce jogador quer ganhar 5 Pontos na nossa loja ? Basta ir ate nossa pagina no facebook na ultima publicaçao , ir no 1 comentario da staff e marcar seu char , e Domingo ates da guerra do castelo vc recebera o Premio.
[9/6/2018 15:18:8] /b Ei ! Voce jogador quer ganhar 5 Pontos na nossa loja ? Basta ir ate nossa pagina no facebook na ultima publicaçao , ir no 1 comentario da staff e marcar seu char , e Domingo ates da guerra do castelo vc recebera o Premio.
[9/6/2018 15:19:12] /goto dante uchiha
[9/6/2018 15:19:53] /t
[9/6/2018 15:19:55] /down
[9/6/2018 15:22:49] /b Ei ! Voce jogador quer ganhar 5 Pontos na nossa loja ? Basta ir ate nossa pagina no facebook na ultima publicaçao , ir no 1 comentario da staff e marcar seu char , e Domingo ates da guerra do castelo vc recebera o Premio.
[9/6/2018 20:14:58] /t pecado da gananciaban
[9/6/2018 20:15:10] /t passsatempo
[9/6/2018 20:22:12] /goto Ogrossauro
[9/6/2018 20:23:42] /t passatempo
[9/6/2018 20:23:56] /t
[9/6/2018 20:23:59] /down
[9/6/2018 20:51:37] /a 2
[9/6/2018 20:51:39] /a 40
[9/6/2018 20:51:41] /a 40
[9/6/2018 20:51:43] /a 30
[9/6/2018 20:51:45] /a 30
[9/6/2018 20:51:46] /a 30
[9/6/2018 20:51:49] /a 10
[9/6/2018 20:51:50] /a 10
[9/6/2018 20:51:56] /down
[9/6/2018 20:51:58] /down
[9/6/2018 20:51:59] /down
[9/6/2018 20:52:4] /a 3
[9/6/2018 20:52:5] /a 3
[9/6/2018 20:52:7] /a 4
[9/6/2018 20:52:9] /a 2
[9/6/2018 20:52:12] /a 2
[9/6/2018 20:52:15] /a 1
[9/6/2018 20:52:19] /down
[9/6/2018 20:52:30] /a 10
[9/6/2018 20:52:31] /a 10
[9/6/2018 20:52:32] /a 10
[9/6/2018 20:52:35] /a 10
[9/6/2018 20:52:38] /a 5
[9/6/2018 22:43:41] /t harlequin pecado do urso
[10/6/2018 3:0:34] /a 5
[10/6/2018 3:0:36] /a 5
[10/6/2018 3:0:36] /a 5
[10/6/2018 3:0:37] /a 5
[10/6/2018 3:0:38] /a 5
[10/6/2018 14:19:31] /ghost
[10/6/2018 14:19:46] /down
[10/6/2018 14:19:54] /t passatempo
[10/6/2018 14:27:35] /goto guy open gate
[10/6/2018 14:27:41] /r
[10/6/2018 14:31:8] /t
[10/6/2018 14:31:13] /down
[10/6/2018 14:31:21] /ghost
[10/6/2018 14:33:56] /newtype 1212
[10/6/2018 14:39:46] /t Judite Nas Alturas
[10/6/2018 14:46:37] /t [GM] KillSwitch
[10/6/2018 14:47:21] /t [GM] KillSwitch
[10/6/2018 14:53:28] /goto ashura
[10/6/2018 14:53:31] /goto ashura
[10/6/2018 14:53:37] /goto asura
[10/6/2018 14:54:9] /goto ashura invasor
[10/6/2018 16:12:56] /goto escanor pecado do leao
[10/6/2018 16:13:14] /t escanor pecado do leao
[10/6/2018 16:13:19] /t
[10/6/2018 16:15:43] /down
[10/6/2018 18:34:28] /goto pecado da gananciaban
[10/6/2018 18:34:33] /goto pecado da gananciaban
[10/6/2018 18:34:37] /goto pecado da gananciaban
[10/6/2018 18:34:39] /goto pecado da gananciaban
[10/6/2018 18:34:42] /goto pecado da gananciaban
[10/6/2018 18:34:44] /goto pecado da gananciaban
[10/6/2018 18:34:46] /goto pecado da gananciaban
[10/6/2018 18:34:48] /goto pecado da gananciaban
[10/6/2018 18:34:49] /goto pecado da gananciaban
[10/6/2018 18:34:50] /goto pecado da gananciaban
[10/6/2018 18:34:51] /goto pecado da gananciaban
[10/6/2018 18:34:51] /goto pecado da gananciaban
[10/6/2018 18:34:52] /goto pecado da gananciaban
[10/6/2018 18:34:53] /goto pecado da gananciaban
[10/6/2018 18:34:54] /goto pecado da gananciaban
[10/6/2018 18:34:55] /goto pecado da gananciaban
[11/6/2018 1:49:23] /down
[11/6/2018 1:52:27] /goto harlequin pecado do urso
[11/6/2018 1:52:35] /t harlequin pecado do urso
[11/6/2018 1:52:58] /a 3
[11/6/2018 1:53:0] /a 4
[11/6/2018 1:53:2] /a 4
[11/6/2018 1:53:3] /a 2
[11/6/2018 1:53:5] /a 2
[11/6/2018 1:53:7] /a 3
[11/6/2018 1:53:9] /a 3
[11/6/2018 1:53:14] /a 5
[11/6/2018 1:53:16] /a 5
[11/6/2018 1:53:17] /a 5
[11/6/2018 1:53:20] /a 5
[11/6/2018 1:53:23] /t
[11/6/2018 1:55:42] /down
[11/6/2018 1:58:50] /t passatempo
[11/6/2018 2:2:46] /newtype 342
[11/6/2018 2:2:48] /newtype 341
[11/6/2018 2:2:50] /newtype 343
[11/6/2018 2:2:52] /newtype 344
[11/6/2018 2:2:55] /newtype 342
[11/6/2018 2:3:1] /newtype 451
[11/6/2018 2:3:4] /newtype 612
[11/6/2018 2:3:7] /newtype 611
[11/6/2018 2:3:9] /newtype 614
[11/6/2018 2:3:10] /newtype 613
[11/6/2018 2:3:12] /newtype 615
[11/6/2018 2:3:13] /newtype 616
[11/6/2018 2:3:14] /newtype 617
[11/6/2018 2:3:16] /newtype 618
[11/6/2018 2:3:17] /newtype 619
[11/6/2018 2:3:20] /newtype 621
[11/6/2018 2:3:22] /newtype 622
[11/6/2018 2:3:23] /newtype 623
[11/6/2018 2:3:25] /newtype 624
[11/6/2018 2:3:27] /newtype 620
[11/6/2018 2:3:29] /newtype 625
[11/6/2018 2:3:30] /newtype 626
[11/6/2018 2:3:32] /newtype 627
[11/6/2018 2:3:33] /newtype 628
[11/6/2018 2:3:34] /newtype 629
[11/6/2018 2:3:38] /newtype 630
[11/6/2018 2:3:40] /newtype 631
[11/6/2018 2:3:41] /newtype 632
[11/6/2018 2:3:43] /newtype 633
[11/6/2018 2:3:44] /newtype 634
[11/6/2018 2:3:45] /newtype 634
[11/6/2018 2:3:46] /newtype 635
[11/6/2018 2:3:48] /newtype 636
[11/6/2018 2:3:49] /newtype 637
[11/6/2018 2:3:49] /newtype 637
[11/6/2018 2:3:51] /newtype 638
[11/6/2018 2:3:52] /newtype 639
[11/6/2018 2:3:55] /newtype 640
[11/6/2018 2:3:57] /newtype 641
[11/6/2018 2:3:58] /newtype 642
[11/6/2018 2:3:59] /newtype 643
[11/6/2018 2:4:0] /newtype 644
[11/6/2018 2:4:1] /newtype 645
[11/6/2018 2:4:3] /newtype 646
[11/6/2018 2:4:4] /newtype 647
[11/6/2018 2:4:5] /newtype 648
[11/6/2018 2:4:6] /newtype 649
[11/6/2018 2:4:9] /newtype 650
[11/6/2018 2:4:10] /newtype 651
[11/6/2018 2:4:11] /newtype 652
[11/6/2018 2:4:13] /newtype 653
[11/6/2018 2:4:14] /newtype 654
[11/6/2018 2:4:15] /newtype 655
[11/6/2018 2:4:16] /newtype 656
[11/6/2018 2:4:17] /newtype 657
[11/6/2018 2:4:18] /newtype 658
[11/6/2018 2:4:22] /newtype 659
[11/6/2018 2:4:25] /newtype 660
[11/6/2018 2:4:26] /newtype 661
[11/6/2018 2:4:28] /newtype 662
[11/6/2018 2:4:29] /newtype 663
[11/6/2018 2:4:30] /newtype 664
[11/6/2018 2:4:31] /newtype 665
[11/6/2018 2:4:32] /newtype 666
[11/6/2018 2:4:33] /newtype 667
[11/6/2018 2:4:34] /newtype 668
[11/6/2018 2:4:35] /newtype 669
[11/6/2018 2:4:38] /newtype 670
[11/6/2018 2:4:39] /newtype 671
[11/6/2018 2:4:40] /newtype 672
[11/6/2018 2:4:41] /newtype 673
[11/6/2018 2:4:42] /newtype 674
[11/6/2018 2:4:43] /newtype 675
[11/6/2018 2:4:44] /newtype 676
[11/6/2018 2:4:45] /newtype 677
[11/6/2018 2:4:46] /newtype 678
[11/6/2018 2:4:48] /newtype 679
[11/6/2018 2:4:51] /newtype 680
[11/6/2018 2:4:52] /newtype 681
[11/6/2018 2:4:53] /newtype 682
[11/6/2018 2:4:54] /newtype 683
[11/6/2018 2:4:56] /newtype 684
[11/6/2018 2:5:1] /newtype 685
[11/6/2018 2:5:2] /newtype 686
[11/6/2018 2:5:3] /newtype 687
[11/6/2018 2:5:4] /newtype 688
[11/6/2018 2:5:6] /newtype 689
[11/6/2018 2:5:9] /newtype 690
[11/6/2018 2:5:10] /newtype 691
[11/6/2018 2:5:11] /newtype 692
[11/6/2018 2:5:12] /newtype 693
[11/6/2018 2:5:15] /newtype 694
[11/6/2018 2:5:16] /newtype 694
[11/6/2018 2:5:19] /newtype 695
[11/6/2018 2:5:20] /newtype 696
[11/6/2018 2:5:21] /newtype 697
[11/6/2018 2:5:23] /newtype 698
[11/6/2018 2:5:24] /newtype 699
[11/6/2018 2:5:28] /newtype 700
[11/6/2018 2:5:30] /newtype 701
[11/6/2018 2:5:31] /newtype 702
[11/6/2018 2:5:33] /newtype 703
[11/6/2018 2:5:34] /newtype 704
[11/6/2018 2:5:35] /newtype 705
[11/6/2018 2:5:37] /newtype 706
[11/6/2018 2:5:38] /newtype 707
[11/6/2018 2:5:40] /newtype 708
[11/6/2018 2:5:42] /newtype 708
[11/6/2018 2:5:43] /newtype 709
[11/6/2018 2:5:47] /newtype 710
[11/6/2018 2:5:48] /newtype 711
[11/6/2018 2:5:49] /newtype 712
[11/6/2018 2:5:51] /newtype 713
[11/6/2018 2:5:52] /newtype 714
[11/6/2018 2:5:53] /newtype 715
[11/6/2018 2:5:54] /newtype 716
[11/6/2018 2:5:55] /newtype 715
[11/6/2018 2:5:57] /newtype 717
[11/6/2018 2:5:58] /newtype 718
[11/6/2018 2:6:0] /newtype 719
[11/6/2018 2:6:2] /newtype 720
[11/6/2018 2:6:3] /newtype 721
[11/6/2018 2:6:5] /newtype 722
[11/6/2018 2:6:6] /newtype 723
[11/6/2018 2:6:7] /newtype 724
[11/6/2018 2:6:8] /newtype 725
[11/6/2018 2:6:9] /newtype 726
[11/6/2018 2:6:10] /newtype 727
[11/6/2018 2:6:11] /newtype 728
[11/6/2018 2:6:13] /newtype 729
[11/6/2018 2:6:14] /newtype 721
[11/6/2018 2:6:17] /newtype 730
[11/6/2018 2:6:18] /newtype 731
[11/6/2018 2:6:20] /newtype 732
[11/6/2018 2:6:21] /newtype 733
[11/6/2018 2:6:22] /newtype 734
[11/6/2018 2:6:23] /newtype 735
[11/6/2018 2:6:24] /newtype 736
[11/6/2018 2:6:25] /newtype 737
[11/6/2018 2:6:26] /newtype 738
[11/6/2018 2:6:27] /newtype 738
[11/6/2018 2:6:28] /newtype 739
[11/6/2018 2:6:31] /newtype 740
[11/6/2018 2:6:32] /newtype 746
[11/6/2018 2:6:35] /newtype 756
[11/6/2018 2:6:38] /newtype 777
[11/6/2018 2:6:41] /newtype 766
[11/6/2018 2:6:46] /newtype 776
[11/6/2018 2:6:48] /newtype 786
[11/6/2018 2:6:51] /newtype 796
[11/6/2018 2:6:53] /newtype 768
[11/6/2018 2:6:55] /newtype 767
[11/6/2018 2:6:56] /newtype 769
[11/6/2018 2:7:3] /newtype 780
[11/6/2018 2:7:6] /newtype 800
[11/6/2018 2:7:8] /newtype 806
[11/6/2018 2:7:10] /newtype 816
[11/6/2018 2:7:11] /newtype 826
[11/6/2018 2:7:15] /newtype 836
[11/6/2018 2:7:17] /newtype 846
[11/6/2018 2:7:19] /newtype 856
[11/6/2018 2:7:21] /newtype 866
[11/6/2018 2:7:23] /newtype 876
[11/6/2018 2:7:25] /newtype 886
[11/6/2018 2:7:27] /newtype 896
[11/6/2018 2:7:31] /newtype 900
[11/6/2018 2:7:33] /newtype 906
[11/6/2018 2:7:36] /newtype 916
[11/6/2018 2:7:38] /newtype 9126
[11/6/2018 2:32:9] /t judite nas alturas
[11/6/2018 13:32:37] /t pecado da ganancianban
[11/6/2018 13:32:40] /t pecado da gananciaban
[11/6/2018 13:34:44] /ghost
[11/6/2018 13:40:27] /t
[11/6/2018 13:40:28] /down
[11/6/2018 13:52:13] /goto midoriya
[11/6/2018 13:52:21] /t
[11/6/2018 13:52:23] /down
[12/6/2018 0:52:4] /t pecado da gananciaban
[12/6/2018 0:55:57] /a 5
[12/6/2018 0:56:37] /a 5
[12/6/2018 3:33:11] /t harlequin pecado do urso
[12/6/2018 3:33:18] /t pecado da gananciaban
[12/6/2018 3:37:36] /t judite nas autoras
[12/6/2018 3:37:39] /t judite nas auturas
[12/6/2018 3:37:43] /t judite nas alturas
[12/6/2018 15:1:10] /goto midoriya
[12/6/2018 15:1:13] /r
[12/6/2018 15:1:16] /t
[12/6/2018 15:1:18] /down
[12/6/2018 15:19:2] /clean ,2
[12/6/2018 15:19:9] /clean 2
[12/6/2018 15:46:53] /goto Midoriya
[12/6/2018 15:47:10] /r
[12/6/2018 15:47:13] /t
[12/6/2018 15:47:15] /down
[12/6/2018 16:15:2] /goto Thunderbolt
[12/6/2018 16:15:7] /t
[12/6/2018 16:15:9] /down
[12/6/2018 16:23:12] /goto midoriya
[12/6/2018 16:23:15] /t
[12/6/2018 16:23:25] /goto Sasuke The Last 
[12/6/2018 16:23:47] /goto [tutor] merlin
[12/6/2018 16:24:13] /t
[12/6/2018 16:24:14] /down
[12/6/2018 16:24:24] /goto Sasuke The Last 
[12/6/2018 16:27:0] /t
[12/6/2018 16:27:3] /down
[12/6/2018 16:27:7] /goto midoryia
[12/6/2018 16:27:10] /goto midoriya
[12/6/2018 16:27:16] /t
[12/6/2018 16:32:42] /down
[13/6/2018 13:39:3] /goto Thunderbolt
[13/6/2018 13:39:7] /goto Thunderbolt
[13/6/2018 13:39:16] /goto Thunderbolt
[13/6/2018 13:39:24] /goto Thunderbolt
[13/6/2018 13:39:30] /goto Thunderbolt
[13/6/2018 13:39:37] /t
[13/6/2018 13:39:40] /down
[13/6/2018 13:40:35] /mc
[13/6/2018 13:41:0] /goto harlequin pecado do urso
[13/6/2018 13:41:30] /t
[13/6/2018 13:41:32] /down
[13/6/2018 13:45:45] /goto fogueteiro
[13/6/2018 13:45:49] /t
[13/6/2018 13:45:59] /t judite nas alturas
[13/6/2018 13:47:1] /goto Itachi Izanami 
[13/6/2018 13:47:7] /t
[13/6/2018 13:47:31] /goto Itachi Izanami 
[13/6/2018 13:47:42] /t
[13/6/2018 13:47:43] /down
[13/6/2018 13:48:21] /goto Itachi Izanami 
[13/6/2018 13:48:39] /t
[13/6/2018 13:48:41] /down
[13/6/2018 14:1:3] /goto ashura
[13/6/2018 14:1:11] /goto son goku
[13/6/2018 14:1:14] /t
[13/6/2018 14:1:24] /t judite nas alturas
[13/6/2018 14:3:0] /down
[13/6/2018 14:9:21] /t judite nas alturas
[13/6/2018 14:21:8] /goto TA CANNSADO DE TIBIA MAIS NAO ABRE MAO DE UM PVP CABULOSO ? QUESTS EM TIME ? GUERRA ENTRE GUILD S ? MISSOES A TODO MOMENTO ? VENHA CONHECER A VERSAO NARUTO TIBIA , O NTO MAIS RPG E FREE TO PLAY Q VC VAI ENCONTRAR ! ACESSE NTO-HARD,COM
[13/6/2018 14:21:13] /goto Guy Open Gate
[13/6/2018 14:21:23] /t
[13/6/2018 14:21:25] /down
[13/6/2018 14:21:29] /goto son goku
[13/6/2018 14:21:35] /goto
[13/6/2018 14:21:40] /goto basilisco
[13/6/2018 14:21:47] /t
[13/6/2018 14:21:50] /down
[13/6/2018 19:33:36] /t segura meu combo
[13/6/2018 19:33:49] /a 2
[13/6/2018 19:33:52] /ghost
[13/6/2018 19:58:58] /goto ashura
[13/6/2018 19:59:13] /t
[13/6/2018 20:20:45] /down
[13/6/2018 21:42:43] /ghost
[13/6/2018 21:42:52] /goto [tutor] merlin
[13/6/2018 21:43:8] /a 6
[13/6/2018 21:43:10] /a 7
[13/6/2018 21:43:11] /a 8
[13/6/2018 21:43:12] /a 9
[13/6/2018 21:43:13] /a 9
[13/6/2018 21:43:16] /a 10
[13/6/2018 21:44:53] /t
[13/6/2018 21:44:57] /down
[13/6/2018 21:45:16] /clean 2
[13/6/2018 21:46:51] /t passatempo
[13/6/2018 23:41:38] /t 
[13/6/2018 23:41:44] /t japa
