[1/5/2016 18:34:38] /a 2
[1/5/2016 18:35:32] /a 10
[1/5/2016 18:35:40] /a 10
[1/5/2016 18:37:46] /goto ashura
[1/5/2016 18:38:18] /c dog
[1/5/2016 18:38:27] /c dog
[1/5/2016 18:38:47] /c shukaku
[1/5/2016 18:41:32] /goto trainer/a 2
[1/5/2016 18:41:33] /goto trainer/a 2
[1/5/2016 18:41:36] /a 2
[1/5/2016 18:41:37] /a 2
[1/5/2016 18:41:37] /a 2
[1/5/2016 18:41:38] /a 2
[1/5/2016 18:41:39] /a 2
[1/5/2016 18:41:39] /a 2
[1/5/2016 18:41:40] /a 2
[1/5/2016 18:41:40] /a 2
[1/5/2016 18:41:41] /a 2
[1/5/2016 18:41:41] /a 2
[1/5/2016 18:41:42] /a 2
[1/5/2016 18:41:43] /a 2
[1/5/2016 18:41:43] /a 2
[7/5/2016 13:38:42] /goto dsdas
