[15/1/2018 5:16:12] /ii 2160
[15/1/2018 5:16:17] /goto haku
[15/1/2018 5:16:21] /goto haku
[15/1/2018 5:16:26] /goto haku saga
[15/1/2018 5:16:28] /a 5
[15/1/2018 5:16:29] /a 5
[15/1/2018 5:16:29] /a 5
[15/1/2018 5:16:30] /a 5
[15/1/2018 5:16:32] /a 5
[15/1/2018 5:16:32] /a 5
[15/1/2018 5:16:33] /a 5
[15/1/2018 5:16:34] /a 5
[15/1/2018 5:16:35] /a 5
[15/1/2018 5:16:35] /a 5
[15/1/2018 5:16:35] /a 5
[15/1/2018 5:16:36] /a 5
[15/1/2018 5:16:36] /a 5
[15/1/2018 5:16:37] /a 5
[15/1/2018 5:16:42] /r
[15/1/2018 5:16:47] /ii 2712
[15/1/2018 5:16:56] /c Madara
[15/1/2018 5:17:1] /c Kanox
[15/1/2018 5:17:9] /c Darq Fmzk
[15/1/2018 5:17:14] /c Kurosaki Corvo
[15/1/2018 5:17:19] /c Craig Jr
[15/1/2018 5:17:26] /c Mxitachi Uchiha
[15/1/2018 5:17:32] /c Jefferson Hatake
[15/1/2018 5:17:38] /c Loolz
[15/1/2018 5:17:40] /aaddskill Loolz,level,50
[15/1/2018 5:17:47] /c Paralyse Zika
[15/1/2018 5:17:54] /c Djxxt Fmzk
[15/1/2018 10:13:23] /goto [ADM] Hard 
[15/1/2018 10:13:28] /r
